<?xml version="1.0" encoding="UTF-8"?>
<testsuite name="ex.PublicTests" tests="0" skipped="0" failures="0" errors="0" timestamp="1970-01-01T00:00:00" hostname="minh-X550LD" time="0.0">
  <properties/>
  <system-out><![CDATA[]]></system-out>
  <system-err><![CDATA[Using Spark's default log4j profile: org/apache/spark/log4j-defaults.properties
]]></system-err>
</testsuite>
