<?xml version="1.0" encoding="UTF-8"?>
<testsuite name="ex.PublicTests$MostCommonDests" tests="2" skipped="0" failures="0" errors="0" timestamp="2019-12-13T16:26:19" hostname="minh-X550LD" time="0.065">
  <properties/>
  <testcase name="checkNumberOfColumns()" classname="ex.PublicTests$MostCommonDests" time="0.055"/>
  <testcase name="checkColumns()" classname="ex.PublicTests$MostCommonDests" time="0.008"/>
  <system-out><![CDATA[]]></system-out>
  <system-err><![CDATA[]]></system-err>
</testsuite>
