<?xml version="1.0" encoding="UTF-8"?>
<testsuite name="ex.PublicTests$FlightParserTest" tests="6540" skipped="0" failures="0" errors="0" timestamp="2019-12-13T16:26:25" hostname="minh-X550LD" time="6.002">
  <properties/>
  <testcase name="testParser(String)[1]" classname="ex.PublicTests$FlightParserTest" time="0.054"/>
  <testcase name="testParser(String)[2]" classname="ex.PublicTests$FlightParserTest" time="0.002"/>
  <testcase name="testParser(String)[3]" classname="ex.PublicTests$FlightParserTest" time="0.001"/>
  <testcase name="testParser(String)[4]" classname="ex.PublicTests$FlightParserTest" time="0.006"/>
  <testcase name="testParser(String)[5]" classname="ex.PublicTests$FlightParserTest" time="0.005"/>
  <testcase name="testParser(String)[6]" classname="ex.PublicTests$FlightParserTest" time="0.006"/>
  <testcase name="testParser(String)[7]" classname="ex.PublicTests$FlightParserTest" time="0.0"/>
  <testcase name="testParser(String)[8]" classname="ex.PublicTests$FlightParserTest" time="0.004"/>
  <testcase name="testParser(String)[9]" classname="ex.PublicTests$FlightParserTest" time="0.003"/>
  <testcase name="testParser(String)[10]" classname="ex.PublicTests$FlightParserTest" time="0.001"/>
  <testcase name="testParser(String)[11]" classname="ex.PublicTests$FlightParserTest" time="0.0"/>
  <testcase name="testParser(String)[12]" classname="ex.PublicTests$FlightParserTest" time="0.001"/>
  <testcase name="testParser(String)[13]" classname="ex.PublicTests$FlightParserTest" time="0.002"/>
  <testcase name="testParser(String)[14]" classname="ex.PublicTests$FlightParserTest" time="0.001"/>
  <testcase name="testParser(String)[15]" classname="ex.PublicTests$FlightParserTest" time="0.001"/>
  <testcase name="testParser(String)[16]" classname="ex.PublicTests$FlightParserTest" time="0.001"/>
  <testcase name="testParser(String)[17]" classname="ex.PublicTests$FlightParserTest" time="0.004"/>
  <testcase name="testParser(String)[18]" classname="ex.PublicTests$FlightParserTest" time="0.001"/>
  <testcase name="testParser(String)[19]" classname="ex.PublicTests$FlightParserTest" time="0.004"/>
  <testcase name="testParser(String)[20]" classname="ex.PublicTests$FlightParserTest" time="0.001"/>
  <testcase name="testParser(String)[21]" classname="ex.PublicTests$FlightParserTest" time="0.001"/>
  <testcase name="testParser(String)[22]" classname="ex.PublicTests$FlightParserTest" time="0.005"/>
  <testcase name="testParser(String)[23]" classname="ex.PublicTests$FlightParserTest" time="0.003"/>
  <testcase name="testParser(String)[24]" classname="ex.PublicTests$FlightParserTest" time="0.002"/>
  <testcase name="testParser(String)[25]" classname="ex.PublicTests$FlightParserTest" time="0.006"/>
  <testcase name="testParser(String)[26]" classname="ex.PublicTests$FlightParserTest" time="0.001"/>
  <testcase name="testParser(String)[27]" classname="ex.PublicTests$FlightParserTest" time="0.001"/>
  <testcase name="testParser(String)[28]" classname="ex.PublicTests$FlightParserTest" time="0.001"/>
  <testcase name="testParser(String)[29]" classname="ex.PublicTests$FlightParserTest" time="0.001"/>
  <testcase name="testParser(String)[30]" classname="ex.PublicTests$FlightParserTest" time="0.0"/>
  <testcase name="testParser(String)[31]" classname="ex.PublicTests$FlightParserTest" time="0.002"/>
  <testcase name="testParser(String)[32]" classname="ex.PublicTests$FlightParserTest" time="0.001"/>
  <testcase name="testParser(String)[33]" classname="ex.PublicTests$FlightParserTest" time="0.001"/>
  <testcase name="testParser(String)[34]" classname="ex.PublicTests$FlightParserTest" time="0.0"/>
  <testcase name="testParser(String)[35]" classname="ex.PublicTests$FlightParserTest" time="0.001"/>
  <testcase name="testParser(String)[36]" classname="ex.PublicTests$FlightParserTest" time="0.001"/>
  <testcase name="testParser(String)[37]" classname="ex.PublicTests$FlightParserTest" time="0.002"/>
  <testcase name="testParser(String)[38]" classname="ex.PublicTests$FlightParserTest" time="0.002"/>
  <testcase name="testParser(String)[39]" classname="ex.PublicTests$FlightParserTest" time="0.001"/>
  <testcase name="testParser(String)[40]" classname="ex.PublicTests$FlightParserTest" time="0.001"/>
  <testcase name="testParser(String)[41]" classname="ex.PublicTests$FlightParserTest" time="0.0"/>
  <testcase name="testParser(String)[42]" classname="ex.PublicTests$FlightParserTest" time="0.004"/>
  <testcase name="testParser(String)[43]" classname="ex.PublicTests$FlightParserTest" time="0.001"/>
  <testcase name="testParser(String)[44]" classname="ex.PublicTests$FlightParserTest" time="0.001"/>
  <testcase name="testParser(String)[45]" classname="ex.PublicTests$FlightParserTest" time="0.001"/>
  <testcase name="testParser(String)[46]" classname="ex.PublicTests$FlightParserTest" time="0.004"/>
  <testcase name="testParser(String)[47]" classname="ex.PublicTests$FlightParserTest" time="0.003"/>
  <testcase name="testParser(String)[48]" classname="ex.PublicTests$FlightParserTest" time="0.006"/>
  <testcase name="testParser(String)[49]" classname="ex.PublicTests$FlightParserTest" time="0.001"/>
  <testcase name="testParser(String)[50]" classname="ex.PublicTests$FlightParserTest" time="0.002"/>
  <testcase name="testParser(String)[51]" classname="ex.PublicTests$FlightParserTest" time="0.003"/>
  <testcase name="testParser(String)[52]" classname="ex.PublicTests$FlightParserTest" time="0.004"/>
  <testcase name="testParser(String)[53]" classname="ex.PublicTests$FlightParserTest" time="0.0"/>
  <testcase name="testParser(String)[54]" classname="ex.PublicTests$FlightParserTest" time="0.001"/>
  <testcase name="testParser(String)[55]" classname="ex.PublicTests$FlightParserTest" time="0.0"/>
  <testcase name="testParser(String)[56]" classname="ex.PublicTests$FlightParserTest" time="0.0"/>
  <testcase name="testParser(String)[57]" classname="ex.PublicTests$FlightParserTest" time="0.001"/>
  <testcase name="testParser(String)[58]" classname="ex.PublicTests$FlightParserTest" time="0.0"/>
  <testcase name="testParser(String)[59]" classname="ex.PublicTests$FlightParserTest" time="0.001"/>
  <testcase name="testParser(String)[60]" classname="ex.PublicTests$FlightParserTest" time="0.001"/>
  <testcase name="testParser(String)[61]" classname="ex.PublicTests$FlightParserTest" time="0.001"/>
  <testcase name="testParser(String)[62]" classname="ex.PublicTests$FlightParserTest" time="0.0"/>
  <testcase name="testParser(String)[63]" classname="ex.PublicTests$FlightParserTest" time="0.001"/>
  <testcase name="testParser(String)[64]" classname="ex.PublicTests$FlightParserTest" time="0.001"/>
  <testcase name="testParser(String)[65]" classname="ex.PublicTests$FlightParserTest" time="0.0"/>
  <testcase name="testParser(String)[66]" classname="ex.PublicTests$FlightParserTest" time="0.0"/>
  <testcase name="testParser(String)[67]" classname="ex.PublicTests$FlightParserTest" time="0.001"/>
  <testcase name="testParser(String)[68]" classname="ex.PublicTests$FlightParserTest" time="0.001"/>
  <testcase name="testParser(String)[69]" classname="ex.PublicTests$FlightParserTest" time="0.0"/>
  <testcase name="testParser(String)[70]" classname="ex.PublicTests$FlightParserTest" time="0.0"/>
  <testcase name="testParser(String)[71]" classname="ex.PublicTests$FlightParserTest" time="0.007"/>
  <testcase name="testParser(String)[72]" classname="ex.PublicTests$FlightParserTest" time="0.001"/>
  <testcase name="testParser(String)[73]" classname="ex.PublicTests$FlightParserTest" time="0.0"/>
  <testcase name="testParser(String)[74]" classname="ex.PublicTests$FlightParserTest" time="0.001"/>
  <testcase name="testParser(String)[75]" classname="ex.PublicTests$FlightParserTest" time="0.0"/>
  <testcase name="testParser(String)[76]" classname="ex.PublicTests$FlightParserTest" time="0.001"/>
  <testcase name="testParser(String)[77]" classname="ex.PublicTests$FlightParserTest" time="0.0"/>
  <testcase name="testParser(String)[78]" classname="ex.PublicTests$FlightParserTest" time="0.001"/>
  <testcase name="testParser(String)[79]" classname="ex.PublicTests$FlightParserTest" time="0.001"/>
  <testcase name="testParser(String)[80]" classname="ex.PublicTests$FlightParserTest" time="0.001"/>
  <testcase name="testParser(String)[81]" classname="ex.PublicTests$FlightParserTest" time="0.0"/>
  <testcase name="testParser(String)[82]" classname="ex.PublicTests$FlightParserTest" time="0.001"/>
  <testcase name="testParser(String)[83]" classname="ex.PublicTests$FlightParserTest" time="0.001"/>
  <testcase name="testParser(String)[84]" classname="ex.PublicTests$FlightParserTest" time="0.0"/>
  <testcase name="testParser(String)[85]" classname="ex.PublicTests$FlightParserTest" time="0.0"/>
  <testcase name="testParser(String)[86]" classname="ex.PublicTests$FlightParserTest" time="0.001"/>
  <testcase name="testParser(String)[87]" classname="ex.PublicTests$FlightParserTest" time="0.001"/>
  <testcase name="testParser(String)[88]" classname="ex.PublicTests$FlightParserTest" time="0.002"/>
  <testcase name="testParser(String)[89]" classname="ex.PublicTests$FlightParserTest" time="0.001"/>
  <testcase name="testParser(String)[90]" classname="ex.PublicTests$FlightParserTest" time="0.001"/>
  <testcase name="testParser(String)[91]" classname="ex.PublicTests$FlightParserTest" time="0.0"/>
  <testcase name="testParser(String)[92]" classname="ex.PublicTests$FlightParserTest" time="0.001"/>
  <testcase name="testParser(String)[93]" classname="ex.PublicTests$FlightParserTest" time="0.001"/>
  <testcase name="testParser(String)[94]" classname="ex.PublicTests$FlightParserTest" time="0.0"/>
  <testcase name="testParser(String)[95]" classname="ex.PublicTests$FlightParserTest" time="0.002"/>
  <testcase name="testParser(String)[96]" classname="ex.PublicTests$FlightParserTest" time="0.001"/>
  <testcase name="testParser(String)[97]" classname="ex.PublicTests$FlightParserTest" time="0.0"/>
  <testcase name="testParser(String)[98]" classname="ex.PublicTests$FlightParserTest" time="0.001"/>
  <testcase name="testParser(String)[99]" classname="ex.PublicTests$FlightParserTest" time="0.0"/>
  <testcase name="testParser(String)[100]" classname="ex.PublicTests$FlightParserTest" time="0.001"/>
  <testcase name="testParser(String)[101]" classname="ex.PublicTests$FlightParserTest" time="0.0"/>
  <testcase name="testParser(String)[102]" classname="ex.PublicTests$FlightParserTest" time="0.0"/>
  <testcase name="testParser(String)[103]" classname="ex.PublicTests$FlightParserTest" time="0.0"/>
  <testcase name="testParser(String)[104]" classname="ex.PublicTests$FlightParserTest" time="0.0"/>
  <testcase name="testParser(String)[105]" classname="ex.PublicTests$FlightParserTest" time="0.001"/>
  <testcase name="testParser(String)[106]" classname="ex.PublicTests$FlightParserTest" time="0.0"/>
  <testcase name="testParser(String)[107]" classname="ex.PublicTests$FlightParserTest" time="0.001"/>
  <testcase name="testParser(String)[108]" classname="ex.PublicTests$FlightParserTest" time="0.0"/>
  <testcase name="testParser(String)[109]" classname="ex.PublicTests$FlightParserTest" time="0.001"/>
  <testcase name="testParser(String)[110]" classname="ex.PublicTests$FlightParserTest" time="0.0"/>
  <testcase name="testParser(String)[111]" classname="ex.PublicTests$FlightParserTest" time="0.0"/>
  <testcase name="testParser(String)[112]" classname="ex.PublicTests$FlightParserTest" time="0.001"/>
  <testcase name="testParser(String)[113]" classname="ex.PublicTests$FlightParserTest" time="0.0"/>
  <testcase name="testParser(String)[114]" classname="ex.PublicTests$FlightParserTest" time="0.0"/>
  <testcase name="testParser(String)[115]" classname="ex.PublicTests$FlightParserTest" time="0.001"/>
  <testcase name="testParser(String)[116]" classname="ex.PublicTests$FlightParserTest" time="0.0"/>
  <testcase name="testParser(String)[117]" classname="ex.PublicTests$FlightParserTest" time="0.003"/>
  <testcase name="testParser(String)[118]" classname="ex.PublicTests$FlightParserTest" time="0.001"/>
  <testcase name="testParser(String)[119]" classname="ex.PublicTests$FlightParserTest" time="0.001"/>
  <testcase name="testParser(String)[120]" classname="ex.PublicTests$FlightParserTest" time="0.002"/>
  <testcase name="testParser(String)[121]" classname="ex.PublicTests$FlightParserTest" time="0.002"/>
  <testcase name="testParser(String)[122]" classname="ex.PublicTests$FlightParserTest" time="0.003"/>
  <testcase name="testParser(String)[123]" classname="ex.PublicTests$FlightParserTest" time="0.0"/>
  <testcase name="testParser(String)[124]" classname="ex.PublicTests$FlightParserTest" time="0.002"/>
  <testcase name="testParser(String)[125]" classname="ex.PublicTests$FlightParserTest" time="0.001"/>
  <testcase name="testParser(String)[126]" classname="ex.PublicTests$FlightParserTest" time="0.004"/>
  <testcase name="testParser(String)[127]" classname="ex.PublicTests$FlightParserTest" time="0.001"/>
  <testcase name="testParser(String)[128]" classname="ex.PublicTests$FlightParserTest" time="0.002"/>
  <testcase name="testParser(String)[129]" classname="ex.PublicTests$FlightParserTest" time="0.001"/>
  <testcase name="testParser(String)[130]" classname="ex.PublicTests$FlightParserTest" time="0.0"/>
  <testcase name="testParser(String)[131]" classname="ex.PublicTests$FlightParserTest" time="0.0"/>
  <testcase name="testParser(String)[132]" classname="ex.PublicTests$FlightParserTest" time="0.001"/>
  <testcase name="testParser(String)[133]" classname="ex.PublicTests$FlightParserTest" time="0.001"/>
  <testcase name="testParser(String)[134]" classname="ex.PublicTests$FlightParserTest" time="0.001"/>
  <testcase name="testParser(String)[135]" classname="ex.PublicTests$FlightParserTest" time="0.001"/>
  <testcase name="testParser(String)[136]" classname="ex.PublicTests$FlightParserTest" time="0.0"/>
  <testcase name="testParser(String)[137]" classname="ex.PublicTests$FlightParserTest" time="0.0"/>
  <testcase name="testParser(String)[138]" classname="ex.PublicTests$FlightParserTest" time="0.001"/>
  <testcase name="testParser(String)[139]" classname="ex.PublicTests$FlightParserTest" time="0.001"/>
  <testcase name="testParser(String)[140]" classname="ex.PublicTests$FlightParserTest" time="0.0"/>
  <testcase name="testParser(String)[141]" classname="ex.PublicTests$FlightParserTest" time="0.001"/>
  <testcase name="testParser(String)[142]" classname="ex.PublicTests$FlightParserTest" time="0.001"/>
  <testcase name="testParser(String)[143]" classname="ex.PublicTests$FlightParserTest" time="0.0"/>
  <testcase name="testParser(String)[144]" classname="ex.PublicTests$FlightParserTest" time="0.001"/>
  <testcase name="testParser(String)[145]" classname="ex.PublicTests$FlightParserTest" time="0.001"/>
  <testcase name="testParser(String)[146]" classname="ex.PublicTests$FlightParserTest" time="0.0"/>
  <testcase name="testParser(String)[147]" classname="ex.PublicTests$FlightParserTest" time="0.001"/>
  <testcase name="testParser(String)[148]" classname="ex.PublicTests$FlightParserTest" time="0.001"/>
  <testcase name="testParser(String)[149]" classname="ex.PublicTests$FlightParserTest" time="0.001"/>
  <testcase name="testParser(String)[150]" classname="ex.PublicTests$FlightParserTest" time="0.001"/>
  <testcase name="testParser(String)[151]" classname="ex.PublicTests$FlightParserTest" time="0.001"/>
  <testcase name="testParser(String)[152]" classname="ex.PublicTests$FlightParserTest" time="0.0"/>
  <testcase name="testParser(String)[153]" classname="ex.PublicTests$FlightParserTest" time="0.001"/>
  <testcase name="testParser(String)[154]" classname="ex.PublicTests$FlightParserTest" time="0.001"/>
  <testcase name="testParser(String)[155]" classname="ex.PublicTests$FlightParserTest" time="0.001"/>
  <testcase name="testParser(String)[156]" classname="ex.PublicTests$FlightParserTest" time="0.001"/>
  <testcase name="testParser(String)[157]" classname="ex.PublicTests$FlightParserTest" time="0.0"/>
  <testcase name="testParser(String)[158]" classname="ex.PublicTests$FlightParserTest" time="0.0"/>
  <testcase name="testParser(String)[159]" classname="ex.PublicTests$FlightParserTest" time="0.0"/>
  <testcase name="testParser(String)[160]" classname="ex.PublicTests$FlightParserTest" time="0.001"/>
  <testcase name="testParser(String)[161]" classname="ex.PublicTests$FlightParserTest" time="0.001"/>
  <testcase name="testParser(String)[162]" classname="ex.PublicTests$FlightParserTest" time="0.0"/>
  <testcase name="testParser(String)[163]" classname="ex.PublicTests$FlightParserTest" time="0.001"/>
  <testcase name="testParser(String)[164]" classname="ex.PublicTests$FlightParserTest" time="0.001"/>
  <testcase name="testParser(String)[165]" classname="ex.PublicTests$FlightParserTest" time="0.001"/>
  <testcase name="testParser(String)[166]" classname="ex.PublicTests$FlightParserTest" time="0.001"/>
  <testcase name="testParser(String)[167]" classname="ex.PublicTests$FlightParserTest" time="0.0"/>
  <testcase name="testParser(String)[168]" classname="ex.PublicTests$FlightParserTest" time="0.001"/>
  <testcase name="testParser(String)[169]" classname="ex.PublicTests$FlightParserTest" time="0.0"/>
  <testcase name="testParser(String)[170]" classname="ex.PublicTests$FlightParserTest" time="0.001"/>
  <testcase name="testParser(String)[171]" classname="ex.PublicTests$FlightParserTest" time="0.001"/>
  <testcase name="testParser(String)[172]" classname="ex.PublicTests$FlightParserTest" time="0.002"/>
  <testcase name="testParser(String)[173]" classname="ex.PublicTests$FlightParserTest" time="0.001"/>
  <testcase name="testParser(String)[174]" classname="ex.PublicTests$FlightParserTest" time="0.001"/>
  <testcase name="testParser(String)[175]" classname="ex.PublicTests$FlightParserTest" time="0.0"/>
  <testcase name="testParser(String)[176]" classname="ex.PublicTests$FlightParserTest" time="0.002"/>
  <testcase name="testParser(String)[177]" classname="ex.PublicTests$FlightParserTest" time="0.001"/>
  <testcase name="testParser(String)[178]" classname="ex.PublicTests$FlightParserTest" time="0.001"/>
  <testcase name="testParser(String)[179]" classname="ex.PublicTests$FlightParserTest" time="0.002"/>
  <testcase name="testParser(String)[180]" classname="ex.PublicTests$FlightParserTest" time="0.0"/>
  <testcase name="testParser(String)[181]" classname="ex.PublicTests$FlightParserTest" time="0.001"/>
  <testcase name="testParser(String)[182]" classname="ex.PublicTests$FlightParserTest" time="0.001"/>
  <testcase name="testParser(String)[183]" classname="ex.PublicTests$FlightParserTest" time="0.006"/>
  <testcase name="testParser(String)[184]" classname="ex.PublicTests$FlightParserTest" time="0.003"/>
  <testcase name="testParser(String)[185]" classname="ex.PublicTests$FlightParserTest" time="0.0"/>
  <testcase name="testParser(String)[186]" classname="ex.PublicTests$FlightParserTest" time="0.001"/>
  <testcase name="testParser(String)[187]" classname="ex.PublicTests$FlightParserTest" time="0.0"/>
  <testcase name="testParser(String)[188]" classname="ex.PublicTests$FlightParserTest" time="0.0"/>
  <testcase name="testParser(String)[189]" classname="ex.PublicTests$FlightParserTest" time="0.001"/>
  <testcase name="testParser(String)[190]" classname="ex.PublicTests$FlightParserTest" time="0.002"/>
  <testcase name="testParser(String)[191]" classname="ex.PublicTests$FlightParserTest" time="0.0"/>
  <testcase name="testParser(String)[192]" classname="ex.PublicTests$FlightParserTest" time="0.001"/>
  <testcase name="testParser(String)[193]" classname="ex.PublicTests$FlightParserTest" time="0.0"/>
  <testcase name="testParser(String)[194]" classname="ex.PublicTests$FlightParserTest" time="0.001"/>
  <testcase name="testParser(String)[195]" classname="ex.PublicTests$FlightParserTest" time="0.001"/>
  <testcase name="testParser(String)[196]" classname="ex.PublicTests$FlightParserTest" time="0.0"/>
  <testcase name="testParser(String)[197]" classname="ex.PublicTests$FlightParserTest" time="0.0"/>
  <testcase name="testParser(String)[198]" classname="ex.PublicTests$FlightParserTest" time="0.001"/>
  <testcase name="testParser(String)[199]" classname="ex.PublicTests$FlightParserTest" time="0.004"/>
  <testcase name="testParser(String)[200]" classname="ex.PublicTests$FlightParserTest" time="0.001"/>
  <testcase name="testParser(String)[201]" classname="ex.PublicTests$FlightParserTest" time="0.0"/>
  <testcase name="testParser(String)[202]" classname="ex.PublicTests$FlightParserTest" time="0.001"/>
  <testcase name="testParser(String)[203]" classname="ex.PublicTests$FlightParserTest" time="0.001"/>
  <testcase name="testParser(String)[204]" classname="ex.PublicTests$FlightParserTest" time="0.002"/>
  <testcase name="testParser(String)[205]" classname="ex.PublicTests$FlightParserTest" time="0.001"/>
  <testcase name="testParser(String)[206]" classname="ex.PublicTests$FlightParserTest" time="0.001"/>
  <testcase name="testParser(String)[207]" classname="ex.PublicTests$FlightParserTest" time="0.0"/>
  <testcase name="testParser(String)[208]" classname="ex.PublicTests$FlightParserTest" time="0.002"/>
  <testcase name="testParser(String)[209]" classname="ex.PublicTests$FlightParserTest" time="0.0"/>
  <testcase name="testParser(String)[210]" classname="ex.PublicTests$FlightParserTest" time="0.001"/>
  <testcase name="testParser(String)[211]" classname="ex.PublicTests$FlightParserTest" time="0.0"/>
  <testcase name="testParser(String)[212]" classname="ex.PublicTests$FlightParserTest" time="0.0"/>
  <testcase name="testParser(String)[213]" classname="ex.PublicTests$FlightParserTest" time="0.001"/>
  <testcase name="testParser(String)[214]" classname="ex.PublicTests$FlightParserTest" time="0.001"/>
  <testcase name="testParser(String)[215]" classname="ex.PublicTests$FlightParserTest" time="0.001"/>
  <testcase name="testParser(String)[216]" classname="ex.PublicTests$FlightParserTest" time="0.0"/>
  <testcase name="testParser(String)[217]" classname="ex.PublicTests$FlightParserTest" time="0.0"/>
  <testcase name="testParser(String)[218]" classname="ex.PublicTests$FlightParserTest" time="0.0"/>
  <testcase name="testParser(String)[219]" classname="ex.PublicTests$FlightParserTest" time="0.0"/>
  <testcase name="testParser(String)[220]" classname="ex.PublicTests$FlightParserTest" time="0.0"/>
  <testcase name="testParser(String)[221]" classname="ex.PublicTests$FlightParserTest" time="0.001"/>
  <testcase name="testParser(String)[222]" classname="ex.PublicTests$FlightParserTest" time="0.001"/>
  <testcase name="testParser(String)[223]" classname="ex.PublicTests$FlightParserTest" time="0.001"/>
  <testcase name="testParser(String)[224]" classname="ex.PublicTests$FlightParserTest" time="0.0"/>
  <testcase name="testParser(String)[225]" classname="ex.PublicTests$FlightParserTest" time="0.001"/>
  <testcase name="testParser(String)[226]" classname="ex.PublicTests$FlightParserTest" time="0.001"/>
  <testcase name="testParser(String)[227]" classname="ex.PublicTests$FlightParserTest" time="0.001"/>
  <testcase name="testParser(String)[228]" classname="ex.PublicTests$FlightParserTest" time="0.0"/>
  <testcase name="testParser(String)[229]" classname="ex.PublicTests$FlightParserTest" time="0.001"/>
  <testcase name="testParser(String)[230]" classname="ex.PublicTests$FlightParserTest" time="0.001"/>
  <testcase name="testParser(String)[231]" classname="ex.PublicTests$FlightParserTest" time="0.001"/>
  <testcase name="testParser(String)[232]" classname="ex.PublicTests$FlightParserTest" time="0.007"/>
  <testcase name="testParser(String)[233]" classname="ex.PublicTests$FlightParserTest" time="0.0"/>
  <testcase name="testParser(String)[234]" classname="ex.PublicTests$FlightParserTest" time="0.0"/>
  <testcase name="testParser(String)[235]" classname="ex.PublicTests$FlightParserTest" time="0.001"/>
  <testcase name="testParser(String)[236]" classname="ex.PublicTests$FlightParserTest" time="0.002"/>
  <testcase name="testParser(String)[237]" classname="ex.PublicTests$FlightParserTest" time="0.005"/>
  <testcase name="testParser(String)[238]" classname="ex.PublicTests$FlightParserTest" time="0.001"/>
  <testcase name="testParser(String)[239]" classname="ex.PublicTests$FlightParserTest" time="0.001"/>
  <testcase name="testParser(String)[240]" classname="ex.PublicTests$FlightParserTest" time="0.001"/>
  <testcase name="testParser(String)[241]" classname="ex.PublicTests$FlightParserTest" time="0.001"/>
  <testcase name="testParser(String)[242]" classname="ex.PublicTests$FlightParserTest" time="0.001"/>
  <testcase name="testParser(String)[243]" classname="ex.PublicTests$FlightParserTest" time="0.002"/>
  <testcase name="testParser(String)[244]" classname="ex.PublicTests$FlightParserTest" time="0.003"/>
  <testcase name="testParser(String)[245]" classname="ex.PublicTests$FlightParserTest" time="0.002"/>
  <testcase name="testParser(String)[246]" classname="ex.PublicTests$FlightParserTest" time="0.001"/>
  <testcase name="testParser(String)[247]" classname="ex.PublicTests$FlightParserTest" time="0.001"/>
  <testcase name="testParser(String)[248]" classname="ex.PublicTests$FlightParserTest" time="0.0"/>
  <testcase name="testParser(String)[249]" classname="ex.PublicTests$FlightParserTest" time="0.001"/>
  <testcase name="testParser(String)[250]" classname="ex.PublicTests$FlightParserTest" time="0.0"/>
  <testcase name="testParser(String)[251]" classname="ex.PublicTests$FlightParserTest" time="0.002"/>
  <testcase name="testParser(String)[252]" classname="ex.PublicTests$FlightParserTest" time="0.0"/>
  <testcase name="testParser(String)[253]" classname="ex.PublicTests$FlightParserTest" time="0.001"/>
  <testcase name="testParser(String)[254]" classname="ex.PublicTests$FlightParserTest" time="0.001"/>
  <testcase name="testParser(String)[255]" classname="ex.PublicTests$FlightParserTest" time="0.001"/>
  <testcase name="testParser(String)[256]" classname="ex.PublicTests$FlightParserTest" time="0.001"/>
  <testcase name="testParser(String)[257]" classname="ex.PublicTests$FlightParserTest" time="0.0"/>
  <testcase name="testParser(String)[258]" classname="ex.PublicTests$FlightParserTest" time="0.001"/>
  <testcase name="testParser(String)[259]" classname="ex.PublicTests$FlightParserTest" time="0.001"/>
  <testcase name="testParser(String)[260]" classname="ex.PublicTests$FlightParserTest" time="0.001"/>
  <testcase name="testParser(String)[261]" classname="ex.PublicTests$FlightParserTest" time="0.007"/>
  <testcase name="testParser(String)[262]" classname="ex.PublicTests$FlightParserTest" time="0.001"/>
  <testcase name="testParser(String)[263]" classname="ex.PublicTests$FlightParserTest" time="0.0"/>
  <testcase name="testParser(String)[264]" classname="ex.PublicTests$FlightParserTest" time="0.0"/>
  <testcase name="testParser(String)[265]" classname="ex.PublicTests$FlightParserTest" time="0.0"/>
  <testcase name="testParser(String)[266]" classname="ex.PublicTests$FlightParserTest" time="0.0"/>
  <testcase name="testParser(String)[267]" classname="ex.PublicTests$FlightParserTest" time="0.001"/>
  <testcase name="testParser(String)[268]" classname="ex.PublicTests$FlightParserTest" time="0.001"/>
  <testcase name="testParser(String)[269]" classname="ex.PublicTests$FlightParserTest" time="0.0"/>
  <testcase name="testParser(String)[270]" classname="ex.PublicTests$FlightParserTest" time="0.0"/>
  <testcase name="testParser(String)[271]" classname="ex.PublicTests$FlightParserTest" time="0.001"/>
  <testcase name="testParser(String)[272]" classname="ex.PublicTests$FlightParserTest" time="0.001"/>
  <testcase name="testParser(String)[273]" classname="ex.PublicTests$FlightParserTest" time="0.001"/>
  <testcase name="testParser(String)[274]" classname="ex.PublicTests$FlightParserTest" time="0.001"/>
  <testcase name="testParser(String)[275]" classname="ex.PublicTests$FlightParserTest" time="0.001"/>
  <testcase name="testParser(String)[276]" classname="ex.PublicTests$FlightParserTest" time="0.001"/>
  <testcase name="testParser(String)[277]" classname="ex.PublicTests$FlightParserTest" time="0.001"/>
  <testcase name="testParser(String)[278]" classname="ex.PublicTests$FlightParserTest" time="0.001"/>
  <testcase name="testParser(String)[279]" classname="ex.PublicTests$FlightParserTest" time="0.0"/>
  <testcase name="testParser(String)[280]" classname="ex.PublicTests$FlightParserTest" time="0.001"/>
  <testcase name="testParser(String)[281]" classname="ex.PublicTests$FlightParserTest" time="0.0"/>
  <testcase name="testParser(String)[282]" classname="ex.PublicTests$FlightParserTest" time="0.0"/>
  <testcase name="testParser(String)[283]" classname="ex.PublicTests$FlightParserTest" time="0.001"/>
  <testcase name="testParser(String)[284]" classname="ex.PublicTests$FlightParserTest" time="0.001"/>
  <testcase name="testParser(String)[285]" classname="ex.PublicTests$FlightParserTest" time="0.0"/>
  <testcase name="testParser(String)[286]" classname="ex.PublicTests$FlightParserTest" time="0.0"/>
  <testcase name="testParser(String)[287]" classname="ex.PublicTests$FlightParserTest" time="0.0"/>
  <testcase name="testParser(String)[288]" classname="ex.PublicTests$FlightParserTest" time="0.001"/>
  <testcase name="testParser(String)[289]" classname="ex.PublicTests$FlightParserTest" time="0.0"/>
  <testcase name="testParser(String)[290]" classname="ex.PublicTests$FlightParserTest" time="0.001"/>
  <testcase name="testParser(String)[291]" classname="ex.PublicTests$FlightParserTest" time="0.001"/>
  <testcase name="testParser(String)[292]" classname="ex.PublicTests$FlightParserTest" time="0.001"/>
  <testcase name="testParser(String)[293]" classname="ex.PublicTests$FlightParserTest" time="0.0"/>
  <testcase name="testParser(String)[294]" classname="ex.PublicTests$FlightParserTest" time="0.0"/>
  <testcase name="testParser(String)[295]" classname="ex.PublicTests$FlightParserTest" time="0.0"/>
  <testcase name="testParser(String)[296]" classname="ex.PublicTests$FlightParserTest" time="0.0"/>
  <testcase name="testParser(String)[297]" classname="ex.PublicTests$FlightParserTest" time="0.0"/>
  <testcase name="testParser(String)[298]" classname="ex.PublicTests$FlightParserTest" time="0.001"/>
  <testcase name="testParser(String)[299]" classname="ex.PublicTests$FlightParserTest" time="0.0"/>
  <testcase name="testParser(String)[300]" classname="ex.PublicTests$FlightParserTest" time="0.001"/>
  <testcase name="testParser(String)[301]" classname="ex.PublicTests$FlightParserTest" time="0.001"/>
  <testcase name="testParser(String)[302]" classname="ex.PublicTests$FlightParserTest" time="0.001"/>
  <testcase name="testParser(String)[303]" classname="ex.PublicTests$FlightParserTest" time="0.001"/>
  <testcase name="testParser(String)[304]" classname="ex.PublicTests$FlightParserTest" time="0.001"/>
  <testcase name="testParser(String)[305]" classname="ex.PublicTests$FlightParserTest" time="0.001"/>
  <testcase name="testParser(String)[306]" classname="ex.PublicTests$FlightParserTest" time="0.001"/>
  <testcase name="testParser(String)[307]" classname="ex.PublicTests$FlightParserTest" time="0.001"/>
  <testcase name="testParser(String)[308]" classname="ex.PublicTests$FlightParserTest" time="0.001"/>
  <testcase name="testParser(String)[309]" classname="ex.PublicTests$FlightParserTest" time="0.001"/>
  <testcase name="testParser(String)[310]" classname="ex.PublicTests$FlightParserTest" time="0.001"/>
  <testcase name="testParser(String)[311]" classname="ex.PublicTests$FlightParserTest" time="0.001"/>
  <testcase name="testParser(String)[312]" classname="ex.PublicTests$FlightParserTest" time="0.001"/>
  <testcase name="testParser(String)[313]" classname="ex.PublicTests$FlightParserTest" time="0.001"/>
  <testcase name="testParser(String)[314]" classname="ex.PublicTests$FlightParserTest" time="0.0"/>
  <testcase name="testParser(String)[315]" classname="ex.PublicTests$FlightParserTest" time="0.0"/>
  <testcase name="testParser(String)[316]" classname="ex.PublicTests$FlightParserTest" time="0.0"/>
  <testcase name="testParser(String)[317]" classname="ex.PublicTests$FlightParserTest" time="0.0"/>
  <testcase name="testParser(String)[318]" classname="ex.PublicTests$FlightParserTest" time="0.0"/>
  <testcase name="testParser(String)[319]" classname="ex.PublicTests$FlightParserTest" time="0.0"/>
  <testcase name="testParser(String)[320]" classname="ex.PublicTests$FlightParserTest" time="0.0"/>
  <testcase name="testParser(String)[321]" classname="ex.PublicTests$FlightParserTest" time="0.0"/>
  <testcase name="testParser(String)[322]" classname="ex.PublicTests$FlightParserTest" time="0.0"/>
  <testcase name="testParser(String)[323]" classname="ex.PublicTests$FlightParserTest" time="0.0"/>
  <testcase name="testParser(String)[324]" classname="ex.PublicTests$FlightParserTest" time="0.0"/>
  <testcase name="testParser(String)[325]" classname="ex.PublicTests$FlightParserTest" time="0.0"/>
  <testcase name="testParser(String)[326]" classname="ex.PublicTests$FlightParserTest" time="0.001"/>
  <testcase name="testParser(String)[327]" classname="ex.PublicTests$FlightParserTest" time="0.001"/>
  <testcase name="testParser(String)[328]" classname="ex.PublicTests$FlightParserTest" time="0.001"/>
  <testcase name="testParser(String)[329]" classname="ex.PublicTests$FlightParserTest" time="0.001"/>
  <testcase name="testParser(String)[330]" classname="ex.PublicTests$FlightParserTest" time="0.001"/>
  <testcase name="testParser(String)[331]" classname="ex.PublicTests$FlightParserTest" time="0.001"/>
  <testcase name="testParser(String)[332]" classname="ex.PublicTests$FlightParserTest" time="0.001"/>
  <testcase name="testParser(String)[333]" classname="ex.PublicTests$FlightParserTest" time="0.001"/>
  <testcase name="testParser(String)[334]" classname="ex.PublicTests$FlightParserTest" time="0.001"/>
  <testcase name="testParser(String)[335]" classname="ex.PublicTests$FlightParserTest" time="0.001"/>
  <testcase name="testParser(String)[336]" classname="ex.PublicTests$FlightParserTest" time="0.001"/>
  <testcase name="testParser(String)[337]" classname="ex.PublicTests$FlightParserTest" time="0.001"/>
  <testcase name="testParser(String)[338]" classname="ex.PublicTests$FlightParserTest" time="0.001"/>
  <testcase name="testParser(String)[339]" classname="ex.PublicTests$FlightParserTest" time="0.001"/>
  <testcase name="testParser(String)[340]" classname="ex.PublicTests$FlightParserTest" time="0.001"/>
  <testcase name="testParser(String)[341]" classname="ex.PublicTests$FlightParserTest" time="0.001"/>
  <testcase name="testParser(String)[342]" classname="ex.PublicTests$FlightParserTest" time="0.001"/>
  <testcase name="testParser(String)[343]" classname="ex.PublicTests$FlightParserTest" time="0.001"/>
  <testcase name="testParser(String)[344]" classname="ex.PublicTests$FlightParserTest" time="0.001"/>
  <testcase name="testParser(String)[345]" classname="ex.PublicTests$FlightParserTest" time="0.0"/>
  <testcase name="testParser(String)[346]" classname="ex.PublicTests$FlightParserTest" time="0.0"/>
  <testcase name="testParser(String)[347]" classname="ex.PublicTests$FlightParserTest" time="0.0"/>
  <testcase name="testParser(String)[348]" classname="ex.PublicTests$FlightParserTest" time="0.0"/>
  <testcase name="testParser(String)[349]" classname="ex.PublicTests$FlightParserTest" time="0.001"/>
  <testcase name="testParser(String)[350]" classname="ex.PublicTests$FlightParserTest" time="0.001"/>
  <testcase name="testParser(String)[351]" classname="ex.PublicTests$FlightParserTest" time="0.0"/>
  <testcase name="testParser(String)[352]" classname="ex.PublicTests$FlightParserTest" time="0.0"/>
  <testcase name="testParser(String)[353]" classname="ex.PublicTests$FlightParserTest" time="0.0"/>
  <testcase name="testParser(String)[354]" classname="ex.PublicTests$FlightParserTest" time="0.0"/>
  <testcase name="testParser(String)[355]" classname="ex.PublicTests$FlightParserTest" time="0.0"/>
  <testcase name="testParser(String)[356]" classname="ex.PublicTests$FlightParserTest" time="0.0"/>
  <testcase name="testParser(String)[357]" classname="ex.PublicTests$FlightParserTest" time="0.0"/>
  <testcase name="testParser(String)[358]" classname="ex.PublicTests$FlightParserTest" time="0.0"/>
  <testcase name="testParser(String)[359]" classname="ex.PublicTests$FlightParserTest" time="0.001"/>
  <testcase name="testParser(String)[360]" classname="ex.PublicTests$FlightParserTest" time="0.0"/>
  <testcase name="testParser(String)[361]" classname="ex.PublicTests$FlightParserTest" time="0.0"/>
  <testcase name="testParser(String)[362]" classname="ex.PublicTests$FlightParserTest" time="0.0"/>
  <testcase name="testParser(String)[363]" classname="ex.PublicTests$FlightParserTest" time="0.0"/>
  <testcase name="testParser(String)[364]" classname="ex.PublicTests$FlightParserTest" time="0.0"/>
  <testcase name="testParser(String)[365]" classname="ex.PublicTests$FlightParserTest" time="0.0"/>
  <testcase name="testParser(String)[366]" classname="ex.PublicTests$FlightParserTest" time="0.001"/>
  <testcase name="testParser(String)[367]" classname="ex.PublicTests$FlightParserTest" time="0.001"/>
  <testcase name="testParser(String)[368]" classname="ex.PublicTests$FlightParserTest" time="0.0"/>
  <testcase name="testParser(String)[369]" classname="ex.PublicTests$FlightParserTest" time="0.001"/>
  <testcase name="testParser(String)[370]" classname="ex.PublicTests$FlightParserTest" time="0.001"/>
  <testcase name="testParser(String)[371]" classname="ex.PublicTests$FlightParserTest" time="0.001"/>
  <testcase name="testParser(String)[372]" classname="ex.PublicTests$FlightParserTest" time="0.004"/>
  <testcase name="testParser(String)[373]" classname="ex.PublicTests$FlightParserTest" time="0.002"/>
  <testcase name="testParser(String)[374]" classname="ex.PublicTests$FlightParserTest" time="0.0"/>
  <testcase name="testParser(String)[375]" classname="ex.PublicTests$FlightParserTest" time="0.0"/>
  <testcase name="testParser(String)[376]" classname="ex.PublicTests$FlightParserTest" time="0.003"/>
  <testcase name="testParser(String)[377]" classname="ex.PublicTests$FlightParserTest" time="0.0"/>
  <testcase name="testParser(String)[378]" classname="ex.PublicTests$FlightParserTest" time="0.007"/>
  <testcase name="testParser(String)[379]" classname="ex.PublicTests$FlightParserTest" time="0.003"/>
  <testcase name="testParser(String)[380]" classname="ex.PublicTests$FlightParserTest" time="0.001"/>
  <testcase name="testParser(String)[381]" classname="ex.PublicTests$FlightParserTest" time="0.0"/>
  <testcase name="testParser(String)[382]" classname="ex.PublicTests$FlightParserTest" time="0.001"/>
  <testcase name="testParser(String)[383]" classname="ex.PublicTests$FlightParserTest" time="0.001"/>
  <testcase name="testParser(String)[384]" classname="ex.PublicTests$FlightParserTest" time="0.001"/>
  <testcase name="testParser(String)[385]" classname="ex.PublicTests$FlightParserTest" time="0.002"/>
  <testcase name="testParser(String)[386]" classname="ex.PublicTests$FlightParserTest" time="0.001"/>
  <testcase name="testParser(String)[387]" classname="ex.PublicTests$FlightParserTest" time="0.0"/>
  <testcase name="testParser(String)[388]" classname="ex.PublicTests$FlightParserTest" time="0.0"/>
  <testcase name="testParser(String)[389]" classname="ex.PublicTests$FlightParserTest" time="0.001"/>
  <testcase name="testParser(String)[390]" classname="ex.PublicTests$FlightParserTest" time="0.001"/>
  <testcase name="testParser(String)[391]" classname="ex.PublicTests$FlightParserTest" time="0.001"/>
  <testcase name="testParser(String)[392]" classname="ex.PublicTests$FlightParserTest" time="0.001"/>
  <testcase name="testParser(String)[393]" classname="ex.PublicTests$FlightParserTest" time="0.001"/>
  <testcase name="testParser(String)[394]" classname="ex.PublicTests$FlightParserTest" time="0.001"/>
  <testcase name="testParser(String)[395]" classname="ex.PublicTests$FlightParserTest" time="0.001"/>
  <testcase name="testParser(String)[396]" classname="ex.PublicTests$FlightParserTest" time="0.001"/>
  <testcase name="testParser(String)[397]" classname="ex.PublicTests$FlightParserTest" time="0.0"/>
  <testcase name="testParser(String)[398]" classname="ex.PublicTests$FlightParserTest" time="0.001"/>
  <testcase name="testParser(String)[399]" classname="ex.PublicTests$FlightParserTest" time="0.001"/>
  <testcase name="testParser(String)[400]" classname="ex.PublicTests$FlightParserTest" time="0.0"/>
  <testcase name="testParser(String)[401]" classname="ex.PublicTests$FlightParserTest" time="0.0"/>
  <testcase name="testParser(String)[402]" classname="ex.PublicTests$FlightParserTest" time="0.0"/>
  <testcase name="testParser(String)[403]" classname="ex.PublicTests$FlightParserTest" time="0.0"/>
  <testcase name="testParser(String)[404]" classname="ex.PublicTests$FlightParserTest" time="0.0"/>
  <testcase name="testParser(String)[405]" classname="ex.PublicTests$FlightParserTest" time="0.0"/>
  <testcase name="testParser(String)[406]" classname="ex.PublicTests$FlightParserTest" time="0.001"/>
  <testcase name="testParser(String)[407]" classname="ex.PublicTests$FlightParserTest" time="0.001"/>
  <testcase name="testParser(String)[408]" classname="ex.PublicTests$FlightParserTest" time="0.0"/>
  <testcase name="testParser(String)[409]" classname="ex.PublicTests$FlightParserTest" time="0.001"/>
  <testcase name="testParser(String)[410]" classname="ex.PublicTests$FlightParserTest" time="0.0"/>
  <testcase name="testParser(String)[411]" classname="ex.PublicTests$FlightParserTest" time="0.0"/>
  <testcase name="testParser(String)[412]" classname="ex.PublicTests$FlightParserTest" time="0.001"/>
  <testcase name="testParser(String)[413]" classname="ex.PublicTests$FlightParserTest" time="0.001"/>
  <testcase name="testParser(String)[414]" classname="ex.PublicTests$FlightParserTest" time="0.0"/>
  <testcase name="testParser(String)[415]" classname="ex.PublicTests$FlightParserTest" time="0.0"/>
  <testcase name="testParser(String)[416]" classname="ex.PublicTests$FlightParserTest" time="0.0"/>
  <testcase name="testParser(String)[417]" classname="ex.PublicTests$FlightParserTest" time="0.001"/>
  <testcase name="testParser(String)[418]" classname="ex.PublicTests$FlightParserTest" time="0.0"/>
  <testcase name="testParser(String)[419]" classname="ex.PublicTests$FlightParserTest" time="0.001"/>
  <testcase name="testParser(String)[420]" classname="ex.PublicTests$FlightParserTest" time="0.001"/>
  <testcase name="testParser(String)[421]" classname="ex.PublicTests$FlightParserTest" time="0.001"/>
  <testcase name="testParser(String)[422]" classname="ex.PublicTests$FlightParserTest" time="0.001"/>
  <testcase name="testParser(String)[423]" classname="ex.PublicTests$FlightParserTest" time="0.001"/>
  <testcase name="testParser(String)[424]" classname="ex.PublicTests$FlightParserTest" time="0.001"/>
  <testcase name="testParser(String)[425]" classname="ex.PublicTests$FlightParserTest" time="0.001"/>
  <testcase name="testParser(String)[426]" classname="ex.PublicTests$FlightParserTest" time="0.003"/>
  <testcase name="testParser(String)[427]" classname="ex.PublicTests$FlightParserTest" time="0.0"/>
  <testcase name="testParser(String)[428]" classname="ex.PublicTests$FlightParserTest" time="0.0"/>
  <testcase name="testParser(String)[429]" classname="ex.PublicTests$FlightParserTest" time="0.001"/>
  <testcase name="testParser(String)[430]" classname="ex.PublicTests$FlightParserTest" time="0.0"/>
  <testcase name="testParser(String)[431]" classname="ex.PublicTests$FlightParserTest" time="0.0"/>
  <testcase name="testParser(String)[432]" classname="ex.PublicTests$FlightParserTest" time="0.0"/>
  <testcase name="testParser(String)[433]" classname="ex.PublicTests$FlightParserTest" time="0.0"/>
  <testcase name="testParser(String)[434]" classname="ex.PublicTests$FlightParserTest" time="0.0"/>
  <testcase name="testParser(String)[435]" classname="ex.PublicTests$FlightParserTest" time="0.0"/>
  <testcase name="testParser(String)[436]" classname="ex.PublicTests$FlightParserTest" time="0.0"/>
  <testcase name="testParser(String)[437]" classname="ex.PublicTests$FlightParserTest" time="0.0"/>
  <testcase name="testParser(String)[438]" classname="ex.PublicTests$FlightParserTest" time="0.0"/>
  <testcase name="testParser(String)[439]" classname="ex.PublicTests$FlightParserTest" time="0.001"/>
  <testcase name="testParser(String)[440]" classname="ex.PublicTests$FlightParserTest" time="0.001"/>
  <testcase name="testParser(String)[441]" classname="ex.PublicTests$FlightParserTest" time="0.001"/>
  <testcase name="testParser(String)[442]" classname="ex.PublicTests$FlightParserTest" time="0.0"/>
  <testcase name="testParser(String)[443]" classname="ex.PublicTests$FlightParserTest" time="0.0"/>
  <testcase name="testParser(String)[444]" classname="ex.PublicTests$FlightParserTest" time="0.001"/>
  <testcase name="testParser(String)[445]" classname="ex.PublicTests$FlightParserTest" time="0.0"/>
  <testcase name="testParser(String)[446]" classname="ex.PublicTests$FlightParserTest" time="0.0"/>
  <testcase name="testParser(String)[447]" classname="ex.PublicTests$FlightParserTest" time="0.001"/>
  <testcase name="testParser(String)[448]" classname="ex.PublicTests$FlightParserTest" time="0.0"/>
  <testcase name="testParser(String)[449]" classname="ex.PublicTests$FlightParserTest" time="0.0"/>
  <testcase name="testParser(String)[450]" classname="ex.PublicTests$FlightParserTest" time="0.0"/>
  <testcase name="testParser(String)[451]" classname="ex.PublicTests$FlightParserTest" time="0.0"/>
  <testcase name="testParser(String)[452]" classname="ex.PublicTests$FlightParserTest" time="0.0"/>
  <testcase name="testParser(String)[453]" classname="ex.PublicTests$FlightParserTest" time="0.0"/>
  <testcase name="testParser(String)[454]" classname="ex.PublicTests$FlightParserTest" time="0.0"/>
  <testcase name="testParser(String)[455]" classname="ex.PublicTests$FlightParserTest" time="0.001"/>
  <testcase name="testParser(String)[456]" classname="ex.PublicTests$FlightParserTest" time="0.001"/>
  <testcase name="testParser(String)[457]" classname="ex.PublicTests$FlightParserTest" time="0.0"/>
  <testcase name="testParser(String)[458]" classname="ex.PublicTests$FlightParserTest" time="0.0"/>
  <testcase name="testParser(String)[459]" classname="ex.PublicTests$FlightParserTest" time="0.0"/>
  <testcase name="testParser(String)[460]" classname="ex.PublicTests$FlightParserTest" time="0.0"/>
  <testcase name="testParser(String)[461]" classname="ex.PublicTests$FlightParserTest" time="0.002"/>
  <testcase name="testParser(String)[462]" classname="ex.PublicTests$FlightParserTest" time="0.001"/>
  <testcase name="testParser(String)[463]" classname="ex.PublicTests$FlightParserTest" time="0.002"/>
  <testcase name="testParser(String)[464]" classname="ex.PublicTests$FlightParserTest" time="0.001"/>
  <testcase name="testParser(String)[465]" classname="ex.PublicTests$FlightParserTest" time="0.001"/>
  <testcase name="testParser(String)[466]" classname="ex.PublicTests$FlightParserTest" time="0.001"/>
  <testcase name="testParser(String)[467]" classname="ex.PublicTests$FlightParserTest" time="0.001"/>
  <testcase name="testParser(String)[468]" classname="ex.PublicTests$FlightParserTest" time="0.001"/>
  <testcase name="testParser(String)[469]" classname="ex.PublicTests$FlightParserTest" time="0.001"/>
  <testcase name="testParser(String)[470]" classname="ex.PublicTests$FlightParserTest" time="0.001"/>
  <testcase name="testParser(String)[471]" classname="ex.PublicTests$FlightParserTest" time="0.0"/>
  <testcase name="testParser(String)[472]" classname="ex.PublicTests$FlightParserTest" time="0.0"/>
  <testcase name="testParser(String)[473]" classname="ex.PublicTests$FlightParserTest" time="0.0"/>
  <testcase name="testParser(String)[474]" classname="ex.PublicTests$FlightParserTest" time="0.0"/>
  <testcase name="testParser(String)[475]" classname="ex.PublicTests$FlightParserTest" time="0.0"/>
  <testcase name="testParser(String)[476]" classname="ex.PublicTests$FlightParserTest" time="0.001"/>
  <testcase name="testParser(String)[477]" classname="ex.PublicTests$FlightParserTest" time="0.001"/>
  <testcase name="testParser(String)[478]" classname="ex.PublicTests$FlightParserTest" time="0.0"/>
  <testcase name="testParser(String)[479]" classname="ex.PublicTests$FlightParserTest" time="0.0"/>
  <testcase name="testParser(String)[480]" classname="ex.PublicTests$FlightParserTest" time="0.0"/>
  <testcase name="testParser(String)[481]" classname="ex.PublicTests$FlightParserTest" time="0.0"/>
  <testcase name="testParser(String)[482]" classname="ex.PublicTests$FlightParserTest" time="0.0"/>
  <testcase name="testParser(String)[483]" classname="ex.PublicTests$FlightParserTest" time="0.001"/>
  <testcase name="testParser(String)[484]" classname="ex.PublicTests$FlightParserTest" time="0.001"/>
  <testcase name="testParser(String)[485]" classname="ex.PublicTests$FlightParserTest" time="0.001"/>
  <testcase name="testParser(String)[486]" classname="ex.PublicTests$FlightParserTest" time="0.001"/>
  <testcase name="testParser(String)[487]" classname="ex.PublicTests$FlightParserTest" time="0.001"/>
  <testcase name="testParser(String)[488]" classname="ex.PublicTests$FlightParserTest" time="0.0"/>
  <testcase name="testParser(String)[489]" classname="ex.PublicTests$FlightParserTest" time="0.007"/>
  <testcase name="testParser(String)[490]" classname="ex.PublicTests$FlightParserTest" time="0.0"/>
  <testcase name="testParser(String)[491]" classname="ex.PublicTests$FlightParserTest" time="0.0"/>
  <testcase name="testParser(String)[492]" classname="ex.PublicTests$FlightParserTest" time="0.001"/>
  <testcase name="testParser(String)[493]" classname="ex.PublicTests$FlightParserTest" time="0.0"/>
  <testcase name="testParser(String)[494]" classname="ex.PublicTests$FlightParserTest" time="0.0"/>
  <testcase name="testParser(String)[495]" classname="ex.PublicTests$FlightParserTest" time="0.001"/>
  <testcase name="testParser(String)[496]" classname="ex.PublicTests$FlightParserTest" time="0.0"/>
  <testcase name="testParser(String)[497]" classname="ex.PublicTests$FlightParserTest" time="0.0"/>
  <testcase name="testParser(String)[498]" classname="ex.PublicTests$FlightParserTest" time="0.0"/>
  <testcase name="testParser(String)[499]" classname="ex.PublicTests$FlightParserTest" time="0.003"/>
  <testcase name="testParser(String)[500]" classname="ex.PublicTests$FlightParserTest" time="0.001"/>
  <testcase name="testParser(String)[501]" classname="ex.PublicTests$FlightParserTest" time="0.001"/>
  <testcase name="testParser(String)[502]" classname="ex.PublicTests$FlightParserTest" time="0.0"/>
  <testcase name="testParser(String)[503]" classname="ex.PublicTests$FlightParserTest" time="0.0"/>
  <testcase name="testParser(String)[504]" classname="ex.PublicTests$FlightParserTest" time="0.0"/>
  <testcase name="testParser(String)[505]" classname="ex.PublicTests$FlightParserTest" time="0.001"/>
  <testcase name="testParser(String)[506]" classname="ex.PublicTests$FlightParserTest" time="0.0"/>
  <testcase name="testParser(String)[507]" classname="ex.PublicTests$FlightParserTest" time="0.004"/>
  <testcase name="testParser(String)[508]" classname="ex.PublicTests$FlightParserTest" time="0.004"/>
  <testcase name="testParser(String)[509]" classname="ex.PublicTests$FlightParserTest" time="0.001"/>
  <testcase name="testParser(String)[510]" classname="ex.PublicTests$FlightParserTest" time="0.0"/>
  <testcase name="testParser(String)[511]" classname="ex.PublicTests$FlightParserTest" time="0.003"/>
  <testcase name="testParser(String)[512]" classname="ex.PublicTests$FlightParserTest" time="0.009"/>
  <testcase name="testParser(String)[513]" classname="ex.PublicTests$FlightParserTest" time="0.002"/>
  <testcase name="testParser(String)[514]" classname="ex.PublicTests$FlightParserTest" time="0.001"/>
  <testcase name="testParser(String)[515]" classname="ex.PublicTests$FlightParserTest" time="0.0"/>
  <testcase name="testParser(String)[516]" classname="ex.PublicTests$FlightParserTest" time="0.0"/>
  <testcase name="testParser(String)[517]" classname="ex.PublicTests$FlightParserTest" time="0.0"/>
  <testcase name="testParser(String)[518]" classname="ex.PublicTests$FlightParserTest" time="0.0"/>
  <testcase name="testParser(String)[519]" classname="ex.PublicTests$FlightParserTest" time="0.0"/>
  <testcase name="testParser(String)[520]" classname="ex.PublicTests$FlightParserTest" time="0.0"/>
  <testcase name="testParser(String)[521]" classname="ex.PublicTests$FlightParserTest" time="0.0"/>
  <testcase name="testParser(String)[522]" classname="ex.PublicTests$FlightParserTest" time="0.0"/>
  <testcase name="testParser(String)[523]" classname="ex.PublicTests$FlightParserTest" time="0.0"/>
  <testcase name="testParser(String)[524]" classname="ex.PublicTests$FlightParserTest" time="0.0"/>
  <testcase name="testParser(String)[525]" classname="ex.PublicTests$FlightParserTest" time="0.0"/>
  <testcase name="testParser(String)[526]" classname="ex.PublicTests$FlightParserTest" time="0.0"/>
  <testcase name="testParser(String)[527]" classname="ex.PublicTests$FlightParserTest" time="0.001"/>
  <testcase name="testParser(String)[528]" classname="ex.PublicTests$FlightParserTest" time="0.0"/>
  <testcase name="testParser(String)[529]" classname="ex.PublicTests$FlightParserTest" time="0.0"/>
  <testcase name="testParser(String)[530]" classname="ex.PublicTests$FlightParserTest" time="0.0"/>
  <testcase name="testParser(String)[531]" classname="ex.PublicTests$FlightParserTest" time="0.0"/>
  <testcase name="testParser(String)[532]" classname="ex.PublicTests$FlightParserTest" time="0.0"/>
  <testcase name="testParser(String)[533]" classname="ex.PublicTests$FlightParserTest" time="0.0"/>
  <testcase name="testParser(String)[534]" classname="ex.PublicTests$FlightParserTest" time="0.001"/>
  <testcase name="testParser(String)[535]" classname="ex.PublicTests$FlightParserTest" time="0.0"/>
  <testcase name="testParser(String)[536]" classname="ex.PublicTests$FlightParserTest" time="0.0"/>
  <testcase name="testParser(String)[537]" classname="ex.PublicTests$FlightParserTest" time="0.001"/>
  <testcase name="testParser(String)[538]" classname="ex.PublicTests$FlightParserTest" time="0.0"/>
  <testcase name="testParser(String)[539]" classname="ex.PublicTests$FlightParserTest" time="0.001"/>
  <testcase name="testParser(String)[540]" classname="ex.PublicTests$FlightParserTest" time="0.0"/>
  <testcase name="testParser(String)[541]" classname="ex.PublicTests$FlightParserTest" time="0.0"/>
  <testcase name="testParser(String)[542]" classname="ex.PublicTests$FlightParserTest" time="0.001"/>
  <testcase name="testParser(String)[543]" classname="ex.PublicTests$FlightParserTest" time="0.0"/>
  <testcase name="testParser(String)[544]" classname="ex.PublicTests$FlightParserTest" time="0.0"/>
  <testcase name="testParser(String)[545]" classname="ex.PublicTests$FlightParserTest" time="0.0"/>
  <testcase name="testParser(String)[546]" classname="ex.PublicTests$FlightParserTest" time="0.0"/>
  <testcase name="testParser(String)[547]" classname="ex.PublicTests$FlightParserTest" time="0.0"/>
  <testcase name="testParser(String)[548]" classname="ex.PublicTests$FlightParserTest" time="0.0"/>
  <testcase name="testParser(String)[549]" classname="ex.PublicTests$FlightParserTest" time="0.003"/>
  <testcase name="testParser(String)[550]" classname="ex.PublicTests$FlightParserTest" time="0.0"/>
  <testcase name="testParser(String)[551]" classname="ex.PublicTests$FlightParserTest" time="0.005"/>
  <testcase name="testParser(String)[552]" classname="ex.PublicTests$FlightParserTest" time="0.0"/>
  <testcase name="testParser(String)[553]" classname="ex.PublicTests$FlightParserTest" time="0.0"/>
  <testcase name="testParser(String)[554]" classname="ex.PublicTests$FlightParserTest" time="0.0"/>
  <testcase name="testParser(String)[555]" classname="ex.PublicTests$FlightParserTest" time="0.002"/>
  <testcase name="testParser(String)[556]" classname="ex.PublicTests$FlightParserTest" time="0.001"/>
  <testcase name="testParser(String)[557]" classname="ex.PublicTests$FlightParserTest" time="0.0"/>
  <testcase name="testParser(String)[558]" classname="ex.PublicTests$FlightParserTest" time="0.0"/>
  <testcase name="testParser(String)[559]" classname="ex.PublicTests$FlightParserTest" time="0.001"/>
  <testcase name="testParser(String)[560]" classname="ex.PublicTests$FlightParserTest" time="0.001"/>
  <testcase name="testParser(String)[561]" classname="ex.PublicTests$FlightParserTest" time="0.0"/>
  <testcase name="testParser(String)[562]" classname="ex.PublicTests$FlightParserTest" time="0.0"/>
  <testcase name="testParser(String)[563]" classname="ex.PublicTests$FlightParserTest" time="0.0"/>
  <testcase name="testParser(String)[564]" classname="ex.PublicTests$FlightParserTest" time="0.0"/>
  <testcase name="testParser(String)[565]" classname="ex.PublicTests$FlightParserTest" time="0.0"/>
  <testcase name="testParser(String)[566]" classname="ex.PublicTests$FlightParserTest" time="0.0"/>
  <testcase name="testParser(String)[567]" classname="ex.PublicTests$FlightParserTest" time="0.0"/>
  <testcase name="testParser(String)[568]" classname="ex.PublicTests$FlightParserTest" time="0.001"/>
  <testcase name="testParser(String)[569]" classname="ex.PublicTests$FlightParserTest" time="0.0"/>
  <testcase name="testParser(String)[570]" classname="ex.PublicTests$FlightParserTest" time="0.0"/>
  <testcase name="testParser(String)[571]" classname="ex.PublicTests$FlightParserTest" time="0.0"/>
  <testcase name="testParser(String)[572]" classname="ex.PublicTests$FlightParserTest" time="0.0"/>
  <testcase name="testParser(String)[573]" classname="ex.PublicTests$FlightParserTest" time="0.0"/>
  <testcase name="testParser(String)[574]" classname="ex.PublicTests$FlightParserTest" time="0.0"/>
  <testcase name="testParser(String)[575]" classname="ex.PublicTests$FlightParserTest" time="0.002"/>
  <testcase name="testParser(String)[576]" classname="ex.PublicTests$FlightParserTest" time="0.0"/>
  <testcase name="testParser(String)[577]" classname="ex.PublicTests$FlightParserTest" time="0.001"/>
  <testcase name="testParser(String)[578]" classname="ex.PublicTests$FlightParserTest" time="0.001"/>
  <testcase name="testParser(String)[579]" classname="ex.PublicTests$FlightParserTest" time="0.0"/>
  <testcase name="testParser(String)[580]" classname="ex.PublicTests$FlightParserTest" time="0.0"/>
  <testcase name="testParser(String)[581]" classname="ex.PublicTests$FlightParserTest" time="0.0"/>
  <testcase name="testParser(String)[582]" classname="ex.PublicTests$FlightParserTest" time="0.001"/>
  <testcase name="testParser(String)[583]" classname="ex.PublicTests$FlightParserTest" time="0.0"/>
  <testcase name="testParser(String)[584]" classname="ex.PublicTests$FlightParserTest" time="0.0"/>
  <testcase name="testParser(String)[585]" classname="ex.PublicTests$FlightParserTest" time="0.0"/>
  <testcase name="testParser(String)[586]" classname="ex.PublicTests$FlightParserTest" time="0.001"/>
  <testcase name="testParser(String)[587]" classname="ex.PublicTests$FlightParserTest" time="0.001"/>
  <testcase name="testParser(String)[588]" classname="ex.PublicTests$FlightParserTest" time="0.0"/>
  <testcase name="testParser(String)[589]" classname="ex.PublicTests$FlightParserTest" time="0.001"/>
  <testcase name="testParser(String)[590]" classname="ex.PublicTests$FlightParserTest" time="0.001"/>
  <testcase name="testParser(String)[591]" classname="ex.PublicTests$FlightParserTest" time="0.0"/>
  <testcase name="testParser(String)[592]" classname="ex.PublicTests$FlightParserTest" time="0.0"/>
  <testcase name="testParser(String)[593]" classname="ex.PublicTests$FlightParserTest" time="0.0"/>
  <testcase name="testParser(String)[594]" classname="ex.PublicTests$FlightParserTest" time="0.0"/>
  <testcase name="testParser(String)[595]" classname="ex.PublicTests$FlightParserTest" time="0.001"/>
  <testcase name="testParser(String)[596]" classname="ex.PublicTests$FlightParserTest" time="0.0"/>
  <testcase name="testParser(String)[597]" classname="ex.PublicTests$FlightParserTest" time="0.0"/>
  <testcase name="testParser(String)[598]" classname="ex.PublicTests$FlightParserTest" time="0.001"/>
  <testcase name="testParser(String)[599]" classname="ex.PublicTests$FlightParserTest" time="0.0"/>
  <testcase name="testParser(String)[600]" classname="ex.PublicTests$FlightParserTest" time="0.0"/>
  <testcase name="testParser(String)[601]" classname="ex.PublicTests$FlightParserTest" time="0.0"/>
  <testcase name="testParser(String)[602]" classname="ex.PublicTests$FlightParserTest" time="0.001"/>
  <testcase name="testParser(String)[603]" classname="ex.PublicTests$FlightParserTest" time="0.001"/>
  <testcase name="testParser(String)[604]" classname="ex.PublicTests$FlightParserTest" time="0.0"/>
  <testcase name="testParser(String)[605]" classname="ex.PublicTests$FlightParserTest" time="0.002"/>
  <testcase name="testParser(String)[606]" classname="ex.PublicTests$FlightParserTest" time="0.0"/>
  <testcase name="testParser(String)[607]" classname="ex.PublicTests$FlightParserTest" time="0.001"/>
  <testcase name="testParser(String)[608]" classname="ex.PublicTests$FlightParserTest" time="0.001"/>
  <testcase name="testParser(String)[609]" classname="ex.PublicTests$FlightParserTest" time="0.0"/>
  <testcase name="testParser(String)[610]" classname="ex.PublicTests$FlightParserTest" time="0.0"/>
  <testcase name="testParser(String)[611]" classname="ex.PublicTests$FlightParserTest" time="0.001"/>
  <testcase name="testParser(String)[612]" classname="ex.PublicTests$FlightParserTest" time="0.0"/>
  <testcase name="testParser(String)[613]" classname="ex.PublicTests$FlightParserTest" time="0.0"/>
  <testcase name="testParser(String)[614]" classname="ex.PublicTests$FlightParserTest" time="0.001"/>
  <testcase name="testParser(String)[615]" classname="ex.PublicTests$FlightParserTest" time="0.0"/>
  <testcase name="testParser(String)[616]" classname="ex.PublicTests$FlightParserTest" time="0.0"/>
  <testcase name="testParser(String)[617]" classname="ex.PublicTests$FlightParserTest" time="0.0"/>
  <testcase name="testParser(String)[618]" classname="ex.PublicTests$FlightParserTest" time="0.0"/>
  <testcase name="testParser(String)[619]" classname="ex.PublicTests$FlightParserTest" time="0.008"/>
  <testcase name="testParser(String)[620]" classname="ex.PublicTests$FlightParserTest" time="0.0"/>
  <testcase name="testParser(String)[621]" classname="ex.PublicTests$FlightParserTest" time="0.0"/>
  <testcase name="testParser(String)[622]" classname="ex.PublicTests$FlightParserTest" time="0.001"/>
  <testcase name="testParser(String)[623]" classname="ex.PublicTests$FlightParserTest" time="0.0"/>
  <testcase name="testParser(String)[624]" classname="ex.PublicTests$FlightParserTest" time="0.0"/>
  <testcase name="testParser(String)[625]" classname="ex.PublicTests$FlightParserTest" time="0.0"/>
  <testcase name="testParser(String)[626]" classname="ex.PublicTests$FlightParserTest" time="0.001"/>
  <testcase name="testParser(String)[627]" classname="ex.PublicTests$FlightParserTest" time="0.003"/>
  <testcase name="testParser(String)[628]" classname="ex.PublicTests$FlightParserTest" time="0.004"/>
  <testcase name="testParser(String)[629]" classname="ex.PublicTests$FlightParserTest" time="0.008"/>
  <testcase name="testParser(String)[630]" classname="ex.PublicTests$FlightParserTest" time="0.001"/>
  <testcase name="testParser(String)[631]" classname="ex.PublicTests$FlightParserTest" time="0.0"/>
  <testcase name="testParser(String)[632]" classname="ex.PublicTests$FlightParserTest" time="0.0"/>
  <testcase name="testParser(String)[633]" classname="ex.PublicTests$FlightParserTest" time="0.001"/>
  <testcase name="testParser(String)[634]" classname="ex.PublicTests$FlightParserTest" time="0.004"/>
  <testcase name="testParser(String)[635]" classname="ex.PublicTests$FlightParserTest" time="0.003"/>
  <testcase name="testParser(String)[636]" classname="ex.PublicTests$FlightParserTest" time="0.002"/>
  <testcase name="testParser(String)[637]" classname="ex.PublicTests$FlightParserTest" time="0.001"/>
  <testcase name="testParser(String)[638]" classname="ex.PublicTests$FlightParserTest" time="0.001"/>
  <testcase name="testParser(String)[639]" classname="ex.PublicTests$FlightParserTest" time="0.0"/>
  <testcase name="testParser(String)[640]" classname="ex.PublicTests$FlightParserTest" time="0.0"/>
  <testcase name="testParser(String)[641]" classname="ex.PublicTests$FlightParserTest" time="0.001"/>
  <testcase name="testParser(String)[642]" classname="ex.PublicTests$FlightParserTest" time="0.0"/>
  <testcase name="testParser(String)[643]" classname="ex.PublicTests$FlightParserTest" time="0.001"/>
  <testcase name="testParser(String)[644]" classname="ex.PublicTests$FlightParserTest" time="0.001"/>
  <testcase name="testParser(String)[645]" classname="ex.PublicTests$FlightParserTest" time="0.001"/>
  <testcase name="testParser(String)[646]" classname="ex.PublicTests$FlightParserTest" time="0.001"/>
  <testcase name="testParser(String)[647]" classname="ex.PublicTests$FlightParserTest" time="0.002"/>
  <testcase name="testParser(String)[648]" classname="ex.PublicTests$FlightParserTest" time="0.0"/>
  <testcase name="testParser(String)[649]" classname="ex.PublicTests$FlightParserTest" time="0.001"/>
  <testcase name="testParser(String)[650]" classname="ex.PublicTests$FlightParserTest" time="0.001"/>
  <testcase name="testParser(String)[651]" classname="ex.PublicTests$FlightParserTest" time="0.0"/>
  <testcase name="testParser(String)[652]" classname="ex.PublicTests$FlightParserTest" time="0.002"/>
  <testcase name="testParser(String)[653]" classname="ex.PublicTests$FlightParserTest" time="0.001"/>
  <testcase name="testParser(String)[654]" classname="ex.PublicTests$FlightParserTest" time="0.0"/>
  <testcase name="testParser(String)[655]" classname="ex.PublicTests$FlightParserTest" time="0.001"/>
  <testcase name="testParser(String)[656]" classname="ex.PublicTests$FlightParserTest" time="0.0"/>
  <testcase name="testParser(String)[657]" classname="ex.PublicTests$FlightParserTest" time="0.0"/>
  <testcase name="testParser(String)[658]" classname="ex.PublicTests$FlightParserTest" time="0.001"/>
  <testcase name="testParser(String)[659]" classname="ex.PublicTests$FlightParserTest" time="0.0"/>
  <testcase name="testParser(String)[660]" classname="ex.PublicTests$FlightParserTest" time="0.0"/>
  <testcase name="testParser(String)[661]" classname="ex.PublicTests$FlightParserTest" time="0.0"/>
  <testcase name="testParser(String)[662]" classname="ex.PublicTests$FlightParserTest" time="0.001"/>
  <testcase name="testParser(String)[663]" classname="ex.PublicTests$FlightParserTest" time="0.0"/>
  <testcase name="testParser(String)[664]" classname="ex.PublicTests$FlightParserTest" time="0.001"/>
  <testcase name="testParser(String)[665]" classname="ex.PublicTests$FlightParserTest" time="0.0"/>
  <testcase name="testParser(String)[666]" classname="ex.PublicTests$FlightParserTest" time="0.0"/>
  <testcase name="testParser(String)[667]" classname="ex.PublicTests$FlightParserTest" time="0.0"/>
  <testcase name="testParser(String)[668]" classname="ex.PublicTests$FlightParserTest" time="0.001"/>
  <testcase name="testParser(String)[669]" classname="ex.PublicTests$FlightParserTest" time="0.0"/>
  <testcase name="testParser(String)[670]" classname="ex.PublicTests$FlightParserTest" time="0.0"/>
  <testcase name="testParser(String)[671]" classname="ex.PublicTests$FlightParserTest" time="0.001"/>
  <testcase name="testParser(String)[672]" classname="ex.PublicTests$FlightParserTest" time="0.0"/>
  <testcase name="testParser(String)[673]" classname="ex.PublicTests$FlightParserTest" time="0.0"/>
  <testcase name="testParser(String)[674]" classname="ex.PublicTests$FlightParserTest" time="0.0"/>
  <testcase name="testParser(String)[675]" classname="ex.PublicTests$FlightParserTest" time="0.0"/>
  <testcase name="testParser(String)[676]" classname="ex.PublicTests$FlightParserTest" time="0.001"/>
  <testcase name="testParser(String)[677]" classname="ex.PublicTests$FlightParserTest" time="0.001"/>
  <testcase name="testParser(String)[678]" classname="ex.PublicTests$FlightParserTest" time="0.0"/>
  <testcase name="testParser(String)[679]" classname="ex.PublicTests$FlightParserTest" time="0.0"/>
  <testcase name="testParser(String)[680]" classname="ex.PublicTests$FlightParserTest" time="0.001"/>
  <testcase name="testParser(String)[681]" classname="ex.PublicTests$FlightParserTest" time="0.0"/>
  <testcase name="testParser(String)[682]" classname="ex.PublicTests$FlightParserTest" time="0.001"/>
  <testcase name="testParser(String)[683]" classname="ex.PublicTests$FlightParserTest" time="0.0"/>
  <testcase name="testParser(String)[684]" classname="ex.PublicTests$FlightParserTest" time="0.0"/>
  <testcase name="testParser(String)[685]" classname="ex.PublicTests$FlightParserTest" time="0.0"/>
  <testcase name="testParser(String)[686]" classname="ex.PublicTests$FlightParserTest" time="0.0"/>
  <testcase name="testParser(String)[687]" classname="ex.PublicTests$FlightParserTest" time="0.001"/>
  <testcase name="testParser(String)[688]" classname="ex.PublicTests$FlightParserTest" time="0.031"/>
  <testcase name="testParser(String)[689]" classname="ex.PublicTests$FlightParserTest" time="0.001"/>
  <testcase name="testParser(String)[690]" classname="ex.PublicTests$FlightParserTest" time="0.0"/>
  <testcase name="testParser(String)[691]" classname="ex.PublicTests$FlightParserTest" time="0.0"/>
  <testcase name="testParser(String)[692]" classname="ex.PublicTests$FlightParserTest" time="0.0"/>
  <testcase name="testParser(String)[693]" classname="ex.PublicTests$FlightParserTest" time="0.001"/>
  <testcase name="testParser(String)[694]" classname="ex.PublicTests$FlightParserTest" time="0.0"/>
  <testcase name="testParser(String)[695]" classname="ex.PublicTests$FlightParserTest" time="0.0"/>
  <testcase name="testParser(String)[696]" classname="ex.PublicTests$FlightParserTest" time="0.001"/>
  <testcase name="testParser(String)[697]" classname="ex.PublicTests$FlightParserTest" time="0.0"/>
  <testcase name="testParser(String)[698]" classname="ex.PublicTests$FlightParserTest" time="0.0"/>
  <testcase name="testParser(String)[699]" classname="ex.PublicTests$FlightParserTest" time="0.0"/>
  <testcase name="testParser(String)[700]" classname="ex.PublicTests$FlightParserTest" time="0.0"/>
  <testcase name="testParser(String)[701]" classname="ex.PublicTests$FlightParserTest" time="0.001"/>
  <testcase name="testParser(String)[702]" classname="ex.PublicTests$FlightParserTest" time="0.0"/>
  <testcase name="testParser(String)[703]" classname="ex.PublicTests$FlightParserTest" time="0.0"/>
  <testcase name="testParser(String)[704]" classname="ex.PublicTests$FlightParserTest" time="0.0"/>
  <testcase name="testParser(String)[705]" classname="ex.PublicTests$FlightParserTest" time="0.0"/>
  <testcase name="testParser(String)[706]" classname="ex.PublicTests$FlightParserTest" time="0.001"/>
  <testcase name="testParser(String)[707]" classname="ex.PublicTests$FlightParserTest" time="0.0"/>
  <testcase name="testParser(String)[708]" classname="ex.PublicTests$FlightParserTest" time="0.0"/>
  <testcase name="testParser(String)[709]" classname="ex.PublicTests$FlightParserTest" time="0.0"/>
  <testcase name="testParser(String)[710]" classname="ex.PublicTests$FlightParserTest" time="0.0"/>
  <testcase name="testParser(String)[711]" classname="ex.PublicTests$FlightParserTest" time="0.001"/>
  <testcase name="testParser(String)[712]" classname="ex.PublicTests$FlightParserTest" time="0.001"/>
  <testcase name="testParser(String)[713]" classname="ex.PublicTests$FlightParserTest" time="0.0"/>
  <testcase name="testParser(String)[714]" classname="ex.PublicTests$FlightParserTest" time="0.0"/>
  <testcase name="testParser(String)[715]" classname="ex.PublicTests$FlightParserTest" time="0.001"/>
  <testcase name="testParser(String)[716]" classname="ex.PublicTests$FlightParserTest" time="0.0"/>
  <testcase name="testParser(String)[717]" classname="ex.PublicTests$FlightParserTest" time="0.0"/>
  <testcase name="testParser(String)[718]" classname="ex.PublicTests$FlightParserTest" time="0.001"/>
  <testcase name="testParser(String)[719]" classname="ex.PublicTests$FlightParserTest" time="0.0"/>
  <testcase name="testParser(String)[720]" classname="ex.PublicTests$FlightParserTest" time="0.0"/>
  <testcase name="testParser(String)[721]" classname="ex.PublicTests$FlightParserTest" time="0.001"/>
  <testcase name="testParser(String)[722]" classname="ex.PublicTests$FlightParserTest" time="0.001"/>
  <testcase name="testParser(String)[723]" classname="ex.PublicTests$FlightParserTest" time="0.001"/>
  <testcase name="testParser(String)[724]" classname="ex.PublicTests$FlightParserTest" time="0.0"/>
  <testcase name="testParser(String)[725]" classname="ex.PublicTests$FlightParserTest" time="0.0"/>
  <testcase name="testParser(String)[726]" classname="ex.PublicTests$FlightParserTest" time="0.001"/>
  <testcase name="testParser(String)[727]" classname="ex.PublicTests$FlightParserTest" time="0.0"/>
  <testcase name="testParser(String)[728]" classname="ex.PublicTests$FlightParserTest" time="0.0"/>
  <testcase name="testParser(String)[729]" classname="ex.PublicTests$FlightParserTest" time="0.001"/>
  <testcase name="testParser(String)[730]" classname="ex.PublicTests$FlightParserTest" time="0.0"/>
  <testcase name="testParser(String)[731]" classname="ex.PublicTests$FlightParserTest" time="0.0"/>
  <testcase name="testParser(String)[732]" classname="ex.PublicTests$FlightParserTest" time="0.001"/>
  <testcase name="testParser(String)[733]" classname="ex.PublicTests$FlightParserTest" time="0.0"/>
  <testcase name="testParser(String)[734]" classname="ex.PublicTests$FlightParserTest" time="0.0"/>
  <testcase name="testParser(String)[735]" classname="ex.PublicTests$FlightParserTest" time="0.0"/>
  <testcase name="testParser(String)[736]" classname="ex.PublicTests$FlightParserTest" time="0.001"/>
  <testcase name="testParser(String)[737]" classname="ex.PublicTests$FlightParserTest" time="0.0"/>
  <testcase name="testParser(String)[738]" classname="ex.PublicTests$FlightParserTest" time="0.0"/>
  <testcase name="testParser(String)[739]" classname="ex.PublicTests$FlightParserTest" time="0.001"/>
  <testcase name="testParser(String)[740]" classname="ex.PublicTests$FlightParserTest" time="0.0"/>
  <testcase name="testParser(String)[741]" classname="ex.PublicTests$FlightParserTest" time="0.001"/>
  <testcase name="testParser(String)[742]" classname="ex.PublicTests$FlightParserTest" time="0.0"/>
  <testcase name="testParser(String)[743]" classname="ex.PublicTests$FlightParserTest" time="0.0"/>
  <testcase name="testParser(String)[744]" classname="ex.PublicTests$FlightParserTest" time="0.001"/>
  <testcase name="testParser(String)[745]" classname="ex.PublicTests$FlightParserTest" time="0.0"/>
  <testcase name="testParser(String)[746]" classname="ex.PublicTests$FlightParserTest" time="0.0"/>
  <testcase name="testParser(String)[747]" classname="ex.PublicTests$FlightParserTest" time="0.0"/>
  <testcase name="testParser(String)[748]" classname="ex.PublicTests$FlightParserTest" time="0.0"/>
  <testcase name="testParser(String)[749]" classname="ex.PublicTests$FlightParserTest" time="0.001"/>
  <testcase name="testParser(String)[750]" classname="ex.PublicTests$FlightParserTest" time="0.0"/>
  <testcase name="testParser(String)[751]" classname="ex.PublicTests$FlightParserTest" time="0.001"/>
  <testcase name="testParser(String)[752]" classname="ex.PublicTests$FlightParserTest" time="0.0"/>
  <testcase name="testParser(String)[753]" classname="ex.PublicTests$FlightParserTest" time="0.0"/>
  <testcase name="testParser(String)[754]" classname="ex.PublicTests$FlightParserTest" time="0.0"/>
  <testcase name="testParser(String)[755]" classname="ex.PublicTests$FlightParserTest" time="0.0"/>
  <testcase name="testParser(String)[756]" classname="ex.PublicTests$FlightParserTest" time="0.0"/>
  <testcase name="testParser(String)[757]" classname="ex.PublicTests$FlightParserTest" time="0.003"/>
  <testcase name="testParser(String)[758]" classname="ex.PublicTests$FlightParserTest" time="0.001"/>
  <testcase name="testParser(String)[759]" classname="ex.PublicTests$FlightParserTest" time="0.003"/>
  <testcase name="testParser(String)[760]" classname="ex.PublicTests$FlightParserTest" time="0.0"/>
  <testcase name="testParser(String)[761]" classname="ex.PublicTests$FlightParserTest" time="0.001"/>
  <testcase name="testParser(String)[762]" classname="ex.PublicTests$FlightParserTest" time="0.003"/>
  <testcase name="testParser(String)[763]" classname="ex.PublicTests$FlightParserTest" time="0.001"/>
  <testcase name="testParser(String)[764]" classname="ex.PublicTests$FlightParserTest" time="0.0"/>
  <testcase name="testParser(String)[765]" classname="ex.PublicTests$FlightParserTest" time="0.0"/>
  <testcase name="testParser(String)[766]" classname="ex.PublicTests$FlightParserTest" time="0.004"/>
  <testcase name="testParser(String)[767]" classname="ex.PublicTests$FlightParserTest" time="0.0"/>
  <testcase name="testParser(String)[768]" classname="ex.PublicTests$FlightParserTest" time="0.007"/>
  <testcase name="testParser(String)[769]" classname="ex.PublicTests$FlightParserTest" time="0.004"/>
  <testcase name="testParser(String)[770]" classname="ex.PublicTests$FlightParserTest" time="0.0"/>
  <testcase name="testParser(String)[771]" classname="ex.PublicTests$FlightParserTest" time="0.0"/>
  <testcase name="testParser(String)[772]" classname="ex.PublicTests$FlightParserTest" time="0.002"/>
  <testcase name="testParser(String)[773]" classname="ex.PublicTests$FlightParserTest" time="0.003"/>
  <testcase name="testParser(String)[774]" classname="ex.PublicTests$FlightParserTest" time="0.0"/>
  <testcase name="testParser(String)[775]" classname="ex.PublicTests$FlightParserTest" time="0.0"/>
  <testcase name="testParser(String)[776]" classname="ex.PublicTests$FlightParserTest" time="0.0"/>
  <testcase name="testParser(String)[777]" classname="ex.PublicTests$FlightParserTest" time="0.0"/>
  <testcase name="testParser(String)[778]" classname="ex.PublicTests$FlightParserTest" time="0.0"/>
  <testcase name="testParser(String)[779]" classname="ex.PublicTests$FlightParserTest" time="0.0"/>
  <testcase name="testParser(String)[780]" classname="ex.PublicTests$FlightParserTest" time="0.0"/>
  <testcase name="testParser(String)[781]" classname="ex.PublicTests$FlightParserTest" time="0.0"/>
  <testcase name="testParser(String)[782]" classname="ex.PublicTests$FlightParserTest" time="0.0"/>
  <testcase name="testParser(String)[783]" classname="ex.PublicTests$FlightParserTest" time="0.0"/>
  <testcase name="testParser(String)[784]" classname="ex.PublicTests$FlightParserTest" time="0.0"/>
  <testcase name="testParser(String)[785]" classname="ex.PublicTests$FlightParserTest" time="0.0"/>
  <testcase name="testParser(String)[786]" classname="ex.PublicTests$FlightParserTest" time="0.0"/>
  <testcase name="testParser(String)[787]" classname="ex.PublicTests$FlightParserTest" time="0.0"/>
  <testcase name="testParser(String)[788]" classname="ex.PublicTests$FlightParserTest" time="0.001"/>
  <testcase name="testParser(String)[789]" classname="ex.PublicTests$FlightParserTest" time="0.0"/>
  <testcase name="testParser(String)[790]" classname="ex.PublicTests$FlightParserTest" time="0.0"/>
  <testcase name="testParser(String)[791]" classname="ex.PublicTests$FlightParserTest" time="0.0"/>
  <testcase name="testParser(String)[792]" classname="ex.PublicTests$FlightParserTest" time="0.0"/>
  <testcase name="testParser(String)[793]" classname="ex.PublicTests$FlightParserTest" time="0.0"/>
  <testcase name="testParser(String)[794]" classname="ex.PublicTests$FlightParserTest" time="0.001"/>
  <testcase name="testParser(String)[795]" classname="ex.PublicTests$FlightParserTest" time="0.0"/>
  <testcase name="testParser(String)[796]" classname="ex.PublicTests$FlightParserTest" time="0.0"/>
  <testcase name="testParser(String)[797]" classname="ex.PublicTests$FlightParserTest" time="0.0"/>
  <testcase name="testParser(String)[798]" classname="ex.PublicTests$FlightParserTest" time="0.0"/>
  <testcase name="testParser(String)[799]" classname="ex.PublicTests$FlightParserTest" time="0.0"/>
  <testcase name="testParser(String)[800]" classname="ex.PublicTests$FlightParserTest" time="0.0"/>
  <testcase name="testParser(String)[801]" classname="ex.PublicTests$FlightParserTest" time="0.0"/>
  <testcase name="testParser(String)[802]" classname="ex.PublicTests$FlightParserTest" time="0.0"/>
  <testcase name="testParser(String)[803]" classname="ex.PublicTests$FlightParserTest" time="0.0"/>
  <testcase name="testParser(String)[804]" classname="ex.PublicTests$FlightParserTest" time="0.0"/>
  <testcase name="testParser(String)[805]" classname="ex.PublicTests$FlightParserTest" time="0.0"/>
  <testcase name="testParser(String)[806]" classname="ex.PublicTests$FlightParserTest" time="0.0"/>
  <testcase name="testParser(String)[807]" classname="ex.PublicTests$FlightParserTest" time="0.0"/>
  <testcase name="testParser(String)[808]" classname="ex.PublicTests$FlightParserTest" time="0.0"/>
  <testcase name="testParser(String)[809]" classname="ex.PublicTests$FlightParserTest" time="0.0"/>
  <testcase name="testParser(String)[810]" classname="ex.PublicTests$FlightParserTest" time="0.0"/>
  <testcase name="testParser(String)[811]" classname="ex.PublicTests$FlightParserTest" time="0.0"/>
  <testcase name="testParser(String)[812]" classname="ex.PublicTests$FlightParserTest" time="0.001"/>
  <testcase name="testParser(String)[813]" classname="ex.PublicTests$FlightParserTest" time="0.0"/>
  <testcase name="testParser(String)[814]" classname="ex.PublicTests$FlightParserTest" time="0.0"/>
  <testcase name="testParser(String)[815]" classname="ex.PublicTests$FlightParserTest" time="0.0"/>
  <testcase name="testParser(String)[816]" classname="ex.PublicTests$FlightParserTest" time="0.0"/>
  <testcase name="testParser(String)[817]" classname="ex.PublicTests$FlightParserTest" time="0.0"/>
  <testcase name="testParser(String)[818]" classname="ex.PublicTests$FlightParserTest" time="0.0"/>
  <testcase name="testParser(String)[819]" classname="ex.PublicTests$FlightParserTest" time="0.001"/>
  <testcase name="testParser(String)[820]" classname="ex.PublicTests$FlightParserTest" time="0.0"/>
  <testcase name="testParser(String)[821]" classname="ex.PublicTests$FlightParserTest" time="0.0"/>
  <testcase name="testParser(String)[822]" classname="ex.PublicTests$FlightParserTest" time="0.0"/>
  <testcase name="testParser(String)[823]" classname="ex.PublicTests$FlightParserTest" time="0.0"/>
  <testcase name="testParser(String)[824]" classname="ex.PublicTests$FlightParserTest" time="0.001"/>
  <testcase name="testParser(String)[825]" classname="ex.PublicTests$FlightParserTest" time="0.0"/>
  <testcase name="testParser(String)[826]" classname="ex.PublicTests$FlightParserTest" time="0.001"/>
  <testcase name="testParser(String)[827]" classname="ex.PublicTests$FlightParserTest" time="0.0"/>
  <testcase name="testParser(String)[828]" classname="ex.PublicTests$FlightParserTest" time="0.0"/>
  <testcase name="testParser(String)[829]" classname="ex.PublicTests$FlightParserTest" time="0.0"/>
  <testcase name="testParser(String)[830]" classname="ex.PublicTests$FlightParserTest" time="0.0"/>
  <testcase name="testParser(String)[831]" classname="ex.PublicTests$FlightParserTest" time="0.0"/>
  <testcase name="testParser(String)[832]" classname="ex.PublicTests$FlightParserTest" time="0.0"/>
  <testcase name="testParser(String)[833]" classname="ex.PublicTests$FlightParserTest" time="0.0"/>
  <testcase name="testParser(String)[834]" classname="ex.PublicTests$FlightParserTest" time="0.0"/>
  <testcase name="testParser(String)[835]" classname="ex.PublicTests$FlightParserTest" time="0.001"/>
  <testcase name="testParser(String)[836]" classname="ex.PublicTests$FlightParserTest" time="0.0"/>
  <testcase name="testParser(String)[837]" classname="ex.PublicTests$FlightParserTest" time="0.0"/>
  <testcase name="testParser(String)[838]" classname="ex.PublicTests$FlightParserTest" time="0.0"/>
  <testcase name="testParser(String)[839]" classname="ex.PublicTests$FlightParserTest" time="0.0"/>
  <testcase name="testParser(String)[840]" classname="ex.PublicTests$FlightParserTest" time="0.0"/>
  <testcase name="testParser(String)[841]" classname="ex.PublicTests$FlightParserTest" time="0.0"/>
  <testcase name="testParser(String)[842]" classname="ex.PublicTests$FlightParserTest" time="0.001"/>
  <testcase name="testParser(String)[843]" classname="ex.PublicTests$FlightParserTest" time="0.0"/>
  <testcase name="testParser(String)[844]" classname="ex.PublicTests$FlightParserTest" time="0.0"/>
  <testcase name="testParser(String)[845]" classname="ex.PublicTests$FlightParserTest" time="0.0"/>
  <testcase name="testParser(String)[846]" classname="ex.PublicTests$FlightParserTest" time="0.0"/>
  <testcase name="testParser(String)[847]" classname="ex.PublicTests$FlightParserTest" time="0.001"/>
  <testcase name="testParser(String)[848]" classname="ex.PublicTests$FlightParserTest" time="0.0"/>
  <testcase name="testParser(String)[849]" classname="ex.PublicTests$FlightParserTest" time="0.001"/>
  <testcase name="testParser(String)[850]" classname="ex.PublicTests$FlightParserTest" time="0.0"/>
  <testcase name="testParser(String)[851]" classname="ex.PublicTests$FlightParserTest" time="0.0"/>
  <testcase name="testParser(String)[852]" classname="ex.PublicTests$FlightParserTest" time="0.0"/>
  <testcase name="testParser(String)[853]" classname="ex.PublicTests$FlightParserTest" time="0.0"/>
  <testcase name="testParser(String)[854]" classname="ex.PublicTests$FlightParserTest" time="0.0"/>
  <testcase name="testParser(String)[855]" classname="ex.PublicTests$FlightParserTest" time="0.0"/>
  <testcase name="testParser(String)[856]" classname="ex.PublicTests$FlightParserTest" time="0.001"/>
  <testcase name="testParser(String)[857]" classname="ex.PublicTests$FlightParserTest" time="0.0"/>
  <testcase name="testParser(String)[858]" classname="ex.PublicTests$FlightParserTest" time="0.0"/>
  <testcase name="testParser(String)[859]" classname="ex.PublicTests$FlightParserTest" time="0.0"/>
  <testcase name="testParser(String)[860]" classname="ex.PublicTests$FlightParserTest" time="0.0"/>
  <testcase name="testParser(String)[861]" classname="ex.PublicTests$FlightParserTest" time="0.0"/>
  <testcase name="testParser(String)[862]" classname="ex.PublicTests$FlightParserTest" time="0.0"/>
  <testcase name="testParser(String)[863]" classname="ex.PublicTests$FlightParserTest" time="0.0"/>
  <testcase name="testParser(String)[864]" classname="ex.PublicTests$FlightParserTest" time="0.001"/>
  <testcase name="testParser(String)[865]" classname="ex.PublicTests$FlightParserTest" time="0.0"/>
  <testcase name="testParser(String)[866]" classname="ex.PublicTests$FlightParserTest" time="0.0"/>
  <testcase name="testParser(String)[867]" classname="ex.PublicTests$FlightParserTest" time="0.0"/>
  <testcase name="testParser(String)[868]" classname="ex.PublicTests$FlightParserTest" time="0.0"/>
  <testcase name="testParser(String)[869]" classname="ex.PublicTests$FlightParserTest" time="0.001"/>
  <testcase name="testParser(String)[870]" classname="ex.PublicTests$FlightParserTest" time="0.0"/>
  <testcase name="testParser(String)[871]" classname="ex.PublicTests$FlightParserTest" time="0.0"/>
  <testcase name="testParser(String)[872]" classname="ex.PublicTests$FlightParserTest" time="0.0"/>
  <testcase name="testParser(String)[873]" classname="ex.PublicTests$FlightParserTest" time="0.0"/>
  <testcase name="testParser(String)[874]" classname="ex.PublicTests$FlightParserTest" time="0.001"/>
  <testcase name="testParser(String)[875]" classname="ex.PublicTests$FlightParserTest" time="0.0"/>
  <testcase name="testParser(String)[876]" classname="ex.PublicTests$FlightParserTest" time="0.0"/>
  <testcase name="testParser(String)[877]" classname="ex.PublicTests$FlightParserTest" time="0.0"/>
  <testcase name="testParser(String)[878]" classname="ex.PublicTests$FlightParserTest" time="0.0"/>
  <testcase name="testParser(String)[879]" classname="ex.PublicTests$FlightParserTest" time="0.001"/>
  <testcase name="testParser(String)[880]" classname="ex.PublicTests$FlightParserTest" time="0.0"/>
  <testcase name="testParser(String)[881]" classname="ex.PublicTests$FlightParserTest" time="0.0"/>
  <testcase name="testParser(String)[882]" classname="ex.PublicTests$FlightParserTest" time="0.0"/>
  <testcase name="testParser(String)[883]" classname="ex.PublicTests$FlightParserTest" time="0.0"/>
  <testcase name="testParser(String)[884]" classname="ex.PublicTests$FlightParserTest" time="0.002"/>
  <testcase name="testParser(String)[885]" classname="ex.PublicTests$FlightParserTest" time="0.0"/>
  <testcase name="testParser(String)[886]" classname="ex.PublicTests$FlightParserTest" time="0.0"/>
  <testcase name="testParser(String)[887]" classname="ex.PublicTests$FlightParserTest" time="0.0"/>
  <testcase name="testParser(String)[888]" classname="ex.PublicTests$FlightParserTest" time="0.001"/>
  <testcase name="testParser(String)[889]" classname="ex.PublicTests$FlightParserTest" time="0.001"/>
  <testcase name="testParser(String)[890]" classname="ex.PublicTests$FlightParserTest" time="0.0"/>
  <testcase name="testParser(String)[891]" classname="ex.PublicTests$FlightParserTest" time="0.001"/>
  <testcase name="testParser(String)[892]" classname="ex.PublicTests$FlightParserTest" time="0.0"/>
  <testcase name="testParser(String)[893]" classname="ex.PublicTests$FlightParserTest" time="0.001"/>
  <testcase name="testParser(String)[894]" classname="ex.PublicTests$FlightParserTest" time="0.0"/>
  <testcase name="testParser(String)[895]" classname="ex.PublicTests$FlightParserTest" time="0.001"/>
  <testcase name="testParser(String)[896]" classname="ex.PublicTests$FlightParserTest" time="0.0"/>
  <testcase name="testParser(String)[897]" classname="ex.PublicTests$FlightParserTest" time="0.0"/>
  <testcase name="testParser(String)[898]" classname="ex.PublicTests$FlightParserTest" time="0.006"/>
  <testcase name="testParser(String)[899]" classname="ex.PublicTests$FlightParserTest" time="0.001"/>
  <testcase name="testParser(String)[900]" classname="ex.PublicTests$FlightParserTest" time="0.0"/>
  <testcase name="testParser(String)[901]" classname="ex.PublicTests$FlightParserTest" time="0.0"/>
  <testcase name="testParser(String)[902]" classname="ex.PublicTests$FlightParserTest" time="0.0"/>
  <testcase name="testParser(String)[903]" classname="ex.PublicTests$FlightParserTest" time="0.0"/>
  <testcase name="testParser(String)[904]" classname="ex.PublicTests$FlightParserTest" time="0.0"/>
  <testcase name="testParser(String)[905]" classname="ex.PublicTests$FlightParserTest" time="0.0"/>
  <testcase name="testParser(String)[906]" classname="ex.PublicTests$FlightParserTest" time="0.001"/>
  <testcase name="testParser(String)[907]" classname="ex.PublicTests$FlightParserTest" time="0.0"/>
  <testcase name="testParser(String)[908]" classname="ex.PublicTests$FlightParserTest" time="0.0"/>
  <testcase name="testParser(String)[909]" classname="ex.PublicTests$FlightParserTest" time="0.0"/>
  <testcase name="testParser(String)[910]" classname="ex.PublicTests$FlightParserTest" time="0.0"/>
  <testcase name="testParser(String)[911]" classname="ex.PublicTests$FlightParserTest" time="0.001"/>
  <testcase name="testParser(String)[912]" classname="ex.PublicTests$FlightParserTest" time="0.0"/>
  <testcase name="testParser(String)[913]" classname="ex.PublicTests$FlightParserTest" time="0.0"/>
  <testcase name="testParser(String)[914]" classname="ex.PublicTests$FlightParserTest" time="0.0"/>
  <testcase name="testParser(String)[915]" classname="ex.PublicTests$FlightParserTest" time="0.001"/>
  <testcase name="testParser(String)[916]" classname="ex.PublicTests$FlightParserTest" time="0.0"/>
  <testcase name="testParser(String)[917]" classname="ex.PublicTests$FlightParserTest" time="0.0"/>
  <testcase name="testParser(String)[918]" classname="ex.PublicTests$FlightParserTest" time="0.0"/>
  <testcase name="testParser(String)[919]" classname="ex.PublicTests$FlightParserTest" time="0.001"/>
  <testcase name="testParser(String)[920]" classname="ex.PublicTests$FlightParserTest" time="0.0"/>
  <testcase name="testParser(String)[921]" classname="ex.PublicTests$FlightParserTest" time="0.001"/>
  <testcase name="testParser(String)[922]" classname="ex.PublicTests$FlightParserTest" time="0.0"/>
  <testcase name="testParser(String)[923]" classname="ex.PublicTests$FlightParserTest" time="0.0"/>
  <testcase name="testParser(String)[924]" classname="ex.PublicTests$FlightParserTest" time="0.0"/>
  <testcase name="testParser(String)[925]" classname="ex.PublicTests$FlightParserTest" time="0.0"/>
  <testcase name="testParser(String)[926]" classname="ex.PublicTests$FlightParserTest" time="0.001"/>
  <testcase name="testParser(String)[927]" classname="ex.PublicTests$FlightParserTest" time="0.0"/>
  <testcase name="testParser(String)[928]" classname="ex.PublicTests$FlightParserTest" time="0.0"/>
  <testcase name="testParser(String)[929]" classname="ex.PublicTests$FlightParserTest" time="0.0"/>
  <testcase name="testParser(String)[930]" classname="ex.PublicTests$FlightParserTest" time="0.0"/>
  <testcase name="testParser(String)[931]" classname="ex.PublicTests$FlightParserTest" time="0.001"/>
  <testcase name="testParser(String)[932]" classname="ex.PublicTests$FlightParserTest" time="0.0"/>
  <testcase name="testParser(String)[933]" classname="ex.PublicTests$FlightParserTest" time="0.001"/>
  <testcase name="testParser(String)[934]" classname="ex.PublicTests$FlightParserTest" time="0.0"/>
  <testcase name="testParser(String)[935]" classname="ex.PublicTests$FlightParserTest" time="0.0"/>
  <testcase name="testParser(String)[936]" classname="ex.PublicTests$FlightParserTest" time="0.0"/>
  <testcase name="testParser(String)[937]" classname="ex.PublicTests$FlightParserTest" time="0.0"/>
  <testcase name="testParser(String)[938]" classname="ex.PublicTests$FlightParserTest" time="0.0"/>
  <testcase name="testParser(String)[939]" classname="ex.PublicTests$FlightParserTest" time="0.001"/>
  <testcase name="testParser(String)[940]" classname="ex.PublicTests$FlightParserTest" time="0.0"/>
  <testcase name="testParser(String)[941]" classname="ex.PublicTests$FlightParserTest" time="0.001"/>
  <testcase name="testParser(String)[942]" classname="ex.PublicTests$FlightParserTest" time="0.0"/>
  <testcase name="testParser(String)[943]" classname="ex.PublicTests$FlightParserTest" time="0.0"/>
  <testcase name="testParser(String)[944]" classname="ex.PublicTests$FlightParserTest" time="0.0"/>
  <testcase name="testParser(String)[945]" classname="ex.PublicTests$FlightParserTest" time="0.0"/>
  <testcase name="testParser(String)[946]" classname="ex.PublicTests$FlightParserTest" time="0.0"/>
  <testcase name="testParser(String)[947]" classname="ex.PublicTests$FlightParserTest" time="0.0"/>
  <testcase name="testParser(String)[948]" classname="ex.PublicTests$FlightParserTest" time="0.0"/>
  <testcase name="testParser(String)[949]" classname="ex.PublicTests$FlightParserTest" time="0.001"/>
  <testcase name="testParser(String)[950]" classname="ex.PublicTests$FlightParserTest" time="0.0"/>
  <testcase name="testParser(String)[951]" classname="ex.PublicTests$FlightParserTest" time="0.0"/>
  <testcase name="testParser(String)[952]" classname="ex.PublicTests$FlightParserTest" time="0.0"/>
  <testcase name="testParser(String)[953]" classname="ex.PublicTests$FlightParserTest" time="0.0"/>
  <testcase name="testParser(String)[954]" classname="ex.PublicTests$FlightParserTest" time="0.0"/>
  <testcase name="testParser(String)[955]" classname="ex.PublicTests$FlightParserTest" time="0.0"/>
  <testcase name="testParser(String)[956]" classname="ex.PublicTests$FlightParserTest" time="0.0"/>
  <testcase name="testParser(String)[957]" classname="ex.PublicTests$FlightParserTest" time="0.0"/>
  <testcase name="testParser(String)[958]" classname="ex.PublicTests$FlightParserTest" time="0.0"/>
  <testcase name="testParser(String)[959]" classname="ex.PublicTests$FlightParserTest" time="0.0"/>
  <testcase name="testParser(String)[960]" classname="ex.PublicTests$FlightParserTest" time="0.0"/>
  <testcase name="testParser(String)[961]" classname="ex.PublicTests$FlightParserTest" time="0.0"/>
  <testcase name="testParser(String)[962]" classname="ex.PublicTests$FlightParserTest" time="0.001"/>
  <testcase name="testParser(String)[963]" classname="ex.PublicTests$FlightParserTest" time="0.0"/>
  <testcase name="testParser(String)[964]" classname="ex.PublicTests$FlightParserTest" time="0.0"/>
  <testcase name="testParser(String)[965]" classname="ex.PublicTests$FlightParserTest" time="0.0"/>
  <testcase name="testParser(String)[966]" classname="ex.PublicTests$FlightParserTest" time="0.0"/>
  <testcase name="testParser(String)[967]" classname="ex.PublicTests$FlightParserTest" time="0.0"/>
  <testcase name="testParser(String)[968]" classname="ex.PublicTests$FlightParserTest" time="0.0"/>
  <testcase name="testParser(String)[969]" classname="ex.PublicTests$FlightParserTest" time="0.0"/>
  <testcase name="testParser(String)[970]" classname="ex.PublicTests$FlightParserTest" time="0.001"/>
  <testcase name="testParser(String)[971]" classname="ex.PublicTests$FlightParserTest" time="0.0"/>
  <testcase name="testParser(String)[972]" classname="ex.PublicTests$FlightParserTest" time="0.0"/>
  <testcase name="testParser(String)[973]" classname="ex.PublicTests$FlightParserTest" time="0.0"/>
  <testcase name="testParser(String)[974]" classname="ex.PublicTests$FlightParserTest" time="0.0"/>
  <testcase name="testParser(String)[975]" classname="ex.PublicTests$FlightParserTest" time="0.0"/>
  <testcase name="testParser(String)[976]" classname="ex.PublicTests$FlightParserTest" time="0.0"/>
  <testcase name="testParser(String)[977]" classname="ex.PublicTests$FlightParserTest" time="0.0"/>
  <testcase name="testParser(String)[978]" classname="ex.PublicTests$FlightParserTest" time="0.0"/>
  <testcase name="testParser(String)[979]" classname="ex.PublicTests$FlightParserTest" time="0.0"/>
  <testcase name="testParser(String)[980]" classname="ex.PublicTests$FlightParserTest" time="0.0"/>
  <testcase name="testParser(String)[981]" classname="ex.PublicTests$FlightParserTest" time="0.0"/>
  <testcase name="testParser(String)[982]" classname="ex.PublicTests$FlightParserTest" time="0.0"/>
  <testcase name="testParser(String)[983]" classname="ex.PublicTests$FlightParserTest" time="0.0"/>
  <testcase name="testParser(String)[984]" classname="ex.PublicTests$FlightParserTest" time="0.0"/>
  <testcase name="testParser(String)[985]" classname="ex.PublicTests$FlightParserTest" time="0.0"/>
  <testcase name="testParser(String)[986]" classname="ex.PublicTests$FlightParserTest" time="0.0"/>
  <testcase name="testParser(String)[987]" classname="ex.PublicTests$FlightParserTest" time="0.001"/>
  <testcase name="testParser(String)[988]" classname="ex.PublicTests$FlightParserTest" time="0.0"/>
  <testcase name="testParser(String)[989]" classname="ex.PublicTests$FlightParserTest" time="0.0"/>
  <testcase name="testParser(String)[990]" classname="ex.PublicTests$FlightParserTest" time="0.0"/>
  <testcase name="testParser(String)[991]" classname="ex.PublicTests$FlightParserTest" time="0.0"/>
  <testcase name="testParser(String)[992]" classname="ex.PublicTests$FlightParserTest" time="0.0"/>
  <testcase name="testParser(String)[993]" classname="ex.PublicTests$FlightParserTest" time="0.0"/>
  <testcase name="testParser(String)[994]" classname="ex.PublicTests$FlightParserTest" time="0.0"/>
  <testcase name="testParser(String)[995]" classname="ex.PublicTests$FlightParserTest" time="0.001"/>
  <testcase name="testParser(String)[996]" classname="ex.PublicTests$FlightParserTest" time="0.0"/>
  <testcase name="testParser(String)[997]" classname="ex.PublicTests$FlightParserTest" time="0.0"/>
  <testcase name="testParser(String)[998]" classname="ex.PublicTests$FlightParserTest" time="0.001"/>
  <testcase name="testParser(String)[999]" classname="ex.PublicTests$FlightParserTest" time="0.0"/>
  <testcase name="testParser(String)[1000]" classname="ex.PublicTests$FlightParserTest" time="0.0"/>
  <testcase name="testParser(String)[1001]" classname="ex.PublicTests$FlightParserTest" time="0.0"/>
  <testcase name="testParser(String)[1002]" classname="ex.PublicTests$FlightParserTest" time="0.0"/>
  <testcase name="testParser(String)[1003]" classname="ex.PublicTests$FlightParserTest" time="0.001"/>
  <testcase name="testParser(String)[1004]" classname="ex.PublicTests$FlightParserTest" time="0.0"/>
  <testcase name="testParser(String)[1005]" classname="ex.PublicTests$FlightParserTest" time="0.0"/>
  <testcase name="testParser(String)[1006]" classname="ex.PublicTests$FlightParserTest" time="0.0"/>
  <testcase name="testParser(String)[1007]" classname="ex.PublicTests$FlightParserTest" time="0.0"/>
  <testcase name="testParser(String)[1008]" classname="ex.PublicTests$FlightParserTest" time="0.0"/>
  <testcase name="testParser(String)[1009]" classname="ex.PublicTests$FlightParserTest" time="0.0"/>
  <testcase name="testParser(String)[1010]" classname="ex.PublicTests$FlightParserTest" time="0.001"/>
  <testcase name="testParser(String)[1011]" classname="ex.PublicTests$FlightParserTest" time="0.0"/>
  <testcase name="testParser(String)[1012]" classname="ex.PublicTests$FlightParserTest" time="0.0"/>
  <testcase name="testParser(String)[1013]" classname="ex.PublicTests$FlightParserTest" time="0.0"/>
  <testcase name="testParser(String)[1014]" classname="ex.PublicTests$FlightParserTest" time="0.0"/>
  <testcase name="testParser(String)[1015]" classname="ex.PublicTests$FlightParserTest" time="0.0"/>
  <testcase name="testParser(String)[1016]" classname="ex.PublicTests$FlightParserTest" time="0.0"/>
  <testcase name="testParser(String)[1017]" classname="ex.PublicTests$FlightParserTest" time="0.0"/>
  <testcase name="testParser(String)[1018]" classname="ex.PublicTests$FlightParserTest" time="0.0"/>
  <testcase name="testParser(String)[1019]" classname="ex.PublicTests$FlightParserTest" time="0.001"/>
  <testcase name="testParser(String)[1020]" classname="ex.PublicTests$FlightParserTest" time="0.0"/>
  <testcase name="testParser(String)[1021]" classname="ex.PublicTests$FlightParserTest" time="0.0"/>
  <testcase name="testParser(String)[1022]" classname="ex.PublicTests$FlightParserTest" time="0.0"/>
  <testcase name="testParser(String)[1023]" classname="ex.PublicTests$FlightParserTest" time="0.001"/>
  <testcase name="testParser(String)[1024]" classname="ex.PublicTests$FlightParserTest" time="0.001"/>
  <testcase name="testParser(String)[1025]" classname="ex.PublicTests$FlightParserTest" time="0.0"/>
  <testcase name="testParser(String)[1026]" classname="ex.PublicTests$FlightParserTest" time="0.0"/>
  <testcase name="testParser(String)[1027]" classname="ex.PublicTests$FlightParserTest" time="0.0"/>
  <testcase name="testParser(String)[1028]" classname="ex.PublicTests$FlightParserTest" time="0.0"/>
  <testcase name="testParser(String)[1029]" classname="ex.PublicTests$FlightParserTest" time="0.0"/>
  <testcase name="testParser(String)[1030]" classname="ex.PublicTests$FlightParserTest" time="0.0"/>
  <testcase name="testParser(String)[1031]" classname="ex.PublicTests$FlightParserTest" time="0.0"/>
  <testcase name="testParser(String)[1032]" classname="ex.PublicTests$FlightParserTest" time="0.0"/>
  <testcase name="testParser(String)[1033]" classname="ex.PublicTests$FlightParserTest" time="0.0"/>
  <testcase name="testParser(String)[1034]" classname="ex.PublicTests$FlightParserTest" time="0.001"/>
  <testcase name="testParser(String)[1035]" classname="ex.PublicTests$FlightParserTest" time="0.0"/>
  <testcase name="testParser(String)[1036]" classname="ex.PublicTests$FlightParserTest" time="0.0"/>
  <testcase name="testParser(String)[1037]" classname="ex.PublicTests$FlightParserTest" time="0.0"/>
  <testcase name="testParser(String)[1038]" classname="ex.PublicTests$FlightParserTest" time="0.001"/>
  <testcase name="testParser(String)[1039]" classname="ex.PublicTests$FlightParserTest" time="0.0"/>
  <testcase name="testParser(String)[1040]" classname="ex.PublicTests$FlightParserTest" time="0.0"/>
  <testcase name="testParser(String)[1041]" classname="ex.PublicTests$FlightParserTest" time="0.0"/>
  <testcase name="testParser(String)[1042]" classname="ex.PublicTests$FlightParserTest" time="0.0"/>
  <testcase name="testParser(String)[1043]" classname="ex.PublicTests$FlightParserTest" time="0.001"/>
  <testcase name="testParser(String)[1044]" classname="ex.PublicTests$FlightParserTest" time="0.0"/>
  <testcase name="testParser(String)[1045]" classname="ex.PublicTests$FlightParserTest" time="0.0"/>
  <testcase name="testParser(String)[1046]" classname="ex.PublicTests$FlightParserTest" time="0.0"/>
  <testcase name="testParser(String)[1047]" classname="ex.PublicTests$FlightParserTest" time="0.0"/>
  <testcase name="testParser(String)[1048]" classname="ex.PublicTests$FlightParserTest" time="0.0"/>
  <testcase name="testParser(String)[1049]" classname="ex.PublicTests$FlightParserTest" time="0.0"/>
  <testcase name="testParser(String)[1050]" classname="ex.PublicTests$FlightParserTest" time="0.0"/>
  <testcase name="testParser(String)[1051]" classname="ex.PublicTests$FlightParserTest" time="0.0"/>
  <testcase name="testParser(String)[1052]" classname="ex.PublicTests$FlightParserTest" time="0.0"/>
  <testcase name="testParser(String)[1053]" classname="ex.PublicTests$FlightParserTest" time="0.0"/>
  <testcase name="testParser(String)[1054]" classname="ex.PublicTests$FlightParserTest" time="0.001"/>
  <testcase name="testParser(String)[1055]" classname="ex.PublicTests$FlightParserTest" time="0.0"/>
  <testcase name="testParser(String)[1056]" classname="ex.PublicTests$FlightParserTest" time="0.001"/>
  <testcase name="testParser(String)[1057]" classname="ex.PublicTests$FlightParserTest" time="0.0"/>
  <testcase name="testParser(String)[1058]" classname="ex.PublicTests$FlightParserTest" time="0.002"/>
  <testcase name="testParser(String)[1059]" classname="ex.PublicTests$FlightParserTest" time="0.0"/>
  <testcase name="testParser(String)[1060]" classname="ex.PublicTests$FlightParserTest" time="0.007"/>
  <testcase name="testParser(String)[1061]" classname="ex.PublicTests$FlightParserTest" time="0.0"/>
  <testcase name="testParser(String)[1062]" classname="ex.PublicTests$FlightParserTest" time="0.001"/>
  <testcase name="testParser(String)[1063]" classname="ex.PublicTests$FlightParserTest" time="0.0"/>
  <testcase name="testParser(String)[1064]" classname="ex.PublicTests$FlightParserTest" time="0.0"/>
  <testcase name="testParser(String)[1065]" classname="ex.PublicTests$FlightParserTest" time="0.0"/>
  <testcase name="testParser(String)[1066]" classname="ex.PublicTests$FlightParserTest" time="0.0"/>
  <testcase name="testParser(String)[1067]" classname="ex.PublicTests$FlightParserTest" time="0.0"/>
  <testcase name="testParser(String)[1068]" classname="ex.PublicTests$FlightParserTest" time="0.0"/>
  <testcase name="testParser(String)[1069]" classname="ex.PublicTests$FlightParserTest" time="0.0"/>
  <testcase name="testParser(String)[1070]" classname="ex.PublicTests$FlightParserTest" time="0.0"/>
  <testcase name="testParser(String)[1071]" classname="ex.PublicTests$FlightParserTest" time="0.007"/>
  <testcase name="testParser(String)[1072]" classname="ex.PublicTests$FlightParserTest" time="0.0"/>
  <testcase name="testParser(String)[1073]" classname="ex.PublicTests$FlightParserTest" time="0.0"/>
  <testcase name="testParser(String)[1074]" classname="ex.PublicTests$FlightParserTest" time="0.0"/>
  <testcase name="testParser(String)[1075]" classname="ex.PublicTests$FlightParserTest" time="0.0"/>
  <testcase name="testParser(String)[1076]" classname="ex.PublicTests$FlightParserTest" time="0.0"/>
  <testcase name="testParser(String)[1077]" classname="ex.PublicTests$FlightParserTest" time="0.0"/>
  <testcase name="testParser(String)[1078]" classname="ex.PublicTests$FlightParserTest" time="0.0"/>
  <testcase name="testParser(String)[1079]" classname="ex.PublicTests$FlightParserTest" time="0.0"/>
  <testcase name="testParser(String)[1080]" classname="ex.PublicTests$FlightParserTest" time="0.023"/>
  <testcase name="testParser(String)[1081]" classname="ex.PublicTests$FlightParserTest" time="0.001"/>
  <testcase name="testParser(String)[1082]" classname="ex.PublicTests$FlightParserTest" time="0.001"/>
  <testcase name="testParser(String)[1083]" classname="ex.PublicTests$FlightParserTest" time="0.001"/>
  <testcase name="testParser(String)[1084]" classname="ex.PublicTests$FlightParserTest" time="0.0"/>
  <testcase name="testParser(String)[1085]" classname="ex.PublicTests$FlightParserTest" time="0.001"/>
  <testcase name="testParser(String)[1086]" classname="ex.PublicTests$FlightParserTest" time="0.0"/>
  <testcase name="testParser(String)[1087]" classname="ex.PublicTests$FlightParserTest" time="0.0"/>
  <testcase name="testParser(String)[1088]" classname="ex.PublicTests$FlightParserTest" time="0.001"/>
  <testcase name="testParser(String)[1089]" classname="ex.PublicTests$FlightParserTest" time="0.0"/>
  <testcase name="testParser(String)[1090]" classname="ex.PublicTests$FlightParserTest" time="0.0"/>
  <testcase name="testParser(String)[1091]" classname="ex.PublicTests$FlightParserTest" time="0.0"/>
  <testcase name="testParser(String)[1092]" classname="ex.PublicTests$FlightParserTest" time="0.0"/>
  <testcase name="testParser(String)[1093]" classname="ex.PublicTests$FlightParserTest" time="0.0"/>
  <testcase name="testParser(String)[1094]" classname="ex.PublicTests$FlightParserTest" time="0.0"/>
  <testcase name="testParser(String)[1095]" classname="ex.PublicTests$FlightParserTest" time="0.0"/>
  <testcase name="testParser(String)[1096]" classname="ex.PublicTests$FlightParserTest" time="0.0"/>
  <testcase name="testParser(String)[1097]" classname="ex.PublicTests$FlightParserTest" time="0.0"/>
  <testcase name="testParser(String)[1098]" classname="ex.PublicTests$FlightParserTest" time="0.0"/>
  <testcase name="testParser(String)[1099]" classname="ex.PublicTests$FlightParserTest" time="0.0"/>
  <testcase name="testParser(String)[1100]" classname="ex.PublicTests$FlightParserTest" time="0.0"/>
  <testcase name="testParser(String)[1101]" classname="ex.PublicTests$FlightParserTest" time="0.001"/>
  <testcase name="testParser(String)[1102]" classname="ex.PublicTests$FlightParserTest" time="0.0"/>
  <testcase name="testParser(String)[1103]" classname="ex.PublicTests$FlightParserTest" time="0.001"/>
  <testcase name="testParser(String)[1104]" classname="ex.PublicTests$FlightParserTest" time="0.0"/>
  <testcase name="testParser(String)[1105]" classname="ex.PublicTests$FlightParserTest" time="0.001"/>
  <testcase name="testParser(String)[1106]" classname="ex.PublicTests$FlightParserTest" time="0.0"/>
  <testcase name="testParser(String)[1107]" classname="ex.PublicTests$FlightParserTest" time="0.0"/>
  <testcase name="testParser(String)[1108]" classname="ex.PublicTests$FlightParserTest" time="0.0"/>
  <testcase name="testParser(String)[1109]" classname="ex.PublicTests$FlightParserTest" time="0.0"/>
  <testcase name="testParser(String)[1110]" classname="ex.PublicTests$FlightParserTest" time="0.0"/>
  <testcase name="testParser(String)[1111]" classname="ex.PublicTests$FlightParserTest" time="0.002"/>
  <testcase name="testParser(String)[1112]" classname="ex.PublicTests$FlightParserTest" time="0.0"/>
  <testcase name="testParser(String)[1113]" classname="ex.PublicTests$FlightParserTest" time="0.0"/>
  <testcase name="testParser(String)[1114]" classname="ex.PublicTests$FlightParserTest" time="0.0"/>
  <testcase name="testParser(String)[1115]" classname="ex.PublicTests$FlightParserTest" time="0.0"/>
  <testcase name="testParser(String)[1116]" classname="ex.PublicTests$FlightParserTest" time="0.0"/>
  <testcase name="testParser(String)[1117]" classname="ex.PublicTests$FlightParserTest" time="0.0"/>
  <testcase name="testParser(String)[1118]" classname="ex.PublicTests$FlightParserTest" time="0.0"/>
  <testcase name="testParser(String)[1119]" classname="ex.PublicTests$FlightParserTest" time="0.0"/>
  <testcase name="testParser(String)[1120]" classname="ex.PublicTests$FlightParserTest" time="0.0"/>
  <testcase name="testParser(String)[1121]" classname="ex.PublicTests$FlightParserTest" time="0.0"/>
  <testcase name="testParser(String)[1122]" classname="ex.PublicTests$FlightParserTest" time="0.001"/>
  <testcase name="testParser(String)[1123]" classname="ex.PublicTests$FlightParserTest" time="0.0"/>
  <testcase name="testParser(String)[1124]" classname="ex.PublicTests$FlightParserTest" time="0.0"/>
  <testcase name="testParser(String)[1125]" classname="ex.PublicTests$FlightParserTest" time="0.0"/>
  <testcase name="testParser(String)[1126]" classname="ex.PublicTests$FlightParserTest" time="0.001"/>
  <testcase name="testParser(String)[1127]" classname="ex.PublicTests$FlightParserTest" time="0.0"/>
  <testcase name="testParser(String)[1128]" classname="ex.PublicTests$FlightParserTest" time="0.0"/>
  <testcase name="testParser(String)[1129]" classname="ex.PublicTests$FlightParserTest" time="0.0"/>
  <testcase name="testParser(String)[1130]" classname="ex.PublicTests$FlightParserTest" time="0.0"/>
  <testcase name="testParser(String)[1131]" classname="ex.PublicTests$FlightParserTest" time="0.004"/>
  <testcase name="testParser(String)[1132]" classname="ex.PublicTests$FlightParserTest" time="0.0"/>
  <testcase name="testParser(String)[1133]" classname="ex.PublicTests$FlightParserTest" time="0.001"/>
  <testcase name="testParser(String)[1134]" classname="ex.PublicTests$FlightParserTest" time="0.0"/>
  <testcase name="testParser(String)[1135]" classname="ex.PublicTests$FlightParserTest" time="0.0"/>
  <testcase name="testParser(String)[1136]" classname="ex.PublicTests$FlightParserTest" time="0.0"/>
  <testcase name="testParser(String)[1137]" classname="ex.PublicTests$FlightParserTest" time="0.0"/>
  <testcase name="testParser(String)[1138]" classname="ex.PublicTests$FlightParserTest" time="0.001"/>
  <testcase name="testParser(String)[1139]" classname="ex.PublicTests$FlightParserTest" time="0.001"/>
  <testcase name="testParser(String)[1140]" classname="ex.PublicTests$FlightParserTest" time="0.0"/>
  <testcase name="testParser(String)[1141]" classname="ex.PublicTests$FlightParserTest" time="0.001"/>
  <testcase name="testParser(String)[1142]" classname="ex.PublicTests$FlightParserTest" time="0.0"/>
  <testcase name="testParser(String)[1143]" classname="ex.PublicTests$FlightParserTest" time="0.001"/>
  <testcase name="testParser(String)[1144]" classname="ex.PublicTests$FlightParserTest" time="0.0"/>
  <testcase name="testParser(String)[1145]" classname="ex.PublicTests$FlightParserTest" time="0.001"/>
  <testcase name="testParser(String)[1146]" classname="ex.PublicTests$FlightParserTest" time="0.0"/>
  <testcase name="testParser(String)[1147]" classname="ex.PublicTests$FlightParserTest" time="0.001"/>
  <testcase name="testParser(String)[1148]" classname="ex.PublicTests$FlightParserTest" time="0.0"/>
  <testcase name="testParser(String)[1149]" classname="ex.PublicTests$FlightParserTest" time="0.001"/>
  <testcase name="testParser(String)[1150]" classname="ex.PublicTests$FlightParserTest" time="0.0"/>
  <testcase name="testParser(String)[1151]" classname="ex.PublicTests$FlightParserTest" time="0.001"/>
  <testcase name="testParser(String)[1152]" classname="ex.PublicTests$FlightParserTest" time="0.0"/>
  <testcase name="testParser(String)[1153]" classname="ex.PublicTests$FlightParserTest" time="0.001"/>
  <testcase name="testParser(String)[1154]" classname="ex.PublicTests$FlightParserTest" time="0.0"/>
  <testcase name="testParser(String)[1155]" classname="ex.PublicTests$FlightParserTest" time="0.001"/>
  <testcase name="testParser(String)[1156]" classname="ex.PublicTests$FlightParserTest" time="0.0"/>
  <testcase name="testParser(String)[1157]" classname="ex.PublicTests$FlightParserTest" time="0.0"/>
  <testcase name="testParser(String)[1158]" classname="ex.PublicTests$FlightParserTest" time="0.001"/>
  <testcase name="testParser(String)[1159]" classname="ex.PublicTests$FlightParserTest" time="0.0"/>
  <testcase name="testParser(String)[1160]" classname="ex.PublicTests$FlightParserTest" time="0.0"/>
  <testcase name="testParser(String)[1161]" classname="ex.PublicTests$FlightParserTest" time="0.0"/>
  <testcase name="testParser(String)[1162]" classname="ex.PublicTests$FlightParserTest" time="0.0"/>
  <testcase name="testParser(String)[1163]" classname="ex.PublicTests$FlightParserTest" time="0.001"/>
  <testcase name="testParser(String)[1164]" classname="ex.PublicTests$FlightParserTest" time="0.0"/>
  <testcase name="testParser(String)[1165]" classname="ex.PublicTests$FlightParserTest" time="0.0"/>
  <testcase name="testParser(String)[1166]" classname="ex.PublicTests$FlightParserTest" time="0.0"/>
  <testcase name="testParser(String)[1167]" classname="ex.PublicTests$FlightParserTest" time="0.0"/>
  <testcase name="testParser(String)[1168]" classname="ex.PublicTests$FlightParserTest" time="0.0"/>
  <testcase name="testParser(String)[1169]" classname="ex.PublicTests$FlightParserTest" time="0.0"/>
  <testcase name="testParser(String)[1170]" classname="ex.PublicTests$FlightParserTest" time="0.001"/>
  <testcase name="testParser(String)[1171]" classname="ex.PublicTests$FlightParserTest" time="0.0"/>
  <testcase name="testParser(String)[1172]" classname="ex.PublicTests$FlightParserTest" time="0.0"/>
  <testcase name="testParser(String)[1173]" classname="ex.PublicTests$FlightParserTest" time="0.0"/>
  <testcase name="testParser(String)[1174]" classname="ex.PublicTests$FlightParserTest" time="0.001"/>
  <testcase name="testParser(String)[1175]" classname="ex.PublicTests$FlightParserTest" time="0.0"/>
  <testcase name="testParser(String)[1176]" classname="ex.PublicTests$FlightParserTest" time="0.0"/>
  <testcase name="testParser(String)[1177]" classname="ex.PublicTests$FlightParserTest" time="0.0"/>
  <testcase name="testParser(String)[1178]" classname="ex.PublicTests$FlightParserTest" time="0.0"/>
  <testcase name="testParser(String)[1179]" classname="ex.PublicTests$FlightParserTest" time="0.001"/>
  <testcase name="testParser(String)[1180]" classname="ex.PublicTests$FlightParserTest" time="0.0"/>
  <testcase name="testParser(String)[1181]" classname="ex.PublicTests$FlightParserTest" time="0.0"/>
  <testcase name="testParser(String)[1182]" classname="ex.PublicTests$FlightParserTest" time="0.0"/>
  <testcase name="testParser(String)[1183]" classname="ex.PublicTests$FlightParserTest" time="0.0"/>
  <testcase name="testParser(String)[1184]" classname="ex.PublicTests$FlightParserTest" time="0.0"/>
  <testcase name="testParser(String)[1185]" classname="ex.PublicTests$FlightParserTest" time="0.0"/>
  <testcase name="testParser(String)[1186]" classname="ex.PublicTests$FlightParserTest" time="0.001"/>
  <testcase name="testParser(String)[1187]" classname="ex.PublicTests$FlightParserTest" time="0.0"/>
  <testcase name="testParser(String)[1188]" classname="ex.PublicTests$FlightParserTest" time="0.0"/>
  <testcase name="testParser(String)[1189]" classname="ex.PublicTests$FlightParserTest" time="0.0"/>
  <testcase name="testParser(String)[1190]" classname="ex.PublicTests$FlightParserTest" time="0.001"/>
  <testcase name="testParser(String)[1191]" classname="ex.PublicTests$FlightParserTest" time="0.0"/>
  <testcase name="testParser(String)[1192]" classname="ex.PublicTests$FlightParserTest" time="0.0"/>
  <testcase name="testParser(String)[1193]" classname="ex.PublicTests$FlightParserTest" time="0.0"/>
  <testcase name="testParser(String)[1194]" classname="ex.PublicTests$FlightParserTest" time="0.0"/>
  <testcase name="testParser(String)[1195]" classname="ex.PublicTests$FlightParserTest" time="0.001"/>
  <testcase name="testParser(String)[1196]" classname="ex.PublicTests$FlightParserTest" time="0.0"/>
  <testcase name="testParser(String)[1197]" classname="ex.PublicTests$FlightParserTest" time="0.0"/>
  <testcase name="testParser(String)[1198]" classname="ex.PublicTests$FlightParserTest" time="0.001"/>
  <testcase name="testParser(String)[1199]" classname="ex.PublicTests$FlightParserTest" time="0.001"/>
  <testcase name="testParser(String)[1200]" classname="ex.PublicTests$FlightParserTest" time="0.0"/>
  <testcase name="testParser(String)[1201]" classname="ex.PublicTests$FlightParserTest" time="0.001"/>
  <testcase name="testParser(String)[1202]" classname="ex.PublicTests$FlightParserTest" time="0.001"/>
  <testcase name="testParser(String)[1203]" classname="ex.PublicTests$FlightParserTest" time="0.0"/>
  <testcase name="testParser(String)[1204]" classname="ex.PublicTests$FlightParserTest" time="0.0"/>
  <testcase name="testParser(String)[1205]" classname="ex.PublicTests$FlightParserTest" time="0.0"/>
  <testcase name="testParser(String)[1206]" classname="ex.PublicTests$FlightParserTest" time="0.0"/>
  <testcase name="testParser(String)[1207]" classname="ex.PublicTests$FlightParserTest" time="0.0"/>
  <testcase name="testParser(String)[1208]" classname="ex.PublicTests$FlightParserTest" time="0.0"/>
  <testcase name="testParser(String)[1209]" classname="ex.PublicTests$FlightParserTest" time="0.0"/>
  <testcase name="testParser(String)[1210]" classname="ex.PublicTests$FlightParserTest" time="0.001"/>
  <testcase name="testParser(String)[1211]" classname="ex.PublicTests$FlightParserTest" time="0.0"/>
  <testcase name="testParser(String)[1212]" classname="ex.PublicTests$FlightParserTest" time="0.001"/>
  <testcase name="testParser(String)[1213]" classname="ex.PublicTests$FlightParserTest" time="0.0"/>
  <testcase name="testParser(String)[1214]" classname="ex.PublicTests$FlightParserTest" time="0.0"/>
  <testcase name="testParser(String)[1215]" classname="ex.PublicTests$FlightParserTest" time="0.0"/>
  <testcase name="testParser(String)[1216]" classname="ex.PublicTests$FlightParserTest" time="0.001"/>
  <testcase name="testParser(String)[1217]" classname="ex.PublicTests$FlightParserTest" time="0.0"/>
  <testcase name="testParser(String)[1218]" classname="ex.PublicTests$FlightParserTest" time="0.001"/>
  <testcase name="testParser(String)[1219]" classname="ex.PublicTests$FlightParserTest" time="0.001"/>
  <testcase name="testParser(String)[1220]" classname="ex.PublicTests$FlightParserTest" time="0.001"/>
  <testcase name="testParser(String)[1221]" classname="ex.PublicTests$FlightParserTest" time="0.0"/>
  <testcase name="testParser(String)[1222]" classname="ex.PublicTests$FlightParserTest" time="0.0"/>
  <testcase name="testParser(String)[1223]" classname="ex.PublicTests$FlightParserTest" time="0.0"/>
  <testcase name="testParser(String)[1224]" classname="ex.PublicTests$FlightParserTest" time="0.0"/>
  <testcase name="testParser(String)[1225]" classname="ex.PublicTests$FlightParserTest" time="0.001"/>
  <testcase name="testParser(String)[1226]" classname="ex.PublicTests$FlightParserTest" time="0.0"/>
  <testcase name="testParser(String)[1227]" classname="ex.PublicTests$FlightParserTest" time="0.001"/>
  <testcase name="testParser(String)[1228]" classname="ex.PublicTests$FlightParserTest" time="0.0"/>
  <testcase name="testParser(String)[1229]" classname="ex.PublicTests$FlightParserTest" time="0.001"/>
  <testcase name="testParser(String)[1230]" classname="ex.PublicTests$FlightParserTest" time="0.0"/>
  <testcase name="testParser(String)[1231]" classname="ex.PublicTests$FlightParserTest" time="0.0"/>
  <testcase name="testParser(String)[1232]" classname="ex.PublicTests$FlightParserTest" time="0.0"/>
  <testcase name="testParser(String)[1233]" classname="ex.PublicTests$FlightParserTest" time="0.0"/>
  <testcase name="testParser(String)[1234]" classname="ex.PublicTests$FlightParserTest" time="0.0"/>
  <testcase name="testParser(String)[1235]" classname="ex.PublicTests$FlightParserTest" time="0.0"/>
  <testcase name="testParser(String)[1236]" classname="ex.PublicTests$FlightParserTest" time="0.001"/>
  <testcase name="testParser(String)[1237]" classname="ex.PublicTests$FlightParserTest" time="0.0"/>
  <testcase name="testParser(String)[1238]" classname="ex.PublicTests$FlightParserTest" time="0.001"/>
  <testcase name="testParser(String)[1239]" classname="ex.PublicTests$FlightParserTest" time="0.0"/>
  <testcase name="testParser(String)[1240]" classname="ex.PublicTests$FlightParserTest" time="0.0"/>
  <testcase name="testParser(String)[1241]" classname="ex.PublicTests$FlightParserTest" time="0.0"/>
  <testcase name="testParser(String)[1242]" classname="ex.PublicTests$FlightParserTest" time="0.0"/>
  <testcase name="testParser(String)[1243]" classname="ex.PublicTests$FlightParserTest" time="0.0"/>
  <testcase name="testParser(String)[1244]" classname="ex.PublicTests$FlightParserTest" time="0.0"/>
  <testcase name="testParser(String)[1245]" classname="ex.PublicTests$FlightParserTest" time="0.001"/>
  <testcase name="testParser(String)[1246]" classname="ex.PublicTests$FlightParserTest" time="0.0"/>
  <testcase name="testParser(String)[1247]" classname="ex.PublicTests$FlightParserTest" time="0.001"/>
  <testcase name="testParser(String)[1248]" classname="ex.PublicTests$FlightParserTest" time="0.0"/>
  <testcase name="testParser(String)[1249]" classname="ex.PublicTests$FlightParserTest" time="0.0"/>
  <testcase name="testParser(String)[1250]" classname="ex.PublicTests$FlightParserTest" time="0.0"/>
  <testcase name="testParser(String)[1251]" classname="ex.PublicTests$FlightParserTest" time="0.0"/>
  <testcase name="testParser(String)[1252]" classname="ex.PublicTests$FlightParserTest" time="0.0"/>
  <testcase name="testParser(String)[1253]" classname="ex.PublicTests$FlightParserTest" time="0.0"/>
  <testcase name="testParser(String)[1254]" classname="ex.PublicTests$FlightParserTest" time="0.001"/>
  <testcase name="testParser(String)[1255]" classname="ex.PublicTests$FlightParserTest" time="0.0"/>
  <testcase name="testParser(String)[1256]" classname="ex.PublicTests$FlightParserTest" time="0.001"/>
  <testcase name="testParser(String)[1257]" classname="ex.PublicTests$FlightParserTest" time="0.0"/>
  <testcase name="testParser(String)[1258]" classname="ex.PublicTests$FlightParserTest" time="0.001"/>
  <testcase name="testParser(String)[1259]" classname="ex.PublicTests$FlightParserTest" time="0.0"/>
  <testcase name="testParser(String)[1260]" classname="ex.PublicTests$FlightParserTest" time="0.001"/>
  <testcase name="testParser(String)[1261]" classname="ex.PublicTests$FlightParserTest" time="0.0"/>
  <testcase name="testParser(String)[1262]" classname="ex.PublicTests$FlightParserTest" time="0.0"/>
  <testcase name="testParser(String)[1263]" classname="ex.PublicTests$FlightParserTest" time="0.0"/>
  <testcase name="testParser(String)[1264]" classname="ex.PublicTests$FlightParserTest" time="0.0"/>
  <testcase name="testParser(String)[1265]" classname="ex.PublicTests$FlightParserTest" time="0.0"/>
  <testcase name="testParser(String)[1266]" classname="ex.PublicTests$FlightParserTest" time="0.0"/>
  <testcase name="testParser(String)[1267]" classname="ex.PublicTests$FlightParserTest" time="0.0"/>
  <testcase name="testParser(String)[1268]" classname="ex.PublicTests$FlightParserTest" time="0.0"/>
  <testcase name="testParser(String)[1269]" classname="ex.PublicTests$FlightParserTest" time="0.0"/>
  <testcase name="testParser(String)[1270]" classname="ex.PublicTests$FlightParserTest" time="0.001"/>
  <testcase name="testParser(String)[1271]" classname="ex.PublicTests$FlightParserTest" time="0.001"/>
  <testcase name="testParser(String)[1272]" classname="ex.PublicTests$FlightParserTest" time="0.0"/>
  <testcase name="testParser(String)[1273]" classname="ex.PublicTests$FlightParserTest" time="0.0"/>
  <testcase name="testParser(String)[1274]" classname="ex.PublicTests$FlightParserTest" time="0.005"/>
  <testcase name="testParser(String)[1275]" classname="ex.PublicTests$FlightParserTest" time="0.0"/>
  <testcase name="testParser(String)[1276]" classname="ex.PublicTests$FlightParserTest" time="0.0"/>
  <testcase name="testParser(String)[1277]" classname="ex.PublicTests$FlightParserTest" time="0.0"/>
  <testcase name="testParser(String)[1278]" classname="ex.PublicTests$FlightParserTest" time="0.001"/>
  <testcase name="testParser(String)[1279]" classname="ex.PublicTests$FlightParserTest" time="0.003"/>
  <testcase name="testParser(String)[1280]" classname="ex.PublicTests$FlightParserTest" time="0.0"/>
  <testcase name="testParser(String)[1281]" classname="ex.PublicTests$FlightParserTest" time="0.0"/>
  <testcase name="testParser(String)[1282]" classname="ex.PublicTests$FlightParserTest" time="0.0"/>
  <testcase name="testParser(String)[1283]" classname="ex.PublicTests$FlightParserTest" time="0.002"/>
  <testcase name="testParser(String)[1284]" classname="ex.PublicTests$FlightParserTest" time="0.0"/>
  <testcase name="testParser(String)[1285]" classname="ex.PublicTests$FlightParserTest" time="0.0"/>
  <testcase name="testParser(String)[1286]" classname="ex.PublicTests$FlightParserTest" time="0.001"/>
  <testcase name="testParser(String)[1287]" classname="ex.PublicTests$FlightParserTest" time="0.001"/>
  <testcase name="testParser(String)[1288]" classname="ex.PublicTests$FlightParserTest" time="0.002"/>
  <testcase name="testParser(String)[1289]" classname="ex.PublicTests$FlightParserTest" time="0.0"/>
  <testcase name="testParser(String)[1290]" classname="ex.PublicTests$FlightParserTest" time="0.0"/>
  <testcase name="testParser(String)[1291]" classname="ex.PublicTests$FlightParserTest" time="0.001"/>
  <testcase name="testParser(String)[1292]" classname="ex.PublicTests$FlightParserTest" time="0.0"/>
  <testcase name="testParser(String)[1293]" classname="ex.PublicTests$FlightParserTest" time="0.0"/>
  <testcase name="testParser(String)[1294]" classname="ex.PublicTests$FlightParserTest" time="0.0"/>
  <testcase name="testParser(String)[1295]" classname="ex.PublicTests$FlightParserTest" time="0.0"/>
  <testcase name="testParser(String)[1296]" classname="ex.PublicTests$FlightParserTest" time="0.001"/>
  <testcase name="testParser(String)[1297]" classname="ex.PublicTests$FlightParserTest" time="0.0"/>
  <testcase name="testParser(String)[1298]" classname="ex.PublicTests$FlightParserTest" time="0.001"/>
  <testcase name="testParser(String)[1299]" classname="ex.PublicTests$FlightParserTest" time="0.0"/>
  <testcase name="testParser(String)[1300]" classname="ex.PublicTests$FlightParserTest" time="0.001"/>
  <testcase name="testParser(String)[1301]" classname="ex.PublicTests$FlightParserTest" time="0.0"/>
  <testcase name="testParser(String)[1302]" classname="ex.PublicTests$FlightParserTest" time="0.0"/>
  <testcase name="testParser(String)[1303]" classname="ex.PublicTests$FlightParserTest" time="0.001"/>
  <testcase name="testParser(String)[1304]" classname="ex.PublicTests$FlightParserTest" time="0.0"/>
  <testcase name="testParser(String)[1305]" classname="ex.PublicTests$FlightParserTest" time="0.001"/>
  <testcase name="testParser(String)[1306]" classname="ex.PublicTests$FlightParserTest" time="0.0"/>
  <testcase name="testParser(String)[1307]" classname="ex.PublicTests$FlightParserTest" time="0.001"/>
  <testcase name="testParser(String)[1308]" classname="ex.PublicTests$FlightParserTest" time="0.0"/>
  <testcase name="testParser(String)[1309]" classname="ex.PublicTests$FlightParserTest" time="0.0"/>
  <testcase name="testParser(String)[1310]" classname="ex.PublicTests$FlightParserTest" time="0.001"/>
  <testcase name="testParser(String)[1311]" classname="ex.PublicTests$FlightParserTest" time="0.0"/>
  <testcase name="testParser(String)[1312]" classname="ex.PublicTests$FlightParserTest" time="0.0"/>
  <testcase name="testParser(String)[1313]" classname="ex.PublicTests$FlightParserTest" time="0.001"/>
  <testcase name="testParser(String)[1314]" classname="ex.PublicTests$FlightParserTest" time="0.0"/>
  <testcase name="testParser(String)[1315]" classname="ex.PublicTests$FlightParserTest" time="0.002"/>
  <testcase name="testParser(String)[1316]" classname="ex.PublicTests$FlightParserTest" time="0.0"/>
  <testcase name="testParser(String)[1317]" classname="ex.PublicTests$FlightParserTest" time="0.002"/>
  <testcase name="testParser(String)[1318]" classname="ex.PublicTests$FlightParserTest" time="0.001"/>
  <testcase name="testParser(String)[1319]" classname="ex.PublicTests$FlightParserTest" time="0.0"/>
  <testcase name="testParser(String)[1320]" classname="ex.PublicTests$FlightParserTest" time="0.001"/>
  <testcase name="testParser(String)[1321]" classname="ex.PublicTests$FlightParserTest" time="0.0"/>
  <testcase name="testParser(String)[1322]" classname="ex.PublicTests$FlightParserTest" time="0.001"/>
  <testcase name="testParser(String)[1323]" classname="ex.PublicTests$FlightParserTest" time="0.0"/>
  <testcase name="testParser(String)[1324]" classname="ex.PublicTests$FlightParserTest" time="0.0"/>
  <testcase name="testParser(String)[1325]" classname="ex.PublicTests$FlightParserTest" time="0.001"/>
  <testcase name="testParser(String)[1326]" classname="ex.PublicTests$FlightParserTest" time="0.0"/>
  <testcase name="testParser(String)[1327]" classname="ex.PublicTests$FlightParserTest" time="0.001"/>
  <testcase name="testParser(String)[1328]" classname="ex.PublicTests$FlightParserTest" time="0.0"/>
  <testcase name="testParser(String)[1329]" classname="ex.PublicTests$FlightParserTest" time="0.001"/>
  <testcase name="testParser(String)[1330]" classname="ex.PublicTests$FlightParserTest" time="0.001"/>
  <testcase name="testParser(String)[1331]" classname="ex.PublicTests$FlightParserTest" time="0.0"/>
  <testcase name="testParser(String)[1332]" classname="ex.PublicTests$FlightParserTest" time="0.003"/>
  <testcase name="testParser(String)[1333]" classname="ex.PublicTests$FlightParserTest" time="0.0"/>
  <testcase name="testParser(String)[1334]" classname="ex.PublicTests$FlightParserTest" time="0.001"/>
  <testcase name="testParser(String)[1335]" classname="ex.PublicTests$FlightParserTest" time="0.0"/>
  <testcase name="testParser(String)[1336]" classname="ex.PublicTests$FlightParserTest" time="0.001"/>
  <testcase name="testParser(String)[1337]" classname="ex.PublicTests$FlightParserTest" time="0.0"/>
  <testcase name="testParser(String)[1338]" classname="ex.PublicTests$FlightParserTest" time="0.0"/>
  <testcase name="testParser(String)[1339]" classname="ex.PublicTests$FlightParserTest" time="0.0"/>
  <testcase name="testParser(String)[1340]" classname="ex.PublicTests$FlightParserTest" time="0.0"/>
  <testcase name="testParser(String)[1341]" classname="ex.PublicTests$FlightParserTest" time="0.001"/>
  <testcase name="testParser(String)[1342]" classname="ex.PublicTests$FlightParserTest" time="0.0"/>
  <testcase name="testParser(String)[1343]" classname="ex.PublicTests$FlightParserTest" time="0.001"/>
  <testcase name="testParser(String)[1344]" classname="ex.PublicTests$FlightParserTest" time="0.0"/>
  <testcase name="testParser(String)[1345]" classname="ex.PublicTests$FlightParserTest" time="0.001"/>
  <testcase name="testParser(String)[1346]" classname="ex.PublicTests$FlightParserTest" time="0.0"/>
  <testcase name="testParser(String)[1347]" classname="ex.PublicTests$FlightParserTest" time="0.001"/>
  <testcase name="testParser(String)[1348]" classname="ex.PublicTests$FlightParserTest" time="0.0"/>
  <testcase name="testParser(String)[1349]" classname="ex.PublicTests$FlightParserTest" time="0.001"/>
  <testcase name="testParser(String)[1350]" classname="ex.PublicTests$FlightParserTest" time="0.0"/>
  <testcase name="testParser(String)[1351]" classname="ex.PublicTests$FlightParserTest" time="0.001"/>
  <testcase name="testParser(String)[1352]" classname="ex.PublicTests$FlightParserTest" time="0.0"/>
  <testcase name="testParser(String)[1353]" classname="ex.PublicTests$FlightParserTest" time="0.001"/>
  <testcase name="testParser(String)[1354]" classname="ex.PublicTests$FlightParserTest" time="0.001"/>
  <testcase name="testParser(String)[1355]" classname="ex.PublicTests$FlightParserTest" time="0.001"/>
  <testcase name="testParser(String)[1356]" classname="ex.PublicTests$FlightParserTest" time="0.0"/>
  <testcase name="testParser(String)[1357]" classname="ex.PublicTests$FlightParserTest" time="0.003"/>
  <testcase name="testParser(String)[1358]" classname="ex.PublicTests$FlightParserTest" time="0.0"/>
  <testcase name="testParser(String)[1359]" classname="ex.PublicTests$FlightParserTest" time="0.0"/>
  <testcase name="testParser(String)[1360]" classname="ex.PublicTests$FlightParserTest" time="0.0"/>
  <testcase name="testParser(String)[1361]" classname="ex.PublicTests$FlightParserTest" time="0.0"/>
  <testcase name="testParser(String)[1362]" classname="ex.PublicTests$FlightParserTest" time="0.0"/>
  <testcase name="testParser(String)[1363]" classname="ex.PublicTests$FlightParserTest" time="0.0"/>
  <testcase name="testParser(String)[1364]" classname="ex.PublicTests$FlightParserTest" time="0.0"/>
  <testcase name="testParser(String)[1365]" classname="ex.PublicTests$FlightParserTest" time="0.002"/>
  <testcase name="testParser(String)[1366]" classname="ex.PublicTests$FlightParserTest" time="0.001"/>
  <testcase name="testParser(String)[1367]" classname="ex.PublicTests$FlightParserTest" time="0.0"/>
  <testcase name="testParser(String)[1368]" classname="ex.PublicTests$FlightParserTest" time="0.0"/>
  <testcase name="testParser(String)[1369]" classname="ex.PublicTests$FlightParserTest" time="0.0"/>
  <testcase name="testParser(String)[1370]" classname="ex.PublicTests$FlightParserTest" time="0.0"/>
  <testcase name="testParser(String)[1371]" classname="ex.PublicTests$FlightParserTest" time="0.0"/>
  <testcase name="testParser(String)[1372]" classname="ex.PublicTests$FlightParserTest" time="0.0"/>
  <testcase name="testParser(String)[1373]" classname="ex.PublicTests$FlightParserTest" time="0.0"/>
  <testcase name="testParser(String)[1374]" classname="ex.PublicTests$FlightParserTest" time="0.0"/>
  <testcase name="testParser(String)[1375]" classname="ex.PublicTests$FlightParserTest" time="0.0"/>
  <testcase name="testParser(String)[1376]" classname="ex.PublicTests$FlightParserTest" time="0.0"/>
  <testcase name="testParser(String)[1377]" classname="ex.PublicTests$FlightParserTest" time="0.0"/>
  <testcase name="testParser(String)[1378]" classname="ex.PublicTests$FlightParserTest" time="0.001"/>
  <testcase name="testParser(String)[1379]" classname="ex.PublicTests$FlightParserTest" time="0.0"/>
  <testcase name="testParser(String)[1380]" classname="ex.PublicTests$FlightParserTest" time="0.001"/>
  <testcase name="testParser(String)[1381]" classname="ex.PublicTests$FlightParserTest" time="0.0"/>
  <testcase name="testParser(String)[1382]" classname="ex.PublicTests$FlightParserTest" time="0.001"/>
  <testcase name="testParser(String)[1383]" classname="ex.PublicTests$FlightParserTest" time="0.0"/>
  <testcase name="testParser(String)[1384]" classname="ex.PublicTests$FlightParserTest" time="0.005"/>
  <testcase name="testParser(String)[1385]" classname="ex.PublicTests$FlightParserTest" time="0.0"/>
  <testcase name="testParser(String)[1386]" classname="ex.PublicTests$FlightParserTest" time="0.0"/>
  <testcase name="testParser(String)[1387]" classname="ex.PublicTests$FlightParserTest" time="0.001"/>
  <testcase name="testParser(String)[1388]" classname="ex.PublicTests$FlightParserTest" time="0.0"/>
  <testcase name="testParser(String)[1389]" classname="ex.PublicTests$FlightParserTest" time="0.0"/>
  <testcase name="testParser(String)[1390]" classname="ex.PublicTests$FlightParserTest" time="0.0"/>
  <testcase name="testParser(String)[1391]" classname="ex.PublicTests$FlightParserTest" time="0.0"/>
  <testcase name="testParser(String)[1392]" classname="ex.PublicTests$FlightParserTest" time="0.0"/>
  <testcase name="testParser(String)[1393]" classname="ex.PublicTests$FlightParserTest" time="0.0"/>
  <testcase name="testParser(String)[1394]" classname="ex.PublicTests$FlightParserTest" time="0.0"/>
  <testcase name="testParser(String)[1395]" classname="ex.PublicTests$FlightParserTest" time="0.001"/>
  <testcase name="testParser(String)[1396]" classname="ex.PublicTests$FlightParserTest" time="0.0"/>
  <testcase name="testParser(String)[1397]" classname="ex.PublicTests$FlightParserTest" time="0.0"/>
  <testcase name="testParser(String)[1398]" classname="ex.PublicTests$FlightParserTest" time="0.0"/>
  <testcase name="testParser(String)[1399]" classname="ex.PublicTests$FlightParserTest" time="0.0"/>
  <testcase name="testParser(String)[1400]" classname="ex.PublicTests$FlightParserTest" time="0.001"/>
  <testcase name="testParser(String)[1401]" classname="ex.PublicTests$FlightParserTest" time="0.0"/>
  <testcase name="testParser(String)[1402]" classname="ex.PublicTests$FlightParserTest" time="0.0"/>
  <testcase name="testParser(String)[1403]" classname="ex.PublicTests$FlightParserTest" time="0.001"/>
  <testcase name="testParser(String)[1404]" classname="ex.PublicTests$FlightParserTest" time="0.008"/>
  <testcase name="testParser(String)[1405]" classname="ex.PublicTests$FlightParserTest" time="0.0"/>
  <testcase name="testParser(String)[1406]" classname="ex.PublicTests$FlightParserTest" time="0.0"/>
  <testcase name="testParser(String)[1407]" classname="ex.PublicTests$FlightParserTest" time="0.001"/>
  <testcase name="testParser(String)[1408]" classname="ex.PublicTests$FlightParserTest" time="0.0"/>
  <testcase name="testParser(String)[1409]" classname="ex.PublicTests$FlightParserTest" time="0.0"/>
  <testcase name="testParser(String)[1410]" classname="ex.PublicTests$FlightParserTest" time="0.001"/>
  <testcase name="testParser(String)[1411]" classname="ex.PublicTests$FlightParserTest" time="0.0"/>
  <testcase name="testParser(String)[1412]" classname="ex.PublicTests$FlightParserTest" time="0.0"/>
  <testcase name="testParser(String)[1413]" classname="ex.PublicTests$FlightParserTest" time="0.0"/>
  <testcase name="testParser(String)[1414]" classname="ex.PublicTests$FlightParserTest" time="0.0"/>
  <testcase name="testParser(String)[1415]" classname="ex.PublicTests$FlightParserTest" time="0.0"/>
  <testcase name="testParser(String)[1416]" classname="ex.PublicTests$FlightParserTest" time="0.0"/>
  <testcase name="testParser(String)[1417]" classname="ex.PublicTests$FlightParserTest" time="0.0"/>
  <testcase name="testParser(String)[1418]" classname="ex.PublicTests$FlightParserTest" time="0.0"/>
  <testcase name="testParser(String)[1419]" classname="ex.PublicTests$FlightParserTest" time="0.001"/>
  <testcase name="testParser(String)[1420]" classname="ex.PublicTests$FlightParserTest" time="0.0"/>
  <testcase name="testParser(String)[1421]" classname="ex.PublicTests$FlightParserTest" time="0.0"/>
  <testcase name="testParser(String)[1422]" classname="ex.PublicTests$FlightParserTest" time="0.0"/>
  <testcase name="testParser(String)[1423]" classname="ex.PublicTests$FlightParserTest" time="0.0"/>
  <testcase name="testParser(String)[1424]" classname="ex.PublicTests$FlightParserTest" time="0.0"/>
  <testcase name="testParser(String)[1425]" classname="ex.PublicTests$FlightParserTest" time="0.0"/>
  <testcase name="testParser(String)[1426]" classname="ex.PublicTests$FlightParserTest" time="0.008"/>
  <testcase name="testParser(String)[1427]" classname="ex.PublicTests$FlightParserTest" time="0.0"/>
  <testcase name="testParser(String)[1428]" classname="ex.PublicTests$FlightParserTest" time="0.0"/>
  <testcase name="testParser(String)[1429]" classname="ex.PublicTests$FlightParserTest" time="0.0"/>
  <testcase name="testParser(String)[1430]" classname="ex.PublicTests$FlightParserTest" time="0.0"/>
  <testcase name="testParser(String)[1431]" classname="ex.PublicTests$FlightParserTest" time="0.0"/>
  <testcase name="testParser(String)[1432]" classname="ex.PublicTests$FlightParserTest" time="0.0"/>
  <testcase name="testParser(String)[1433]" classname="ex.PublicTests$FlightParserTest" time="0.0"/>
  <testcase name="testParser(String)[1434]" classname="ex.PublicTests$FlightParserTest" time="0.001"/>
  <testcase name="testParser(String)[1435]" classname="ex.PublicTests$FlightParserTest" time="0.0"/>
  <testcase name="testParser(String)[1436]" classname="ex.PublicTests$FlightParserTest" time="0.0"/>
  <testcase name="testParser(String)[1437]" classname="ex.PublicTests$FlightParserTest" time="0.0"/>
  <testcase name="testParser(String)[1438]" classname="ex.PublicTests$FlightParserTest" time="0.0"/>
  <testcase name="testParser(String)[1439]" classname="ex.PublicTests$FlightParserTest" time="0.0"/>
  <testcase name="testParser(String)[1440]" classname="ex.PublicTests$FlightParserTest" time="0.0"/>
  <testcase name="testParser(String)[1441]" classname="ex.PublicTests$FlightParserTest" time="0.0"/>
  <testcase name="testParser(String)[1442]" classname="ex.PublicTests$FlightParserTest" time="0.0"/>
  <testcase name="testParser(String)[1443]" classname="ex.PublicTests$FlightParserTest" time="0.0"/>
  <testcase name="testParser(String)[1444]" classname="ex.PublicTests$FlightParserTest" time="0.0"/>
  <testcase name="testParser(String)[1445]" classname="ex.PublicTests$FlightParserTest" time="0.0"/>
  <testcase name="testParser(String)[1446]" classname="ex.PublicTests$FlightParserTest" time="0.0"/>
  <testcase name="testParser(String)[1447]" classname="ex.PublicTests$FlightParserTest" time="0.005"/>
  <testcase name="testParser(String)[1448]" classname="ex.PublicTests$FlightParserTest" time="0.001"/>
  <testcase name="testParser(String)[1449]" classname="ex.PublicTests$FlightParserTest" time="0.0"/>
  <testcase name="testParser(String)[1450]" classname="ex.PublicTests$FlightParserTest" time="0.0"/>
  <testcase name="testParser(String)[1451]" classname="ex.PublicTests$FlightParserTest" time="0.0"/>
  <testcase name="testParser(String)[1452]" classname="ex.PublicTests$FlightParserTest" time="0.0"/>
  <testcase name="testParser(String)[1453]" classname="ex.PublicTests$FlightParserTest" time="0.006"/>
  <testcase name="testParser(String)[1454]" classname="ex.PublicTests$FlightParserTest" time="0.0"/>
  <testcase name="testParser(String)[1455]" classname="ex.PublicTests$FlightParserTest" time="0.0"/>
  <testcase name="testParser(String)[1456]" classname="ex.PublicTests$FlightParserTest" time="0.001"/>
  <testcase name="testParser(String)[1457]" classname="ex.PublicTests$FlightParserTest" time="0.0"/>
  <testcase name="testParser(String)[1458]" classname="ex.PublicTests$FlightParserTest" time="0.0"/>
  <testcase name="testParser(String)[1459]" classname="ex.PublicTests$FlightParserTest" time="0.0"/>
  <testcase name="testParser(String)[1460]" classname="ex.PublicTests$FlightParserTest" time="0.0"/>
  <testcase name="testParser(String)[1461]" classname="ex.PublicTests$FlightParserTest" time="0.0"/>
  <testcase name="testParser(String)[1462]" classname="ex.PublicTests$FlightParserTest" time="0.001"/>
  <testcase name="testParser(String)[1463]" classname="ex.PublicTests$FlightParserTest" time="0.0"/>
  <testcase name="testParser(String)[1464]" classname="ex.PublicTests$FlightParserTest" time="0.0"/>
  <testcase name="testParser(String)[1465]" classname="ex.PublicTests$FlightParserTest" time="0.001"/>
  <testcase name="testParser(String)[1466]" classname="ex.PublicTests$FlightParserTest" time="0.0"/>
  <testcase name="testParser(String)[1467]" classname="ex.PublicTests$FlightParserTest" time="0.0"/>
  <testcase name="testParser(String)[1468]" classname="ex.PublicTests$FlightParserTest" time="0.0"/>
  <testcase name="testParser(String)[1469]" classname="ex.PublicTests$FlightParserTest" time="0.0"/>
  <testcase name="testParser(String)[1470]" classname="ex.PublicTests$FlightParserTest" time="0.0"/>
  <testcase name="testParser(String)[1471]" classname="ex.PublicTests$FlightParserTest" time="0.001"/>
  <testcase name="testParser(String)[1472]" classname="ex.PublicTests$FlightParserTest" time="0.0"/>
  <testcase name="testParser(String)[1473]" classname="ex.PublicTests$FlightParserTest" time="0.003"/>
  <testcase name="testParser(String)[1474]" classname="ex.PublicTests$FlightParserTest" time="0.0"/>
  <testcase name="testParser(String)[1475]" classname="ex.PublicTests$FlightParserTest" time="0.001"/>
  <testcase name="testParser(String)[1476]" classname="ex.PublicTests$FlightParserTest" time="0.0"/>
  <testcase name="testParser(String)[1477]" classname="ex.PublicTests$FlightParserTest" time="0.0"/>
  <testcase name="testParser(String)[1478]" classname="ex.PublicTests$FlightParserTest" time="0.0"/>
  <testcase name="testParser(String)[1479]" classname="ex.PublicTests$FlightParserTest" time="0.0"/>
  <testcase name="testParser(String)[1480]" classname="ex.PublicTests$FlightParserTest" time="0.0"/>
  <testcase name="testParser(String)[1481]" classname="ex.PublicTests$FlightParserTest" time="0.0"/>
  <testcase name="testParser(String)[1482]" classname="ex.PublicTests$FlightParserTest" time="0.0"/>
  <testcase name="testParser(String)[1483]" classname="ex.PublicTests$FlightParserTest" time="0.0"/>
  <testcase name="testParser(String)[1484]" classname="ex.PublicTests$FlightParserTest" time="0.0"/>
  <testcase name="testParser(String)[1485]" classname="ex.PublicTests$FlightParserTest" time="0.0"/>
  <testcase name="testParser(String)[1486]" classname="ex.PublicTests$FlightParserTest" time="0.0"/>
  <testcase name="testParser(String)[1487]" classname="ex.PublicTests$FlightParserTest" time="0.0"/>
  <testcase name="testParser(String)[1488]" classname="ex.PublicTests$FlightParserTest" time="0.0"/>
  <testcase name="testParser(String)[1489]" classname="ex.PublicTests$FlightParserTest" time="0.0"/>
  <testcase name="testParser(String)[1490]" classname="ex.PublicTests$FlightParserTest" time="0.0"/>
  <testcase name="testParser(String)[1491]" classname="ex.PublicTests$FlightParserTest" time="0.0"/>
  <testcase name="testParser(String)[1492]" classname="ex.PublicTests$FlightParserTest" time="0.001"/>
  <testcase name="testParser(String)[1493]" classname="ex.PublicTests$FlightParserTest" time="0.0"/>
  <testcase name="testParser(String)[1494]" classname="ex.PublicTests$FlightParserTest" time="0.0"/>
  <testcase name="testParser(String)[1495]" classname="ex.PublicTests$FlightParserTest" time="0.0"/>
  <testcase name="testParser(String)[1496]" classname="ex.PublicTests$FlightParserTest" time="0.0"/>
  <testcase name="testParser(String)[1497]" classname="ex.PublicTests$FlightParserTest" time="0.0"/>
  <testcase name="testParser(String)[1498]" classname="ex.PublicTests$FlightParserTest" time="0.0"/>
  <testcase name="testParser(String)[1499]" classname="ex.PublicTests$FlightParserTest" time="0.0"/>
  <testcase name="testParser(String)[1500]" classname="ex.PublicTests$FlightParserTest" time="0.0"/>
  <testcase name="testParser(String)[1501]" classname="ex.PublicTests$FlightParserTest" time="0.001"/>
  <testcase name="testParser(String)[1502]" classname="ex.PublicTests$FlightParserTest" time="0.0"/>
  <testcase name="testParser(String)[1503]" classname="ex.PublicTests$FlightParserTest" time="0.0"/>
  <testcase name="testParser(String)[1504]" classname="ex.PublicTests$FlightParserTest" time="0.0"/>
  <testcase name="testParser(String)[1505]" classname="ex.PublicTests$FlightParserTest" time="0.0"/>
  <testcase name="testParser(String)[1506]" classname="ex.PublicTests$FlightParserTest" time="0.001"/>
  <testcase name="testParser(String)[1507]" classname="ex.PublicTests$FlightParserTest" time="0.0"/>
  <testcase name="testParser(String)[1508]" classname="ex.PublicTests$FlightParserTest" time="0.001"/>
  <testcase name="testParser(String)[1509]" classname="ex.PublicTests$FlightParserTest" time="0.0"/>
  <testcase name="testParser(String)[1510]" classname="ex.PublicTests$FlightParserTest" time="0.0"/>
  <testcase name="testParser(String)[1511]" classname="ex.PublicTests$FlightParserTest" time="0.0"/>
  <testcase name="testParser(String)[1512]" classname="ex.PublicTests$FlightParserTest" time="0.0"/>
  <testcase name="testParser(String)[1513]" classname="ex.PublicTests$FlightParserTest" time="0.0"/>
  <testcase name="testParser(String)[1514]" classname="ex.PublicTests$FlightParserTest" time="0.0"/>
  <testcase name="testParser(String)[1515]" classname="ex.PublicTests$FlightParserTest" time="0.0"/>
  <testcase name="testParser(String)[1516]" classname="ex.PublicTests$FlightParserTest" time="0.0"/>
  <testcase name="testParser(String)[1517]" classname="ex.PublicTests$FlightParserTest" time="0.0"/>
  <testcase name="testParser(String)[1518]" classname="ex.PublicTests$FlightParserTest" time="0.0"/>
  <testcase name="testParser(String)[1519]" classname="ex.PublicTests$FlightParserTest" time="0.0"/>
  <testcase name="testParser(String)[1520]" classname="ex.PublicTests$FlightParserTest" time="0.0"/>
  <testcase name="testParser(String)[1521]" classname="ex.PublicTests$FlightParserTest" time="0.001"/>
  <testcase name="testParser(String)[1522]" classname="ex.PublicTests$FlightParserTest" time="0.0"/>
  <testcase name="testParser(String)[1523]" classname="ex.PublicTests$FlightParserTest" time="0.001"/>
  <testcase name="testParser(String)[1524]" classname="ex.PublicTests$FlightParserTest" time="0.0"/>
  <testcase name="testParser(String)[1525]" classname="ex.PublicTests$FlightParserTest" time="0.001"/>
  <testcase name="testParser(String)[1526]" classname="ex.PublicTests$FlightParserTest" time="0.0"/>
  <testcase name="testParser(String)[1527]" classname="ex.PublicTests$FlightParserTest" time="0.0"/>
  <testcase name="testParser(String)[1528]" classname="ex.PublicTests$FlightParserTest" time="0.0"/>
  <testcase name="testParser(String)[1529]" classname="ex.PublicTests$FlightParserTest" time="0.0"/>
  <testcase name="testParser(String)[1530]" classname="ex.PublicTests$FlightParserTest" time="0.001"/>
  <testcase name="testParser(String)[1531]" classname="ex.PublicTests$FlightParserTest" time="0.0"/>
  <testcase name="testParser(String)[1532]" classname="ex.PublicTests$FlightParserTest" time="0.0"/>
  <testcase name="testParser(String)[1533]" classname="ex.PublicTests$FlightParserTest" time="0.0"/>
  <testcase name="testParser(String)[1534]" classname="ex.PublicTests$FlightParserTest" time="0.0"/>
  <testcase name="testParser(String)[1535]" classname="ex.PublicTests$FlightParserTest" time="0.0"/>
  <testcase name="testParser(String)[1536]" classname="ex.PublicTests$FlightParserTest" time="0.0"/>
  <testcase name="testParser(String)[1537]" classname="ex.PublicTests$FlightParserTest" time="0.0"/>
  <testcase name="testParser(String)[1538]" classname="ex.PublicTests$FlightParserTest" time="0.0"/>
  <testcase name="testParser(String)[1539]" classname="ex.PublicTests$FlightParserTest" time="0.0"/>
  <testcase name="testParser(String)[1540]" classname="ex.PublicTests$FlightParserTest" time="0.0"/>
  <testcase name="testParser(String)[1541]" classname="ex.PublicTests$FlightParserTest" time="0.0"/>
  <testcase name="testParser(String)[1542]" classname="ex.PublicTests$FlightParserTest" time="0.0"/>
  <testcase name="testParser(String)[1543]" classname="ex.PublicTests$FlightParserTest" time="0.0"/>
  <testcase name="testParser(String)[1544]" classname="ex.PublicTests$FlightParserTest" time="0.0"/>
  <testcase name="testParser(String)[1545]" classname="ex.PublicTests$FlightParserTest" time="0.0"/>
  <testcase name="testParser(String)[1546]" classname="ex.PublicTests$FlightParserTest" time="0.0"/>
  <testcase name="testParser(String)[1547]" classname="ex.PublicTests$FlightParserTest" time="0.0"/>
  <testcase name="testParser(String)[1548]" classname="ex.PublicTests$FlightParserTest" time="0.0"/>
  <testcase name="testParser(String)[1549]" classname="ex.PublicTests$FlightParserTest" time="0.0"/>
  <testcase name="testParser(String)[1550]" classname="ex.PublicTests$FlightParserTest" time="0.0"/>
  <testcase name="testParser(String)[1551]" classname="ex.PublicTests$FlightParserTest" time="0.0"/>
  <testcase name="testParser(String)[1552]" classname="ex.PublicTests$FlightParserTest" time="0.0"/>
  <testcase name="testParser(String)[1553]" classname="ex.PublicTests$FlightParserTest" time="0.001"/>
  <testcase name="testParser(String)[1554]" classname="ex.PublicTests$FlightParserTest" time="0.0"/>
  <testcase name="testParser(String)[1555]" classname="ex.PublicTests$FlightParserTest" time="0.0"/>
  <testcase name="testParser(String)[1556]" classname="ex.PublicTests$FlightParserTest" time="0.0"/>
  <testcase name="testParser(String)[1557]" classname="ex.PublicTests$FlightParserTest" time="0.0"/>
  <testcase name="testParser(String)[1558]" classname="ex.PublicTests$FlightParserTest" time="0.001"/>
  <testcase name="testParser(String)[1559]" classname="ex.PublicTests$FlightParserTest" time="0.0"/>
  <testcase name="testParser(String)[1560]" classname="ex.PublicTests$FlightParserTest" time="0.0"/>
  <testcase name="testParser(String)[1561]" classname="ex.PublicTests$FlightParserTest" time="0.002"/>
  <testcase name="testParser(String)[1562]" classname="ex.PublicTests$FlightParserTest" time="0.0"/>
  <testcase name="testParser(String)[1563]" classname="ex.PublicTests$FlightParserTest" time="0.0"/>
  <testcase name="testParser(String)[1564]" classname="ex.PublicTests$FlightParserTest" time="0.001"/>
  <testcase name="testParser(String)[1565]" classname="ex.PublicTests$FlightParserTest" time="0.001"/>
  <testcase name="testParser(String)[1566]" classname="ex.PublicTests$FlightParserTest" time="0.0"/>
  <testcase name="testParser(String)[1567]" classname="ex.PublicTests$FlightParserTest" time="0.0"/>
  <testcase name="testParser(String)[1568]" classname="ex.PublicTests$FlightParserTest" time="0.0"/>
  <testcase name="testParser(String)[1569]" classname="ex.PublicTests$FlightParserTest" time="0.0"/>
  <testcase name="testParser(String)[1570]" classname="ex.PublicTests$FlightParserTest" time="0.001"/>
  <testcase name="testParser(String)[1571]" classname="ex.PublicTests$FlightParserTest" time="0.0"/>
  <testcase name="testParser(String)[1572]" classname="ex.PublicTests$FlightParserTest" time="0.001"/>
  <testcase name="testParser(String)[1573]" classname="ex.PublicTests$FlightParserTest" time="0.0"/>
  <testcase name="testParser(String)[1574]" classname="ex.PublicTests$FlightParserTest" time="0.0"/>
  <testcase name="testParser(String)[1575]" classname="ex.PublicTests$FlightParserTest" time="0.0"/>
  <testcase name="testParser(String)[1576]" classname="ex.PublicTests$FlightParserTest" time="0.0"/>
  <testcase name="testParser(String)[1577]" classname="ex.PublicTests$FlightParserTest" time="0.009"/>
  <testcase name="testParser(String)[1578]" classname="ex.PublicTests$FlightParserTest" time="0.0"/>
  <testcase name="testParser(String)[1579]" classname="ex.PublicTests$FlightParserTest" time="0.0"/>
  <testcase name="testParser(String)[1580]" classname="ex.PublicTests$FlightParserTest" time="0.0"/>
  <testcase name="testParser(String)[1581]" classname="ex.PublicTests$FlightParserTest" time="0.001"/>
  <testcase name="testParser(String)[1582]" classname="ex.PublicTests$FlightParserTest" time="0.0"/>
  <testcase name="testParser(String)[1583]" classname="ex.PublicTests$FlightParserTest" time="0.0"/>
  <testcase name="testParser(String)[1584]" classname="ex.PublicTests$FlightParserTest" time="0.0"/>
  <testcase name="testParser(String)[1585]" classname="ex.PublicTests$FlightParserTest" time="0.0"/>
  <testcase name="testParser(String)[1586]" classname="ex.PublicTests$FlightParserTest" time="0.0"/>
  <testcase name="testParser(String)[1587]" classname="ex.PublicTests$FlightParserTest" time="0.0"/>
  <testcase name="testParser(String)[1588]" classname="ex.PublicTests$FlightParserTest" time="0.004"/>
  <testcase name="testParser(String)[1589]" classname="ex.PublicTests$FlightParserTest" time="0.001"/>
  <testcase name="testParser(String)[1590]" classname="ex.PublicTests$FlightParserTest" time="0.0"/>
  <testcase name="testParser(String)[1591]" classname="ex.PublicTests$FlightParserTest" time="0.0"/>
  <testcase name="testParser(String)[1592]" classname="ex.PublicTests$FlightParserTest" time="0.001"/>
  <testcase name="testParser(String)[1593]" classname="ex.PublicTests$FlightParserTest" time="0.0"/>
  <testcase name="testParser(String)[1594]" classname="ex.PublicTests$FlightParserTest" time="0.0"/>
  <testcase name="testParser(String)[1595]" classname="ex.PublicTests$FlightParserTest" time="0.0"/>
  <testcase name="testParser(String)[1596]" classname="ex.PublicTests$FlightParserTest" time="0.0"/>
  <testcase name="testParser(String)[1597]" classname="ex.PublicTests$FlightParserTest" time="0.0"/>
  <testcase name="testParser(String)[1598]" classname="ex.PublicTests$FlightParserTest" time="0.0"/>
  <testcase name="testParser(String)[1599]" classname="ex.PublicTests$FlightParserTest" time="0.0"/>
  <testcase name="testParser(String)[1600]" classname="ex.PublicTests$FlightParserTest" time="0.0"/>
  <testcase name="testParser(String)[1601]" classname="ex.PublicTests$FlightParserTest" time="0.0"/>
  <testcase name="testParser(String)[1602]" classname="ex.PublicTests$FlightParserTest" time="0.001"/>
  <testcase name="testParser(String)[1603]" classname="ex.PublicTests$FlightParserTest" time="0.0"/>
  <testcase name="testParser(String)[1604]" classname="ex.PublicTests$FlightParserTest" time="0.001"/>
  <testcase name="testParser(String)[1605]" classname="ex.PublicTests$FlightParserTest" time="0.0"/>
  <testcase name="testParser(String)[1606]" classname="ex.PublicTests$FlightParserTest" time="0.0"/>
  <testcase name="testParser(String)[1607]" classname="ex.PublicTests$FlightParserTest" time="0.0"/>
  <testcase name="testParser(String)[1608]" classname="ex.PublicTests$FlightParserTest" time="0.0"/>
  <testcase name="testParser(String)[1609]" classname="ex.PublicTests$FlightParserTest" time="0.002"/>
  <testcase name="testParser(String)[1610]" classname="ex.PublicTests$FlightParserTest" time="0.0"/>
  <testcase name="testParser(String)[1611]" classname="ex.PublicTests$FlightParserTest" time="0.0"/>
  <testcase name="testParser(String)[1612]" classname="ex.PublicTests$FlightParserTest" time="0.0"/>
  <testcase name="testParser(String)[1613]" classname="ex.PublicTests$FlightParserTest" time="0.001"/>
  <testcase name="testParser(String)[1614]" classname="ex.PublicTests$FlightParserTest" time="0.0"/>
  <testcase name="testParser(String)[1615]" classname="ex.PublicTests$FlightParserTest" time="0.0"/>
  <testcase name="testParser(String)[1616]" classname="ex.PublicTests$FlightParserTest" time="0.0"/>
  <testcase name="testParser(String)[1617]" classname="ex.PublicTests$FlightParserTest" time="0.0"/>
  <testcase name="testParser(String)[1618]" classname="ex.PublicTests$FlightParserTest" time="0.008"/>
  <testcase name="testParser(String)[1619]" classname="ex.PublicTests$FlightParserTest" time="0.0"/>
  <testcase name="testParser(String)[1620]" classname="ex.PublicTests$FlightParserTest" time="0.001"/>
  <testcase name="testParser(String)[1621]" classname="ex.PublicTests$FlightParserTest" time="0.0"/>
  <testcase name="testParser(String)[1622]" classname="ex.PublicTests$FlightParserTest" time="0.0"/>
  <testcase name="testParser(String)[1623]" classname="ex.PublicTests$FlightParserTest" time="0.0"/>
  <testcase name="testParser(String)[1624]" classname="ex.PublicTests$FlightParserTest" time="0.0"/>
  <testcase name="testParser(String)[1625]" classname="ex.PublicTests$FlightParserTest" time="0.001"/>
  <testcase name="testParser(String)[1626]" classname="ex.PublicTests$FlightParserTest" time="0.0"/>
  <testcase name="testParser(String)[1627]" classname="ex.PublicTests$FlightParserTest" time="0.0"/>
  <testcase name="testParser(String)[1628]" classname="ex.PublicTests$FlightParserTest" time="0.0"/>
  <testcase name="testParser(String)[1629]" classname="ex.PublicTests$FlightParserTest" time="0.0"/>
  <testcase name="testParser(String)[1630]" classname="ex.PublicTests$FlightParserTest" time="0.001"/>
  <testcase name="testParser(String)[1631]" classname="ex.PublicTests$FlightParserTest" time="0.0"/>
  <testcase name="testParser(String)[1632]" classname="ex.PublicTests$FlightParserTest" time="0.0"/>
  <testcase name="testParser(String)[1633]" classname="ex.PublicTests$FlightParserTest" time="0.0"/>
  <testcase name="testParser(String)[1634]" classname="ex.PublicTests$FlightParserTest" time="0.01"/>
  <testcase name="testParser(String)[1635]" classname="ex.PublicTests$FlightParserTest" time="0.0"/>
  <testcase name="testParser(String)[1636]" classname="ex.PublicTests$FlightParserTest" time="0.001"/>
  <testcase name="testParser(String)[1637]" classname="ex.PublicTests$FlightParserTest" time="0.0"/>
  <testcase name="testParser(String)[1638]" classname="ex.PublicTests$FlightParserTest" time="0.0"/>
  <testcase name="testParser(String)[1639]" classname="ex.PublicTests$FlightParserTest" time="0.001"/>
  <testcase name="testParser(String)[1640]" classname="ex.PublicTests$FlightParserTest" time="0.0"/>
  <testcase name="testParser(String)[1641]" classname="ex.PublicTests$FlightParserTest" time="0.001"/>
  <testcase name="testParser(String)[1642]" classname="ex.PublicTests$FlightParserTest" time="0.0"/>
  <testcase name="testParser(String)[1643]" classname="ex.PublicTests$FlightParserTest" time="0.0"/>
  <testcase name="testParser(String)[1644]" classname="ex.PublicTests$FlightParserTest" time="0.001"/>
  <testcase name="testParser(String)[1645]" classname="ex.PublicTests$FlightParserTest" time="0.0"/>
  <testcase name="testParser(String)[1646]" classname="ex.PublicTests$FlightParserTest" time="0.0"/>
  <testcase name="testParser(String)[1647]" classname="ex.PublicTests$FlightParserTest" time="0.0"/>
  <testcase name="testParser(String)[1648]" classname="ex.PublicTests$FlightParserTest" time="0.0"/>
  <testcase name="testParser(String)[1649]" classname="ex.PublicTests$FlightParserTest" time="0.0"/>
  <testcase name="testParser(String)[1650]" classname="ex.PublicTests$FlightParserTest" time="0.0"/>
  <testcase name="testParser(String)[1651]" classname="ex.PublicTests$FlightParserTest" time="0.0"/>
  <testcase name="testParser(String)[1652]" classname="ex.PublicTests$FlightParserTest" time="0.0"/>
  <testcase name="testParser(String)[1653]" classname="ex.PublicTests$FlightParserTest" time="0.0"/>
  <testcase name="testParser(String)[1654]" classname="ex.PublicTests$FlightParserTest" time="0.0"/>
  <testcase name="testParser(String)[1655]" classname="ex.PublicTests$FlightParserTest" time="0.0"/>
  <testcase name="testParser(String)[1656]" classname="ex.PublicTests$FlightParserTest" time="0.005"/>
  <testcase name="testParser(String)[1657]" classname="ex.PublicTests$FlightParserTest" time="0.0"/>
  <testcase name="testParser(String)[1658]" classname="ex.PublicTests$FlightParserTest" time="0.0"/>
  <testcase name="testParser(String)[1659]" classname="ex.PublicTests$FlightParserTest" time="0.0"/>
  <testcase name="testParser(String)[1660]" classname="ex.PublicTests$FlightParserTest" time="0.0"/>
  <testcase name="testParser(String)[1661]" classname="ex.PublicTests$FlightParserTest" time="0.001"/>
  <testcase name="testParser(String)[1662]" classname="ex.PublicTests$FlightParserTest" time="0.0"/>
  <testcase name="testParser(String)[1663]" classname="ex.PublicTests$FlightParserTest" time="0.0"/>
  <testcase name="testParser(String)[1664]" classname="ex.PublicTests$FlightParserTest" time="0.0"/>
  <testcase name="testParser(String)[1665]" classname="ex.PublicTests$FlightParserTest" time="0.003"/>
  <testcase name="testParser(String)[1666]" classname="ex.PublicTests$FlightParserTest" time="0.001"/>
  <testcase name="testParser(String)[1667]" classname="ex.PublicTests$FlightParserTest" time="0.0"/>
  <testcase name="testParser(String)[1668]" classname="ex.PublicTests$FlightParserTest" time="0.0"/>
  <testcase name="testParser(String)[1669]" classname="ex.PublicTests$FlightParserTest" time="0.0"/>
  <testcase name="testParser(String)[1670]" classname="ex.PublicTests$FlightParserTest" time="0.0"/>
  <testcase name="testParser(String)[1671]" classname="ex.PublicTests$FlightParserTest" time="0.0"/>
  <testcase name="testParser(String)[1672]" classname="ex.PublicTests$FlightParserTest" time="0.0"/>
  <testcase name="testParser(String)[1673]" classname="ex.PublicTests$FlightParserTest" time="0.007"/>
  <testcase name="testParser(String)[1674]" classname="ex.PublicTests$FlightParserTest" time="0.001"/>
  <testcase name="testParser(String)[1675]" classname="ex.PublicTests$FlightParserTest" time="0.001"/>
  <testcase name="testParser(String)[1676]" classname="ex.PublicTests$FlightParserTest" time="0.0"/>
  <testcase name="testParser(String)[1677]" classname="ex.PublicTests$FlightParserTest" time="0.0"/>
  <testcase name="testParser(String)[1678]" classname="ex.PublicTests$FlightParserTest" time="0.0"/>
  <testcase name="testParser(String)[1679]" classname="ex.PublicTests$FlightParserTest" time="0.0"/>
  <testcase name="testParser(String)[1680]" classname="ex.PublicTests$FlightParserTest" time="0.001"/>
  <testcase name="testParser(String)[1681]" classname="ex.PublicTests$FlightParserTest" time="0.0"/>
  <testcase name="testParser(String)[1682]" classname="ex.PublicTests$FlightParserTest" time="0.0"/>
  <testcase name="testParser(String)[1683]" classname="ex.PublicTests$FlightParserTest" time="0.0"/>
  <testcase name="testParser(String)[1684]" classname="ex.PublicTests$FlightParserTest" time="0.0"/>
  <testcase name="testParser(String)[1685]" classname="ex.PublicTests$FlightParserTest" time="0.0"/>
  <testcase name="testParser(String)[1686]" classname="ex.PublicTests$FlightParserTest" time="0.0"/>
  <testcase name="testParser(String)[1687]" classname="ex.PublicTests$FlightParserTest" time="0.002"/>
  <testcase name="testParser(String)[1688]" classname="ex.PublicTests$FlightParserTest" time="0.001"/>
  <testcase name="testParser(String)[1689]" classname="ex.PublicTests$FlightParserTest" time="0.0"/>
  <testcase name="testParser(String)[1690]" classname="ex.PublicTests$FlightParserTest" time="0.009"/>
  <testcase name="testParser(String)[1691]" classname="ex.PublicTests$FlightParserTest" time="0.0"/>
  <testcase name="testParser(String)[1692]" classname="ex.PublicTests$FlightParserTest" time="0.0"/>
  <testcase name="testParser(String)[1693]" classname="ex.PublicTests$FlightParserTest" time="0.001"/>
  <testcase name="testParser(String)[1694]" classname="ex.PublicTests$FlightParserTest" time="0.0"/>
  <testcase name="testParser(String)[1695]" classname="ex.PublicTests$FlightParserTest" time="0.0"/>
  <testcase name="testParser(String)[1696]" classname="ex.PublicTests$FlightParserTest" time="0.0"/>
  <testcase name="testParser(String)[1697]" classname="ex.PublicTests$FlightParserTest" time="0.0"/>
  <testcase name="testParser(String)[1698]" classname="ex.PublicTests$FlightParserTest" time="0.0"/>
  <testcase name="testParser(String)[1699]" classname="ex.PublicTests$FlightParserTest" time="0.0"/>
  <testcase name="testParser(String)[1700]" classname="ex.PublicTests$FlightParserTest" time="0.001"/>
  <testcase name="testParser(String)[1701]" classname="ex.PublicTests$FlightParserTest" time="0.0"/>
  <testcase name="testParser(String)[1702]" classname="ex.PublicTests$FlightParserTest" time="0.0"/>
  <testcase name="testParser(String)[1703]" classname="ex.PublicTests$FlightParserTest" time="0.0"/>
  <testcase name="testParser(String)[1704]" classname="ex.PublicTests$FlightParserTest" time="0.0"/>
  <testcase name="testParser(String)[1705]" classname="ex.PublicTests$FlightParserTest" time="0.0"/>
  <testcase name="testParser(String)[1706]" classname="ex.PublicTests$FlightParserTest" time="0.0"/>
  <testcase name="testParser(String)[1707]" classname="ex.PublicTests$FlightParserTest" time="0.001"/>
  <testcase name="testParser(String)[1708]" classname="ex.PublicTests$FlightParserTest" time="0.008"/>
  <testcase name="testParser(String)[1709]" classname="ex.PublicTests$FlightParserTest" time="0.0"/>
  <testcase name="testParser(String)[1710]" classname="ex.PublicTests$FlightParserTest" time="0.001"/>
  <testcase name="testParser(String)[1711]" classname="ex.PublicTests$FlightParserTest" time="0.0"/>
  <testcase name="testParser(String)[1712]" classname="ex.PublicTests$FlightParserTest" time="0.001"/>
  <testcase name="testParser(String)[1713]" classname="ex.PublicTests$FlightParserTest" time="0.0"/>
  <testcase name="testParser(String)[1714]" classname="ex.PublicTests$FlightParserTest" time="0.0"/>
  <testcase name="testParser(String)[1715]" classname="ex.PublicTests$FlightParserTest" time="0.0"/>
  <testcase name="testParser(String)[1716]" classname="ex.PublicTests$FlightParserTest" time="0.0"/>
  <testcase name="testParser(String)[1717]" classname="ex.PublicTests$FlightParserTest" time="0.0"/>
  <testcase name="testParser(String)[1718]" classname="ex.PublicTests$FlightParserTest" time="0.0"/>
  <testcase name="testParser(String)[1719]" classname="ex.PublicTests$FlightParserTest" time="0.001"/>
  <testcase name="testParser(String)[1720]" classname="ex.PublicTests$FlightParserTest" time="0.0"/>
  <testcase name="testParser(String)[1721]" classname="ex.PublicTests$FlightParserTest" time="0.001"/>
  <testcase name="testParser(String)[1722]" classname="ex.PublicTests$FlightParserTest" time="0.0"/>
  <testcase name="testParser(String)[1723]" classname="ex.PublicTests$FlightParserTest" time="0.0"/>
  <testcase name="testParser(String)[1724]" classname="ex.PublicTests$FlightParserTest" time="0.0"/>
  <testcase name="testParser(String)[1725]" classname="ex.PublicTests$FlightParserTest" time="0.0"/>
  <testcase name="testParser(String)[1726]" classname="ex.PublicTests$FlightParserTest" time="0.0"/>
  <testcase name="testParser(String)[1727]" classname="ex.PublicTests$FlightParserTest" time="0.0"/>
  <testcase name="testParser(String)[1728]" classname="ex.PublicTests$FlightParserTest" time="0.013"/>
  <testcase name="testParser(String)[1729]" classname="ex.PublicTests$FlightParserTest" time="0.001"/>
  <testcase name="testParser(String)[1730]" classname="ex.PublicTests$FlightParserTest" time="0.0"/>
  <testcase name="testParser(String)[1731]" classname="ex.PublicTests$FlightParserTest" time="0.0"/>
  <testcase name="testParser(String)[1732]" classname="ex.PublicTests$FlightParserTest" time="0.0"/>
  <testcase name="testParser(String)[1733]" classname="ex.PublicTests$FlightParserTest" time="0.0"/>
  <testcase name="testParser(String)[1734]" classname="ex.PublicTests$FlightParserTest" time="0.001"/>
  <testcase name="testParser(String)[1735]" classname="ex.PublicTests$FlightParserTest" time="0.0"/>
  <testcase name="testParser(String)[1736]" classname="ex.PublicTests$FlightParserTest" time="0.0"/>
  <testcase name="testParser(String)[1737]" classname="ex.PublicTests$FlightParserTest" time="0.001"/>
  <testcase name="testParser(String)[1738]" classname="ex.PublicTests$FlightParserTest" time="0.0"/>
  <testcase name="testParser(String)[1739]" classname="ex.PublicTests$FlightParserTest" time="0.001"/>
  <testcase name="testParser(String)[1740]" classname="ex.PublicTests$FlightParserTest" time="0.0"/>
  <testcase name="testParser(String)[1741]" classname="ex.PublicTests$FlightParserTest" time="0.0"/>
  <testcase name="testParser(String)[1742]" classname="ex.PublicTests$FlightParserTest" time="0.0"/>
  <testcase name="testParser(String)[1743]" classname="ex.PublicTests$FlightParserTest" time="0.001"/>
  <testcase name="testParser(String)[1744]" classname="ex.PublicTests$FlightParserTest" time="0.0"/>
  <testcase name="testParser(String)[1745]" classname="ex.PublicTests$FlightParserTest" time="0.0"/>
  <testcase name="testParser(String)[1746]" classname="ex.PublicTests$FlightParserTest" time="0.0"/>
  <testcase name="testParser(String)[1747]" classname="ex.PublicTests$FlightParserTest" time="0.0"/>
  <testcase name="testParser(String)[1748]" classname="ex.PublicTests$FlightParserTest" time="0.0"/>
  <testcase name="testParser(String)[1749]" classname="ex.PublicTests$FlightParserTest" time="0.001"/>
  <testcase name="testParser(String)[1750]" classname="ex.PublicTests$FlightParserTest" time="0.0"/>
  <testcase name="testParser(String)[1751]" classname="ex.PublicTests$FlightParserTest" time="0.0"/>
  <testcase name="testParser(String)[1752]" classname="ex.PublicTests$FlightParserTest" time="0.0"/>
  <testcase name="testParser(String)[1753]" classname="ex.PublicTests$FlightParserTest" time="0.0"/>
  <testcase name="testParser(String)[1754]" classname="ex.PublicTests$FlightParserTest" time="0.001"/>
  <testcase name="testParser(String)[1755]" classname="ex.PublicTests$FlightParserTest" time="0.0"/>
  <testcase name="testParser(String)[1756]" classname="ex.PublicTests$FlightParserTest" time="0.001"/>
  <testcase name="testParser(String)[1757]" classname="ex.PublicTests$FlightParserTest" time="0.0"/>
  <testcase name="testParser(String)[1758]" classname="ex.PublicTests$FlightParserTest" time="0.0"/>
  <testcase name="testParser(String)[1759]" classname="ex.PublicTests$FlightParserTest" time="0.0"/>
  <testcase name="testParser(String)[1760]" classname="ex.PublicTests$FlightParserTest" time="0.0"/>
  <testcase name="testParser(String)[1761]" classname="ex.PublicTests$FlightParserTest" time="0.001"/>
  <testcase name="testParser(String)[1762]" classname="ex.PublicTests$FlightParserTest" time="0.0"/>
  <testcase name="testParser(String)[1763]" classname="ex.PublicTests$FlightParserTest" time="0.0"/>
  <testcase name="testParser(String)[1764]" classname="ex.PublicTests$FlightParserTest" time="0.001"/>
  <testcase name="testParser(String)[1765]" classname="ex.PublicTests$FlightParserTest" time="0.0"/>
  <testcase name="testParser(String)[1766]" classname="ex.PublicTests$FlightParserTest" time="0.0"/>
  <testcase name="testParser(String)[1767]" classname="ex.PublicTests$FlightParserTest" time="0.0"/>
  <testcase name="testParser(String)[1768]" classname="ex.PublicTests$FlightParserTest" time="0.0"/>
  <testcase name="testParser(String)[1769]" classname="ex.PublicTests$FlightParserTest" time="0.0"/>
  <testcase name="testParser(String)[1770]" classname="ex.PublicTests$FlightParserTest" time="0.0"/>
  <testcase name="testParser(String)[1771]" classname="ex.PublicTests$FlightParserTest" time="0.0"/>
  <testcase name="testParser(String)[1772]" classname="ex.PublicTests$FlightParserTest" time="0.0"/>
  <testcase name="testParser(String)[1773]" classname="ex.PublicTests$FlightParserTest" time="0.0"/>
  <testcase name="testParser(String)[1774]" classname="ex.PublicTests$FlightParserTest" time="0.0"/>
  <testcase name="testParser(String)[1775]" classname="ex.PublicTests$FlightParserTest" time="0.001"/>
  <testcase name="testParser(String)[1776]" classname="ex.PublicTests$FlightParserTest" time="0.0"/>
  <testcase name="testParser(String)[1777]" classname="ex.PublicTests$FlightParserTest" time="0.0"/>
  <testcase name="testParser(String)[1778]" classname="ex.PublicTests$FlightParserTest" time="0.003"/>
  <testcase name="testParser(String)[1779]" classname="ex.PublicTests$FlightParserTest" time="0.0"/>
  <testcase name="testParser(String)[1780]" classname="ex.PublicTests$FlightParserTest" time="0.0"/>
  <testcase name="testParser(String)[1781]" classname="ex.PublicTests$FlightParserTest" time="0.009"/>
  <testcase name="testParser(String)[1782]" classname="ex.PublicTests$FlightParserTest" time="0.0"/>
  <testcase name="testParser(String)[1783]" classname="ex.PublicTests$FlightParserTest" time="0.0"/>
  <testcase name="testParser(String)[1784]" classname="ex.PublicTests$FlightParserTest" time="0.0"/>
  <testcase name="testParser(String)[1785]" classname="ex.PublicTests$FlightParserTest" time="0.0"/>
  <testcase name="testParser(String)[1786]" classname="ex.PublicTests$FlightParserTest" time="0.0"/>
  <testcase name="testParser(String)[1787]" classname="ex.PublicTests$FlightParserTest" time="0.0"/>
  <testcase name="testParser(String)[1788]" classname="ex.PublicTests$FlightParserTest" time="0.0"/>
  <testcase name="testParser(String)[1789]" classname="ex.PublicTests$FlightParserTest" time="0.0"/>
  <testcase name="testParser(String)[1790]" classname="ex.PublicTests$FlightParserTest" time="0.0"/>
  <testcase name="testParser(String)[1791]" classname="ex.PublicTests$FlightParserTest" time="0.0"/>
  <testcase name="testParser(String)[1792]" classname="ex.PublicTests$FlightParserTest" time="0.0"/>
  <testcase name="testParser(String)[1793]" classname="ex.PublicTests$FlightParserTest" time="0.0"/>
  <testcase name="testParser(String)[1794]" classname="ex.PublicTests$FlightParserTest" time="0.001"/>
  <testcase name="testParser(String)[1795]" classname="ex.PublicTests$FlightParserTest" time="0.0"/>
  <testcase name="testParser(String)[1796]" classname="ex.PublicTests$FlightParserTest" time="0.001"/>
  <testcase name="testParser(String)[1797]" classname="ex.PublicTests$FlightParserTest" time="0.0"/>
  <testcase name="testParser(String)[1798]" classname="ex.PublicTests$FlightParserTest" time="0.001"/>
  <testcase name="testParser(String)[1799]" classname="ex.PublicTests$FlightParserTest" time="0.0"/>
  <testcase name="testParser(String)[1800]" classname="ex.PublicTests$FlightParserTest" time="0.001"/>
  <testcase name="testParser(String)[1801]" classname="ex.PublicTests$FlightParserTest" time="0.0"/>
  <testcase name="testParser(String)[1802]" classname="ex.PublicTests$FlightParserTest" time="0.001"/>
  <testcase name="testParser(String)[1803]" classname="ex.PublicTests$FlightParserTest" time="0.0"/>
  <testcase name="testParser(String)[1804]" classname="ex.PublicTests$FlightParserTest" time="0.0"/>
  <testcase name="testParser(String)[1805]" classname="ex.PublicTests$FlightParserTest" time="0.0"/>
  <testcase name="testParser(String)[1806]" classname="ex.PublicTests$FlightParserTest" time="0.0"/>
  <testcase name="testParser(String)[1807]" classname="ex.PublicTests$FlightParserTest" time="0.0"/>
  <testcase name="testParser(String)[1808]" classname="ex.PublicTests$FlightParserTest" time="0.0"/>
  <testcase name="testParser(String)[1809]" classname="ex.PublicTests$FlightParserTest" time="0.0"/>
  <testcase name="testParser(String)[1810]" classname="ex.PublicTests$FlightParserTest" time="0.0"/>
  <testcase name="testParser(String)[1811]" classname="ex.PublicTests$FlightParserTest" time="0.001"/>
  <testcase name="testParser(String)[1812]" classname="ex.PublicTests$FlightParserTest" time="0.0"/>
  <testcase name="testParser(String)[1813]" classname="ex.PublicTests$FlightParserTest" time="0.001"/>
  <testcase name="testParser(String)[1814]" classname="ex.PublicTests$FlightParserTest" time="0.0"/>
  <testcase name="testParser(String)[1815]" classname="ex.PublicTests$FlightParserTest" time="0.001"/>
  <testcase name="testParser(String)[1816]" classname="ex.PublicTests$FlightParserTest" time="0.0"/>
  <testcase name="testParser(String)[1817]" classname="ex.PublicTests$FlightParserTest" time="0.0"/>
  <testcase name="testParser(String)[1818]" classname="ex.PublicTests$FlightParserTest" time="0.0"/>
  <testcase name="testParser(String)[1819]" classname="ex.PublicTests$FlightParserTest" time="0.0"/>
  <testcase name="testParser(String)[1820]" classname="ex.PublicTests$FlightParserTest" time="0.0"/>
  <testcase name="testParser(String)[1821]" classname="ex.PublicTests$FlightParserTest" time="0.0"/>
  <testcase name="testParser(String)[1822]" classname="ex.PublicTests$FlightParserTest" time="0.0"/>
  <testcase name="testParser(String)[1823]" classname="ex.PublicTests$FlightParserTest" time="0.0"/>
  <testcase name="testParser(String)[1824]" classname="ex.PublicTests$FlightParserTest" time="0.0"/>
  <testcase name="testParser(String)[1825]" classname="ex.PublicTests$FlightParserTest" time="0.0"/>
  <testcase name="testParser(String)[1826]" classname="ex.PublicTests$FlightParserTest" time="0.001"/>
  <testcase name="testParser(String)[1827]" classname="ex.PublicTests$FlightParserTest" time="0.0"/>
  <testcase name="testParser(String)[1828]" classname="ex.PublicTests$FlightParserTest" time="0.001"/>
  <testcase name="testParser(String)[1829]" classname="ex.PublicTests$FlightParserTest" time="0.0"/>
  <testcase name="testParser(String)[1830]" classname="ex.PublicTests$FlightParserTest" time="0.0"/>
  <testcase name="testParser(String)[1831]" classname="ex.PublicTests$FlightParserTest" time="0.0"/>
  <testcase name="testParser(String)[1832]" classname="ex.PublicTests$FlightParserTest" time="0.0"/>
  <testcase name="testParser(String)[1833]" classname="ex.PublicTests$FlightParserTest" time="0.001"/>
  <testcase name="testParser(String)[1834]" classname="ex.PublicTests$FlightParserTest" time="0.0"/>
  <testcase name="testParser(String)[1835]" classname="ex.PublicTests$FlightParserTest" time="0.0"/>
  <testcase name="testParser(String)[1836]" classname="ex.PublicTests$FlightParserTest" time="0.0"/>
  <testcase name="testParser(String)[1837]" classname="ex.PublicTests$FlightParserTest" time="0.0"/>
  <testcase name="testParser(String)[1838]" classname="ex.PublicTests$FlightParserTest" time="0.001"/>
  <testcase name="testParser(String)[1839]" classname="ex.PublicTests$FlightParserTest" time="0.0"/>
  <testcase name="testParser(String)[1840]" classname="ex.PublicTests$FlightParserTest" time="0.001"/>
  <testcase name="testParser(String)[1841]" classname="ex.PublicTests$FlightParserTest" time="0.0"/>
  <testcase name="testParser(String)[1842]" classname="ex.PublicTests$FlightParserTest" time="0.001"/>
  <testcase name="testParser(String)[1843]" classname="ex.PublicTests$FlightParserTest" time="0.0"/>
  <testcase name="testParser(String)[1844]" classname="ex.PublicTests$FlightParserTest" time="0.001"/>
  <testcase name="testParser(String)[1845]" classname="ex.PublicTests$FlightParserTest" time="0.0"/>
  <testcase name="testParser(String)[1846]" classname="ex.PublicTests$FlightParserTest" time="0.001"/>
  <testcase name="testParser(String)[1847]" classname="ex.PublicTests$FlightParserTest" time="0.0"/>
  <testcase name="testParser(String)[1848]" classname="ex.PublicTests$FlightParserTest" time="0.001"/>
  <testcase name="testParser(String)[1849]" classname="ex.PublicTests$FlightParserTest" time="0.0"/>
  <testcase name="testParser(String)[1850]" classname="ex.PublicTests$FlightParserTest" time="0.0"/>
  <testcase name="testParser(String)[1851]" classname="ex.PublicTests$FlightParserTest" time="0.002"/>
  <testcase name="testParser(String)[1852]" classname="ex.PublicTests$FlightParserTest" time="0.001"/>
  <testcase name="testParser(String)[1853]" classname="ex.PublicTests$FlightParserTest" time="0.0"/>
  <testcase name="testParser(String)[1854]" classname="ex.PublicTests$FlightParserTest" time="0.0"/>
  <testcase name="testParser(String)[1855]" classname="ex.PublicTests$FlightParserTest" time="0.0"/>
  <testcase name="testParser(String)[1856]" classname="ex.PublicTests$FlightParserTest" time="0.0"/>
  <testcase name="testParser(String)[1857]" classname="ex.PublicTests$FlightParserTest" time="0.0"/>
  <testcase name="testParser(String)[1858]" classname="ex.PublicTests$FlightParserTest" time="0.0"/>
  <testcase name="testParser(String)[1859]" classname="ex.PublicTests$FlightParserTest" time="0.0"/>
  <testcase name="testParser(String)[1860]" classname="ex.PublicTests$FlightParserTest" time="0.0"/>
  <testcase name="testParser(String)[1861]" classname="ex.PublicTests$FlightParserTest" time="0.0"/>
  <testcase name="testParser(String)[1862]" classname="ex.PublicTests$FlightParserTest" time="0.0"/>
  <testcase name="testParser(String)[1863]" classname="ex.PublicTests$FlightParserTest" time="0.0"/>
  <testcase name="testParser(String)[1864]" classname="ex.PublicTests$FlightParserTest" time="0.0"/>
  <testcase name="testParser(String)[1865]" classname="ex.PublicTests$FlightParserTest" time="0.0"/>
  <testcase name="testParser(String)[1866]" classname="ex.PublicTests$FlightParserTest" time="0.0"/>
  <testcase name="testParser(String)[1867]" classname="ex.PublicTests$FlightParserTest" time="0.0"/>
  <testcase name="testParser(String)[1868]" classname="ex.PublicTests$FlightParserTest" time="0.0"/>
  <testcase name="testParser(String)[1869]" classname="ex.PublicTests$FlightParserTest" time="0.001"/>
  <testcase name="testParser(String)[1870]" classname="ex.PublicTests$FlightParserTest" time="0.0"/>
  <testcase name="testParser(String)[1871]" classname="ex.PublicTests$FlightParserTest" time="0.001"/>
  <testcase name="testParser(String)[1872]" classname="ex.PublicTests$FlightParserTest" time="0.0"/>
  <testcase name="testParser(String)[1873]" classname="ex.PublicTests$FlightParserTest" time="0.0"/>
  <testcase name="testParser(String)[1874]" classname="ex.PublicTests$FlightParserTest" time="0.0"/>
  <testcase name="testParser(String)[1875]" classname="ex.PublicTests$FlightParserTest" time="0.0"/>
  <testcase name="testParser(String)[1876]" classname="ex.PublicTests$FlightParserTest" time="0.001"/>
  <testcase name="testParser(String)[1877]" classname="ex.PublicTests$FlightParserTest" time="0.0"/>
  <testcase name="testParser(String)[1878]" classname="ex.PublicTests$FlightParserTest" time="0.001"/>
  <testcase name="testParser(String)[1879]" classname="ex.PublicTests$FlightParserTest" time="0.0"/>
  <testcase name="testParser(String)[1880]" classname="ex.PublicTests$FlightParserTest" time="0.001"/>
  <testcase name="testParser(String)[1881]" classname="ex.PublicTests$FlightParserTest" time="0.003"/>
  <testcase name="testParser(String)[1882]" classname="ex.PublicTests$FlightParserTest" time="0.0"/>
  <testcase name="testParser(String)[1883]" classname="ex.PublicTests$FlightParserTest" time="0.0"/>
  <testcase name="testParser(String)[1884]" classname="ex.PublicTests$FlightParserTest" time="0.001"/>
  <testcase name="testParser(String)[1885]" classname="ex.PublicTests$FlightParserTest" time="0.0"/>
  <testcase name="testParser(String)[1886]" classname="ex.PublicTests$FlightParserTest" time="0.001"/>
  <testcase name="testParser(String)[1887]" classname="ex.PublicTests$FlightParserTest" time="0.001"/>
  <testcase name="testParser(String)[1888]" classname="ex.PublicTests$FlightParserTest" time="0.001"/>
  <testcase name="testParser(String)[1889]" classname="ex.PublicTests$FlightParserTest" time="0.0"/>
  <testcase name="testParser(String)[1890]" classname="ex.PublicTests$FlightParserTest" time="0.0"/>
  <testcase name="testParser(String)[1891]" classname="ex.PublicTests$FlightParserTest" time="0.001"/>
  <testcase name="testParser(String)[1892]" classname="ex.PublicTests$FlightParserTest" time="0.001"/>
  <testcase name="testParser(String)[1893]" classname="ex.PublicTests$FlightParserTest" time="0.0"/>
  <testcase name="testParser(String)[1894]" classname="ex.PublicTests$FlightParserTest" time="0.001"/>
  <testcase name="testParser(String)[1895]" classname="ex.PublicTests$FlightParserTest" time="0.0"/>
  <testcase name="testParser(String)[1896]" classname="ex.PublicTests$FlightParserTest" time="0.0"/>
  <testcase name="testParser(String)[1897]" classname="ex.PublicTests$FlightParserTest" time="0.0"/>
  <testcase name="testParser(String)[1898]" classname="ex.PublicTests$FlightParserTest" time="0.0"/>
  <testcase name="testParser(String)[1899]" classname="ex.PublicTests$FlightParserTest" time="0.0"/>
  <testcase name="testParser(String)[1900]" classname="ex.PublicTests$FlightParserTest" time="0.0"/>
  <testcase name="testParser(String)[1901]" classname="ex.PublicTests$FlightParserTest" time="0.001"/>
  <testcase name="testParser(String)[1902]" classname="ex.PublicTests$FlightParserTest" time="0.0"/>
  <testcase name="testParser(String)[1903]" classname="ex.PublicTests$FlightParserTest" time="0.001"/>
  <testcase name="testParser(String)[1904]" classname="ex.PublicTests$FlightParserTest" time="0.0"/>
  <testcase name="testParser(String)[1905]" classname="ex.PublicTests$FlightParserTest" time="0.0"/>
  <testcase name="testParser(String)[1906]" classname="ex.PublicTests$FlightParserTest" time="0.0"/>
  <testcase name="testParser(String)[1907]" classname="ex.PublicTests$FlightParserTest" time="0.0"/>
  <testcase name="testParser(String)[1908]" classname="ex.PublicTests$FlightParserTest" time="0.0"/>
  <testcase name="testParser(String)[1909]" classname="ex.PublicTests$FlightParserTest" time="0.0"/>
  <testcase name="testParser(String)[1910]" classname="ex.PublicTests$FlightParserTest" time="0.001"/>
  <testcase name="testParser(String)[1911]" classname="ex.PublicTests$FlightParserTest" time="0.0"/>
  <testcase name="testParser(String)[1912]" classname="ex.PublicTests$FlightParserTest" time="0.001"/>
  <testcase name="testParser(String)[1913]" classname="ex.PublicTests$FlightParserTest" time="0.0"/>
  <testcase name="testParser(String)[1914]" classname="ex.PublicTests$FlightParserTest" time="0.0"/>
  <testcase name="testParser(String)[1915]" classname="ex.PublicTests$FlightParserTest" time="0.001"/>
  <testcase name="testParser(String)[1916]" classname="ex.PublicTests$FlightParserTest" time="0.0"/>
  <testcase name="testParser(String)[1917]" classname="ex.PublicTests$FlightParserTest" time="0.003"/>
  <testcase name="testParser(String)[1918]" classname="ex.PublicTests$FlightParserTest" time="0.001"/>
  <testcase name="testParser(String)[1919]" classname="ex.PublicTests$FlightParserTest" time="0.0"/>
  <testcase name="testParser(String)[1920]" classname="ex.PublicTests$FlightParserTest" time="0.001"/>
  <testcase name="testParser(String)[1921]" classname="ex.PublicTests$FlightParserTest" time="0.0"/>
  <testcase name="testParser(String)[1922]" classname="ex.PublicTests$FlightParserTest" time="0.0"/>
  <testcase name="testParser(String)[1923]" classname="ex.PublicTests$FlightParserTest" time="0.0"/>
  <testcase name="testParser(String)[1924]" classname="ex.PublicTests$FlightParserTest" time="0.0"/>
  <testcase name="testParser(String)[1925]" classname="ex.PublicTests$FlightParserTest" time="0.001"/>
  <testcase name="testParser(String)[1926]" classname="ex.PublicTests$FlightParserTest" time="0.0"/>
  <testcase name="testParser(String)[1927]" classname="ex.PublicTests$FlightParserTest" time="0.001"/>
  <testcase name="testParser(String)[1928]" classname="ex.PublicTests$FlightParserTest" time="0.0"/>
  <testcase name="testParser(String)[1929]" classname="ex.PublicTests$FlightParserTest" time="0.001"/>
  <testcase name="testParser(String)[1930]" classname="ex.PublicTests$FlightParserTest" time="0.0"/>
  <testcase name="testParser(String)[1931]" classname="ex.PublicTests$FlightParserTest" time="0.001"/>
  <testcase name="testParser(String)[1932]" classname="ex.PublicTests$FlightParserTest" time="0.0"/>
  <testcase name="testParser(String)[1933]" classname="ex.PublicTests$FlightParserTest" time="0.001"/>
  <testcase name="testParser(String)[1934]" classname="ex.PublicTests$FlightParserTest" time="0.0"/>
  <testcase name="testParser(String)[1935]" classname="ex.PublicTests$FlightParserTest" time="0.0"/>
  <testcase name="testParser(String)[1936]" classname="ex.PublicTests$FlightParserTest" time="0.0"/>
  <testcase name="testParser(String)[1937]" classname="ex.PublicTests$FlightParserTest" time="0.0"/>
  <testcase name="testParser(String)[1938]" classname="ex.PublicTests$FlightParserTest" time="0.0"/>
  <testcase name="testParser(String)[1939]" classname="ex.PublicTests$FlightParserTest" time="0.0"/>
  <testcase name="testParser(String)[1940]" classname="ex.PublicTests$FlightParserTest" time="0.0"/>
  <testcase name="testParser(String)[1941]" classname="ex.PublicTests$FlightParserTest" time="0.0"/>
  <testcase name="testParser(String)[1942]" classname="ex.PublicTests$FlightParserTest" time="0.0"/>
  <testcase name="testParser(String)[1943]" classname="ex.PublicTests$FlightParserTest" time="0.0"/>
  <testcase name="testParser(String)[1944]" classname="ex.PublicTests$FlightParserTest" time="0.001"/>
  <testcase name="testParser(String)[1945]" classname="ex.PublicTests$FlightParserTest" time="0.0"/>
  <testcase name="testParser(String)[1946]" classname="ex.PublicTests$FlightParserTest" time="0.001"/>
  <testcase name="testParser(String)[1947]" classname="ex.PublicTests$FlightParserTest" time="0.0"/>
  <testcase name="testParser(String)[1948]" classname="ex.PublicTests$FlightParserTest" time="0.001"/>
  <testcase name="testParser(String)[1949]" classname="ex.PublicTests$FlightParserTest" time="0.0"/>
  <testcase name="testParser(String)[1950]" classname="ex.PublicTests$FlightParserTest" time="0.001"/>
  <testcase name="testParser(String)[1951]" classname="ex.PublicTests$FlightParserTest" time="0.0"/>
  <testcase name="testParser(String)[1952]" classname="ex.PublicTests$FlightParserTest" time="0.001"/>
  <testcase name="testParser(String)[1953]" classname="ex.PublicTests$FlightParserTest" time="0.0"/>
  <testcase name="testParser(String)[1954]" classname="ex.PublicTests$FlightParserTest" time="0.0"/>
  <testcase name="testParser(String)[1955]" classname="ex.PublicTests$FlightParserTest" time="0.0"/>
  <testcase name="testParser(String)[1956]" classname="ex.PublicTests$FlightParserTest" time="0.0"/>
  <testcase name="testParser(String)[1957]" classname="ex.PublicTests$FlightParserTest" time="0.0"/>
  <testcase name="testParser(String)[1958]" classname="ex.PublicTests$FlightParserTest" time="0.0"/>
  <testcase name="testParser(String)[1959]" classname="ex.PublicTests$FlightParserTest" time="0.001"/>
  <testcase name="testParser(String)[1960]" classname="ex.PublicTests$FlightParserTest" time="0.0"/>
  <testcase name="testParser(String)[1961]" classname="ex.PublicTests$FlightParserTest" time="0.0"/>
  <testcase name="testParser(String)[1962]" classname="ex.PublicTests$FlightParserTest" time="0.0"/>
  <testcase name="testParser(String)[1963]" classname="ex.PublicTests$FlightParserTest" time="0.0"/>
  <testcase name="testParser(String)[1964]" classname="ex.PublicTests$FlightParserTest" time="0.0"/>
  <testcase name="testParser(String)[1965]" classname="ex.PublicTests$FlightParserTest" time="0.0"/>
  <testcase name="testParser(String)[1966]" classname="ex.PublicTests$FlightParserTest" time="0.001"/>
  <testcase name="testParser(String)[1967]" classname="ex.PublicTests$FlightParserTest" time="0.0"/>
  <testcase name="testParser(String)[1968]" classname="ex.PublicTests$FlightParserTest" time="0.001"/>
  <testcase name="testParser(String)[1969]" classname="ex.PublicTests$FlightParserTest" time="0.0"/>
  <testcase name="testParser(String)[1970]" classname="ex.PublicTests$FlightParserTest" time="0.0"/>
  <testcase name="testParser(String)[1971]" classname="ex.PublicTests$FlightParserTest" time="0.0"/>
  <testcase name="testParser(String)[1972]" classname="ex.PublicTests$FlightParserTest" time="0.0"/>
  <testcase name="testParser(String)[1973]" classname="ex.PublicTests$FlightParserTest" time="0.0"/>
  <testcase name="testParser(String)[1974]" classname="ex.PublicTests$FlightParserTest" time="0.0"/>
  <testcase name="testParser(String)[1975]" classname="ex.PublicTests$FlightParserTest" time="0.002"/>
  <testcase name="testParser(String)[1976]" classname="ex.PublicTests$FlightParserTest" time="0.0"/>
  <testcase name="testParser(String)[1977]" classname="ex.PublicTests$FlightParserTest" time="0.0"/>
  <testcase name="testParser(String)[1978]" classname="ex.PublicTests$FlightParserTest" time="0.0"/>
  <testcase name="testParser(String)[1979]" classname="ex.PublicTests$FlightParserTest" time="0.0"/>
  <testcase name="testParser(String)[1980]" classname="ex.PublicTests$FlightParserTest" time="0.0"/>
  <testcase name="testParser(String)[1981]" classname="ex.PublicTests$FlightParserTest" time="0.0"/>
  <testcase name="testParser(String)[1982]" classname="ex.PublicTests$FlightParserTest" time="0.0"/>
  <testcase name="testParser(String)[1983]" classname="ex.PublicTests$FlightParserTest" time="0.0"/>
  <testcase name="testParser(String)[1984]" classname="ex.PublicTests$FlightParserTest" time="0.0"/>
  <testcase name="testParser(String)[1985]" classname="ex.PublicTests$FlightParserTest" time="0.0"/>
  <testcase name="testParser(String)[1986]" classname="ex.PublicTests$FlightParserTest" time="0.001"/>
  <testcase name="testParser(String)[1987]" classname="ex.PublicTests$FlightParserTest" time="0.0"/>
  <testcase name="testParser(String)[1988]" classname="ex.PublicTests$FlightParserTest" time="0.0"/>
  <testcase name="testParser(String)[1989]" classname="ex.PublicTests$FlightParserTest" time="0.0"/>
  <testcase name="testParser(String)[1990]" classname="ex.PublicTests$FlightParserTest" time="0.0"/>
  <testcase name="testParser(String)[1991]" classname="ex.PublicTests$FlightParserTest" time="0.0"/>
  <testcase name="testParser(String)[1992]" classname="ex.PublicTests$FlightParserTest" time="0.0"/>
  <testcase name="testParser(String)[1993]" classname="ex.PublicTests$FlightParserTest" time="0.0"/>
  <testcase name="testParser(String)[1994]" classname="ex.PublicTests$FlightParserTest" time="0.0"/>
  <testcase name="testParser(String)[1995]" classname="ex.PublicTests$FlightParserTest" time="0.001"/>
  <testcase name="testParser(String)[1996]" classname="ex.PublicTests$FlightParserTest" time="0.0"/>
  <testcase name="testParser(String)[1997]" classname="ex.PublicTests$FlightParserTest" time="0.001"/>
  <testcase name="testParser(String)[1998]" classname="ex.PublicTests$FlightParserTest" time="0.0"/>
  <testcase name="testParser(String)[1999]" classname="ex.PublicTests$FlightParserTest" time="0.0"/>
  <testcase name="testParser(String)[2000]" classname="ex.PublicTests$FlightParserTest" time="0.0"/>
  <testcase name="testParser(String)[2001]" classname="ex.PublicTests$FlightParserTest" time="0.0"/>
  <testcase name="testParser(String)[2002]" classname="ex.PublicTests$FlightParserTest" time="0.001"/>
  <testcase name="testParser(String)[2003]" classname="ex.PublicTests$FlightParserTest" time="0.0"/>
  <testcase name="testParser(String)[2004]" classname="ex.PublicTests$FlightParserTest" time="0.0"/>
  <testcase name="testParser(String)[2005]" classname="ex.PublicTests$FlightParserTest" time="0.0"/>
  <testcase name="testParser(String)[2006]" classname="ex.PublicTests$FlightParserTest" time="0.0"/>
  <testcase name="testParser(String)[2007]" classname="ex.PublicTests$FlightParserTest" time="0.0"/>
  <testcase name="testParser(String)[2008]" classname="ex.PublicTests$FlightParserTest" time="0.0"/>
  <testcase name="testParser(String)[2009]" classname="ex.PublicTests$FlightParserTest" time="0.0"/>
  <testcase name="testParser(String)[2010]" classname="ex.PublicTests$FlightParserTest" time="0.001"/>
  <testcase name="testParser(String)[2011]" classname="ex.PublicTests$FlightParserTest" time="0.0"/>
  <testcase name="testParser(String)[2012]" classname="ex.PublicTests$FlightParserTest" time="0.001"/>
  <testcase name="testParser(String)[2013]" classname="ex.PublicTests$FlightParserTest" time="0.0"/>
  <testcase name="testParser(String)[2014]" classname="ex.PublicTests$FlightParserTest" time="0.0"/>
  <testcase name="testParser(String)[2015]" classname="ex.PublicTests$FlightParserTest" time="0.001"/>
  <testcase name="testParser(String)[2016]" classname="ex.PublicTests$FlightParserTest" time="0.0"/>
  <testcase name="testParser(String)[2017]" classname="ex.PublicTests$FlightParserTest" time="0.001"/>
  <testcase name="testParser(String)[2018]" classname="ex.PublicTests$FlightParserTest" time="0.0"/>
  <testcase name="testParser(String)[2019]" classname="ex.PublicTests$FlightParserTest" time="0.0"/>
  <testcase name="testParser(String)[2020]" classname="ex.PublicTests$FlightParserTest" time="0.0"/>
  <testcase name="testParser(String)[2021]" classname="ex.PublicTests$FlightParserTest" time="0.0"/>
  <testcase name="testParser(String)[2022]" classname="ex.PublicTests$FlightParserTest" time="0.0"/>
  <testcase name="testParser(String)[2023]" classname="ex.PublicTests$FlightParserTest" time="0.0"/>
  <testcase name="testParser(String)[2024]" classname="ex.PublicTests$FlightParserTest" time="0.0"/>
  <testcase name="testParser(String)[2025]" classname="ex.PublicTests$FlightParserTest" time="0.0"/>
  <testcase name="testParser(String)[2026]" classname="ex.PublicTests$FlightParserTest" time="0.002"/>
  <testcase name="testParser(String)[2027]" classname="ex.PublicTests$FlightParserTest" time="0.0"/>
  <testcase name="testParser(String)[2028]" classname="ex.PublicTests$FlightParserTest" time="0.0"/>
  <testcase name="testParser(String)[2029]" classname="ex.PublicTests$FlightParserTest" time="0.0"/>
  <testcase name="testParser(String)[2030]" classname="ex.PublicTests$FlightParserTest" time="0.0"/>
  <testcase name="testParser(String)[2031]" classname="ex.PublicTests$FlightParserTest" time="0.001"/>
  <testcase name="testParser(String)[2032]" classname="ex.PublicTests$FlightParserTest" time="0.001"/>
  <testcase name="testParser(String)[2033]" classname="ex.PublicTests$FlightParserTest" time="0.001"/>
  <testcase name="testParser(String)[2034]" classname="ex.PublicTests$FlightParserTest" time="0.0"/>
  <testcase name="testParser(String)[2035]" classname="ex.PublicTests$FlightParserTest" time="0.001"/>
  <testcase name="testParser(String)[2036]" classname="ex.PublicTests$FlightParserTest" time="0.001"/>
  <testcase name="testParser(String)[2037]" classname="ex.PublicTests$FlightParserTest" time="0.0"/>
  <testcase name="testParser(String)[2038]" classname="ex.PublicTests$FlightParserTest" time="0.0"/>
  <testcase name="testParser(String)[2039]" classname="ex.PublicTests$FlightParserTest" time="0.001"/>
  <testcase name="testParser(String)[2040]" classname="ex.PublicTests$FlightParserTest" time="0.0"/>
  <testcase name="testParser(String)[2041]" classname="ex.PublicTests$FlightParserTest" time="0.0"/>
  <testcase name="testParser(String)[2042]" classname="ex.PublicTests$FlightParserTest" time="0.001"/>
  <testcase name="testParser(String)[2043]" classname="ex.PublicTests$FlightParserTest" time="0.0"/>
  <testcase name="testParser(String)[2044]" classname="ex.PublicTests$FlightParserTest" time="0.001"/>
  <testcase name="testParser(String)[2045]" classname="ex.PublicTests$FlightParserTest" time="0.0"/>
  <testcase name="testParser(String)[2046]" classname="ex.PublicTests$FlightParserTest" time="0.0"/>
  <testcase name="testParser(String)[2047]" classname="ex.PublicTests$FlightParserTest" time="0.0"/>
  <testcase name="testParser(String)[2048]" classname="ex.PublicTests$FlightParserTest" time="0.001"/>
  <testcase name="testParser(String)[2049]" classname="ex.PublicTests$FlightParserTest" time="0.0"/>
  <testcase name="testParser(String)[2050]" classname="ex.PublicTests$FlightParserTest" time="0.0"/>
  <testcase name="testParser(String)[2051]" classname="ex.PublicTests$FlightParserTest" time="0.0"/>
  <testcase name="testParser(String)[2052]" classname="ex.PublicTests$FlightParserTest" time="0.0"/>
  <testcase name="testParser(String)[2053]" classname="ex.PublicTests$FlightParserTest" time="0.001"/>
  <testcase name="testParser(String)[2054]" classname="ex.PublicTests$FlightParserTest" time="0.0"/>
  <testcase name="testParser(String)[2055]" classname="ex.PublicTests$FlightParserTest" time="0.0"/>
  <testcase name="testParser(String)[2056]" classname="ex.PublicTests$FlightParserTest" time="0.0"/>
  <testcase name="testParser(String)[2057]" classname="ex.PublicTests$FlightParserTest" time="0.001"/>
  <testcase name="testParser(String)[2058]" classname="ex.PublicTests$FlightParserTest" time="0.0"/>
  <testcase name="testParser(String)[2059]" classname="ex.PublicTests$FlightParserTest" time="0.0"/>
  <testcase name="testParser(String)[2060]" classname="ex.PublicTests$FlightParserTest" time="0.0"/>
  <testcase name="testParser(String)[2061]" classname="ex.PublicTests$FlightParserTest" time="0.0"/>
  <testcase name="testParser(String)[2062]" classname="ex.PublicTests$FlightParserTest" time="0.0"/>
  <testcase name="testParser(String)[2063]" classname="ex.PublicTests$FlightParserTest" time="0.0"/>
  <testcase name="testParser(String)[2064]" classname="ex.PublicTests$FlightParserTest" time="0.0"/>
  <testcase name="testParser(String)[2065]" classname="ex.PublicTests$FlightParserTest" time="0.0"/>
  <testcase name="testParser(String)[2066]" classname="ex.PublicTests$FlightParserTest" time="0.001"/>
  <testcase name="testParser(String)[2067]" classname="ex.PublicTests$FlightParserTest" time="0.0"/>
  <testcase name="testParser(String)[2068]" classname="ex.PublicTests$FlightParserTest" time="0.0"/>
  <testcase name="testParser(String)[2069]" classname="ex.PublicTests$FlightParserTest" time="0.0"/>
  <testcase name="testParser(String)[2070]" classname="ex.PublicTests$FlightParserTest" time="0.005"/>
  <testcase name="testParser(String)[2071]" classname="ex.PublicTests$FlightParserTest" time="0.0"/>
  <testcase name="testParser(String)[2072]" classname="ex.PublicTests$FlightParserTest" time="0.0"/>
  <testcase name="testParser(String)[2073]" classname="ex.PublicTests$FlightParserTest" time="0.001"/>
  <testcase name="testParser(String)[2074]" classname="ex.PublicTests$FlightParserTest" time="0.0"/>
  <testcase name="testParser(String)[2075]" classname="ex.PublicTests$FlightParserTest" time="0.0"/>
  <testcase name="testParser(String)[2076]" classname="ex.PublicTests$FlightParserTest" time="0.0"/>
  <testcase name="testParser(String)[2077]" classname="ex.PublicTests$FlightParserTest" time="0.001"/>
  <testcase name="testParser(String)[2078]" classname="ex.PublicTests$FlightParserTest" time="0.0"/>
  <testcase name="testParser(String)[2079]" classname="ex.PublicTests$FlightParserTest" time="0.001"/>
  <testcase name="testParser(String)[2080]" classname="ex.PublicTests$FlightParserTest" time="0.0"/>
  <testcase name="testParser(String)[2081]" classname="ex.PublicTests$FlightParserTest" time="0.005"/>
  <testcase name="testParser(String)[2082]" classname="ex.PublicTests$FlightParserTest" time="0.0"/>
  <testcase name="testParser(String)[2083]" classname="ex.PublicTests$FlightParserTest" time="0.0"/>
  <testcase name="testParser(String)[2084]" classname="ex.PublicTests$FlightParserTest" time="0.0"/>
  <testcase name="testParser(String)[2085]" classname="ex.PublicTests$FlightParserTest" time="0.001"/>
  <testcase name="testParser(String)[2086]" classname="ex.PublicTests$FlightParserTest" time="0.0"/>
  <testcase name="testParser(String)[2087]" classname="ex.PublicTests$FlightParserTest" time="0.0"/>
  <testcase name="testParser(String)[2088]" classname="ex.PublicTests$FlightParserTest" time="0.0"/>
  <testcase name="testParser(String)[2089]" classname="ex.PublicTests$FlightParserTest" time="0.0"/>
  <testcase name="testParser(String)[2090]" classname="ex.PublicTests$FlightParserTest" time="0.001"/>
  <testcase name="testParser(String)[2091]" classname="ex.PublicTests$FlightParserTest" time="0.0"/>
  <testcase name="testParser(String)[2092]" classname="ex.PublicTests$FlightParserTest" time="0.0"/>
  <testcase name="testParser(String)[2093]" classname="ex.PublicTests$FlightParserTest" time="0.001"/>
  <testcase name="testParser(String)[2094]" classname="ex.PublicTests$FlightParserTest" time="0.0"/>
  <testcase name="testParser(String)[2095]" classname="ex.PublicTests$FlightParserTest" time="0.0"/>
  <testcase name="testParser(String)[2096]" classname="ex.PublicTests$FlightParserTest" time="0.0"/>
  <testcase name="testParser(String)[2097]" classname="ex.PublicTests$FlightParserTest" time="0.0"/>
  <testcase name="testParser(String)[2098]" classname="ex.PublicTests$FlightParserTest" time="0.001"/>
  <testcase name="testParser(String)[2099]" classname="ex.PublicTests$FlightParserTest" time="0.0"/>
  <testcase name="testParser(String)[2100]" classname="ex.PublicTests$FlightParserTest" time="0.0"/>
  <testcase name="testParser(String)[2101]" classname="ex.PublicTests$FlightParserTest" time="0.0"/>
  <testcase name="testParser(String)[2102]" classname="ex.PublicTests$FlightParserTest" time="0.0"/>
  <testcase name="testParser(String)[2103]" classname="ex.PublicTests$FlightParserTest" time="0.0"/>
  <testcase name="testParser(String)[2104]" classname="ex.PublicTests$FlightParserTest" time="0.0"/>
  <testcase name="testParser(String)[2105]" classname="ex.PublicTests$FlightParserTest" time="0.001"/>
  <testcase name="testParser(String)[2106]" classname="ex.PublicTests$FlightParserTest" time="0.0"/>
  <testcase name="testParser(String)[2107]" classname="ex.PublicTests$FlightParserTest" time="0.001"/>
  <testcase name="testParser(String)[2108]" classname="ex.PublicTests$FlightParserTest" time="0.0"/>
  <testcase name="testParser(String)[2109]" classname="ex.PublicTests$FlightParserTest" time="0.0"/>
  <testcase name="testParser(String)[2110]" classname="ex.PublicTests$FlightParserTest" time="0.0"/>
  <testcase name="testParser(String)[2111]" classname="ex.PublicTests$FlightParserTest" time="0.0"/>
  <testcase name="testParser(String)[2112]" classname="ex.PublicTests$FlightParserTest" time="0.007"/>
  <testcase name="testParser(String)[2113]" classname="ex.PublicTests$FlightParserTest" time="0.0"/>
  <testcase name="testParser(String)[2114]" classname="ex.PublicTests$FlightParserTest" time="0.0"/>
  <testcase name="testParser(String)[2115]" classname="ex.PublicTests$FlightParserTest" time="0.0"/>
  <testcase name="testParser(String)[2116]" classname="ex.PublicTests$FlightParserTest" time="0.0"/>
  <testcase name="testParser(String)[2117]" classname="ex.PublicTests$FlightParserTest" time="0.0"/>
  <testcase name="testParser(String)[2118]" classname="ex.PublicTests$FlightParserTest" time="0.0"/>
  <testcase name="testParser(String)[2119]" classname="ex.PublicTests$FlightParserTest" time="0.0"/>
  <testcase name="testParser(String)[2120]" classname="ex.PublicTests$FlightParserTest" time="0.0"/>
  <testcase name="testParser(String)[2121]" classname="ex.PublicTests$FlightParserTest" time="0.0"/>
  <testcase name="testParser(String)[2122]" classname="ex.PublicTests$FlightParserTest" time="0.0"/>
  <testcase name="testParser(String)[2123]" classname="ex.PublicTests$FlightParserTest" time="0.006"/>
  <testcase name="testParser(String)[2124]" classname="ex.PublicTests$FlightParserTest" time="0.0"/>
  <testcase name="testParser(String)[2125]" classname="ex.PublicTests$FlightParserTest" time="0.0"/>
  <testcase name="testParser(String)[2126]" classname="ex.PublicTests$FlightParserTest" time="0.0"/>
  <testcase name="testParser(String)[2127]" classname="ex.PublicTests$FlightParserTest" time="0.001"/>
  <testcase name="testParser(String)[2128]" classname="ex.PublicTests$FlightParserTest" time="0.0"/>
  <testcase name="testParser(String)[2129]" classname="ex.PublicTests$FlightParserTest" time="0.0"/>
  <testcase name="testParser(String)[2130]" classname="ex.PublicTests$FlightParserTest" time="0.0"/>
  <testcase name="testParser(String)[2131]" classname="ex.PublicTests$FlightParserTest" time="0.0"/>
  <testcase name="testParser(String)[2132]" classname="ex.PublicTests$FlightParserTest" time="0.001"/>
  <testcase name="testParser(String)[2133]" classname="ex.PublicTests$FlightParserTest" time="0.0"/>
  <testcase name="testParser(String)[2134]" classname="ex.PublicTests$FlightParserTest" time="0.006"/>
  <testcase name="testParser(String)[2135]" classname="ex.PublicTests$FlightParserTest" time="0.0"/>
  <testcase name="testParser(String)[2136]" classname="ex.PublicTests$FlightParserTest" time="0.0"/>
  <testcase name="testParser(String)[2137]" classname="ex.PublicTests$FlightParserTest" time="0.0"/>
  <testcase name="testParser(String)[2138]" classname="ex.PublicTests$FlightParserTest" time="0.0"/>
  <testcase name="testParser(String)[2139]" classname="ex.PublicTests$FlightParserTest" time="0.0"/>
  <testcase name="testParser(String)[2140]" classname="ex.PublicTests$FlightParserTest" time="0.001"/>
  <testcase name="testParser(String)[2141]" classname="ex.PublicTests$FlightParserTest" time="0.0"/>
  <testcase name="testParser(String)[2142]" classname="ex.PublicTests$FlightParserTest" time="0.001"/>
  <testcase name="testParser(String)[2143]" classname="ex.PublicTests$FlightParserTest" time="0.0"/>
  <testcase name="testParser(String)[2144]" classname="ex.PublicTests$FlightParserTest" time="0.0"/>
  <testcase name="testParser(String)[2145]" classname="ex.PublicTests$FlightParserTest" time="0.0"/>
  <testcase name="testParser(String)[2146]" classname="ex.PublicTests$FlightParserTest" time="0.0"/>
  <testcase name="testParser(String)[2147]" classname="ex.PublicTests$FlightParserTest" time="0.0"/>
  <testcase name="testParser(String)[2148]" classname="ex.PublicTests$FlightParserTest" time="0.0"/>
  <testcase name="testParser(String)[2149]" classname="ex.PublicTests$FlightParserTest" time="0.0"/>
  <testcase name="testParser(String)[2150]" classname="ex.PublicTests$FlightParserTest" time="0.0"/>
  <testcase name="testParser(String)[2151]" classname="ex.PublicTests$FlightParserTest" time="0.001"/>
  <testcase name="testParser(String)[2152]" classname="ex.PublicTests$FlightParserTest" time="0.0"/>
  <testcase name="testParser(String)[2153]" classname="ex.PublicTests$FlightParserTest" time="0.001"/>
  <testcase name="testParser(String)[2154]" classname="ex.PublicTests$FlightParserTest" time="0.0"/>
  <testcase name="testParser(String)[2155]" classname="ex.PublicTests$FlightParserTest" time="0.0"/>
  <testcase name="testParser(String)[2156]" classname="ex.PublicTests$FlightParserTest" time="0.001"/>
  <testcase name="testParser(String)[2157]" classname="ex.PublicTests$FlightParserTest" time="0.0"/>
  <testcase name="testParser(String)[2158]" classname="ex.PublicTests$FlightParserTest" time="0.0"/>
  <testcase name="testParser(String)[2159]" classname="ex.PublicTests$FlightParserTest" time="0.001"/>
  <testcase name="testParser(String)[2160]" classname="ex.PublicTests$FlightParserTest" time="0.0"/>
  <testcase name="testParser(String)[2161]" classname="ex.PublicTests$FlightParserTest" time="0.0"/>
  <testcase name="testParser(String)[2162]" classname="ex.PublicTests$FlightParserTest" time="0.0"/>
  <testcase name="testParser(String)[2163]" classname="ex.PublicTests$FlightParserTest" time="0.0"/>
  <testcase name="testParser(String)[2164]" classname="ex.PublicTests$FlightParserTest" time="0.001"/>
  <testcase name="testParser(String)[2165]" classname="ex.PublicTests$FlightParserTest" time="0.0"/>
  <testcase name="testParser(String)[2166]" classname="ex.PublicTests$FlightParserTest" time="0.0"/>
  <testcase name="testParser(String)[2167]" classname="ex.PublicTests$FlightParserTest" time="0.0"/>
  <testcase name="testParser(String)[2168]" classname="ex.PublicTests$FlightParserTest" time="0.0"/>
  <testcase name="testParser(String)[2169]" classname="ex.PublicTests$FlightParserTest" time="0.0"/>
  <testcase name="testParser(String)[2170]" classname="ex.PublicTests$FlightParserTest" time="0.0"/>
  <testcase name="testParser(String)[2171]" classname="ex.PublicTests$FlightParserTest" time="0.013"/>
  <testcase name="testParser(String)[2172]" classname="ex.PublicTests$FlightParserTest" time="0.0"/>
  <testcase name="testParser(String)[2173]" classname="ex.PublicTests$FlightParserTest" time="0.001"/>
  <testcase name="testParser(String)[2174]" classname="ex.PublicTests$FlightParserTest" time="0.0"/>
  <testcase name="testParser(String)[2175]" classname="ex.PublicTests$FlightParserTest" time="0.0"/>
  <testcase name="testParser(String)[2176]" classname="ex.PublicTests$FlightParserTest" time="0.0"/>
  <testcase name="testParser(String)[2177]" classname="ex.PublicTests$FlightParserTest" time="0.0"/>
  <testcase name="testParser(String)[2178]" classname="ex.PublicTests$FlightParserTest" time="0.0"/>
  <testcase name="testParser(String)[2179]" classname="ex.PublicTests$FlightParserTest" time="0.0"/>
  <testcase name="testParser(String)[2180]" classname="ex.PublicTests$FlightParserTest" time="0.0"/>
  <testcase name="testParser(String)[2181]" classname="ex.PublicTests$FlightParserTest" time="0.0"/>
  <testcase name="testParser(String)[2182]" classname="ex.PublicTests$FlightParserTest" time="0.0"/>
  <testcase name="testParser(String)[2183]" classname="ex.PublicTests$FlightParserTest" time="0.001"/>
  <testcase name="testParser(String)[2184]" classname="ex.PublicTests$FlightParserTest" time="0.0"/>
  <testcase name="testParser(String)[2185]" classname="ex.PublicTests$FlightParserTest" time="0.0"/>
  <testcase name="testParser(String)[2186]" classname="ex.PublicTests$FlightParserTest" time="0.001"/>
  <testcase name="testParser(String)[2187]" classname="ex.PublicTests$FlightParserTest" time="0.0"/>
  <testcase name="testParser(String)[2188]" classname="ex.PublicTests$FlightParserTest" time="0.0"/>
  <testcase name="testParser(String)[2189]" classname="ex.PublicTests$FlightParserTest" time="0.0"/>
  <testcase name="testParser(String)[2190]" classname="ex.PublicTests$FlightParserTest" time="0.0"/>
  <testcase name="testParser(String)[2191]" classname="ex.PublicTests$FlightParserTest" time="0.001"/>
  <testcase name="testParser(String)[2192]" classname="ex.PublicTests$FlightParserTest" time="0.0"/>
  <testcase name="testParser(String)[2193]" classname="ex.PublicTests$FlightParserTest" time="0.001"/>
  <testcase name="testParser(String)[2194]" classname="ex.PublicTests$FlightParserTest" time="0.0"/>
  <testcase name="testParser(String)[2195]" classname="ex.PublicTests$FlightParserTest" time="0.0"/>
  <testcase name="testParser(String)[2196]" classname="ex.PublicTests$FlightParserTest" time="0.0"/>
  <testcase name="testParser(String)[2197]" classname="ex.PublicTests$FlightParserTest" time="0.0"/>
  <testcase name="testParser(String)[2198]" classname="ex.PublicTests$FlightParserTest" time="0.0"/>
  <testcase name="testParser(String)[2199]" classname="ex.PublicTests$FlightParserTest" time="0.0"/>
  <testcase name="testParser(String)[2200]" classname="ex.PublicTests$FlightParserTest" time="0.001"/>
  <testcase name="testParser(String)[2201]" classname="ex.PublicTests$FlightParserTest" time="0.006"/>
  <testcase name="testParser(String)[2202]" classname="ex.PublicTests$FlightParserTest" time="0.0"/>
  <testcase name="testParser(String)[2203]" classname="ex.PublicTests$FlightParserTest" time="0.0"/>
  <testcase name="testParser(String)[2204]" classname="ex.PublicTests$FlightParserTest" time="0.0"/>
  <testcase name="testParser(String)[2205]" classname="ex.PublicTests$FlightParserTest" time="0.0"/>
  <testcase name="testParser(String)[2206]" classname="ex.PublicTests$FlightParserTest" time="0.0"/>
  <testcase name="testParser(String)[2207]" classname="ex.PublicTests$FlightParserTest" time="0.0"/>
  <testcase name="testParser(String)[2208]" classname="ex.PublicTests$FlightParserTest" time="0.0"/>
  <testcase name="testParser(String)[2209]" classname="ex.PublicTests$FlightParserTest" time="0.0"/>
  <testcase name="testParser(String)[2210]" classname="ex.PublicTests$FlightParserTest" time="0.0"/>
  <testcase name="testParser(String)[2211]" classname="ex.PublicTests$FlightParserTest" time="0.001"/>
  <testcase name="testParser(String)[2212]" classname="ex.PublicTests$FlightParserTest" time="0.0"/>
  <testcase name="testParser(String)[2213]" classname="ex.PublicTests$FlightParserTest" time="0.0"/>
  <testcase name="testParser(String)[2214]" classname="ex.PublicTests$FlightParserTest" time="0.0"/>
  <testcase name="testParser(String)[2215]" classname="ex.PublicTests$FlightParserTest" time="0.0"/>
  <testcase name="testParser(String)[2216]" classname="ex.PublicTests$FlightParserTest" time="0.001"/>
  <testcase name="testParser(String)[2217]" classname="ex.PublicTests$FlightParserTest" time="0.0"/>
  <testcase name="testParser(String)[2218]" classname="ex.PublicTests$FlightParserTest" time="0.0"/>
  <testcase name="testParser(String)[2219]" classname="ex.PublicTests$FlightParserTest" time="0.0"/>
  <testcase name="testParser(String)[2220]" classname="ex.PublicTests$FlightParserTest" time="0.0"/>
  <testcase name="testParser(String)[2221]" classname="ex.PublicTests$FlightParserTest" time="0.0"/>
  <testcase name="testParser(String)[2222]" classname="ex.PublicTests$FlightParserTest" time="0.0"/>
  <testcase name="testParser(String)[2223]" classname="ex.PublicTests$FlightParserTest" time="0.0"/>
  <testcase name="testParser(String)[2224]" classname="ex.PublicTests$FlightParserTest" time="0.0"/>
  <testcase name="testParser(String)[2225]" classname="ex.PublicTests$FlightParserTest" time="0.0"/>
  <testcase name="testParser(String)[2226]" classname="ex.PublicTests$FlightParserTest" time="0.0"/>
  <testcase name="testParser(String)[2227]" classname="ex.PublicTests$FlightParserTest" time="0.0"/>
  <testcase name="testParser(String)[2228]" classname="ex.PublicTests$FlightParserTest" time="0.0"/>
  <testcase name="testParser(String)[2229]" classname="ex.PublicTests$FlightParserTest" time="0.001"/>
  <testcase name="testParser(String)[2230]" classname="ex.PublicTests$FlightParserTest" time="0.019"/>
  <testcase name="testParser(String)[2231]" classname="ex.PublicTests$FlightParserTest" time="0.0"/>
  <testcase name="testParser(String)[2232]" classname="ex.PublicTests$FlightParserTest" time="0.0"/>
  <testcase name="testParser(String)[2233]" classname="ex.PublicTests$FlightParserTest" time="0.0"/>
  <testcase name="testParser(String)[2234]" classname="ex.PublicTests$FlightParserTest" time="0.0"/>
  <testcase name="testParser(String)[2235]" classname="ex.PublicTests$FlightParserTest" time="0.0"/>
  <testcase name="testParser(String)[2236]" classname="ex.PublicTests$FlightParserTest" time="0.0"/>
  <testcase name="testParser(String)[2237]" classname="ex.PublicTests$FlightParserTest" time="0.0"/>
  <testcase name="testParser(String)[2238]" classname="ex.PublicTests$FlightParserTest" time="0.0"/>
  <testcase name="testParser(String)[2239]" classname="ex.PublicTests$FlightParserTest" time="0.0"/>
  <testcase name="testParser(String)[2240]" classname="ex.PublicTests$FlightParserTest" time="0.0"/>
  <testcase name="testParser(String)[2241]" classname="ex.PublicTests$FlightParserTest" time="0.0"/>
  <testcase name="testParser(String)[2242]" classname="ex.PublicTests$FlightParserTest" time="0.0"/>
  <testcase name="testParser(String)[2243]" classname="ex.PublicTests$FlightParserTest" time="0.0"/>
  <testcase name="testParser(String)[2244]" classname="ex.PublicTests$FlightParserTest" time="0.0"/>
  <testcase name="testParser(String)[2245]" classname="ex.PublicTests$FlightParserTest" time="0.0"/>
  <testcase name="testParser(String)[2246]" classname="ex.PublicTests$FlightParserTest" time="0.0"/>
  <testcase name="testParser(String)[2247]" classname="ex.PublicTests$FlightParserTest" time="0.0"/>
  <testcase name="testParser(String)[2248]" classname="ex.PublicTests$FlightParserTest" time="0.001"/>
  <testcase name="testParser(String)[2249]" classname="ex.PublicTests$FlightParserTest" time="0.004"/>
  <testcase name="testParser(String)[2250]" classname="ex.PublicTests$FlightParserTest" time="0.0"/>
  <testcase name="testParser(String)[2251]" classname="ex.PublicTests$FlightParserTest" time="0.0"/>
  <testcase name="testParser(String)[2252]" classname="ex.PublicTests$FlightParserTest" time="0.0"/>
  <testcase name="testParser(String)[2253]" classname="ex.PublicTests$FlightParserTest" time="0.0"/>
  <testcase name="testParser(String)[2254]" classname="ex.PublicTests$FlightParserTest" time="0.001"/>
  <testcase name="testParser(String)[2255]" classname="ex.PublicTests$FlightParserTest" time="0.0"/>
  <testcase name="testParser(String)[2256]" classname="ex.PublicTests$FlightParserTest" time="0.0"/>
  <testcase name="testParser(String)[2257]" classname="ex.PublicTests$FlightParserTest" time="0.0"/>
  <testcase name="testParser(String)[2258]" classname="ex.PublicTests$FlightParserTest" time="0.0"/>
  <testcase name="testParser(String)[2259]" classname="ex.PublicTests$FlightParserTest" time="0.001"/>
  <testcase name="testParser(String)[2260]" classname="ex.PublicTests$FlightParserTest" time="0.0"/>
  <testcase name="testParser(String)[2261]" classname="ex.PublicTests$FlightParserTest" time="0.0"/>
  <testcase name="testParser(String)[2262]" classname="ex.PublicTests$FlightParserTest" time="0.0"/>
  <testcase name="testParser(String)[2263]" classname="ex.PublicTests$FlightParserTest" time="0.0"/>
  <testcase name="testParser(String)[2264]" classname="ex.PublicTests$FlightParserTest" time="0.0"/>
  <testcase name="testParser(String)[2265]" classname="ex.PublicTests$FlightParserTest" time="0.0"/>
  <testcase name="testParser(String)[2266]" classname="ex.PublicTests$FlightParserTest" time="0.0"/>
  <testcase name="testParser(String)[2267]" classname="ex.PublicTests$FlightParserTest" time="0.0"/>
  <testcase name="testParser(String)[2268]" classname="ex.PublicTests$FlightParserTest" time="0.0"/>
  <testcase name="testParser(String)[2269]" classname="ex.PublicTests$FlightParserTest" time="0.001"/>
  <testcase name="testParser(String)[2270]" classname="ex.PublicTests$FlightParserTest" time="0.0"/>
  <testcase name="testParser(String)[2271]" classname="ex.PublicTests$FlightParserTest" time="0.0"/>
  <testcase name="testParser(String)[2272]" classname="ex.PublicTests$FlightParserTest" time="0.0"/>
  <testcase name="testParser(String)[2273]" classname="ex.PublicTests$FlightParserTest" time="0.0"/>
  <testcase name="testParser(String)[2274]" classname="ex.PublicTests$FlightParserTest" time="0.0"/>
  <testcase name="testParser(String)[2275]" classname="ex.PublicTests$FlightParserTest" time="0.001"/>
  <testcase name="testParser(String)[2276]" classname="ex.PublicTests$FlightParserTest" time="0.0"/>
  <testcase name="testParser(String)[2277]" classname="ex.PublicTests$FlightParserTest" time="0.0"/>
  <testcase name="testParser(String)[2278]" classname="ex.PublicTests$FlightParserTest" time="0.0"/>
  <testcase name="testParser(String)[2279]" classname="ex.PublicTests$FlightParserTest" time="0.001"/>
  <testcase name="testParser(String)[2280]" classname="ex.PublicTests$FlightParserTest" time="0.0"/>
  <testcase name="testParser(String)[2281]" classname="ex.PublicTests$FlightParserTest" time="0.001"/>
  <testcase name="testParser(String)[2282]" classname="ex.PublicTests$FlightParserTest" time="0.0"/>
  <testcase name="testParser(String)[2283]" classname="ex.PublicTests$FlightParserTest" time="0.0"/>
  <testcase name="testParser(String)[2284]" classname="ex.PublicTests$FlightParserTest" time="0.001"/>
  <testcase name="testParser(String)[2285]" classname="ex.PublicTests$FlightParserTest" time="0.001"/>
  <testcase name="testParser(String)[2286]" classname="ex.PublicTests$FlightParserTest" time="0.0"/>
  <testcase name="testParser(String)[2287]" classname="ex.PublicTests$FlightParserTest" time="0.0"/>
  <testcase name="testParser(String)[2288]" classname="ex.PublicTests$FlightParserTest" time="0.0"/>
  <testcase name="testParser(String)[2289]" classname="ex.PublicTests$FlightParserTest" time="0.0"/>
  <testcase name="testParser(String)[2290]" classname="ex.PublicTests$FlightParserTest" time="0.0"/>
  <testcase name="testParser(String)[2291]" classname="ex.PublicTests$FlightParserTest" time="0.0"/>
  <testcase name="testParser(String)[2292]" classname="ex.PublicTests$FlightParserTest" time="0.0"/>
  <testcase name="testParser(String)[2293]" classname="ex.PublicTests$FlightParserTest" time="0.0"/>
  <testcase name="testParser(String)[2294]" classname="ex.PublicTests$FlightParserTest" time="0.0"/>
  <testcase name="testParser(String)[2295]" classname="ex.PublicTests$FlightParserTest" time="0.0"/>
  <testcase name="testParser(String)[2296]" classname="ex.PublicTests$FlightParserTest" time="0.0"/>
  <testcase name="testParser(String)[2297]" classname="ex.PublicTests$FlightParserTest" time="0.0"/>
  <testcase name="testParser(String)[2298]" classname="ex.PublicTests$FlightParserTest" time="0.0"/>
  <testcase name="testParser(String)[2299]" classname="ex.PublicTests$FlightParserTest" time="0.001"/>
  <testcase name="testParser(String)[2300]" classname="ex.PublicTests$FlightParserTest" time="0.0"/>
  <testcase name="testParser(String)[2301]" classname="ex.PublicTests$FlightParserTest" time="0.0"/>
  <testcase name="testParser(String)[2302]" classname="ex.PublicTests$FlightParserTest" time="0.0"/>
  <testcase name="testParser(String)[2303]" classname="ex.PublicTests$FlightParserTest" time="0.0"/>
  <testcase name="testParser(String)[2304]" classname="ex.PublicTests$FlightParserTest" time="0.0"/>
  <testcase name="testParser(String)[2305]" classname="ex.PublicTests$FlightParserTest" time="0.0"/>
  <testcase name="testParser(String)[2306]" classname="ex.PublicTests$FlightParserTest" time="0.0"/>
  <testcase name="testParser(String)[2307]" classname="ex.PublicTests$FlightParserTest" time="0.001"/>
  <testcase name="testParser(String)[2308]" classname="ex.PublicTests$FlightParserTest" time="0.0"/>
  <testcase name="testParser(String)[2309]" classname="ex.PublicTests$FlightParserTest" time="0.0"/>
  <testcase name="testParser(String)[2310]" classname="ex.PublicTests$FlightParserTest" time="0.0"/>
  <testcase name="testParser(String)[2311]" classname="ex.PublicTests$FlightParserTest" time="0.0"/>
  <testcase name="testParser(String)[2312]" classname="ex.PublicTests$FlightParserTest" time="0.0"/>
  <testcase name="testParser(String)[2313]" classname="ex.PublicTests$FlightParserTest" time="0.0"/>
  <testcase name="testParser(String)[2314]" classname="ex.PublicTests$FlightParserTest" time="0.0"/>
  <testcase name="testParser(String)[2315]" classname="ex.PublicTests$FlightParserTest" time="0.0"/>
  <testcase name="testParser(String)[2316]" classname="ex.PublicTests$FlightParserTest" time="0.0"/>
  <testcase name="testParser(String)[2317]" classname="ex.PublicTests$FlightParserTest" time="0.0"/>
  <testcase name="testParser(String)[2318]" classname="ex.PublicTests$FlightParserTest" time="0.0"/>
  <testcase name="testParser(String)[2319]" classname="ex.PublicTests$FlightParserTest" time="0.0"/>
  <testcase name="testParser(String)[2320]" classname="ex.PublicTests$FlightParserTest" time="0.0"/>
  <testcase name="testParser(String)[2321]" classname="ex.PublicTests$FlightParserTest" time="0.0"/>
  <testcase name="testParser(String)[2322]" classname="ex.PublicTests$FlightParserTest" time="0.001"/>
  <testcase name="testParser(String)[2323]" classname="ex.PublicTests$FlightParserTest" time="0.0"/>
  <testcase name="testParser(String)[2324]" classname="ex.PublicTests$FlightParserTest" time="0.0"/>
  <testcase name="testParser(String)[2325]" classname="ex.PublicTests$FlightParserTest" time="0.0"/>
  <testcase name="testParser(String)[2326]" classname="ex.PublicTests$FlightParserTest" time="0.0"/>
  <testcase name="testParser(String)[2327]" classname="ex.PublicTests$FlightParserTest" time="0.0"/>
  <testcase name="testParser(String)[2328]" classname="ex.PublicTests$FlightParserTest" time="0.0"/>
  <testcase name="testParser(String)[2329]" classname="ex.PublicTests$FlightParserTest" time="0.0"/>
  <testcase name="testParser(String)[2330]" classname="ex.PublicTests$FlightParserTest" time="0.0"/>
  <testcase name="testParser(String)[2331]" classname="ex.PublicTests$FlightParserTest" time="0.001"/>
  <testcase name="testParser(String)[2332]" classname="ex.PublicTests$FlightParserTest" time="0.0"/>
  <testcase name="testParser(String)[2333]" classname="ex.PublicTests$FlightParserTest" time="0.0"/>
  <testcase name="testParser(String)[2334]" classname="ex.PublicTests$FlightParserTest" time="0.0"/>
  <testcase name="testParser(String)[2335]" classname="ex.PublicTests$FlightParserTest" time="0.0"/>
  <testcase name="testParser(String)[2336]" classname="ex.PublicTests$FlightParserTest" time="0.008"/>
  <testcase name="testParser(String)[2337]" classname="ex.PublicTests$FlightParserTest" time="0.0"/>
  <testcase name="testParser(String)[2338]" classname="ex.PublicTests$FlightParserTest" time="0.0"/>
  <testcase name="testParser(String)[2339]" classname="ex.PublicTests$FlightParserTest" time="0.0"/>
  <testcase name="testParser(String)[2340]" classname="ex.PublicTests$FlightParserTest" time="0.0"/>
  <testcase name="testParser(String)[2341]" classname="ex.PublicTests$FlightParserTest" time="0.0"/>
  <testcase name="testParser(String)[2342]" classname="ex.PublicTests$FlightParserTest" time="0.0"/>
  <testcase name="testParser(String)[2343]" classname="ex.PublicTests$FlightParserTest" time="0.001"/>
  <testcase name="testParser(String)[2344]" classname="ex.PublicTests$FlightParserTest" time="0.0"/>
  <testcase name="testParser(String)[2345]" classname="ex.PublicTests$FlightParserTest" time="0.0"/>
  <testcase name="testParser(String)[2346]" classname="ex.PublicTests$FlightParserTest" time="0.0"/>
  <testcase name="testParser(String)[2347]" classname="ex.PublicTests$FlightParserTest" time="0.0"/>
  <testcase name="testParser(String)[2348]" classname="ex.PublicTests$FlightParserTest" time="0.0"/>
  <testcase name="testParser(String)[2349]" classname="ex.PublicTests$FlightParserTest" time="0.0"/>
  <testcase name="testParser(String)[2350]" classname="ex.PublicTests$FlightParserTest" time="0.0"/>
  <testcase name="testParser(String)[2351]" classname="ex.PublicTests$FlightParserTest" time="0.001"/>
  <testcase name="testParser(String)[2352]" classname="ex.PublicTests$FlightParserTest" time="0.0"/>
  <testcase name="testParser(String)[2353]" classname="ex.PublicTests$FlightParserTest" time="0.0"/>
  <testcase name="testParser(String)[2354]" classname="ex.PublicTests$FlightParserTest" time="0.001"/>
  <testcase name="testParser(String)[2355]" classname="ex.PublicTests$FlightParserTest" time="0.0"/>
  <testcase name="testParser(String)[2356]" classname="ex.PublicTests$FlightParserTest" time="0.0"/>
  <testcase name="testParser(String)[2357]" classname="ex.PublicTests$FlightParserTest" time="0.0"/>
  <testcase name="testParser(String)[2358]" classname="ex.PublicTests$FlightParserTest" time="0.0"/>
  <testcase name="testParser(String)[2359]" classname="ex.PublicTests$FlightParserTest" time="0.001"/>
  <testcase name="testParser(String)[2360]" classname="ex.PublicTests$FlightParserTest" time="0.0"/>
  <testcase name="testParser(String)[2361]" classname="ex.PublicTests$FlightParserTest" time="0.001"/>
  <testcase name="testParser(String)[2362]" classname="ex.PublicTests$FlightParserTest" time="0.0"/>
  <testcase name="testParser(String)[2363]" classname="ex.PublicTests$FlightParserTest" time="0.0"/>
  <testcase name="testParser(String)[2364]" classname="ex.PublicTests$FlightParserTest" time="0.001"/>
  <testcase name="testParser(String)[2365]" classname="ex.PublicTests$FlightParserTest" time="0.0"/>
  <testcase name="testParser(String)[2366]" classname="ex.PublicTests$FlightParserTest" time="0.0"/>
  <testcase name="testParser(String)[2367]" classname="ex.PublicTests$FlightParserTest" time="0.0"/>
  <testcase name="testParser(String)[2368]" classname="ex.PublicTests$FlightParserTest" time="0.0"/>
  <testcase name="testParser(String)[2369]" classname="ex.PublicTests$FlightParserTest" time="0.0"/>
  <testcase name="testParser(String)[2370]" classname="ex.PublicTests$FlightParserTest" time="0.0"/>
  <testcase name="testParser(String)[2371]" classname="ex.PublicTests$FlightParserTest" time="0.0"/>
  <testcase name="testParser(String)[2372]" classname="ex.PublicTests$FlightParserTest" time="0.0"/>
  <testcase name="testParser(String)[2373]" classname="ex.PublicTests$FlightParserTest" time="0.0"/>
  <testcase name="testParser(String)[2374]" classname="ex.PublicTests$FlightParserTest" time="0.0"/>
  <testcase name="testParser(String)[2375]" classname="ex.PublicTests$FlightParserTest" time="0.001"/>
  <testcase name="testParser(String)[2376]" classname="ex.PublicTests$FlightParserTest" time="0.0"/>
  <testcase name="testParser(String)[2377]" classname="ex.PublicTests$FlightParserTest" time="0.0"/>
  <testcase name="testParser(String)[2378]" classname="ex.PublicTests$FlightParserTest" time="0.0"/>
  <testcase name="testParser(String)[2379]" classname="ex.PublicTests$FlightParserTest" time="0.0"/>
  <testcase name="testParser(String)[2380]" classname="ex.PublicTests$FlightParserTest" time="0.0"/>
  <testcase name="testParser(String)[2381]" classname="ex.PublicTests$FlightParserTest" time="0.0"/>
  <testcase name="testParser(String)[2382]" classname="ex.PublicTests$FlightParserTest" time="0.0"/>
  <testcase name="testParser(String)[2383]" classname="ex.PublicTests$FlightParserTest" time="0.0"/>
  <testcase name="testParser(String)[2384]" classname="ex.PublicTests$FlightParserTest" time="0.0"/>
  <testcase name="testParser(String)[2385]" classname="ex.PublicTests$FlightParserTest" time="0.0"/>
  <testcase name="testParser(String)[2386]" classname="ex.PublicTests$FlightParserTest" time="0.0"/>
  <testcase name="testParser(String)[2387]" classname="ex.PublicTests$FlightParserTest" time="0.0"/>
  <testcase name="testParser(String)[2388]" classname="ex.PublicTests$FlightParserTest" time="0.0"/>
  <testcase name="testParser(String)[2389]" classname="ex.PublicTests$FlightParserTest" time="0.0"/>
  <testcase name="testParser(String)[2390]" classname="ex.PublicTests$FlightParserTest" time="0.0"/>
  <testcase name="testParser(String)[2391]" classname="ex.PublicTests$FlightParserTest" time="0.0"/>
  <testcase name="testParser(String)[2392]" classname="ex.PublicTests$FlightParserTest" time="0.0"/>
  <testcase name="testParser(String)[2393]" classname="ex.PublicTests$FlightParserTest" time="0.0"/>
  <testcase name="testParser(String)[2394]" classname="ex.PublicTests$FlightParserTest" time="0.0"/>
  <testcase name="testParser(String)[2395]" classname="ex.PublicTests$FlightParserTest" time="0.0"/>
  <testcase name="testParser(String)[2396]" classname="ex.PublicTests$FlightParserTest" time="0.0"/>
  <testcase name="testParser(String)[2397]" classname="ex.PublicTests$FlightParserTest" time="0.0"/>
  <testcase name="testParser(String)[2398]" classname="ex.PublicTests$FlightParserTest" time="0.0"/>
  <testcase name="testParser(String)[2399]" classname="ex.PublicTests$FlightParserTest" time="0.0"/>
  <testcase name="testParser(String)[2400]" classname="ex.PublicTests$FlightParserTest" time="0.0"/>
  <testcase name="testParser(String)[2401]" classname="ex.PublicTests$FlightParserTest" time="0.0"/>
  <testcase name="testParser(String)[2402]" classname="ex.PublicTests$FlightParserTest" time="0.001"/>
  <testcase name="testParser(String)[2403]" classname="ex.PublicTests$FlightParserTest" time="0.0"/>
  <testcase name="testParser(String)[2404]" classname="ex.PublicTests$FlightParserTest" time="0.0"/>
  <testcase name="testParser(String)[2405]" classname="ex.PublicTests$FlightParserTest" time="0.0"/>
  <testcase name="testParser(String)[2406]" classname="ex.PublicTests$FlightParserTest" time="0.0"/>
  <testcase name="testParser(String)[2407]" classname="ex.PublicTests$FlightParserTest" time="0.0"/>
  <testcase name="testParser(String)[2408]" classname="ex.PublicTests$FlightParserTest" time="0.0"/>
  <testcase name="testParser(String)[2409]" classname="ex.PublicTests$FlightParserTest" time="0.0"/>
  <testcase name="testParser(String)[2410]" classname="ex.PublicTests$FlightParserTest" time="0.0"/>
  <testcase name="testParser(String)[2411]" classname="ex.PublicTests$FlightParserTest" time="0.0"/>
  <testcase name="testParser(String)[2412]" classname="ex.PublicTests$FlightParserTest" time="0.0"/>
  <testcase name="testParser(String)[2413]" classname="ex.PublicTests$FlightParserTest" time="0.001"/>
  <testcase name="testParser(String)[2414]" classname="ex.PublicTests$FlightParserTest" time="0.0"/>
  <testcase name="testParser(String)[2415]" classname="ex.PublicTests$FlightParserTest" time="0.0"/>
  <testcase name="testParser(String)[2416]" classname="ex.PublicTests$FlightParserTest" time="0.0"/>
  <testcase name="testParser(String)[2417]" classname="ex.PublicTests$FlightParserTest" time="0.0"/>
  <testcase name="testParser(String)[2418]" classname="ex.PublicTests$FlightParserTest" time="0.0"/>
  <testcase name="testParser(String)[2419]" classname="ex.PublicTests$FlightParserTest" time="0.0"/>
  <testcase name="testParser(String)[2420]" classname="ex.PublicTests$FlightParserTest" time="0.0"/>
  <testcase name="testParser(String)[2421]" classname="ex.PublicTests$FlightParserTest" time="0.0"/>
  <testcase name="testParser(String)[2422]" classname="ex.PublicTests$FlightParserTest" time="0.0"/>
  <testcase name="testParser(String)[2423]" classname="ex.PublicTests$FlightParserTest" time="0.001"/>
  <testcase name="testParser(String)[2424]" classname="ex.PublicTests$FlightParserTest" time="0.0"/>
  <testcase name="testParser(String)[2425]" classname="ex.PublicTests$FlightParserTest" time="0.0"/>
  <testcase name="testParser(String)[2426]" classname="ex.PublicTests$FlightParserTest" time="0.0"/>
  <testcase name="testParser(String)[2427]" classname="ex.PublicTests$FlightParserTest" time="0.0"/>
  <testcase name="testParser(String)[2428]" classname="ex.PublicTests$FlightParserTest" time="0.0"/>
  <testcase name="testParser(String)[2429]" classname="ex.PublicTests$FlightParserTest" time="0.0"/>
  <testcase name="testParser(String)[2430]" classname="ex.PublicTests$FlightParserTest" time="0.0"/>
  <testcase name="testParser(String)[2431]" classname="ex.PublicTests$FlightParserTest" time="0.0"/>
  <testcase name="testParser(String)[2432]" classname="ex.PublicTests$FlightParserTest" time="0.0"/>
  <testcase name="testParser(String)[2433]" classname="ex.PublicTests$FlightParserTest" time="0.0"/>
  <testcase name="testParser(String)[2434]" classname="ex.PublicTests$FlightParserTest" time="0.001"/>
  <testcase name="testParser(String)[2435]" classname="ex.PublicTests$FlightParserTest" time="0.0"/>
  <testcase name="testParser(String)[2436]" classname="ex.PublicTests$FlightParserTest" time="0.0"/>
  <testcase name="testParser(String)[2437]" classname="ex.PublicTests$FlightParserTest" time="0.001"/>
  <testcase name="testParser(String)[2438]" classname="ex.PublicTests$FlightParserTest" time="0.0"/>
  <testcase name="testParser(String)[2439]" classname="ex.PublicTests$FlightParserTest" time="0.0"/>
  <testcase name="testParser(String)[2440]" classname="ex.PublicTests$FlightParserTest" time="0.0"/>
  <testcase name="testParser(String)[2441]" classname="ex.PublicTests$FlightParserTest" time="0.0"/>
  <testcase name="testParser(String)[2442]" classname="ex.PublicTests$FlightParserTest" time="0.0"/>
  <testcase name="testParser(String)[2443]" classname="ex.PublicTests$FlightParserTest" time="0.001"/>
  <testcase name="testParser(String)[2444]" classname="ex.PublicTests$FlightParserTest" time="0.0"/>
  <testcase name="testParser(String)[2445]" classname="ex.PublicTests$FlightParserTest" time="0.0"/>
  <testcase name="testParser(String)[2446]" classname="ex.PublicTests$FlightParserTest" time="0.0"/>
  <testcase name="testParser(String)[2447]" classname="ex.PublicTests$FlightParserTest" time="0.0"/>
  <testcase name="testParser(String)[2448]" classname="ex.PublicTests$FlightParserTest" time="0.0"/>
  <testcase name="testParser(String)[2449]" classname="ex.PublicTests$FlightParserTest" time="0.0"/>
  <testcase name="testParser(String)[2450]" classname="ex.PublicTests$FlightParserTest" time="0.0"/>
  <testcase name="testParser(String)[2451]" classname="ex.PublicTests$FlightParserTest" time="0.0"/>
  <testcase name="testParser(String)[2452]" classname="ex.PublicTests$FlightParserTest" time="0.001"/>
  <testcase name="testParser(String)[2453]" classname="ex.PublicTests$FlightParserTest" time="0.0"/>
  <testcase name="testParser(String)[2454]" classname="ex.PublicTests$FlightParserTest" time="0.0"/>
  <testcase name="testParser(String)[2455]" classname="ex.PublicTests$FlightParserTest" time="0.001"/>
  <testcase name="testParser(String)[2456]" classname="ex.PublicTests$FlightParserTest" time="0.0"/>
  <testcase name="testParser(String)[2457]" classname="ex.PublicTests$FlightParserTest" time="0.0"/>
  <testcase name="testParser(String)[2458]" classname="ex.PublicTests$FlightParserTest" time="0.001"/>
  <testcase name="testParser(String)[2459]" classname="ex.PublicTests$FlightParserTest" time="0.0"/>
  <testcase name="testParser(String)[2460]" classname="ex.PublicTests$FlightParserTest" time="0.0"/>
  <testcase name="testParser(String)[2461]" classname="ex.PublicTests$FlightParserTest" time="0.001"/>
  <testcase name="testParser(String)[2462]" classname="ex.PublicTests$FlightParserTest" time="0.0"/>
  <testcase name="testParser(String)[2463]" classname="ex.PublicTests$FlightParserTest" time="0.0"/>
  <testcase name="testParser(String)[2464]" classname="ex.PublicTests$FlightParserTest" time="0.0"/>
  <testcase name="testParser(String)[2465]" classname="ex.PublicTests$FlightParserTest" time="0.0"/>
  <testcase name="testParser(String)[2466]" classname="ex.PublicTests$FlightParserTest" time="0.0"/>
  <testcase name="testParser(String)[2467]" classname="ex.PublicTests$FlightParserTest" time="0.0"/>
  <testcase name="testParser(String)[2468]" classname="ex.PublicTests$FlightParserTest" time="0.0"/>
  <testcase name="testParser(String)[2469]" classname="ex.PublicTests$FlightParserTest" time="0.001"/>
  <testcase name="testParser(String)[2470]" classname="ex.PublicTests$FlightParserTest" time="0.0"/>
  <testcase name="testParser(String)[2471]" classname="ex.PublicTests$FlightParserTest" time="0.0"/>
  <testcase name="testParser(String)[2472]" classname="ex.PublicTests$FlightParserTest" time="0.001"/>
  <testcase name="testParser(String)[2473]" classname="ex.PublicTests$FlightParserTest" time="0.0"/>
  <testcase name="testParser(String)[2474]" classname="ex.PublicTests$FlightParserTest" time="0.0"/>
  <testcase name="testParser(String)[2475]" classname="ex.PublicTests$FlightParserTest" time="0.001"/>
  <testcase name="testParser(String)[2476]" classname="ex.PublicTests$FlightParserTest" time="0.0"/>
  <testcase name="testParser(String)[2477]" classname="ex.PublicTests$FlightParserTest" time="0.0"/>
  <testcase name="testParser(String)[2478]" classname="ex.PublicTests$FlightParserTest" time="0.001"/>
  <testcase name="testParser(String)[2479]" classname="ex.PublicTests$FlightParserTest" time="0.0"/>
  <testcase name="testParser(String)[2480]" classname="ex.PublicTests$FlightParserTest" time="0.001"/>
  <testcase name="testParser(String)[2481]" classname="ex.PublicTests$FlightParserTest" time="0.0"/>
  <testcase name="testParser(String)[2482]" classname="ex.PublicTests$FlightParserTest" time="0.0"/>
  <testcase name="testParser(String)[2483]" classname="ex.PublicTests$FlightParserTest" time="0.0"/>
  <testcase name="testParser(String)[2484]" classname="ex.PublicTests$FlightParserTest" time="0.0"/>
  <testcase name="testParser(String)[2485]" classname="ex.PublicTests$FlightParserTest" time="0.001"/>
  <testcase name="testParser(String)[2486]" classname="ex.PublicTests$FlightParserTest" time="0.0"/>
  <testcase name="testParser(String)[2487]" classname="ex.PublicTests$FlightParserTest" time="0.0"/>
  <testcase name="testParser(String)[2488]" classname="ex.PublicTests$FlightParserTest" time="0.0"/>
  <testcase name="testParser(String)[2489]" classname="ex.PublicTests$FlightParserTest" time="0.0"/>
  <testcase name="testParser(String)[2490]" classname="ex.PublicTests$FlightParserTest" time="0.0"/>
  <testcase name="testParser(String)[2491]" classname="ex.PublicTests$FlightParserTest" time="0.0"/>
  <testcase name="testParser(String)[2492]" classname="ex.PublicTests$FlightParserTest" time="0.0"/>
  <testcase name="testParser(String)[2493]" classname="ex.PublicTests$FlightParserTest" time="0.0"/>
  <testcase name="testParser(String)[2494]" classname="ex.PublicTests$FlightParserTest" time="0.0"/>
  <testcase name="testParser(String)[2495]" classname="ex.PublicTests$FlightParserTest" time="0.0"/>
  <testcase name="testParser(String)[2496]" classname="ex.PublicTests$FlightParserTest" time="0.001"/>
  <testcase name="testParser(String)[2497]" classname="ex.PublicTests$FlightParserTest" time="0.0"/>
  <testcase name="testParser(String)[2498]" classname="ex.PublicTests$FlightParserTest" time="0.0"/>
  <testcase name="testParser(String)[2499]" classname="ex.PublicTests$FlightParserTest" time="0.0"/>
  <testcase name="testParser(String)[2500]" classname="ex.PublicTests$FlightParserTest" time="0.0"/>
  <testcase name="testParser(String)[2501]" classname="ex.PublicTests$FlightParserTest" time="0.0"/>
  <testcase name="testParser(String)[2502]" classname="ex.PublicTests$FlightParserTest" time="0.0"/>
  <testcase name="testParser(String)[2503]" classname="ex.PublicTests$FlightParserTest" time="0.0"/>
  <testcase name="testParser(String)[2504]" classname="ex.PublicTests$FlightParserTest" time="0.0"/>
  <testcase name="testParser(String)[2505]" classname="ex.PublicTests$FlightParserTest" time="0.0"/>
  <testcase name="testParser(String)[2506]" classname="ex.PublicTests$FlightParserTest" time="0.001"/>
  <testcase name="testParser(String)[2507]" classname="ex.PublicTests$FlightParserTest" time="0.0"/>
  <testcase name="testParser(String)[2508]" classname="ex.PublicTests$FlightParserTest" time="0.0"/>
  <testcase name="testParser(String)[2509]" classname="ex.PublicTests$FlightParserTest" time="0.0"/>
  <testcase name="testParser(String)[2510]" classname="ex.PublicTests$FlightParserTest" time="0.0"/>
  <testcase name="testParser(String)[2511]" classname="ex.PublicTests$FlightParserTest" time="0.0"/>
  <testcase name="testParser(String)[2512]" classname="ex.PublicTests$FlightParserTest" time="0.0"/>
  <testcase name="testParser(String)[2513]" classname="ex.PublicTests$FlightParserTest" time="0.0"/>
  <testcase name="testParser(String)[2514]" classname="ex.PublicTests$FlightParserTest" time="0.0"/>
  <testcase name="testParser(String)[2515]" classname="ex.PublicTests$FlightParserTest" time="0.001"/>
  <testcase name="testParser(String)[2516]" classname="ex.PublicTests$FlightParserTest" time="0.0"/>
  <testcase name="testParser(String)[2517]" classname="ex.PublicTests$FlightParserTest" time="0.0"/>
  <testcase name="testParser(String)[2518]" classname="ex.PublicTests$FlightParserTest" time="0.001"/>
  <testcase name="testParser(String)[2519]" classname="ex.PublicTests$FlightParserTest" time="0.0"/>
  <testcase name="testParser(String)[2520]" classname="ex.PublicTests$FlightParserTest" time="0.0"/>
  <testcase name="testParser(String)[2521]" classname="ex.PublicTests$FlightParserTest" time="0.0"/>
  <testcase name="testParser(String)[2522]" classname="ex.PublicTests$FlightParserTest" time="0.0"/>
  <testcase name="testParser(String)[2523]" classname="ex.PublicTests$FlightParserTest" time="0.0"/>
  <testcase name="testParser(String)[2524]" classname="ex.PublicTests$FlightParserTest" time="0.001"/>
  <testcase name="testParser(String)[2525]" classname="ex.PublicTests$FlightParserTest" time="0.0"/>
  <testcase name="testParser(String)[2526]" classname="ex.PublicTests$FlightParserTest" time="0.0"/>
  <testcase name="testParser(String)[2527]" classname="ex.PublicTests$FlightParserTest" time="0.0"/>
  <testcase name="testParser(String)[2528]" classname="ex.PublicTests$FlightParserTest" time="0.0"/>
  <testcase name="testParser(String)[2529]" classname="ex.PublicTests$FlightParserTest" time="0.009"/>
  <testcase name="testParser(String)[2530]" classname="ex.PublicTests$FlightParserTest" time="0.001"/>
  <testcase name="testParser(String)[2531]" classname="ex.PublicTests$FlightParserTest" time="0.0"/>
  <testcase name="testParser(String)[2532]" classname="ex.PublicTests$FlightParserTest" time="0.0"/>
  <testcase name="testParser(String)[2533]" classname="ex.PublicTests$FlightParserTest" time="0.0"/>
  <testcase name="testParser(String)[2534]" classname="ex.PublicTests$FlightParserTest" time="0.0"/>
  <testcase name="testParser(String)[2535]" classname="ex.PublicTests$FlightParserTest" time="0.0"/>
  <testcase name="testParser(String)[2536]" classname="ex.PublicTests$FlightParserTest" time="0.0"/>
  <testcase name="testParser(String)[2537]" classname="ex.PublicTests$FlightParserTest" time="0.0"/>
  <testcase name="testParser(String)[2538]" classname="ex.PublicTests$FlightParserTest" time="0.0"/>
  <testcase name="testParser(String)[2539]" classname="ex.PublicTests$FlightParserTest" time="0.0"/>
  <testcase name="testParser(String)[2540]" classname="ex.PublicTests$FlightParserTest" time="0.0"/>
  <testcase name="testParser(String)[2541]" classname="ex.PublicTests$FlightParserTest" time="0.0"/>
  <testcase name="testParser(String)[2542]" classname="ex.PublicTests$FlightParserTest" time="0.001"/>
  <testcase name="testParser(String)[2543]" classname="ex.PublicTests$FlightParserTest" time="0.0"/>
  <testcase name="testParser(String)[2544]" classname="ex.PublicTests$FlightParserTest" time="0.0"/>
  <testcase name="testParser(String)[2545]" classname="ex.PublicTests$FlightParserTest" time="0.001"/>
  <testcase name="testParser(String)[2546]" classname="ex.PublicTests$FlightParserTest" time="0.0"/>
  <testcase name="testParser(String)[2547]" classname="ex.PublicTests$FlightParserTest" time="0.0"/>
  <testcase name="testParser(String)[2548]" classname="ex.PublicTests$FlightParserTest" time="0.0"/>
  <testcase name="testParser(String)[2549]" classname="ex.PublicTests$FlightParserTest" time="0.0"/>
  <testcase name="testParser(String)[2550]" classname="ex.PublicTests$FlightParserTest" time="0.0"/>
  <testcase name="testParser(String)[2551]" classname="ex.PublicTests$FlightParserTest" time="0.0"/>
  <testcase name="testParser(String)[2552]" classname="ex.PublicTests$FlightParserTest" time="0.001"/>
  <testcase name="testParser(String)[2553]" classname="ex.PublicTests$FlightParserTest" time="0.0"/>
  <testcase name="testParser(String)[2554]" classname="ex.PublicTests$FlightParserTest" time="0.0"/>
  <testcase name="testParser(String)[2555]" classname="ex.PublicTests$FlightParserTest" time="0.0"/>
  <testcase name="testParser(String)[2556]" classname="ex.PublicTests$FlightParserTest" time="0.0"/>
  <testcase name="testParser(String)[2557]" classname="ex.PublicTests$FlightParserTest" time="0.001"/>
  <testcase name="testParser(String)[2558]" classname="ex.PublicTests$FlightParserTest" time="0.0"/>
  <testcase name="testParser(String)[2559]" classname="ex.PublicTests$FlightParserTest" time="0.0"/>
  <testcase name="testParser(String)[2560]" classname="ex.PublicTests$FlightParserTest" time="0.001"/>
  <testcase name="testParser(String)[2561]" classname="ex.PublicTests$FlightParserTest" time="0.004"/>
  <testcase name="testParser(String)[2562]" classname="ex.PublicTests$FlightParserTest" time="0.0"/>
  <testcase name="testParser(String)[2563]" classname="ex.PublicTests$FlightParserTest" time="0.0"/>
  <testcase name="testParser(String)[2564]" classname="ex.PublicTests$FlightParserTest" time="0.006"/>
  <testcase name="testParser(String)[2565]" classname="ex.PublicTests$FlightParserTest" time="0.0"/>
  <testcase name="testParser(String)[2566]" classname="ex.PublicTests$FlightParserTest" time="0.001"/>
  <testcase name="testParser(String)[2567]" classname="ex.PublicTests$FlightParserTest" time="0.0"/>
  <testcase name="testParser(String)[2568]" classname="ex.PublicTests$FlightParserTest" time="0.0"/>
  <testcase name="testParser(String)[2569]" classname="ex.PublicTests$FlightParserTest" time="0.0"/>
  <testcase name="testParser(String)[2570]" classname="ex.PublicTests$FlightParserTest" time="0.0"/>
  <testcase name="testParser(String)[2571]" classname="ex.PublicTests$FlightParserTest" time="0.0"/>
  <testcase name="testParser(String)[2572]" classname="ex.PublicTests$FlightParserTest" time="0.001"/>
  <testcase name="testParser(String)[2573]" classname="ex.PublicTests$FlightParserTest" time="0.0"/>
  <testcase name="testParser(String)[2574]" classname="ex.PublicTests$FlightParserTest" time="0.0"/>
  <testcase name="testParser(String)[2575]" classname="ex.PublicTests$FlightParserTest" time="0.001"/>
  <testcase name="testParser(String)[2576]" classname="ex.PublicTests$FlightParserTest" time="0.0"/>
  <testcase name="testParser(String)[2577]" classname="ex.PublicTests$FlightParserTest" time="0.0"/>
  <testcase name="testParser(String)[2578]" classname="ex.PublicTests$FlightParserTest" time="0.0"/>
  <testcase name="testParser(String)[2579]" classname="ex.PublicTests$FlightParserTest" time="0.0"/>
  <testcase name="testParser(String)[2580]" classname="ex.PublicTests$FlightParserTest" time="0.002"/>
  <testcase name="testParser(String)[2581]" classname="ex.PublicTests$FlightParserTest" time="0.0"/>
  <testcase name="testParser(String)[2582]" classname="ex.PublicTests$FlightParserTest" time="0.001"/>
  <testcase name="testParser(String)[2583]" classname="ex.PublicTests$FlightParserTest" time="0.0"/>
  <testcase name="testParser(String)[2584]" classname="ex.PublicTests$FlightParserTest" time="0.0"/>
  <testcase name="testParser(String)[2585]" classname="ex.PublicTests$FlightParserTest" time="0.0"/>
  <testcase name="testParser(String)[2586]" classname="ex.PublicTests$FlightParserTest" time="0.001"/>
  <testcase name="testParser(String)[2587]" classname="ex.PublicTests$FlightParserTest" time="0.0"/>
  <testcase name="testParser(String)[2588]" classname="ex.PublicTests$FlightParserTest" time="0.001"/>
  <testcase name="testParser(String)[2589]" classname="ex.PublicTests$FlightParserTest" time="0.0"/>
  <testcase name="testParser(String)[2590]" classname="ex.PublicTests$FlightParserTest" time="0.001"/>
  <testcase name="testParser(String)[2591]" classname="ex.PublicTests$FlightParserTest" time="0.0"/>
  <testcase name="testParser(String)[2592]" classname="ex.PublicTests$FlightParserTest" time="0.0"/>
  <testcase name="testParser(String)[2593]" classname="ex.PublicTests$FlightParserTest" time="0.0"/>
  <testcase name="testParser(String)[2594]" classname="ex.PublicTests$FlightParserTest" time="0.0"/>
  <testcase name="testParser(String)[2595]" classname="ex.PublicTests$FlightParserTest" time="0.001"/>
  <testcase name="testParser(String)[2596]" classname="ex.PublicTests$FlightParserTest" time="0.0"/>
  <testcase name="testParser(String)[2597]" classname="ex.PublicTests$FlightParserTest" time="0.0"/>
  <testcase name="testParser(String)[2598]" classname="ex.PublicTests$FlightParserTest" time="0.0"/>
  <testcase name="testParser(String)[2599]" classname="ex.PublicTests$FlightParserTest" time="0.0"/>
  <testcase name="testParser(String)[2600]" classname="ex.PublicTests$FlightParserTest" time="0.001"/>
  <testcase name="testParser(String)[2601]" classname="ex.PublicTests$FlightParserTest" time="0.0"/>
  <testcase name="testParser(String)[2602]" classname="ex.PublicTests$FlightParserTest" time="0.001"/>
  <testcase name="testParser(String)[2603]" classname="ex.PublicTests$FlightParserTest" time="0.0"/>
  <testcase name="testParser(String)[2604]" classname="ex.PublicTests$FlightParserTest" time="0.0"/>
  <testcase name="testParser(String)[2605]" classname="ex.PublicTests$FlightParserTest" time="0.001"/>
  <testcase name="testParser(String)[2606]" classname="ex.PublicTests$FlightParserTest" time="0.0"/>
  <testcase name="testParser(String)[2607]" classname="ex.PublicTests$FlightParserTest" time="0.0"/>
  <testcase name="testParser(String)[2608]" classname="ex.PublicTests$FlightParserTest" time="0.0"/>
  <testcase name="testParser(String)[2609]" classname="ex.PublicTests$FlightParserTest" time="0.0"/>
  <testcase name="testParser(String)[2610]" classname="ex.PublicTests$FlightParserTest" time="0.001"/>
  <testcase name="testParser(String)[2611]" classname="ex.PublicTests$FlightParserTest" time="0.0"/>
  <testcase name="testParser(String)[2612]" classname="ex.PublicTests$FlightParserTest" time="0.0"/>
  <testcase name="testParser(String)[2613]" classname="ex.PublicTests$FlightParserTest" time="0.0"/>
  <testcase name="testParser(String)[2614]" classname="ex.PublicTests$FlightParserTest" time="0.0"/>
  <testcase name="testParser(String)[2615]" classname="ex.PublicTests$FlightParserTest" time="0.001"/>
  <testcase name="testParser(String)[2616]" classname="ex.PublicTests$FlightParserTest" time="0.0"/>
  <testcase name="testParser(String)[2617]" classname="ex.PublicTests$FlightParserTest" time="0.001"/>
  <testcase name="testParser(String)[2618]" classname="ex.PublicTests$FlightParserTest" time="0.0"/>
  <testcase name="testParser(String)[2619]" classname="ex.PublicTests$FlightParserTest" time="0.0"/>
  <testcase name="testParser(String)[2620]" classname="ex.PublicTests$FlightParserTest" time="0.0"/>
  <testcase name="testParser(String)[2621]" classname="ex.PublicTests$FlightParserTest" time="0.0"/>
  <testcase name="testParser(String)[2622]" classname="ex.PublicTests$FlightParserTest" time="0.001"/>
  <testcase name="testParser(String)[2623]" classname="ex.PublicTests$FlightParserTest" time="0.0"/>
  <testcase name="testParser(String)[2624]" classname="ex.PublicTests$FlightParserTest" time="0.0"/>
  <testcase name="testParser(String)[2625]" classname="ex.PublicTests$FlightParserTest" time="0.0"/>
  <testcase name="testParser(String)[2626]" classname="ex.PublicTests$FlightParserTest" time="0.0"/>
  <testcase name="testParser(String)[2627]" classname="ex.PublicTests$FlightParserTest" time="0.001"/>
  <testcase name="testParser(String)[2628]" classname="ex.PublicTests$FlightParserTest" time="0.006"/>
  <testcase name="testParser(String)[2629]" classname="ex.PublicTests$FlightParserTest" time="0.0"/>
  <testcase name="testParser(String)[2630]" classname="ex.PublicTests$FlightParserTest" time="0.001"/>
  <testcase name="testParser(String)[2631]" classname="ex.PublicTests$FlightParserTest" time="0.0"/>
  <testcase name="testParser(String)[2632]" classname="ex.PublicTests$FlightParserTest" time="0.0"/>
  <testcase name="testParser(String)[2633]" classname="ex.PublicTests$FlightParserTest" time="0.001"/>
  <testcase name="testParser(String)[2634]" classname="ex.PublicTests$FlightParserTest" time="0.0"/>
  <testcase name="testParser(String)[2635]" classname="ex.PublicTests$FlightParserTest" time="0.0"/>
  <testcase name="testParser(String)[2636]" classname="ex.PublicTests$FlightParserTest" time="0.001"/>
  <testcase name="testParser(String)[2637]" classname="ex.PublicTests$FlightParserTest" time="0.0"/>
  <testcase name="testParser(String)[2638]" classname="ex.PublicTests$FlightParserTest" time="0.0"/>
  <testcase name="testParser(String)[2639]" classname="ex.PublicTests$FlightParserTest" time="0.001"/>
  <testcase name="testParser(String)[2640]" classname="ex.PublicTests$FlightParserTest" time="0.0"/>
  <testcase name="testParser(String)[2641]" classname="ex.PublicTests$FlightParserTest" time="0.0"/>
  <testcase name="testParser(String)[2642]" classname="ex.PublicTests$FlightParserTest" time="0.0"/>
  <testcase name="testParser(String)[2643]" classname="ex.PublicTests$FlightParserTest" time="0.0"/>
  <testcase name="testParser(String)[2644]" classname="ex.PublicTests$FlightParserTest" time="0.001"/>
  <testcase name="testParser(String)[2645]" classname="ex.PublicTests$FlightParserTest" time="0.0"/>
  <testcase name="testParser(String)[2646]" classname="ex.PublicTests$FlightParserTest" time="0.0"/>
  <testcase name="testParser(String)[2647]" classname="ex.PublicTests$FlightParserTest" time="0.001"/>
  <testcase name="testParser(String)[2648]" classname="ex.PublicTests$FlightParserTest" time="0.0"/>
  <testcase name="testParser(String)[2649]" classname="ex.PublicTests$FlightParserTest" time="0.0"/>
  <testcase name="testParser(String)[2650]" classname="ex.PublicTests$FlightParserTest" time="0.001"/>
  <testcase name="testParser(String)[2651]" classname="ex.PublicTests$FlightParserTest" time="0.001"/>
  <testcase name="testParser(String)[2652]" classname="ex.PublicTests$FlightParserTest" time="0.0"/>
  <testcase name="testParser(String)[2653]" classname="ex.PublicTests$FlightParserTest" time="0.0"/>
  <testcase name="testParser(String)[2654]" classname="ex.PublicTests$FlightParserTest" time="0.001"/>
  <testcase name="testParser(String)[2655]" classname="ex.PublicTests$FlightParserTest" time="0.0"/>
  <testcase name="testParser(String)[2656]" classname="ex.PublicTests$FlightParserTest" time="0.0"/>
  <testcase name="testParser(String)[2657]" classname="ex.PublicTests$FlightParserTest" time="0.001"/>
  <testcase name="testParser(String)[2658]" classname="ex.PublicTests$FlightParserTest" time="0.0"/>
  <testcase name="testParser(String)[2659]" classname="ex.PublicTests$FlightParserTest" time="0.0"/>
  <testcase name="testParser(String)[2660]" classname="ex.PublicTests$FlightParserTest" time="0.0"/>
  <testcase name="testParser(String)[2661]" classname="ex.PublicTests$FlightParserTest" time="0.0"/>
  <testcase name="testParser(String)[2662]" classname="ex.PublicTests$FlightParserTest" time="0.001"/>
  <testcase name="testParser(String)[2663]" classname="ex.PublicTests$FlightParserTest" time="0.0"/>
  <testcase name="testParser(String)[2664]" classname="ex.PublicTests$FlightParserTest" time="0.0"/>
  <testcase name="testParser(String)[2665]" classname="ex.PublicTests$FlightParserTest" time="0.0"/>
  <testcase name="testParser(String)[2666]" classname="ex.PublicTests$FlightParserTest" time="0.0"/>
  <testcase name="testParser(String)[2667]" classname="ex.PublicTests$FlightParserTest" time="0.001"/>
  <testcase name="testParser(String)[2668]" classname="ex.PublicTests$FlightParserTest" time="0.0"/>
  <testcase name="testParser(String)[2669]" classname="ex.PublicTests$FlightParserTest" time="0.0"/>
  <testcase name="testParser(String)[2670]" classname="ex.PublicTests$FlightParserTest" time="0.001"/>
  <testcase name="testParser(String)[2671]" classname="ex.PublicTests$FlightParserTest" time="0.0"/>
  <testcase name="testParser(String)[2672]" classname="ex.PublicTests$FlightParserTest" time="0.0"/>
  <testcase name="testParser(String)[2673]" classname="ex.PublicTests$FlightParserTest" time="0.001"/>
  <testcase name="testParser(String)[2674]" classname="ex.PublicTests$FlightParserTest" time="0.0"/>
  <testcase name="testParser(String)[2675]" classname="ex.PublicTests$FlightParserTest" time="0.0"/>
  <testcase name="testParser(String)[2676]" classname="ex.PublicTests$FlightParserTest" time="0.0"/>
  <testcase name="testParser(String)[2677]" classname="ex.PublicTests$FlightParserTest" time="0.0"/>
  <testcase name="testParser(String)[2678]" classname="ex.PublicTests$FlightParserTest" time="0.0"/>
  <testcase name="testParser(String)[2679]" classname="ex.PublicTests$FlightParserTest" time="0.0"/>
  <testcase name="testParser(String)[2680]" classname="ex.PublicTests$FlightParserTest" time="0.001"/>
  <testcase name="testParser(String)[2681]" classname="ex.PublicTests$FlightParserTest" time="0.002"/>
  <testcase name="testParser(String)[2682]" classname="ex.PublicTests$FlightParserTest" time="0.001"/>
  <testcase name="testParser(String)[2683]" classname="ex.PublicTests$FlightParserTest" time="0.0"/>
  <testcase name="testParser(String)[2684]" classname="ex.PublicTests$FlightParserTest" time="0.0"/>
  <testcase name="testParser(String)[2685]" classname="ex.PublicTests$FlightParserTest" time="0.001"/>
  <testcase name="testParser(String)[2686]" classname="ex.PublicTests$FlightParserTest" time="0.0"/>
  <testcase name="testParser(String)[2687]" classname="ex.PublicTests$FlightParserTest" time="0.0"/>
  <testcase name="testParser(String)[2688]" classname="ex.PublicTests$FlightParserTest" time="0.0"/>
  <testcase name="testParser(String)[2689]" classname="ex.PublicTests$FlightParserTest" time="0.001"/>
  <testcase name="testParser(String)[2690]" classname="ex.PublicTests$FlightParserTest" time="0.002"/>
  <testcase name="testParser(String)[2691]" classname="ex.PublicTests$FlightParserTest" time="0.0"/>
  <testcase name="testParser(String)[2692]" classname="ex.PublicTests$FlightParserTest" time="0.0"/>
  <testcase name="testParser(String)[2693]" classname="ex.PublicTests$FlightParserTest" time="0.0"/>
  <testcase name="testParser(String)[2694]" classname="ex.PublicTests$FlightParserTest" time="0.001"/>
  <testcase name="testParser(String)[2695]" classname="ex.PublicTests$FlightParserTest" time="0.001"/>
  <testcase name="testParser(String)[2696]" classname="ex.PublicTests$FlightParserTest" time="0.001"/>
  <testcase name="testParser(String)[2697]" classname="ex.PublicTests$FlightParserTest" time="0.0"/>
  <testcase name="testParser(String)[2698]" classname="ex.PublicTests$FlightParserTest" time="0.0"/>
  <testcase name="testParser(String)[2699]" classname="ex.PublicTests$FlightParserTest" time="0.0"/>
  <testcase name="testParser(String)[2700]" classname="ex.PublicTests$FlightParserTest" time="0.001"/>
  <testcase name="testParser(String)[2701]" classname="ex.PublicTests$FlightParserTest" time="0.0"/>
  <testcase name="testParser(String)[2702]" classname="ex.PublicTests$FlightParserTest" time="0.0"/>
  <testcase name="testParser(String)[2703]" classname="ex.PublicTests$FlightParserTest" time="0.0"/>
  <testcase name="testParser(String)[2704]" classname="ex.PublicTests$FlightParserTest" time="0.0"/>
  <testcase name="testParser(String)[2705]" classname="ex.PublicTests$FlightParserTest" time="0.0"/>
  <testcase name="testParser(String)[2706]" classname="ex.PublicTests$FlightParserTest" time="0.0"/>
  <testcase name="testParser(String)[2707]" classname="ex.PublicTests$FlightParserTest" time="0.0"/>
  <testcase name="testParser(String)[2708]" classname="ex.PublicTests$FlightParserTest" time="0.001"/>
  <testcase name="testParser(String)[2709]" classname="ex.PublicTests$FlightParserTest" time="0.0"/>
  <testcase name="testParser(String)[2710]" classname="ex.PublicTests$FlightParserTest" time="0.0"/>
  <testcase name="testParser(String)[2711]" classname="ex.PublicTests$FlightParserTest" time="0.0"/>
  <testcase name="testParser(String)[2712]" classname="ex.PublicTests$FlightParserTest" time="0.0"/>
  <testcase name="testParser(String)[2713]" classname="ex.PublicTests$FlightParserTest" time="0.001"/>
  <testcase name="testParser(String)[2714]" classname="ex.PublicTests$FlightParserTest" time="0.002"/>
  <testcase name="testParser(String)[2715]" classname="ex.PublicTests$FlightParserTest" time="0.004"/>
  <testcase name="testParser(String)[2716]" classname="ex.PublicTests$FlightParserTest" time="0.0"/>
  <testcase name="testParser(String)[2717]" classname="ex.PublicTests$FlightParserTest" time="0.0"/>
  <testcase name="testParser(String)[2718]" classname="ex.PublicTests$FlightParserTest" time="0.0"/>
  <testcase name="testParser(String)[2719]" classname="ex.PublicTests$FlightParserTest" time="0.001"/>
  <testcase name="testParser(String)[2720]" classname="ex.PublicTests$FlightParserTest" time="0.0"/>
  <testcase name="testParser(String)[2721]" classname="ex.PublicTests$FlightParserTest" time="0.0"/>
  <testcase name="testParser(String)[2722]" classname="ex.PublicTests$FlightParserTest" time="0.0"/>
  <testcase name="testParser(String)[2723]" classname="ex.PublicTests$FlightParserTest" time="0.0"/>
  <testcase name="testParser(String)[2724]" classname="ex.PublicTests$FlightParserTest" time="0.0"/>
  <testcase name="testParser(String)[2725]" classname="ex.PublicTests$FlightParserTest" time="0.006"/>
  <testcase name="testParser(String)[2726]" classname="ex.PublicTests$FlightParserTest" time="0.0"/>
  <testcase name="testParser(String)[2727]" classname="ex.PublicTests$FlightParserTest" time="0.001"/>
  <testcase name="testParser(String)[2728]" classname="ex.PublicTests$FlightParserTest" time="0.0"/>
  <testcase name="testParser(String)[2729]" classname="ex.PublicTests$FlightParserTest" time="0.0"/>
  <testcase name="testParser(String)[2730]" classname="ex.PublicTests$FlightParserTest" time="0.0"/>
  <testcase name="testParser(String)[2731]" classname="ex.PublicTests$FlightParserTest" time="0.0"/>
  <testcase name="testParser(String)[2732]" classname="ex.PublicTests$FlightParserTest" time="0.0"/>
  <testcase name="testParser(String)[2733]" classname="ex.PublicTests$FlightParserTest" time="0.0"/>
  <testcase name="testParser(String)[2734]" classname="ex.PublicTests$FlightParserTest" time="0.0"/>
  <testcase name="testParser(String)[2735]" classname="ex.PublicTests$FlightParserTest" time="0.0"/>
  <testcase name="testParser(String)[2736]" classname="ex.PublicTests$FlightParserTest" time="0.001"/>
  <testcase name="testParser(String)[2737]" classname="ex.PublicTests$FlightParserTest" time="0.0"/>
  <testcase name="testParser(String)[2738]" classname="ex.PublicTests$FlightParserTest" time="0.0"/>
  <testcase name="testParser(String)[2739]" classname="ex.PublicTests$FlightParserTest" time="0.0"/>
  <testcase name="testParser(String)[2740]" classname="ex.PublicTests$FlightParserTest" time="0.0"/>
  <testcase name="testParser(String)[2741]" classname="ex.PublicTests$FlightParserTest" time="0.0"/>
  <testcase name="testParser(String)[2742]" classname="ex.PublicTests$FlightParserTest" time="0.0"/>
  <testcase name="testParser(String)[2743]" classname="ex.PublicTests$FlightParserTest" time="0.001"/>
  <testcase name="testParser(String)[2744]" classname="ex.PublicTests$FlightParserTest" time="0.0"/>
  <testcase name="testParser(String)[2745]" classname="ex.PublicTests$FlightParserTest" time="0.002"/>
  <testcase name="testParser(String)[2746]" classname="ex.PublicTests$FlightParserTest" time="0.001"/>
  <testcase name="testParser(String)[2747]" classname="ex.PublicTests$FlightParserTest" time="0.002"/>
  <testcase name="testParser(String)[2748]" classname="ex.PublicTests$FlightParserTest" time="0.0"/>
  <testcase name="testParser(String)[2749]" classname="ex.PublicTests$FlightParserTest" time="0.005"/>
  <testcase name="testParser(String)[2750]" classname="ex.PublicTests$FlightParserTest" time="0.002"/>
  <testcase name="testParser(String)[2751]" classname="ex.PublicTests$FlightParserTest" time="0.001"/>
  <testcase name="testParser(String)[2752]" classname="ex.PublicTests$FlightParserTest" time="0.0"/>
  <testcase name="testParser(String)[2753]" classname="ex.PublicTests$FlightParserTest" time="0.0"/>
  <testcase name="testParser(String)[2754]" classname="ex.PublicTests$FlightParserTest" time="0.0"/>
  <testcase name="testParser(String)[2755]" classname="ex.PublicTests$FlightParserTest" time="0.0"/>
  <testcase name="testParser(String)[2756]" classname="ex.PublicTests$FlightParserTest" time="0.001"/>
  <testcase name="testParser(String)[2757]" classname="ex.PublicTests$FlightParserTest" time="0.0"/>
  <testcase name="testParser(String)[2758]" classname="ex.PublicTests$FlightParserTest" time="0.001"/>
  <testcase name="testParser(String)[2759]" classname="ex.PublicTests$FlightParserTest" time="0.0"/>
  <testcase name="testParser(String)[2760]" classname="ex.PublicTests$FlightParserTest" time="0.0"/>
  <testcase name="testParser(String)[2761]" classname="ex.PublicTests$FlightParserTest" time="0.0"/>
  <testcase name="testParser(String)[2762]" classname="ex.PublicTests$FlightParserTest" time="0.0"/>
  <testcase name="testParser(String)[2763]" classname="ex.PublicTests$FlightParserTest" time="0.001"/>
  <testcase name="testParser(String)[2764]" classname="ex.PublicTests$FlightParserTest" time="0.0"/>
  <testcase name="testParser(String)[2765]" classname="ex.PublicTests$FlightParserTest" time="0.001"/>
  <testcase name="testParser(String)[2766]" classname="ex.PublicTests$FlightParserTest" time="0.0"/>
  <testcase name="testParser(String)[2767]" classname="ex.PublicTests$FlightParserTest" time="0.001"/>
  <testcase name="testParser(String)[2768]" classname="ex.PublicTests$FlightParserTest" time="0.0"/>
  <testcase name="testParser(String)[2769]" classname="ex.PublicTests$FlightParserTest" time="0.0"/>
  <testcase name="testParser(String)[2770]" classname="ex.PublicTests$FlightParserTest" time="0.0"/>
  <testcase name="testParser(String)[2771]" classname="ex.PublicTests$FlightParserTest" time="0.0"/>
  <testcase name="testParser(String)[2772]" classname="ex.PublicTests$FlightParserTest" time="0.001"/>
  <testcase name="testParser(String)[2773]" classname="ex.PublicTests$FlightParserTest" time="0.0"/>
  <testcase name="testParser(String)[2774]" classname="ex.PublicTests$FlightParserTest" time="0.0"/>
  <testcase name="testParser(String)[2775]" classname="ex.PublicTests$FlightParserTest" time="0.0"/>
  <testcase name="testParser(String)[2776]" classname="ex.PublicTests$FlightParserTest" time="0.0"/>
  <testcase name="testParser(String)[2777]" classname="ex.PublicTests$FlightParserTest" time="0.0"/>
  <testcase name="testParser(String)[2778]" classname="ex.PublicTests$FlightParserTest" time="0.0"/>
  <testcase name="testParser(String)[2779]" classname="ex.PublicTests$FlightParserTest" time="0.0"/>
  <testcase name="testParser(String)[2780]" classname="ex.PublicTests$FlightParserTest" time="0.0"/>
  <testcase name="testParser(String)[2781]" classname="ex.PublicTests$FlightParserTest" time="0.0"/>
  <testcase name="testParser(String)[2782]" classname="ex.PublicTests$FlightParserTest" time="0.0"/>
  <testcase name="testParser(String)[2783]" classname="ex.PublicTests$FlightParserTest" time="0.001"/>
  <testcase name="testParser(String)[2784]" classname="ex.PublicTests$FlightParserTest" time="0.001"/>
  <testcase name="testParser(String)[2785]" classname="ex.PublicTests$FlightParserTest" time="0.0"/>
  <testcase name="testParser(String)[2786]" classname="ex.PublicTests$FlightParserTest" time="0.0"/>
  <testcase name="testParser(String)[2787]" classname="ex.PublicTests$FlightParserTest" time="0.0"/>
  <testcase name="testParser(String)[2788]" classname="ex.PublicTests$FlightParserTest" time="0.0"/>
  <testcase name="testParser(String)[2789]" classname="ex.PublicTests$FlightParserTest" time="0.0"/>
  <testcase name="testParser(String)[2790]" classname="ex.PublicTests$FlightParserTest" time="0.0"/>
  <testcase name="testParser(String)[2791]" classname="ex.PublicTests$FlightParserTest" time="0.0"/>
  <testcase name="testParser(String)[2792]" classname="ex.PublicTests$FlightParserTest" time="0.0"/>
  <testcase name="testParser(String)[2793]" classname="ex.PublicTests$FlightParserTest" time="0.0"/>
  <testcase name="testParser(String)[2794]" classname="ex.PublicTests$FlightParserTest" time="0.001"/>
  <testcase name="testParser(String)[2795]" classname="ex.PublicTests$FlightParserTest" time="0.0"/>
  <testcase name="testParser(String)[2796]" classname="ex.PublicTests$FlightParserTest" time="0.004"/>
  <testcase name="testParser(String)[2797]" classname="ex.PublicTests$FlightParserTest" time="0.0"/>
  <testcase name="testParser(String)[2798]" classname="ex.PublicTests$FlightParserTest" time="0.001"/>
  <testcase name="testParser(String)[2799]" classname="ex.PublicTests$FlightParserTest" time="0.0"/>
  <testcase name="testParser(String)[2800]" classname="ex.PublicTests$FlightParserTest" time="0.0"/>
  <testcase name="testParser(String)[2801]" classname="ex.PublicTests$FlightParserTest" time="0.0"/>
  <testcase name="testParser(String)[2802]" classname="ex.PublicTests$FlightParserTest" time="0.0"/>
  <testcase name="testParser(String)[2803]" classname="ex.PublicTests$FlightParserTest" time="0.0"/>
  <testcase name="testParser(String)[2804]" classname="ex.PublicTests$FlightParserTest" time="0.0"/>
  <testcase name="testParser(String)[2805]" classname="ex.PublicTests$FlightParserTest" time="0.0"/>
  <testcase name="testParser(String)[2806]" classname="ex.PublicTests$FlightParserTest" time="0.001"/>
  <testcase name="testParser(String)[2807]" classname="ex.PublicTests$FlightParserTest" time="0.004"/>
  <testcase name="testParser(String)[2808]" classname="ex.PublicTests$FlightParserTest" time="0.0"/>
  <testcase name="testParser(String)[2809]" classname="ex.PublicTests$FlightParserTest" time="0.002"/>
  <testcase name="testParser(String)[2810]" classname="ex.PublicTests$FlightParserTest" time="0.001"/>
  <testcase name="testParser(String)[2811]" classname="ex.PublicTests$FlightParserTest" time="0.0"/>
  <testcase name="testParser(String)[2812]" classname="ex.PublicTests$FlightParserTest" time="0.001"/>
  <testcase name="testParser(String)[2813]" classname="ex.PublicTests$FlightParserTest" time="0.0"/>
  <testcase name="testParser(String)[2814]" classname="ex.PublicTests$FlightParserTest" time="0.0"/>
  <testcase name="testParser(String)[2815]" classname="ex.PublicTests$FlightParserTest" time="0.001"/>
  <testcase name="testParser(String)[2816]" classname="ex.PublicTests$FlightParserTest" time="0.0"/>
  <testcase name="testParser(String)[2817]" classname="ex.PublicTests$FlightParserTest" time="0.0"/>
  <testcase name="testParser(String)[2818]" classname="ex.PublicTests$FlightParserTest" time="0.0"/>
  <testcase name="testParser(String)[2819]" classname="ex.PublicTests$FlightParserTest" time="0.001"/>
  <testcase name="testParser(String)[2820]" classname="ex.PublicTests$FlightParserTest" time="0.006"/>
  <testcase name="testParser(String)[2821]" classname="ex.PublicTests$FlightParserTest" time="0.0"/>
  <testcase name="testParser(String)[2822]" classname="ex.PublicTests$FlightParserTest" time="0.0"/>
  <testcase name="testParser(String)[2823]" classname="ex.PublicTests$FlightParserTest" time="0.001"/>
  <testcase name="testParser(String)[2824]" classname="ex.PublicTests$FlightParserTest" time="0.0"/>
  <testcase name="testParser(String)[2825]" classname="ex.PublicTests$FlightParserTest" time="0.0"/>
  <testcase name="testParser(String)[2826]" classname="ex.PublicTests$FlightParserTest" time="0.0"/>
  <testcase name="testParser(String)[2827]" classname="ex.PublicTests$FlightParserTest" time="0.0"/>
  <testcase name="testParser(String)[2828]" classname="ex.PublicTests$FlightParserTest" time="0.001"/>
  <testcase name="testParser(String)[2829]" classname="ex.PublicTests$FlightParserTest" time="0.0"/>
  <testcase name="testParser(String)[2830]" classname="ex.PublicTests$FlightParserTest" time="0.0"/>
  <testcase name="testParser(String)[2831]" classname="ex.PublicTests$FlightParserTest" time="0.0"/>
  <testcase name="testParser(String)[2832]" classname="ex.PublicTests$FlightParserTest" time="0.0"/>
  <testcase name="testParser(String)[2833]" classname="ex.PublicTests$FlightParserTest" time="0.001"/>
  <testcase name="testParser(String)[2834]" classname="ex.PublicTests$FlightParserTest" time="0.0"/>
  <testcase name="testParser(String)[2835]" classname="ex.PublicTests$FlightParserTest" time="0.0"/>
  <testcase name="testParser(String)[2836]" classname="ex.PublicTests$FlightParserTest" time="0.0"/>
  <testcase name="testParser(String)[2837]" classname="ex.PublicTests$FlightParserTest" time="0.0"/>
  <testcase name="testParser(String)[2838]" classname="ex.PublicTests$FlightParserTest" time="0.0"/>
  <testcase name="testParser(String)[2839]" classname="ex.PublicTests$FlightParserTest" time="0.001"/>
  <testcase name="testParser(String)[2840]" classname="ex.PublicTests$FlightParserTest" time="0.0"/>
  <testcase name="testParser(String)[2841]" classname="ex.PublicTests$FlightParserTest" time="0.0"/>
  <testcase name="testParser(String)[2842]" classname="ex.PublicTests$FlightParserTest" time="0.0"/>
  <testcase name="testParser(String)[2843]" classname="ex.PublicTests$FlightParserTest" time="0.0"/>
  <testcase name="testParser(String)[2844]" classname="ex.PublicTests$FlightParserTest" time="0.001"/>
  <testcase name="testParser(String)[2845]" classname="ex.PublicTests$FlightParserTest" time="0.0"/>
  <testcase name="testParser(String)[2846]" classname="ex.PublicTests$FlightParserTest" time="0.001"/>
  <testcase name="testParser(String)[2847]" classname="ex.PublicTests$FlightParserTest" time="0.0"/>
  <testcase name="testParser(String)[2848]" classname="ex.PublicTests$FlightParserTest" time="0.0"/>
  <testcase name="testParser(String)[2849]" classname="ex.PublicTests$FlightParserTest" time="0.001"/>
  <testcase name="testParser(String)[2850]" classname="ex.PublicTests$FlightParserTest" time="0.0"/>
  <testcase name="testParser(String)[2851]" classname="ex.PublicTests$FlightParserTest" time="0.0"/>
  <testcase name="testParser(String)[2852]" classname="ex.PublicTests$FlightParserTest" time="0.0"/>
  <testcase name="testParser(String)[2853]" classname="ex.PublicTests$FlightParserTest" time="0.0"/>
  <testcase name="testParser(String)[2854]" classname="ex.PublicTests$FlightParserTest" time="0.001"/>
  <testcase name="testParser(String)[2855]" classname="ex.PublicTests$FlightParserTest" time="0.0"/>
  <testcase name="testParser(String)[2856]" classname="ex.PublicTests$FlightParserTest" time="0.0"/>
  <testcase name="testParser(String)[2857]" classname="ex.PublicTests$FlightParserTest" time="0.001"/>
  <testcase name="testParser(String)[2858]" classname="ex.PublicTests$FlightParserTest" time="0.0"/>
  <testcase name="testParser(String)[2859]" classname="ex.PublicTests$FlightParserTest" time="0.001"/>
  <testcase name="testParser(String)[2860]" classname="ex.PublicTests$FlightParserTest" time="0.0"/>
  <testcase name="testParser(String)[2861]" classname="ex.PublicTests$FlightParserTest" time="0.0"/>
  <testcase name="testParser(String)[2862]" classname="ex.PublicTests$FlightParserTest" time="0.0"/>
  <testcase name="testParser(String)[2863]" classname="ex.PublicTests$FlightParserTest" time="0.001"/>
  <testcase name="testParser(String)[2864]" classname="ex.PublicTests$FlightParserTest" time="0.0"/>
  <testcase name="testParser(String)[2865]" classname="ex.PublicTests$FlightParserTest" time="0.001"/>
  <testcase name="testParser(String)[2866]" classname="ex.PublicTests$FlightParserTest" time="0.0"/>
  <testcase name="testParser(String)[2867]" classname="ex.PublicTests$FlightParserTest" time="0.002"/>
  <testcase name="testParser(String)[2868]" classname="ex.PublicTests$FlightParserTest" time="0.001"/>
  <testcase name="testParser(String)[2869]" classname="ex.PublicTests$FlightParserTest" time="0.0"/>
  <testcase name="testParser(String)[2870]" classname="ex.PublicTests$FlightParserTest" time="0.0"/>
  <testcase name="testParser(String)[2871]" classname="ex.PublicTests$FlightParserTest" time="0.0"/>
  <testcase name="testParser(String)[2872]" classname="ex.PublicTests$FlightParserTest" time="0.0"/>
  <testcase name="testParser(String)[2873]" classname="ex.PublicTests$FlightParserTest" time="0.0"/>
  <testcase name="testParser(String)[2874]" classname="ex.PublicTests$FlightParserTest" time="0.0"/>
  <testcase name="testParser(String)[2875]" classname="ex.PublicTests$FlightParserTest" time="0.0"/>
  <testcase name="testParser(String)[2876]" classname="ex.PublicTests$FlightParserTest" time="0.001"/>
  <testcase name="testParser(String)[2877]" classname="ex.PublicTests$FlightParserTest" time="0.0"/>
  <testcase name="testParser(String)[2878]" classname="ex.PublicTests$FlightParserTest" time="0.0"/>
  <testcase name="testParser(String)[2879]" classname="ex.PublicTests$FlightParserTest" time="0.001"/>
  <testcase name="testParser(String)[2880]" classname="ex.PublicTests$FlightParserTest" time="0.0"/>
  <testcase name="testParser(String)[2881]" classname="ex.PublicTests$FlightParserTest" time="0.001"/>
  <testcase name="testParser(String)[2882]" classname="ex.PublicTests$FlightParserTest" time="0.0"/>
  <testcase name="testParser(String)[2883]" classname="ex.PublicTests$FlightParserTest" time="0.0"/>
  <testcase name="testParser(String)[2884]" classname="ex.PublicTests$FlightParserTest" time="0.0"/>
  <testcase name="testParser(String)[2885]" classname="ex.PublicTests$FlightParserTest" time="0.0"/>
  <testcase name="testParser(String)[2886]" classname="ex.PublicTests$FlightParserTest" time="0.0"/>
  <testcase name="testParser(String)[2887]" classname="ex.PublicTests$FlightParserTest" time="0.0"/>
  <testcase name="testParser(String)[2888]" classname="ex.PublicTests$FlightParserTest" time="0.0"/>
  <testcase name="testParser(String)[2889]" classname="ex.PublicTests$FlightParserTest" time="0.001"/>
  <testcase name="testParser(String)[2890]" classname="ex.PublicTests$FlightParserTest" time="0.0"/>
  <testcase name="testParser(String)[2891]" classname="ex.PublicTests$FlightParserTest" time="0.001"/>
  <testcase name="testParser(String)[2892]" classname="ex.PublicTests$FlightParserTest" time="0.005"/>
  <testcase name="testParser(String)[2893]" classname="ex.PublicTests$FlightParserTest" time="0.001"/>
  <testcase name="testParser(String)[2894]" classname="ex.PublicTests$FlightParserTest" time="0.0"/>
  <testcase name="testParser(String)[2895]" classname="ex.PublicTests$FlightParserTest" time="0.001"/>
  <testcase name="testParser(String)[2896]" classname="ex.PublicTests$FlightParserTest" time="0.0"/>
  <testcase name="testParser(String)[2897]" classname="ex.PublicTests$FlightParserTest" time="0.0"/>
  <testcase name="testParser(String)[2898]" classname="ex.PublicTests$FlightParserTest" time="0.0"/>
  <testcase name="testParser(String)[2899]" classname="ex.PublicTests$FlightParserTest" time="0.0"/>
  <testcase name="testParser(String)[2900]" classname="ex.PublicTests$FlightParserTest" time="0.0"/>
  <testcase name="testParser(String)[2901]" classname="ex.PublicTests$FlightParserTest" time="0.0"/>
  <testcase name="testParser(String)[2902]" classname="ex.PublicTests$FlightParserTest" time="0.0"/>
  <testcase name="testParser(String)[2903]" classname="ex.PublicTests$FlightParserTest" time="0.0"/>
  <testcase name="testParser(String)[2904]" classname="ex.PublicTests$FlightParserTest" time="0.0"/>
  <testcase name="testParser(String)[2905]" classname="ex.PublicTests$FlightParserTest" time="0.001"/>
  <testcase name="testParser(String)[2906]" classname="ex.PublicTests$FlightParserTest" time="0.0"/>
  <testcase name="testParser(String)[2907]" classname="ex.PublicTests$FlightParserTest" time="0.001"/>
  <testcase name="testParser(String)[2908]" classname="ex.PublicTests$FlightParserTest" time="0.0"/>
  <testcase name="testParser(String)[2909]" classname="ex.PublicTests$FlightParserTest" time="0.0"/>
  <testcase name="testParser(String)[2910]" classname="ex.PublicTests$FlightParserTest" time="0.0"/>
  <testcase name="testParser(String)[2911]" classname="ex.PublicTests$FlightParserTest" time="0.0"/>
  <testcase name="testParser(String)[2912]" classname="ex.PublicTests$FlightParserTest" time="0.0"/>
  <testcase name="testParser(String)[2913]" classname="ex.PublicTests$FlightParserTest" time="0.0"/>
  <testcase name="testParser(String)[2914]" classname="ex.PublicTests$FlightParserTest" time="0.0"/>
  <testcase name="testParser(String)[2915]" classname="ex.PublicTests$FlightParserTest" time="0.0"/>
  <testcase name="testParser(String)[2916]" classname="ex.PublicTests$FlightParserTest" time="0.0"/>
  <testcase name="testParser(String)[2917]" classname="ex.PublicTests$FlightParserTest" time="0.001"/>
  <testcase name="testParser(String)[2918]" classname="ex.PublicTests$FlightParserTest" time="0.0"/>
  <testcase name="testParser(String)[2919]" classname="ex.PublicTests$FlightParserTest" time="0.001"/>
  <testcase name="testParser(String)[2920]" classname="ex.PublicTests$FlightParserTest" time="0.0"/>
  <testcase name="testParser(String)[2921]" classname="ex.PublicTests$FlightParserTest" time="0.0"/>
  <testcase name="testParser(String)[2922]" classname="ex.PublicTests$FlightParserTest" time="0.0"/>
  <testcase name="testParser(String)[2923]" classname="ex.PublicTests$FlightParserTest" time="0.0"/>
  <testcase name="testParser(String)[2924]" classname="ex.PublicTests$FlightParserTest" time="0.001"/>
  <testcase name="testParser(String)[2925]" classname="ex.PublicTests$FlightParserTest" time="0.0"/>
  <testcase name="testParser(String)[2926]" classname="ex.PublicTests$FlightParserTest" time="0.001"/>
  <testcase name="testParser(String)[2927]" classname="ex.PublicTests$FlightParserTest" time="0.0"/>
  <testcase name="testParser(String)[2928]" classname="ex.PublicTests$FlightParserTest" time="0.001"/>
  <testcase name="testParser(String)[2929]" classname="ex.PublicTests$FlightParserTest" time="0.0"/>
  <testcase name="testParser(String)[2930]" classname="ex.PublicTests$FlightParserTest" time="0.0"/>
  <testcase name="testParser(String)[2931]" classname="ex.PublicTests$FlightParserTest" time="0.001"/>
  <testcase name="testParser(String)[2932]" classname="ex.PublicTests$FlightParserTest" time="0.0"/>
  <testcase name="testParser(String)[2933]" classname="ex.PublicTests$FlightParserTest" time="0.0"/>
  <testcase name="testParser(String)[2934]" classname="ex.PublicTests$FlightParserTest" time="0.001"/>
  <testcase name="testParser(String)[2935]" classname="ex.PublicTests$FlightParserTest" time="0.0"/>
  <testcase name="testParser(String)[2936]" classname="ex.PublicTests$FlightParserTest" time="0.001"/>
  <testcase name="testParser(String)[2937]" classname="ex.PublicTests$FlightParserTest" time="0.0"/>
  <testcase name="testParser(String)[2938]" classname="ex.PublicTests$FlightParserTest" time="0.0"/>
  <testcase name="testParser(String)[2939]" classname="ex.PublicTests$FlightParserTest" time="0.0"/>
  <testcase name="testParser(String)[2940]" classname="ex.PublicTests$FlightParserTest" time="0.0"/>
  <testcase name="testParser(String)[2941]" classname="ex.PublicTests$FlightParserTest" time="0.001"/>
  <testcase name="testParser(String)[2942]" classname="ex.PublicTests$FlightParserTest" time="0.0"/>
  <testcase name="testParser(String)[2943]" classname="ex.PublicTests$FlightParserTest" time="0.001"/>
  <testcase name="testParser(String)[2944]" classname="ex.PublicTests$FlightParserTest" time="0.0"/>
  <testcase name="testParser(String)[2945]" classname="ex.PublicTests$FlightParserTest" time="0.001"/>
  <testcase name="testParser(String)[2946]" classname="ex.PublicTests$FlightParserTest" time="0.0"/>
  <testcase name="testParser(String)[2947]" classname="ex.PublicTests$FlightParserTest" time="0.0"/>
  <testcase name="testParser(String)[2948]" classname="ex.PublicTests$FlightParserTest" time="0.0"/>
  <testcase name="testParser(String)[2949]" classname="ex.PublicTests$FlightParserTest" time="0.001"/>
  <testcase name="testParser(String)[2950]" classname="ex.PublicTests$FlightParserTest" time="0.0"/>
  <testcase name="testParser(String)[2951]" classname="ex.PublicTests$FlightParserTest" time="0.001"/>
  <testcase name="testParser(String)[2952]" classname="ex.PublicTests$FlightParserTest" time="0.0"/>
  <testcase name="testParser(String)[2953]" classname="ex.PublicTests$FlightParserTest" time="0.001"/>
  <testcase name="testParser(String)[2954]" classname="ex.PublicTests$FlightParserTest" time="0.0"/>
  <testcase name="testParser(String)[2955]" classname="ex.PublicTests$FlightParserTest" time="0.001"/>
  <testcase name="testParser(String)[2956]" classname="ex.PublicTests$FlightParserTest" time="0.0"/>
  <testcase name="testParser(String)[2957]" classname="ex.PublicTests$FlightParserTest" time="0.0"/>
  <testcase name="testParser(String)[2958]" classname="ex.PublicTests$FlightParserTest" time="0.001"/>
  <testcase name="testParser(String)[2959]" classname="ex.PublicTests$FlightParserTest" time="0.0"/>
  <testcase name="testParser(String)[2960]" classname="ex.PublicTests$FlightParserTest" time="0.001"/>
  <testcase name="testParser(String)[2961]" classname="ex.PublicTests$FlightParserTest" time="0.0"/>
  <testcase name="testParser(String)[2962]" classname="ex.PublicTests$FlightParserTest" time="0.001"/>
  <testcase name="testParser(String)[2963]" classname="ex.PublicTests$FlightParserTest" time="0.0"/>
  <testcase name="testParser(String)[2964]" classname="ex.PublicTests$FlightParserTest" time="0.0"/>
  <testcase name="testParser(String)[2965]" classname="ex.PublicTests$FlightParserTest" time="0.0"/>
  <testcase name="testParser(String)[2966]" classname="ex.PublicTests$FlightParserTest" time="0.0"/>
  <testcase name="testParser(String)[2967]" classname="ex.PublicTests$FlightParserTest" time="0.001"/>
  <testcase name="testParser(String)[2968]" classname="ex.PublicTests$FlightParserTest" time="0.0"/>
  <testcase name="testParser(String)[2969]" classname="ex.PublicTests$FlightParserTest" time="0.001"/>
  <testcase name="testParser(String)[2970]" classname="ex.PublicTests$FlightParserTest" time="0.0"/>
  <testcase name="testParser(String)[2971]" classname="ex.PublicTests$FlightParserTest" time="0.0"/>
  <testcase name="testParser(String)[2972]" classname="ex.PublicTests$FlightParserTest" time="0.0"/>
  <testcase name="testParser(String)[2973]" classname="ex.PublicTests$FlightParserTest" time="0.0"/>
  <testcase name="testParser(String)[2974]" classname="ex.PublicTests$FlightParserTest" time="0.001"/>
  <testcase name="testParser(String)[2975]" classname="ex.PublicTests$FlightParserTest" time="0.0"/>
  <testcase name="testParser(String)[2976]" classname="ex.PublicTests$FlightParserTest" time="0.0"/>
  <testcase name="testParser(String)[2977]" classname="ex.PublicTests$FlightParserTest" time="0.0"/>
  <testcase name="testParser(String)[2978]" classname="ex.PublicTests$FlightParserTest" time="0.0"/>
  <testcase name="testParser(String)[2979]" classname="ex.PublicTests$FlightParserTest" time="0.001"/>
  <testcase name="testParser(String)[2980]" classname="ex.PublicTests$FlightParserTest" time="0.0"/>
  <testcase name="testParser(String)[2981]" classname="ex.PublicTests$FlightParserTest" time="0.0"/>
  <testcase name="testParser(String)[2982]" classname="ex.PublicTests$FlightParserTest" time="0.0"/>
  <testcase name="testParser(String)[2983]" classname="ex.PublicTests$FlightParserTest" time="0.0"/>
  <testcase name="testParser(String)[2984]" classname="ex.PublicTests$FlightParserTest" time="0.001"/>
  <testcase name="testParser(String)[2985]" classname="ex.PublicTests$FlightParserTest" time="0.0"/>
  <testcase name="testParser(String)[2986]" classname="ex.PublicTests$FlightParserTest" time="0.001"/>
  <testcase name="testParser(String)[2987]" classname="ex.PublicTests$FlightParserTest" time="0.0"/>
  <testcase name="testParser(String)[2988]" classname="ex.PublicTests$FlightParserTest" time="0.001"/>
  <testcase name="testParser(String)[2989]" classname="ex.PublicTests$FlightParserTest" time="0.005"/>
  <testcase name="testParser(String)[2990]" classname="ex.PublicTests$FlightParserTest" time="0.0"/>
  <testcase name="testParser(String)[2991]" classname="ex.PublicTests$FlightParserTest" time="0.001"/>
  <testcase name="testParser(String)[2992]" classname="ex.PublicTests$FlightParserTest" time="0.0"/>
  <testcase name="testParser(String)[2993]" classname="ex.PublicTests$FlightParserTest" time="0.0"/>
  <testcase name="testParser(String)[2994]" classname="ex.PublicTests$FlightParserTest" time="0.0"/>
  <testcase name="testParser(String)[2995]" classname="ex.PublicTests$FlightParserTest" time="0.0"/>
  <testcase name="testParser(String)[2996]" classname="ex.PublicTests$FlightParserTest" time="0.0"/>
  <testcase name="testParser(String)[2997]" classname="ex.PublicTests$FlightParserTest" time="0.0"/>
  <testcase name="testParser(String)[2998]" classname="ex.PublicTests$FlightParserTest" time="0.0"/>
  <testcase name="testParser(String)[2999]" classname="ex.PublicTests$FlightParserTest" time="0.001"/>
  <testcase name="testParser(String)[3000]" classname="ex.PublicTests$FlightParserTest" time="0.0"/>
  <testcase name="testParser(String)[3001]" classname="ex.PublicTests$FlightParserTest" time="0.001"/>
  <testcase name="testParser(String)[3002]" classname="ex.PublicTests$FlightParserTest" time="0.0"/>
  <testcase name="testParser(String)[3003]" classname="ex.PublicTests$FlightParserTest" time="0.0"/>
  <testcase name="testParser(String)[3004]" classname="ex.PublicTests$FlightParserTest" time="0.0"/>
  <testcase name="testParser(String)[3005]" classname="ex.PublicTests$FlightParserTest" time="0.0"/>
  <testcase name="testParser(String)[3006]" classname="ex.PublicTests$FlightParserTest" time="0.0"/>
  <testcase name="testParser(String)[3007]" classname="ex.PublicTests$FlightParserTest" time="0.0"/>
  <testcase name="testParser(String)[3008]" classname="ex.PublicTests$FlightParserTest" time="0.001"/>
  <testcase name="testParser(String)[3009]" classname="ex.PublicTests$FlightParserTest" time="0.0"/>
  <testcase name="testParser(String)[3010]" classname="ex.PublicTests$FlightParserTest" time="0.0"/>
  <testcase name="testParser(String)[3011]" classname="ex.PublicTests$FlightParserTest" time="0.0"/>
  <testcase name="testParser(String)[3012]" classname="ex.PublicTests$FlightParserTest" time="0.001"/>
  <testcase name="testParser(String)[3013]" classname="ex.PublicTests$FlightParserTest" time="0.0"/>
  <testcase name="testParser(String)[3014]" classname="ex.PublicTests$FlightParserTest" time="0.0"/>
  <testcase name="testParser(String)[3015]" classname="ex.PublicTests$FlightParserTest" time="0.001"/>
  <testcase name="testParser(String)[3016]" classname="ex.PublicTests$FlightParserTest" time="0.0"/>
  <testcase name="testParser(String)[3017]" classname="ex.PublicTests$FlightParserTest" time="0.001"/>
  <testcase name="testParser(String)[3018]" classname="ex.PublicTests$FlightParserTest" time="0.0"/>
  <testcase name="testParser(String)[3019]" classname="ex.PublicTests$FlightParserTest" time="0.0"/>
  <testcase name="testParser(String)[3020]" classname="ex.PublicTests$FlightParserTest" time="0.0"/>
  <testcase name="testParser(String)[3021]" classname="ex.PublicTests$FlightParserTest" time="0.0"/>
  <testcase name="testParser(String)[3022]" classname="ex.PublicTests$FlightParserTest" time="0.0"/>
  <testcase name="testParser(String)[3023]" classname="ex.PublicTests$FlightParserTest" time="0.0"/>
  <testcase name="testParser(String)[3024]" classname="ex.PublicTests$FlightParserTest" time="0.0"/>
  <testcase name="testParser(String)[3025]" classname="ex.PublicTests$FlightParserTest" time="0.0"/>
  <testcase name="testParser(String)[3026]" classname="ex.PublicTests$FlightParserTest" time="0.0"/>
  <testcase name="testParser(String)[3027]" classname="ex.PublicTests$FlightParserTest" time="0.0"/>
  <testcase name="testParser(String)[3028]" classname="ex.PublicTests$FlightParserTest" time="0.0"/>
  <testcase name="testParser(String)[3029]" classname="ex.PublicTests$FlightParserTest" time="0.0"/>
  <testcase name="testParser(String)[3030]" classname="ex.PublicTests$FlightParserTest" time="0.0"/>
  <testcase name="testParser(String)[3031]" classname="ex.PublicTests$FlightParserTest" time="0.0"/>
  <testcase name="testParser(String)[3032]" classname="ex.PublicTests$FlightParserTest" time="0.0"/>
  <testcase name="testParser(String)[3033]" classname="ex.PublicTests$FlightParserTest" time="0.0"/>
  <testcase name="testParser(String)[3034]" classname="ex.PublicTests$FlightParserTest" time="0.001"/>
  <testcase name="testParser(String)[3035]" classname="ex.PublicTests$FlightParserTest" time="0.0"/>
  <testcase name="testParser(String)[3036]" classname="ex.PublicTests$FlightParserTest" time="0.0"/>
  <testcase name="testParser(String)[3037]" classname="ex.PublicTests$FlightParserTest" time="0.001"/>
  <testcase name="testParser(String)[3038]" classname="ex.PublicTests$FlightParserTest" time="0.0"/>
  <testcase name="testParser(String)[3039]" classname="ex.PublicTests$FlightParserTest" time="0.0"/>
  <testcase name="testParser(String)[3040]" classname="ex.PublicTests$FlightParserTest" time="0.0"/>
  <testcase name="testParser(String)[3041]" classname="ex.PublicTests$FlightParserTest" time="0.0"/>
  <testcase name="testParser(String)[3042]" classname="ex.PublicTests$FlightParserTest" time="0.0"/>
  <testcase name="testParser(String)[3043]" classname="ex.PublicTests$FlightParserTest" time="0.0"/>
  <testcase name="testParser(String)[3044]" classname="ex.PublicTests$FlightParserTest" time="0.0"/>
  <testcase name="testParser(String)[3045]" classname="ex.PublicTests$FlightParserTest" time="0.0"/>
  <testcase name="testParser(String)[3046]" classname="ex.PublicTests$FlightParserTest" time="0.0"/>
  <testcase name="testParser(String)[3047]" classname="ex.PublicTests$FlightParserTest" time="0.0"/>
  <testcase name="testParser(String)[3048]" classname="ex.PublicTests$FlightParserTest" time="0.0"/>
  <testcase name="testParser(String)[3049]" classname="ex.PublicTests$FlightParserTest" time="0.0"/>
  <testcase name="testParser(String)[3050]" classname="ex.PublicTests$FlightParserTest" time="0.0"/>
  <testcase name="testParser(String)[3051]" classname="ex.PublicTests$FlightParserTest" time="0.001"/>
  <testcase name="testParser(String)[3052]" classname="ex.PublicTests$FlightParserTest" time="0.0"/>
  <testcase name="testParser(String)[3053]" classname="ex.PublicTests$FlightParserTest" time="0.0"/>
  <testcase name="testParser(String)[3054]" classname="ex.PublicTests$FlightParserTest" time="0.0"/>
  <testcase name="testParser(String)[3055]" classname="ex.PublicTests$FlightParserTest" time="0.0"/>
  <testcase name="testParser(String)[3056]" classname="ex.PublicTests$FlightParserTest" time="0.0"/>
  <testcase name="testParser(String)[3057]" classname="ex.PublicTests$FlightParserTest" time="0.0"/>
  <testcase name="testParser(String)[3058]" classname="ex.PublicTests$FlightParserTest" time="0.0"/>
  <testcase name="testParser(String)[3059]" classname="ex.PublicTests$FlightParserTest" time="0.0"/>
  <testcase name="testParser(String)[3060]" classname="ex.PublicTests$FlightParserTest" time="0.001"/>
  <testcase name="testParser(String)[3061]" classname="ex.PublicTests$FlightParserTest" time="0.001"/>
  <testcase name="testParser(String)[3062]" classname="ex.PublicTests$FlightParserTest" time="0.001"/>
  <testcase name="testParser(String)[3063]" classname="ex.PublicTests$FlightParserTest" time="0.0"/>
  <testcase name="testParser(String)[3064]" classname="ex.PublicTests$FlightParserTest" time="0.001"/>
  <testcase name="testParser(String)[3065]" classname="ex.PublicTests$FlightParserTest" time="0.001"/>
  <testcase name="testParser(String)[3066]" classname="ex.PublicTests$FlightParserTest" time="0.0"/>
  <testcase name="testParser(String)[3067]" classname="ex.PublicTests$FlightParserTest" time="0.001"/>
  <testcase name="testParser(String)[3068]" classname="ex.PublicTests$FlightParserTest" time="0.0"/>
  <testcase name="testParser(String)[3069]" classname="ex.PublicTests$FlightParserTest" time="0.0"/>
  <testcase name="testParser(String)[3070]" classname="ex.PublicTests$FlightParserTest" time="0.001"/>
  <testcase name="testParser(String)[3071]" classname="ex.PublicTests$FlightParserTest" time="0.0"/>
  <testcase name="testParser(String)[3072]" classname="ex.PublicTests$FlightParserTest" time="0.0"/>
  <testcase name="testParser(String)[3073]" classname="ex.PublicTests$FlightParserTest" time="0.0"/>
  <testcase name="testParser(String)[3074]" classname="ex.PublicTests$FlightParserTest" time="0.0"/>
  <testcase name="testParser(String)[3075]" classname="ex.PublicTests$FlightParserTest" time="0.001"/>
  <testcase name="testParser(String)[3076]" classname="ex.PublicTests$FlightParserTest" time="0.0"/>
  <testcase name="testParser(String)[3077]" classname="ex.PublicTests$FlightParserTest" time="0.0"/>
  <testcase name="testParser(String)[3078]" classname="ex.PublicTests$FlightParserTest" time="0.0"/>
  <testcase name="testParser(String)[3079]" classname="ex.PublicTests$FlightParserTest" time="0.0"/>
  <testcase name="testParser(String)[3080]" classname="ex.PublicTests$FlightParserTest" time="0.0"/>
  <testcase name="testParser(String)[3081]" classname="ex.PublicTests$FlightParserTest" time="0.0"/>
  <testcase name="testParser(String)[3082]" classname="ex.PublicTests$FlightParserTest" time="0.0"/>
  <testcase name="testParser(String)[3083]" classname="ex.PublicTests$FlightParserTest" time="0.0"/>
  <testcase name="testParser(String)[3084]" classname="ex.PublicTests$FlightParserTest" time="0.0"/>
  <testcase name="testParser(String)[3085]" classname="ex.PublicTests$FlightParserTest" time="0.0"/>
  <testcase name="testParser(String)[3086]" classname="ex.PublicTests$FlightParserTest" time="0.0"/>
  <testcase name="testParser(String)[3087]" classname="ex.PublicTests$FlightParserTest" time="0.0"/>
  <testcase name="testParser(String)[3088]" classname="ex.PublicTests$FlightParserTest" time="0.0"/>
  <testcase name="testParser(String)[3089]" classname="ex.PublicTests$FlightParserTest" time="0.0"/>
  <testcase name="testParser(String)[3090]" classname="ex.PublicTests$FlightParserTest" time="0.0"/>
  <testcase name="testParser(String)[3091]" classname="ex.PublicTests$FlightParserTest" time="0.0"/>
  <testcase name="testParser(String)[3092]" classname="ex.PublicTests$FlightParserTest" time="0.0"/>
  <testcase name="testParser(String)[3093]" classname="ex.PublicTests$FlightParserTest" time="0.001"/>
  <testcase name="testParser(String)[3094]" classname="ex.PublicTests$FlightParserTest" time="0.0"/>
  <testcase name="testParser(String)[3095]" classname="ex.PublicTests$FlightParserTest" time="0.0"/>
  <testcase name="testParser(String)[3096]" classname="ex.PublicTests$FlightParserTest" time="0.0"/>
  <testcase name="testParser(String)[3097]" classname="ex.PublicTests$FlightParserTest" time="0.0"/>
  <testcase name="testParser(String)[3098]" classname="ex.PublicTests$FlightParserTest" time="0.0"/>
  <testcase name="testParser(String)[3099]" classname="ex.PublicTests$FlightParserTest" time="0.0"/>
  <testcase name="testParser(String)[3100]" classname="ex.PublicTests$FlightParserTest" time="0.001"/>
  <testcase name="testParser(String)[3101]" classname="ex.PublicTests$FlightParserTest" time="0.0"/>
  <testcase name="testParser(String)[3102]" classname="ex.PublicTests$FlightParserTest" time="0.0"/>
  <testcase name="testParser(String)[3103]" classname="ex.PublicTests$FlightParserTest" time="0.0"/>
  <testcase name="testParser(String)[3104]" classname="ex.PublicTests$FlightParserTest" time="0.001"/>
  <testcase name="testParser(String)[3105]" classname="ex.PublicTests$FlightParserTest" time="0.0"/>
  <testcase name="testParser(String)[3106]" classname="ex.PublicTests$FlightParserTest" time="0.0"/>
  <testcase name="testParser(String)[3107]" classname="ex.PublicTests$FlightParserTest" time="0.0"/>
  <testcase name="testParser(String)[3108]" classname="ex.PublicTests$FlightParserTest" time="0.0"/>
  <testcase name="testParser(String)[3109]" classname="ex.PublicTests$FlightParserTest" time="0.001"/>
  <testcase name="testParser(String)[3110]" classname="ex.PublicTests$FlightParserTest" time="0.0"/>
  <testcase name="testParser(String)[3111]" classname="ex.PublicTests$FlightParserTest" time="0.0"/>
  <testcase name="testParser(String)[3112]" classname="ex.PublicTests$FlightParserTest" time="0.0"/>
  <testcase name="testParser(String)[3113]" classname="ex.PublicTests$FlightParserTest" time="0.0"/>
  <testcase name="testParser(String)[3114]" classname="ex.PublicTests$FlightParserTest" time="0.0"/>
  <testcase name="testParser(String)[3115]" classname="ex.PublicTests$FlightParserTest" time="0.0"/>
  <testcase name="testParser(String)[3116]" classname="ex.PublicTests$FlightParserTest" time="0.0"/>
  <testcase name="testParser(String)[3117]" classname="ex.PublicTests$FlightParserTest" time="0.0"/>
  <testcase name="testParser(String)[3118]" classname="ex.PublicTests$FlightParserTest" time="0.0"/>
  <testcase name="testParser(String)[3119]" classname="ex.PublicTests$FlightParserTest" time="0.001"/>
  <testcase name="testParser(String)[3120]" classname="ex.PublicTests$FlightParserTest" time="0.0"/>
  <testcase name="testParser(String)[3121]" classname="ex.PublicTests$FlightParserTest" time="0.0"/>
  <testcase name="testParser(String)[3122]" classname="ex.PublicTests$FlightParserTest" time="0.0"/>
  <testcase name="testParser(String)[3123]" classname="ex.PublicTests$FlightParserTest" time="0.0"/>
  <testcase name="testParser(String)[3124]" classname="ex.PublicTests$FlightParserTest" time="0.0"/>
  <testcase name="testParser(String)[3125]" classname="ex.PublicTests$FlightParserTest" time="0.001"/>
  <testcase name="testParser(String)[3126]" classname="ex.PublicTests$FlightParserTest" time="0.0"/>
  <testcase name="testParser(String)[3127]" classname="ex.PublicTests$FlightParserTest" time="0.001"/>
  <testcase name="testParser(String)[3128]" classname="ex.PublicTests$FlightParserTest" time="0.001"/>
  <testcase name="testParser(String)[3129]" classname="ex.PublicTests$FlightParserTest" time="0.0"/>
  <testcase name="testParser(String)[3130]" classname="ex.PublicTests$FlightParserTest" time="0.0"/>
  <testcase name="testParser(String)[3131]" classname="ex.PublicTests$FlightParserTest" time="0.0"/>
  <testcase name="testParser(String)[3132]" classname="ex.PublicTests$FlightParserTest" time="0.0"/>
  <testcase name="testParser(String)[3133]" classname="ex.PublicTests$FlightParserTest" time="0.0"/>
  <testcase name="testParser(String)[3134]" classname="ex.PublicTests$FlightParserTest" time="0.0"/>
  <testcase name="testParser(String)[3135]" classname="ex.PublicTests$FlightParserTest" time="0.0"/>
  <testcase name="testParser(String)[3136]" classname="ex.PublicTests$FlightParserTest" time="0.0"/>
  <testcase name="testParser(String)[3137]" classname="ex.PublicTests$FlightParserTest" time="0.0"/>
  <testcase name="testParser(String)[3138]" classname="ex.PublicTests$FlightParserTest" time="0.0"/>
  <testcase name="testParser(String)[3139]" classname="ex.PublicTests$FlightParserTest" time="0.0"/>
  <testcase name="testParser(String)[3140]" classname="ex.PublicTests$FlightParserTest" time="0.0"/>
  <testcase name="testParser(String)[3141]" classname="ex.PublicTests$FlightParserTest" time="0.0"/>
  <testcase name="testParser(String)[3142]" classname="ex.PublicTests$FlightParserTest" time="0.0"/>
  <testcase name="testParser(String)[3143]" classname="ex.PublicTests$FlightParserTest" time="0.0"/>
  <testcase name="testParser(String)[3144]" classname="ex.PublicTests$FlightParserTest" time="0.0"/>
  <testcase name="testParser(String)[3145]" classname="ex.PublicTests$FlightParserTest" time="0.0"/>
  <testcase name="testParser(String)[3146]" classname="ex.PublicTests$FlightParserTest" time="0.0"/>
  <testcase name="testParser(String)[3147]" classname="ex.PublicTests$FlightParserTest" time="0.0"/>
  <testcase name="testParser(String)[3148]" classname="ex.PublicTests$FlightParserTest" time="0.0"/>
  <testcase name="testParser(String)[3149]" classname="ex.PublicTests$FlightParserTest" time="0.0"/>
  <testcase name="testParser(String)[3150]" classname="ex.PublicTests$FlightParserTest" time="0.0"/>
  <testcase name="testParser(String)[3151]" classname="ex.PublicTests$FlightParserTest" time="0.0"/>
  <testcase name="testParser(String)[3152]" classname="ex.PublicTests$FlightParserTest" time="0.001"/>
  <testcase name="testParser(String)[3153]" classname="ex.PublicTests$FlightParserTest" time="0.0"/>
  <testcase name="testParser(String)[3154]" classname="ex.PublicTests$FlightParserTest" time="0.0"/>
  <testcase name="testParser(String)[3155]" classname="ex.PublicTests$FlightParserTest" time="0.0"/>
  <testcase name="testParser(String)[3156]" classname="ex.PublicTests$FlightParserTest" time="0.0"/>
  <testcase name="testParser(String)[3157]" classname="ex.PublicTests$FlightParserTest" time="0.0"/>
  <testcase name="testParser(String)[3158]" classname="ex.PublicTests$FlightParserTest" time="0.0"/>
  <testcase name="testParser(String)[3159]" classname="ex.PublicTests$FlightParserTest" time="0.0"/>
  <testcase name="testParser(String)[3160]" classname="ex.PublicTests$FlightParserTest" time="0.0"/>
  <testcase name="testParser(String)[3161]" classname="ex.PublicTests$FlightParserTest" time="0.001"/>
  <testcase name="testParser(String)[3162]" classname="ex.PublicTests$FlightParserTest" time="0.0"/>
  <testcase name="testParser(String)[3163]" classname="ex.PublicTests$FlightParserTest" time="0.0"/>
  <testcase name="testParser(String)[3164]" classname="ex.PublicTests$FlightParserTest" time="0.001"/>
  <testcase name="testParser(String)[3165]" classname="ex.PublicTests$FlightParserTest" time="0.0"/>
  <testcase name="testParser(String)[3166]" classname="ex.PublicTests$FlightParserTest" time="0.0"/>
  <testcase name="testParser(String)[3167]" classname="ex.PublicTests$FlightParserTest" time="0.0"/>
  <testcase name="testParser(String)[3168]" classname="ex.PublicTests$FlightParserTest" time="0.0"/>
  <testcase name="testParser(String)[3169]" classname="ex.PublicTests$FlightParserTest" time="0.0"/>
  <testcase name="testParser(String)[3170]" classname="ex.PublicTests$FlightParserTest" time="0.0"/>
  <testcase name="testParser(String)[3171]" classname="ex.PublicTests$FlightParserTest" time="0.001"/>
  <testcase name="testParser(String)[3172]" classname="ex.PublicTests$FlightParserTest" time="0.0"/>
  <testcase name="testParser(String)[3173]" classname="ex.PublicTests$FlightParserTest" time="0.0"/>
  <testcase name="testParser(String)[3174]" classname="ex.PublicTests$FlightParserTest" time="0.0"/>
  <testcase name="testParser(String)[3175]" classname="ex.PublicTests$FlightParserTest" time="0.0"/>
  <testcase name="testParser(String)[3176]" classname="ex.PublicTests$FlightParserTest" time="0.0"/>
  <testcase name="testParser(String)[3177]" classname="ex.PublicTests$FlightParserTest" time="0.0"/>
  <testcase name="testParser(String)[3178]" classname="ex.PublicTests$FlightParserTest" time="0.0"/>
  <testcase name="testParser(String)[3179]" classname="ex.PublicTests$FlightParserTest" time="0.001"/>
  <testcase name="testParser(String)[3180]" classname="ex.PublicTests$FlightParserTest" time="0.0"/>
  <testcase name="testParser(String)[3181]" classname="ex.PublicTests$FlightParserTest" time="0.0"/>
  <testcase name="testParser(String)[3182]" classname="ex.PublicTests$FlightParserTest" time="0.0"/>
  <testcase name="testParser(String)[3183]" classname="ex.PublicTests$FlightParserTest" time="0.0"/>
  <testcase name="testParser(String)[3184]" classname="ex.PublicTests$FlightParserTest" time="0.0"/>
  <testcase name="testParser(String)[3185]" classname="ex.PublicTests$FlightParserTest" time="0.0"/>
  <testcase name="testParser(String)[3186]" classname="ex.PublicTests$FlightParserTest" time="0.0"/>
  <testcase name="testParser(String)[3187]" classname="ex.PublicTests$FlightParserTest" time="0.0"/>
  <testcase name="testParser(String)[3188]" classname="ex.PublicTests$FlightParserTest" time="0.0"/>
  <testcase name="testParser(String)[3189]" classname="ex.PublicTests$FlightParserTest" time="0.0"/>
  <testcase name="testParser(String)[3190]" classname="ex.PublicTests$FlightParserTest" time="0.001"/>
  <testcase name="testParser(String)[3191]" classname="ex.PublicTests$FlightParserTest" time="0.0"/>
  <testcase name="testParser(String)[3192]" classname="ex.PublicTests$FlightParserTest" time="0.0"/>
  <testcase name="testParser(String)[3193]" classname="ex.PublicTests$FlightParserTest" time="0.001"/>
  <testcase name="testParser(String)[3194]" classname="ex.PublicTests$FlightParserTest" time="0.0"/>
  <testcase name="testParser(String)[3195]" classname="ex.PublicTests$FlightParserTest" time="0.0"/>
  <testcase name="testParser(String)[3196]" classname="ex.PublicTests$FlightParserTest" time="0.001"/>
  <testcase name="testParser(String)[3197]" classname="ex.PublicTests$FlightParserTest" time="0.0"/>
  <testcase name="testParser(String)[3198]" classname="ex.PublicTests$FlightParserTest" time="0.0"/>
  <testcase name="testParser(String)[3199]" classname="ex.PublicTests$FlightParserTest" time="0.0"/>
  <testcase name="testParser(String)[3200]" classname="ex.PublicTests$FlightParserTest" time="0.0"/>
  <testcase name="testParser(String)[3201]" classname="ex.PublicTests$FlightParserTest" time="0.002"/>
  <testcase name="testParser(String)[3202]" classname="ex.PublicTests$FlightParserTest" time="0.001"/>
  <testcase name="testParser(String)[3203]" classname="ex.PublicTests$FlightParserTest" time="0.0"/>
  <testcase name="testParser(String)[3204]" classname="ex.PublicTests$FlightParserTest" time="0.0"/>
  <testcase name="testParser(String)[3205]" classname="ex.PublicTests$FlightParserTest" time="0.0"/>
  <testcase name="testParser(String)[3206]" classname="ex.PublicTests$FlightParserTest" time="0.003"/>
  <testcase name="testParser(String)[3207]" classname="ex.PublicTests$FlightParserTest" time="0.0"/>
  <testcase name="testParser(String)[3208]" classname="ex.PublicTests$FlightParserTest" time="0.0"/>
  <testcase name="testParser(String)[3209]" classname="ex.PublicTests$FlightParserTest" time="0.0"/>
  <testcase name="testParser(String)[3210]" classname="ex.PublicTests$FlightParserTest" time="0.0"/>
  <testcase name="testParser(String)[3211]" classname="ex.PublicTests$FlightParserTest" time="0.0"/>
  <testcase name="testParser(String)[3212]" classname="ex.PublicTests$FlightParserTest" time="0.0"/>
  <testcase name="testParser(String)[3213]" classname="ex.PublicTests$FlightParserTest" time="0.001"/>
  <testcase name="testParser(String)[3214]" classname="ex.PublicTests$FlightParserTest" time="0.0"/>
  <testcase name="testParser(String)[3215]" classname="ex.PublicTests$FlightParserTest" time="0.0"/>
  <testcase name="testParser(String)[3216]" classname="ex.PublicTests$FlightParserTest" time="0.0"/>
  <testcase name="testParser(String)[3217]" classname="ex.PublicTests$FlightParserTest" time="0.0"/>
  <testcase name="testParser(String)[3218]" classname="ex.PublicTests$FlightParserTest" time="0.0"/>
  <testcase name="testParser(String)[3219]" classname="ex.PublicTests$FlightParserTest" time="0.0"/>
  <testcase name="testParser(String)[3220]" classname="ex.PublicTests$FlightParserTest" time="0.0"/>
  <testcase name="testParser(String)[3221]" classname="ex.PublicTests$FlightParserTest" time="0.0"/>
  <testcase name="testParser(String)[3222]" classname="ex.PublicTests$FlightParserTest" time="0.0"/>
  <testcase name="testParser(String)[3223]" classname="ex.PublicTests$FlightParserTest" time="0.001"/>
  <testcase name="testParser(String)[3224]" classname="ex.PublicTests$FlightParserTest" time="0.0"/>
  <testcase name="testParser(String)[3225]" classname="ex.PublicTests$FlightParserTest" time="0.0"/>
  <testcase name="testParser(String)[3226]" classname="ex.PublicTests$FlightParserTest" time="0.0"/>
  <testcase name="testParser(String)[3227]" classname="ex.PublicTests$FlightParserTest" time="0.0"/>
  <testcase name="testParser(String)[3228]" classname="ex.PublicTests$FlightParserTest" time="0.0"/>
  <testcase name="testParser(String)[3229]" classname="ex.PublicTests$FlightParserTest" time="0.0"/>
  <testcase name="testParser(String)[3230]" classname="ex.PublicTests$FlightParserTest" time="0.0"/>
  <testcase name="testParser(String)[3231]" classname="ex.PublicTests$FlightParserTest" time="0.0"/>
  <testcase name="testParser(String)[3232]" classname="ex.PublicTests$FlightParserTest" time="0.0"/>
  <testcase name="testParser(String)[3233]" classname="ex.PublicTests$FlightParserTest" time="0.0"/>
  <testcase name="testParser(String)[3234]" classname="ex.PublicTests$FlightParserTest" time="0.0"/>
  <testcase name="testParser(String)[3235]" classname="ex.PublicTests$FlightParserTest" time="0.0"/>
  <testcase name="testParser(String)[3236]" classname="ex.PublicTests$FlightParserTest" time="0.0"/>
  <testcase name="testParser(String)[3237]" classname="ex.PublicTests$FlightParserTest" time="0.0"/>
  <testcase name="testParser(String)[3238]" classname="ex.PublicTests$FlightParserTest" time="0.0"/>
  <testcase name="testParser(String)[3239]" classname="ex.PublicTests$FlightParserTest" time="0.001"/>
  <testcase name="testParser(String)[3240]" classname="ex.PublicTests$FlightParserTest" time="0.0"/>
  <testcase name="testParser(String)[3241]" classname="ex.PublicTests$FlightParserTest" time="0.0"/>
  <testcase name="testParser(String)[3242]" classname="ex.PublicTests$FlightParserTest" time="0.0"/>
  <testcase name="testParser(String)[3243]" classname="ex.PublicTests$FlightParserTest" time="0.0"/>
  <testcase name="testParser(String)[3244]" classname="ex.PublicTests$FlightParserTest" time="0.0"/>
  <testcase name="testParser(String)[3245]" classname="ex.PublicTests$FlightParserTest" time="0.0"/>
  <testcase name="testParser(String)[3246]" classname="ex.PublicTests$FlightParserTest" time="0.0"/>
  <testcase name="testParser(String)[3247]" classname="ex.PublicTests$FlightParserTest" time="0.0"/>
  <testcase name="testParser(String)[3248]" classname="ex.PublicTests$FlightParserTest" time="0.0"/>
  <testcase name="testParser(String)[3249]" classname="ex.PublicTests$FlightParserTest" time="0.001"/>
  <testcase name="testParser(String)[3250]" classname="ex.PublicTests$FlightParserTest" time="0.0"/>
  <testcase name="testParser(String)[3251]" classname="ex.PublicTests$FlightParserTest" time="0.0"/>
  <testcase name="testParser(String)[3252]" classname="ex.PublicTests$FlightParserTest" time="0.0"/>
  <testcase name="testParser(String)[3253]" classname="ex.PublicTests$FlightParserTest" time="0.0"/>
  <testcase name="testParser(String)[3254]" classname="ex.PublicTests$FlightParserTest" time="0.0"/>
  <testcase name="testParser(String)[3255]" classname="ex.PublicTests$FlightParserTest" time="0.0"/>
  <testcase name="testParser(String)[3256]" classname="ex.PublicTests$FlightParserTest" time="0.0"/>
  <testcase name="testParser(String)[3257]" classname="ex.PublicTests$FlightParserTest" time="0.0"/>
  <testcase name="testParser(String)[3258]" classname="ex.PublicTests$FlightParserTest" time="0.0"/>
  <testcase name="testParser(String)[3259]" classname="ex.PublicTests$FlightParserTest" time="0.001"/>
  <testcase name="testParser(String)[3260]" classname="ex.PublicTests$FlightParserTest" time="0.0"/>
  <testcase name="testParser(String)[3261]" classname="ex.PublicTests$FlightParserTest" time="0.0"/>
  <testcase name="testParser(String)[3262]" classname="ex.PublicTests$FlightParserTest" time="0.0"/>
  <testcase name="testParser(String)[3263]" classname="ex.PublicTests$FlightParserTest" time="0.0"/>
  <testcase name="testParser(String)[3264]" classname="ex.PublicTests$FlightParserTest" time="0.0"/>
  <testcase name="testParser(String)[3265]" classname="ex.PublicTests$FlightParserTest" time="0.0"/>
  <testcase name="testParser(String)[3266]" classname="ex.PublicTests$FlightParserTest" time="0.001"/>
  <testcase name="testParser(String)[3267]" classname="ex.PublicTests$FlightParserTest" time="0.0"/>
  <testcase name="testParser(String)[3268]" classname="ex.PublicTests$FlightParserTest" time="0.0"/>
  <testcase name="testParser(String)[3269]" classname="ex.PublicTests$FlightParserTest" time="0.0"/>
  <testcase name="testParser(String)[3270]" classname="ex.PublicTests$FlightParserTest" time="0.0"/>
  <testcase name="testParser(String)[3271]" classname="ex.PublicTests$FlightParserTest" time="0.0"/>
  <testcase name="testParser(String)[3272]" classname="ex.PublicTests$FlightParserTest" time="0.0"/>
  <testcase name="testParser(String)[3273]" classname="ex.PublicTests$FlightParserTest" time="0.0"/>
  <testcase name="testParser(String)[3274]" classname="ex.PublicTests$FlightParserTest" time="0.0"/>
  <testcase name="testParser(String)[3275]" classname="ex.PublicTests$FlightParserTest" time="0.0"/>
  <testcase name="testParser(String)[3276]" classname="ex.PublicTests$FlightParserTest" time="0.001"/>
  <testcase name="testParser(String)[3277]" classname="ex.PublicTests$FlightParserTest" time="0.0"/>
  <testcase name="testParser(String)[3278]" classname="ex.PublicTests$FlightParserTest" time="0.0"/>
  <testcase name="testParser(String)[3279]" classname="ex.PublicTests$FlightParserTest" time="0.001"/>
  <testcase name="testParser(String)[3280]" classname="ex.PublicTests$FlightParserTest" time="0.0"/>
  <testcase name="testParser(String)[3281]" classname="ex.PublicTests$FlightParserTest" time="0.0"/>
  <testcase name="testParser(String)[3282]" classname="ex.PublicTests$FlightParserTest" time="0.0"/>
  <testcase name="testParser(String)[3283]" classname="ex.PublicTests$FlightParserTest" time="0.0"/>
  <testcase name="testParser(String)[3284]" classname="ex.PublicTests$FlightParserTest" time="0.0"/>
  <testcase name="testParser(String)[3285]" classname="ex.PublicTests$FlightParserTest" time="0.0"/>
  <testcase name="testParser(String)[3286]" classname="ex.PublicTests$FlightParserTest" time="0.0"/>
  <testcase name="testParser(String)[3287]" classname="ex.PublicTests$FlightParserTest" time="0.0"/>
  <testcase name="testParser(String)[3288]" classname="ex.PublicTests$FlightParserTest" time="0.0"/>
  <testcase name="testParser(String)[3289]" classname="ex.PublicTests$FlightParserTest" time="0.001"/>
  <testcase name="testParser(String)[3290]" classname="ex.PublicTests$FlightParserTest" time="0.0"/>
  <testcase name="testParser(String)[3291]" classname="ex.PublicTests$FlightParserTest" time="0.0"/>
  <testcase name="testParser(String)[3292]" classname="ex.PublicTests$FlightParserTest" time="0.0"/>
  <testcase name="testParser(String)[3293]" classname="ex.PublicTests$FlightParserTest" time="0.0"/>
  <testcase name="testParser(String)[3294]" classname="ex.PublicTests$FlightParserTest" time="0.0"/>
  <testcase name="testParser(String)[3295]" classname="ex.PublicTests$FlightParserTest" time="0.0"/>
  <testcase name="testParser(String)[3296]" classname="ex.PublicTests$FlightParserTest" time="0.001"/>
  <testcase name="testParser(String)[3297]" classname="ex.PublicTests$FlightParserTest" time="0.0"/>
  <testcase name="testParser(String)[3298]" classname="ex.PublicTests$FlightParserTest" time="0.0"/>
  <testcase name="testParser(String)[3299]" classname="ex.PublicTests$FlightParserTest" time="0.0"/>
  <testcase name="testParser(String)[3300]" classname="ex.PublicTests$FlightParserTest" time="0.002"/>
  <testcase name="testParser(String)[3301]" classname="ex.PublicTests$FlightParserTest" time="0.001"/>
  <testcase name="testParser(String)[3302]" classname="ex.PublicTests$FlightParserTest" time="0.0"/>
  <testcase name="testParser(String)[3303]" classname="ex.PublicTests$FlightParserTest" time="0.0"/>
  <testcase name="testParser(String)[3304]" classname="ex.PublicTests$FlightParserTest" time="0.0"/>
  <testcase name="testParser(String)[3305]" classname="ex.PublicTests$FlightParserTest" time="0.0"/>
  <testcase name="testParser(String)[3306]" classname="ex.PublicTests$FlightParserTest" time="0.0"/>
  <testcase name="testParser(String)[3307]" classname="ex.PublicTests$FlightParserTest" time="0.0"/>
  <testcase name="testParser(String)[3308]" classname="ex.PublicTests$FlightParserTest" time="0.0"/>
  <testcase name="testParser(String)[3309]" classname="ex.PublicTests$FlightParserTest" time="0.0"/>
  <testcase name="testParser(String)[3310]" classname="ex.PublicTests$FlightParserTest" time="0.0"/>
  <testcase name="testParser(String)[3311]" classname="ex.PublicTests$FlightParserTest" time="0.0"/>
  <testcase name="testParser(String)[3312]" classname="ex.PublicTests$FlightParserTest" time="0.0"/>
  <testcase name="testParser(String)[3313]" classname="ex.PublicTests$FlightParserTest" time="0.001"/>
  <testcase name="testParser(String)[3314]" classname="ex.PublicTests$FlightParserTest" time="0.0"/>
  <testcase name="testParser(String)[3315]" classname="ex.PublicTests$FlightParserTest" time="0.001"/>
  <testcase name="testParser(String)[3316]" classname="ex.PublicTests$FlightParserTest" time="0.0"/>
  <testcase name="testParser(String)[3317]" classname="ex.PublicTests$FlightParserTest" time="0.0"/>
  <testcase name="testParser(String)[3318]" classname="ex.PublicTests$FlightParserTest" time="0.0"/>
  <testcase name="testParser(String)[3319]" classname="ex.PublicTests$FlightParserTest" time="0.0"/>
  <testcase name="testParser(String)[3320]" classname="ex.PublicTests$FlightParserTest" time="0.0"/>
  <testcase name="testParser(String)[3321]" classname="ex.PublicTests$FlightParserTest" time="0.001"/>
  <testcase name="testParser(String)[3322]" classname="ex.PublicTests$FlightParserTest" time="0.0"/>
  <testcase name="testParser(String)[3323]" classname="ex.PublicTests$FlightParserTest" time="0.0"/>
  <testcase name="testParser(String)[3324]" classname="ex.PublicTests$FlightParserTest" time="0.001"/>
  <testcase name="testParser(String)[3325]" classname="ex.PublicTests$FlightParserTest" time="0.0"/>
  <testcase name="testParser(String)[3326]" classname="ex.PublicTests$FlightParserTest" time="0.0"/>
  <testcase name="testParser(String)[3327]" classname="ex.PublicTests$FlightParserTest" time="0.0"/>
  <testcase name="testParser(String)[3328]" classname="ex.PublicTests$FlightParserTest" time="0.0"/>
  <testcase name="testParser(String)[3329]" classname="ex.PublicTests$FlightParserTest" time="0.0"/>
  <testcase name="testParser(String)[3330]" classname="ex.PublicTests$FlightParserTest" time="0.0"/>
  <testcase name="testParser(String)[3331]" classname="ex.PublicTests$FlightParserTest" time="0.0"/>
  <testcase name="testParser(String)[3332]" classname="ex.PublicTests$FlightParserTest" time="0.0"/>
  <testcase name="testParser(String)[3333]" classname="ex.PublicTests$FlightParserTest" time="0.0"/>
  <testcase name="testParser(String)[3334]" classname="ex.PublicTests$FlightParserTest" time="0.0"/>
  <testcase name="testParser(String)[3335]" classname="ex.PublicTests$FlightParserTest" time="0.0"/>
  <testcase name="testParser(String)[3336]" classname="ex.PublicTests$FlightParserTest" time="0.0"/>
  <testcase name="testParser(String)[3337]" classname="ex.PublicTests$FlightParserTest" time="0.001"/>
  <testcase name="testParser(String)[3338]" classname="ex.PublicTests$FlightParserTest" time="0.0"/>
  <testcase name="testParser(String)[3339]" classname="ex.PublicTests$FlightParserTest" time="0.0"/>
  <testcase name="testParser(String)[3340]" classname="ex.PublicTests$FlightParserTest" time="0.0"/>
  <testcase name="testParser(String)[3341]" classname="ex.PublicTests$FlightParserTest" time="0.0"/>
  <testcase name="testParser(String)[3342]" classname="ex.PublicTests$FlightParserTest" time="0.0"/>
  <testcase name="testParser(String)[3343]" classname="ex.PublicTests$FlightParserTest" time="0.0"/>
  <testcase name="testParser(String)[3344]" classname="ex.PublicTests$FlightParserTest" time="0.0"/>
  <testcase name="testParser(String)[3345]" classname="ex.PublicTests$FlightParserTest" time="0.0"/>
  <testcase name="testParser(String)[3346]" classname="ex.PublicTests$FlightParserTest" time="0.0"/>
  <testcase name="testParser(String)[3347]" classname="ex.PublicTests$FlightParserTest" time="0.0"/>
  <testcase name="testParser(String)[3348]" classname="ex.PublicTests$FlightParserTest" time="0.0"/>
  <testcase name="testParser(String)[3349]" classname="ex.PublicTests$FlightParserTest" time="0.0"/>
  <testcase name="testParser(String)[3350]" classname="ex.PublicTests$FlightParserTest" time="0.0"/>
  <testcase name="testParser(String)[3351]" classname="ex.PublicTests$FlightParserTest" time="0.0"/>
  <testcase name="testParser(String)[3352]" classname="ex.PublicTests$FlightParserTest" time="0.0"/>
  <testcase name="testParser(String)[3353]" classname="ex.PublicTests$FlightParserTest" time="0.001"/>
  <testcase name="testParser(String)[3354]" classname="ex.PublicTests$FlightParserTest" time="0.0"/>
  <testcase name="testParser(String)[3355]" classname="ex.PublicTests$FlightParserTest" time="0.0"/>
  <testcase name="testParser(String)[3356]" classname="ex.PublicTests$FlightParserTest" time="0.0"/>
  <testcase name="testParser(String)[3357]" classname="ex.PublicTests$FlightParserTest" time="0.0"/>
  <testcase name="testParser(String)[3358]" classname="ex.PublicTests$FlightParserTest" time="0.0"/>
  <testcase name="testParser(String)[3359]" classname="ex.PublicTests$FlightParserTest" time="0.0"/>
  <testcase name="testParser(String)[3360]" classname="ex.PublicTests$FlightParserTest" time="0.001"/>
  <testcase name="testParser(String)[3361]" classname="ex.PublicTests$FlightParserTest" time="0.0"/>
  <testcase name="testParser(String)[3362]" classname="ex.PublicTests$FlightParserTest" time="0.0"/>
  <testcase name="testParser(String)[3363]" classname="ex.PublicTests$FlightParserTest" time="0.001"/>
  <testcase name="testParser(String)[3364]" classname="ex.PublicTests$FlightParserTest" time="0.0"/>
  <testcase name="testParser(String)[3365]" classname="ex.PublicTests$FlightParserTest" time="0.0"/>
  <testcase name="testParser(String)[3366]" classname="ex.PublicTests$FlightParserTest" time="0.0"/>
  <testcase name="testParser(String)[3367]" classname="ex.PublicTests$FlightParserTest" time="0.0"/>
  <testcase name="testParser(String)[3368]" classname="ex.PublicTests$FlightParserTest" time="0.0"/>
  <testcase name="testParser(String)[3369]" classname="ex.PublicTests$FlightParserTest" time="0.0"/>
  <testcase name="testParser(String)[3370]" classname="ex.PublicTests$FlightParserTest" time="0.0"/>
  <testcase name="testParser(String)[3371]" classname="ex.PublicTests$FlightParserTest" time="0.0"/>
  <testcase name="testParser(String)[3372]" classname="ex.PublicTests$FlightParserTest" time="0.0"/>
  <testcase name="testParser(String)[3373]" classname="ex.PublicTests$FlightParserTest" time="0.001"/>
  <testcase name="testParser(String)[3374]" classname="ex.PublicTests$FlightParserTest" time="0.0"/>
  <testcase name="testParser(String)[3375]" classname="ex.PublicTests$FlightParserTest" time="0.001"/>
  <testcase name="testParser(String)[3376]" classname="ex.PublicTests$FlightParserTest" time="0.0"/>
  <testcase name="testParser(String)[3377]" classname="ex.PublicTests$FlightParserTest" time="0.0"/>
  <testcase name="testParser(String)[3378]" classname="ex.PublicTests$FlightParserTest" time="0.001"/>
  <testcase name="testParser(String)[3379]" classname="ex.PublicTests$FlightParserTest" time="0.0"/>
  <testcase name="testParser(String)[3380]" classname="ex.PublicTests$FlightParserTest" time="0.0"/>
  <testcase name="testParser(String)[3381]" classname="ex.PublicTests$FlightParserTest" time="0.0"/>
  <testcase name="testParser(String)[3382]" classname="ex.PublicTests$FlightParserTest" time="0.0"/>
  <testcase name="testParser(String)[3383]" classname="ex.PublicTests$FlightParserTest" time="0.0"/>
  <testcase name="testParser(String)[3384]" classname="ex.PublicTests$FlightParserTest" time="0.0"/>
  <testcase name="testParser(String)[3385]" classname="ex.PublicTests$FlightParserTest" time="0.001"/>
  <testcase name="testParser(String)[3386]" classname="ex.PublicTests$FlightParserTest" time="0.0"/>
  <testcase name="testParser(String)[3387]" classname="ex.PublicTests$FlightParserTest" time="0.0"/>
  <testcase name="testParser(String)[3388]" classname="ex.PublicTests$FlightParserTest" time="0.0"/>
  <testcase name="testParser(String)[3389]" classname="ex.PublicTests$FlightParserTest" time="0.0"/>
  <testcase name="testParser(String)[3390]" classname="ex.PublicTests$FlightParserTest" time="0.0"/>
  <testcase name="testParser(String)[3391]" classname="ex.PublicTests$FlightParserTest" time="0.0"/>
  <testcase name="testParser(String)[3392]" classname="ex.PublicTests$FlightParserTest" time="0.001"/>
  <testcase name="testParser(String)[3393]" classname="ex.PublicTests$FlightParserTest" time="0.0"/>
  <testcase name="testParser(String)[3394]" classname="ex.PublicTests$FlightParserTest" time="0.0"/>
  <testcase name="testParser(String)[3395]" classname="ex.PublicTests$FlightParserTest" time="0.0"/>
  <testcase name="testParser(String)[3396]" classname="ex.PublicTests$FlightParserTest" time="0.0"/>
  <testcase name="testParser(String)[3397]" classname="ex.PublicTests$FlightParserTest" time="0.0"/>
  <testcase name="testParser(String)[3398]" classname="ex.PublicTests$FlightParserTest" time="0.0"/>
  <testcase name="testParser(String)[3399]" classname="ex.PublicTests$FlightParserTest" time="0.0"/>
  <testcase name="testParser(String)[3400]" classname="ex.PublicTests$FlightParserTest" time="0.0"/>
  <testcase name="testParser(String)[3401]" classname="ex.PublicTests$FlightParserTest" time="0.0"/>
  <testcase name="testParser(String)[3402]" classname="ex.PublicTests$FlightParserTest" time="0.0"/>
  <testcase name="testParser(String)[3403]" classname="ex.PublicTests$FlightParserTest" time="0.0"/>
  <testcase name="testParser(String)[3404]" classname="ex.PublicTests$FlightParserTest" time="0.0"/>
  <testcase name="testParser(String)[3405]" classname="ex.PublicTests$FlightParserTest" time="0.001"/>
  <testcase name="testParser(String)[3406]" classname="ex.PublicTests$FlightParserTest" time="0.0"/>
  <testcase name="testParser(String)[3407]" classname="ex.PublicTests$FlightParserTest" time="0.0"/>
  <testcase name="testParser(String)[3408]" classname="ex.PublicTests$FlightParserTest" time="0.0"/>
  <testcase name="testParser(String)[3409]" classname="ex.PublicTests$FlightParserTest" time="0.0"/>
  <testcase name="testParser(String)[3410]" classname="ex.PublicTests$FlightParserTest" time="0.0"/>
  <testcase name="testParser(String)[3411]" classname="ex.PublicTests$FlightParserTest" time="0.0"/>
  <testcase name="testParser(String)[3412]" classname="ex.PublicTests$FlightParserTest" time="0.0"/>
  <testcase name="testParser(String)[3413]" classname="ex.PublicTests$FlightParserTest" time="0.0"/>
  <testcase name="testParser(String)[3414]" classname="ex.PublicTests$FlightParserTest" time="0.0"/>
  <testcase name="testParser(String)[3415]" classname="ex.PublicTests$FlightParserTest" time="0.0"/>
  <testcase name="testParser(String)[3416]" classname="ex.PublicTests$FlightParserTest" time="0.0"/>
  <testcase name="testParser(String)[3417]" classname="ex.PublicTests$FlightParserTest" time="0.0"/>
  <testcase name="testParser(String)[3418]" classname="ex.PublicTests$FlightParserTest" time="0.0"/>
  <testcase name="testParser(String)[3419]" classname="ex.PublicTests$FlightParserTest" time="0.0"/>
  <testcase name="testParser(String)[3420]" classname="ex.PublicTests$FlightParserTest" time="0.0"/>
  <testcase name="testParser(String)[3421]" classname="ex.PublicTests$FlightParserTest" time="0.0"/>
  <testcase name="testParser(String)[3422]" classname="ex.PublicTests$FlightParserTest" time="0.0"/>
  <testcase name="testParser(String)[3423]" classname="ex.PublicTests$FlightParserTest" time="0.0"/>
  <testcase name="testParser(String)[3424]" classname="ex.PublicTests$FlightParserTest" time="0.0"/>
  <testcase name="testParser(String)[3425]" classname="ex.PublicTests$FlightParserTest" time="0.0"/>
  <testcase name="testParser(String)[3426]" classname="ex.PublicTests$FlightParserTest" time="0.001"/>
  <testcase name="testParser(String)[3427]" classname="ex.PublicTests$FlightParserTest" time="0.0"/>
  <testcase name="testParser(String)[3428]" classname="ex.PublicTests$FlightParserTest" time="0.0"/>
  <testcase name="testParser(String)[3429]" classname="ex.PublicTests$FlightParserTest" time="0.001"/>
  <testcase name="testParser(String)[3430]" classname="ex.PublicTests$FlightParserTest" time="0.0"/>
  <testcase name="testParser(String)[3431]" classname="ex.PublicTests$FlightParserTest" time="0.0"/>
  <testcase name="testParser(String)[3432]" classname="ex.PublicTests$FlightParserTest" time="0.0"/>
  <testcase name="testParser(String)[3433]" classname="ex.PublicTests$FlightParserTest" time="0.0"/>
  <testcase name="testParser(String)[3434]" classname="ex.PublicTests$FlightParserTest" time="0.0"/>
  <testcase name="testParser(String)[3435]" classname="ex.PublicTests$FlightParserTest" time="0.0"/>
  <testcase name="testParser(String)[3436]" classname="ex.PublicTests$FlightParserTest" time="0.006"/>
  <testcase name="testParser(String)[3437]" classname="ex.PublicTests$FlightParserTest" time="0.0"/>
  <testcase name="testParser(String)[3438]" classname="ex.PublicTests$FlightParserTest" time="0.001"/>
  <testcase name="testParser(String)[3439]" classname="ex.PublicTests$FlightParserTest" time="0.0"/>
  <testcase name="testParser(String)[3440]" classname="ex.PublicTests$FlightParserTest" time="0.001"/>
  <testcase name="testParser(String)[3441]" classname="ex.PublicTests$FlightParserTest" time="0.0"/>
  <testcase name="testParser(String)[3442]" classname="ex.PublicTests$FlightParserTest" time="0.0"/>
  <testcase name="testParser(String)[3443]" classname="ex.PublicTests$FlightParserTest" time="0.0"/>
  <testcase name="testParser(String)[3444]" classname="ex.PublicTests$FlightParserTest" time="0.0"/>
  <testcase name="testParser(String)[3445]" classname="ex.PublicTests$FlightParserTest" time="0.001"/>
  <testcase name="testParser(String)[3446]" classname="ex.PublicTests$FlightParserTest" time="0.0"/>
  <testcase name="testParser(String)[3447]" classname="ex.PublicTests$FlightParserTest" time="0.0"/>
  <testcase name="testParser(String)[3448]" classname="ex.PublicTests$FlightParserTest" time="0.0"/>
  <testcase name="testParser(String)[3449]" classname="ex.PublicTests$FlightParserTest" time="0.0"/>
  <testcase name="testParser(String)[3450]" classname="ex.PublicTests$FlightParserTest" time="0.0"/>
  <testcase name="testParser(String)[3451]" classname="ex.PublicTests$FlightParserTest" time="0.0"/>
  <testcase name="testParser(String)[3452]" classname="ex.PublicTests$FlightParserTest" time="0.0"/>
  <testcase name="testParser(String)[3453]" classname="ex.PublicTests$FlightParserTest" time="0.0"/>
  <testcase name="testParser(String)[3454]" classname="ex.PublicTests$FlightParserTest" time="0.0"/>
  <testcase name="testParser(String)[3455]" classname="ex.PublicTests$FlightParserTest" time="0.0"/>
  <testcase name="testParser(String)[3456]" classname="ex.PublicTests$FlightParserTest" time="0.0"/>
  <testcase name="testParser(String)[3457]" classname="ex.PublicTests$FlightParserTest" time="0.0"/>
  <testcase name="testParser(String)[3458]" classname="ex.PublicTests$FlightParserTest" time="0.0"/>
  <testcase name="testParser(String)[3459]" classname="ex.PublicTests$FlightParserTest" time="0.0"/>
  <testcase name="testParser(String)[3460]" classname="ex.PublicTests$FlightParserTest" time="0.0"/>
  <testcase name="testParser(String)[3461]" classname="ex.PublicTests$FlightParserTest" time="0.0"/>
  <testcase name="testParser(String)[3462]" classname="ex.PublicTests$FlightParserTest" time="0.0"/>
  <testcase name="testParser(String)[3463]" classname="ex.PublicTests$FlightParserTest" time="0.0"/>
  <testcase name="testParser(String)[3464]" classname="ex.PublicTests$FlightParserTest" time="0.0"/>
  <testcase name="testParser(String)[3465]" classname="ex.PublicTests$FlightParserTest" time="0.0"/>
  <testcase name="testParser(String)[3466]" classname="ex.PublicTests$FlightParserTest" time="0.0"/>
  <testcase name="testParser(String)[3467]" classname="ex.PublicTests$FlightParserTest" time="0.0"/>
  <testcase name="testParser(String)[3468]" classname="ex.PublicTests$FlightParserTest" time="0.0"/>
  <testcase name="testParser(String)[3469]" classname="ex.PublicTests$FlightParserTest" time="0.0"/>
  <testcase name="testParser(String)[3470]" classname="ex.PublicTests$FlightParserTest" time="0.0"/>
  <testcase name="testParser(String)[3471]" classname="ex.PublicTests$FlightParserTest" time="0.0"/>
  <testcase name="testParser(String)[3472]" classname="ex.PublicTests$FlightParserTest" time="0.001"/>
  <testcase name="testParser(String)[3473]" classname="ex.PublicTests$FlightParserTest" time="0.0"/>
  <testcase name="testParser(String)[3474]" classname="ex.PublicTests$FlightParserTest" time="0.0"/>
  <testcase name="testParser(String)[3475]" classname="ex.PublicTests$FlightParserTest" time="0.0"/>
  <testcase name="testParser(String)[3476]" classname="ex.PublicTests$FlightParserTest" time="0.0"/>
  <testcase name="testParser(String)[3477]" classname="ex.PublicTests$FlightParserTest" time="0.0"/>
  <testcase name="testParser(String)[3478]" classname="ex.PublicTests$FlightParserTest" time="0.0"/>
  <testcase name="testParser(String)[3479]" classname="ex.PublicTests$FlightParserTest" time="0.0"/>
  <testcase name="testParser(String)[3480]" classname="ex.PublicTests$FlightParserTest" time="0.0"/>
  <testcase name="testParser(String)[3481]" classname="ex.PublicTests$FlightParserTest" time="0.001"/>
  <testcase name="testParser(String)[3482]" classname="ex.PublicTests$FlightParserTest" time="0.0"/>
  <testcase name="testParser(String)[3483]" classname="ex.PublicTests$FlightParserTest" time="0.0"/>
  <testcase name="testParser(String)[3484]" classname="ex.PublicTests$FlightParserTest" time="0.0"/>
  <testcase name="testParser(String)[3485]" classname="ex.PublicTests$FlightParserTest" time="0.0"/>
  <testcase name="testParser(String)[3486]" classname="ex.PublicTests$FlightParserTest" time="0.0"/>
  <testcase name="testParser(String)[3487]" classname="ex.PublicTests$FlightParserTest" time="0.0"/>
  <testcase name="testParser(String)[3488]" classname="ex.PublicTests$FlightParserTest" time="0.0"/>
  <testcase name="testParser(String)[3489]" classname="ex.PublicTests$FlightParserTest" time="0.0"/>
  <testcase name="testParser(String)[3490]" classname="ex.PublicTests$FlightParserTest" time="0.0"/>
  <testcase name="testParser(String)[3491]" classname="ex.PublicTests$FlightParserTest" time="0.0"/>
  <testcase name="testParser(String)[3492]" classname="ex.PublicTests$FlightParserTest" time="0.0"/>
  <testcase name="testParser(String)[3493]" classname="ex.PublicTests$FlightParserTest" time="0.0"/>
  <testcase name="testParser(String)[3494]" classname="ex.PublicTests$FlightParserTest" time="0.007"/>
  <testcase name="testParser(String)[3495]" classname="ex.PublicTests$FlightParserTest" time="0.0"/>
  <testcase name="testParser(String)[3496]" classname="ex.PublicTests$FlightParserTest" time="0.001"/>
  <testcase name="testParser(String)[3497]" classname="ex.PublicTests$FlightParserTest" time="0.0"/>
  <testcase name="testParser(String)[3498]" classname="ex.PublicTests$FlightParserTest" time="0.001"/>
  <testcase name="testParser(String)[3499]" classname="ex.PublicTests$FlightParserTest" time="0.0"/>
  <testcase name="testParser(String)[3500]" classname="ex.PublicTests$FlightParserTest" time="0.0"/>
  <testcase name="testParser(String)[3501]" classname="ex.PublicTests$FlightParserTest" time="0.0"/>
  <testcase name="testParser(String)[3502]" classname="ex.PublicTests$FlightParserTest" time="0.0"/>
  <testcase name="testParser(String)[3503]" classname="ex.PublicTests$FlightParserTest" time="0.001"/>
  <testcase name="testParser(String)[3504]" classname="ex.PublicTests$FlightParserTest" time="0.0"/>
  <testcase name="testParser(String)[3505]" classname="ex.PublicTests$FlightParserTest" time="0.0"/>
  <testcase name="testParser(String)[3506]" classname="ex.PublicTests$FlightParserTest" time="0.0"/>
  <testcase name="testParser(String)[3507]" classname="ex.PublicTests$FlightParserTest" time="0.0"/>
  <testcase name="testParser(String)[3508]" classname="ex.PublicTests$FlightParserTest" time="0.0"/>
  <testcase name="testParser(String)[3509]" classname="ex.PublicTests$FlightParserTest" time="0.0"/>
  <testcase name="testParser(String)[3510]" classname="ex.PublicTests$FlightParserTest" time="0.0"/>
  <testcase name="testParser(String)[3511]" classname="ex.PublicTests$FlightParserTest" time="0.0"/>
  <testcase name="testParser(String)[3512]" classname="ex.PublicTests$FlightParserTest" time="0.0"/>
  <testcase name="testParser(String)[3513]" classname="ex.PublicTests$FlightParserTest" time="0.0"/>
  <testcase name="testParser(String)[3514]" classname="ex.PublicTests$FlightParserTest" time="0.005"/>
  <testcase name="testParser(String)[3515]" classname="ex.PublicTests$FlightParserTest" time="0.0"/>
  <testcase name="testParser(String)[3516]" classname="ex.PublicTests$FlightParserTest" time="0.0"/>
  <testcase name="testParser(String)[3517]" classname="ex.PublicTests$FlightParserTest" time="0.001"/>
  <testcase name="testParser(String)[3518]" classname="ex.PublicTests$FlightParserTest" time="0.0"/>
  <testcase name="testParser(String)[3519]" classname="ex.PublicTests$FlightParserTest" time="0.001"/>
  <testcase name="testParser(String)[3520]" classname="ex.PublicTests$FlightParserTest" time="0.0"/>
  <testcase name="testParser(String)[3521]" classname="ex.PublicTests$FlightParserTest" time="0.0"/>
  <testcase name="testParser(String)[3522]" classname="ex.PublicTests$FlightParserTest" time="0.0"/>
  <testcase name="testParser(String)[3523]" classname="ex.PublicTests$FlightParserTest" time="0.0"/>
  <testcase name="testParser(String)[3524]" classname="ex.PublicTests$FlightParserTest" time="0.0"/>
  <testcase name="testParser(String)[3525]" classname="ex.PublicTests$FlightParserTest" time="0.0"/>
  <testcase name="testParser(String)[3526]" classname="ex.PublicTests$FlightParserTest" time="0.001"/>
  <testcase name="testParser(String)[3527]" classname="ex.PublicTests$FlightParserTest" time="0.0"/>
  <testcase name="testParser(String)[3528]" classname="ex.PublicTests$FlightParserTest" time="0.0"/>
  <testcase name="testParser(String)[3529]" classname="ex.PublicTests$FlightParserTest" time="0.0"/>
  <testcase name="testParser(String)[3530]" classname="ex.PublicTests$FlightParserTest" time="0.001"/>
  <testcase name="testParser(String)[3531]" classname="ex.PublicTests$FlightParserTest" time="0.0"/>
  <testcase name="testParser(String)[3532]" classname="ex.PublicTests$FlightParserTest" time="0.001"/>
  <testcase name="testParser(String)[3533]" classname="ex.PublicTests$FlightParserTest" time="0.0"/>
  <testcase name="testParser(String)[3534]" classname="ex.PublicTests$FlightParserTest" time="0.003"/>
  <testcase name="testParser(String)[3535]" classname="ex.PublicTests$FlightParserTest" time="0.0"/>
  <testcase name="testParser(String)[3536]" classname="ex.PublicTests$FlightParserTest" time="0.0"/>
  <testcase name="testParser(String)[3537]" classname="ex.PublicTests$FlightParserTest" time="0.0"/>
  <testcase name="testParser(String)[3538]" classname="ex.PublicTests$FlightParserTest" time="0.0"/>
  <testcase name="testParser(String)[3539]" classname="ex.PublicTests$FlightParserTest" time="0.0"/>
  <testcase name="testParser(String)[3540]" classname="ex.PublicTests$FlightParserTest" time="0.0"/>
  <testcase name="testParser(String)[3541]" classname="ex.PublicTests$FlightParserTest" time="0.0"/>
  <testcase name="testParser(String)[3542]" classname="ex.PublicTests$FlightParserTest" time="0.001"/>
  <testcase name="testParser(String)[3543]" classname="ex.PublicTests$FlightParserTest" time="0.0"/>
  <testcase name="testParser(String)[3544]" classname="ex.PublicTests$FlightParserTest" time="0.0"/>
  <testcase name="testParser(String)[3545]" classname="ex.PublicTests$FlightParserTest" time="0.002"/>
  <testcase name="testParser(String)[3546]" classname="ex.PublicTests$FlightParserTest" time="0.0"/>
  <testcase name="testParser(String)[3547]" classname="ex.PublicTests$FlightParserTest" time="0.001"/>
  <testcase name="testParser(String)[3548]" classname="ex.PublicTests$FlightParserTest" time="0.0"/>
  <testcase name="testParser(String)[3549]" classname="ex.PublicTests$FlightParserTest" time="0.0"/>
  <testcase name="testParser(String)[3550]" classname="ex.PublicTests$FlightParserTest" time="0.0"/>
  <testcase name="testParser(String)[3551]" classname="ex.PublicTests$FlightParserTest" time="0.0"/>
  <testcase name="testParser(String)[3552]" classname="ex.PublicTests$FlightParserTest" time="0.0"/>
  <testcase name="testParser(String)[3553]" classname="ex.PublicTests$FlightParserTest" time="0.0"/>
  <testcase name="testParser(String)[3554]" classname="ex.PublicTests$FlightParserTest" time="0.001"/>
  <testcase name="testParser(String)[3555]" classname="ex.PublicTests$FlightParserTest" time="0.001"/>
  <testcase name="testParser(String)[3556]" classname="ex.PublicTests$FlightParserTest" time="0.0"/>
  <testcase name="testParser(String)[3557]" classname="ex.PublicTests$FlightParserTest" time="0.0"/>
  <testcase name="testParser(String)[3558]" classname="ex.PublicTests$FlightParserTest" time="0.0"/>
  <testcase name="testParser(String)[3559]" classname="ex.PublicTests$FlightParserTest" time="0.0"/>
  <testcase name="testParser(String)[3560]" classname="ex.PublicTests$FlightParserTest" time="0.0"/>
  <testcase name="testParser(String)[3561]" classname="ex.PublicTests$FlightParserTest" time="0.0"/>
  <testcase name="testParser(String)[3562]" classname="ex.PublicTests$FlightParserTest" time="0.0"/>
  <testcase name="testParser(String)[3563]" classname="ex.PublicTests$FlightParserTest" time="0.0"/>
  <testcase name="testParser(String)[3564]" classname="ex.PublicTests$FlightParserTest" time="0.001"/>
  <testcase name="testParser(String)[3565]" classname="ex.PublicTests$FlightParserTest" time="0.0"/>
  <testcase name="testParser(String)[3566]" classname="ex.PublicTests$FlightParserTest" time="0.001"/>
  <testcase name="testParser(String)[3567]" classname="ex.PublicTests$FlightParserTest" time="0.0"/>
  <testcase name="testParser(String)[3568]" classname="ex.PublicTests$FlightParserTest" time="0.001"/>
  <testcase name="testParser(String)[3569]" classname="ex.PublicTests$FlightParserTest" time="0.0"/>
  <testcase name="testParser(String)[3570]" classname="ex.PublicTests$FlightParserTest" time="0.0"/>
  <testcase name="testParser(String)[3571]" classname="ex.PublicTests$FlightParserTest" time="0.0"/>
  <testcase name="testParser(String)[3572]" classname="ex.PublicTests$FlightParserTest" time="0.001"/>
  <testcase name="testParser(String)[3573]" classname="ex.PublicTests$FlightParserTest" time="0.0"/>
  <testcase name="testParser(String)[3574]" classname="ex.PublicTests$FlightParserTest" time="0.0"/>
  <testcase name="testParser(String)[3575]" classname="ex.PublicTests$FlightParserTest" time="0.0"/>
  <testcase name="testParser(String)[3576]" classname="ex.PublicTests$FlightParserTest" time="0.0"/>
  <testcase name="testParser(String)[3577]" classname="ex.PublicTests$FlightParserTest" time="0.0"/>
  <testcase name="testParser(String)[3578]" classname="ex.PublicTests$FlightParserTest" time="0.0"/>
  <testcase name="testParser(String)[3579]" classname="ex.PublicTests$FlightParserTest" time="0.0"/>
  <testcase name="testParser(String)[3580]" classname="ex.PublicTests$FlightParserTest" time="0.0"/>
  <testcase name="testParser(String)[3581]" classname="ex.PublicTests$FlightParserTest" time="0.0"/>
  <testcase name="testParser(String)[3582]" classname="ex.PublicTests$FlightParserTest" time="0.0"/>
  <testcase name="testParser(String)[3583]" classname="ex.PublicTests$FlightParserTest" time="0.001"/>
  <testcase name="testParser(String)[3584]" classname="ex.PublicTests$FlightParserTest" time="0.0"/>
  <testcase name="testParser(String)[3585]" classname="ex.PublicTests$FlightParserTest" time="0.001"/>
  <testcase name="testParser(String)[3586]" classname="ex.PublicTests$FlightParserTest" time="0.0"/>
  <testcase name="testParser(String)[3587]" classname="ex.PublicTests$FlightParserTest" time="0.001"/>
  <testcase name="testParser(String)[3588]" classname="ex.PublicTests$FlightParserTest" time="0.0"/>
  <testcase name="testParser(String)[3589]" classname="ex.PublicTests$FlightParserTest" time="0.001"/>
  <testcase name="testParser(String)[3590]" classname="ex.PublicTests$FlightParserTest" time="0.0"/>
  <testcase name="testParser(String)[3591]" classname="ex.PublicTests$FlightParserTest" time="0.001"/>
  <testcase name="testParser(String)[3592]" classname="ex.PublicTests$FlightParserTest" time="0.0"/>
  <testcase name="testParser(String)[3593]" classname="ex.PublicTests$FlightParserTest" time="0.0"/>
  <testcase name="testParser(String)[3594]" classname="ex.PublicTests$FlightParserTest" time="0.0"/>
  <testcase name="testParser(String)[3595]" classname="ex.PublicTests$FlightParserTest" time="0.001"/>
  <testcase name="testParser(String)[3596]" classname="ex.PublicTests$FlightParserTest" time="0.0"/>
  <testcase name="testParser(String)[3597]" classname="ex.PublicTests$FlightParserTest" time="0.0"/>
  <testcase name="testParser(String)[3598]" classname="ex.PublicTests$FlightParserTest" time="0.001"/>
  <testcase name="testParser(String)[3599]" classname="ex.PublicTests$FlightParserTest" time="0.003"/>
  <testcase name="testParser(String)[3600]" classname="ex.PublicTests$FlightParserTest" time="0.0"/>
  <testcase name="testParser(String)[3601]" classname="ex.PublicTests$FlightParserTest" time="0.0"/>
  <testcase name="testParser(String)[3602]" classname="ex.PublicTests$FlightParserTest" time="0.0"/>
  <testcase name="testParser(String)[3603]" classname="ex.PublicTests$FlightParserTest" time="0.0"/>
  <testcase name="testParser(String)[3604]" classname="ex.PublicTests$FlightParserTest" time="0.0"/>
  <testcase name="testParser(String)[3605]" classname="ex.PublicTests$FlightParserTest" time="0.0"/>
  <testcase name="testParser(String)[3606]" classname="ex.PublicTests$FlightParserTest" time="0.0"/>
  <testcase name="testParser(String)[3607]" classname="ex.PublicTests$FlightParserTest" time="0.001"/>
  <testcase name="testParser(String)[3608]" classname="ex.PublicTests$FlightParserTest" time="0.0"/>
  <testcase name="testParser(String)[3609]" classname="ex.PublicTests$FlightParserTest" time="0.0"/>
  <testcase name="testParser(String)[3610]" classname="ex.PublicTests$FlightParserTest" time="0.0"/>
  <testcase name="testParser(String)[3611]" classname="ex.PublicTests$FlightParserTest" time="0.001"/>
  <testcase name="testParser(String)[3612]" classname="ex.PublicTests$FlightParserTest" time="0.0"/>
  <testcase name="testParser(String)[3613]" classname="ex.PublicTests$FlightParserTest" time="0.001"/>
  <testcase name="testParser(String)[3614]" classname="ex.PublicTests$FlightParserTest" time="0.003"/>
  <testcase name="testParser(String)[3615]" classname="ex.PublicTests$FlightParserTest" time="0.0"/>
  <testcase name="testParser(String)[3616]" classname="ex.PublicTests$FlightParserTest" time="0.0"/>
  <testcase name="testParser(String)[3617]" classname="ex.PublicTests$FlightParserTest" time="0.0"/>
  <testcase name="testParser(String)[3618]" classname="ex.PublicTests$FlightParserTest" time="0.001"/>
  <testcase name="testParser(String)[3619]" classname="ex.PublicTests$FlightParserTest" time="0.0"/>
  <testcase name="testParser(String)[3620]" classname="ex.PublicTests$FlightParserTest" time="0.0"/>
  <testcase name="testParser(String)[3621]" classname="ex.PublicTests$FlightParserTest" time="0.0"/>
  <testcase name="testParser(String)[3622]" classname="ex.PublicTests$FlightParserTest" time="0.0"/>
  <testcase name="testParser(String)[3623]" classname="ex.PublicTests$FlightParserTest" time="0.0"/>
  <testcase name="testParser(String)[3624]" classname="ex.PublicTests$FlightParserTest" time="0.001"/>
  <testcase name="testParser(String)[3625]" classname="ex.PublicTests$FlightParserTest" time="0.0"/>
  <testcase name="testParser(String)[3626]" classname="ex.PublicTests$FlightParserTest" time="0.001"/>
  <testcase name="testParser(String)[3627]" classname="ex.PublicTests$FlightParserTest" time="0.0"/>
  <testcase name="testParser(String)[3628]" classname="ex.PublicTests$FlightParserTest" time="0.0"/>
  <testcase name="testParser(String)[3629]" classname="ex.PublicTests$FlightParserTest" time="0.0"/>
  <testcase name="testParser(String)[3630]" classname="ex.PublicTests$FlightParserTest" time="0.0"/>
  <testcase name="testParser(String)[3631]" classname="ex.PublicTests$FlightParserTest" time="0.0"/>
  <testcase name="testParser(String)[3632]" classname="ex.PublicTests$FlightParserTest" time="0.0"/>
  <testcase name="testParser(String)[3633]" classname="ex.PublicTests$FlightParserTest" time="0.0"/>
  <testcase name="testParser(String)[3634]" classname="ex.PublicTests$FlightParserTest" time="0.001"/>
  <testcase name="testParser(String)[3635]" classname="ex.PublicTests$FlightParserTest" time="0.0"/>
  <testcase name="testParser(String)[3636]" classname="ex.PublicTests$FlightParserTest" time="0.0"/>
  <testcase name="testParser(String)[3637]" classname="ex.PublicTests$FlightParserTest" time="0.001"/>
  <testcase name="testParser(String)[3638]" classname="ex.PublicTests$FlightParserTest" time="0.0"/>
  <testcase name="testParser(String)[3639]" classname="ex.PublicTests$FlightParserTest" time="0.001"/>
  <testcase name="testParser(String)[3640]" classname="ex.PublicTests$FlightParserTest" time="0.0"/>
  <testcase name="testParser(String)[3641]" classname="ex.PublicTests$FlightParserTest" time="0.0"/>
  <testcase name="testParser(String)[3642]" classname="ex.PublicTests$FlightParserTest" time="0.0"/>
  <testcase name="testParser(String)[3643]" classname="ex.PublicTests$FlightParserTest" time="0.002"/>
  <testcase name="testParser(String)[3644]" classname="ex.PublicTests$FlightParserTest" time="0.0"/>
  <testcase name="testParser(String)[3645]" classname="ex.PublicTests$FlightParserTest" time="0.0"/>
  <testcase name="testParser(String)[3646]" classname="ex.PublicTests$FlightParserTest" time="0.0"/>
  <testcase name="testParser(String)[3647]" classname="ex.PublicTests$FlightParserTest" time="0.0"/>
  <testcase name="testParser(String)[3648]" classname="ex.PublicTests$FlightParserTest" time="0.0"/>
  <testcase name="testParser(String)[3649]" classname="ex.PublicTests$FlightParserTest" time="0.0"/>
  <testcase name="testParser(String)[3650]" classname="ex.PublicTests$FlightParserTest" time="0.0"/>
  <testcase name="testParser(String)[3651]" classname="ex.PublicTests$FlightParserTest" time="0.0"/>
  <testcase name="testParser(String)[3652]" classname="ex.PublicTests$FlightParserTest" time="0.0"/>
  <testcase name="testParser(String)[3653]" classname="ex.PublicTests$FlightParserTest" time="0.0"/>
  <testcase name="testParser(String)[3654]" classname="ex.PublicTests$FlightParserTest" time="0.0"/>
  <testcase name="testParser(String)[3655]" classname="ex.PublicTests$FlightParserTest" time="0.0"/>
  <testcase name="testParser(String)[3656]" classname="ex.PublicTests$FlightParserTest" time="0.0"/>
  <testcase name="testParser(String)[3657]" classname="ex.PublicTests$FlightParserTest" time="0.001"/>
  <testcase name="testParser(String)[3658]" classname="ex.PublicTests$FlightParserTest" time="0.0"/>
  <testcase name="testParser(String)[3659]" classname="ex.PublicTests$FlightParserTest" time="0.0"/>
  <testcase name="testParser(String)[3660]" classname="ex.PublicTests$FlightParserTest" time="0.001"/>
  <testcase name="testParser(String)[3661]" classname="ex.PublicTests$FlightParserTest" time="0.0"/>
  <testcase name="testParser(String)[3662]" classname="ex.PublicTests$FlightParserTest" time="0.001"/>
  <testcase name="testParser(String)[3663]" classname="ex.PublicTests$FlightParserTest" time="0.0"/>
  <testcase name="testParser(String)[3664]" classname="ex.PublicTests$FlightParserTest" time="0.001"/>
  <testcase name="testParser(String)[3665]" classname="ex.PublicTests$FlightParserTest" time="0.0"/>
  <testcase name="testParser(String)[3666]" classname="ex.PublicTests$FlightParserTest" time="0.0"/>
  <testcase name="testParser(String)[3667]" classname="ex.PublicTests$FlightParserTest" time="0.002"/>
  <testcase name="testParser(String)[3668]" classname="ex.PublicTests$FlightParserTest" time="0.0"/>
  <testcase name="testParser(String)[3669]" classname="ex.PublicTests$FlightParserTest" time="0.001"/>
  <testcase name="testParser(String)[3670]" classname="ex.PublicTests$FlightParserTest" time="0.0"/>
  <testcase name="testParser(String)[3671]" classname="ex.PublicTests$FlightParserTest" time="0.0"/>
  <testcase name="testParser(String)[3672]" classname="ex.PublicTests$FlightParserTest" time="0.0"/>
  <testcase name="testParser(String)[3673]" classname="ex.PublicTests$FlightParserTest" time="0.001"/>
  <testcase name="testParser(String)[3674]" classname="ex.PublicTests$FlightParserTest" time="0.0"/>
  <testcase name="testParser(String)[3675]" classname="ex.PublicTests$FlightParserTest" time="0.0"/>
  <testcase name="testParser(String)[3676]" classname="ex.PublicTests$FlightParserTest" time="0.0"/>
  <testcase name="testParser(String)[3677]" classname="ex.PublicTests$FlightParserTest" time="0.0"/>
  <testcase name="testParser(String)[3678]" classname="ex.PublicTests$FlightParserTest" time="0.0"/>
  <testcase name="testParser(String)[3679]" classname="ex.PublicTests$FlightParserTest" time="0.0"/>
  <testcase name="testParser(String)[3680]" classname="ex.PublicTests$FlightParserTest" time="0.0"/>
  <testcase name="testParser(String)[3681]" classname="ex.PublicTests$FlightParserTest" time="0.0"/>
  <testcase name="testParser(String)[3682]" classname="ex.PublicTests$FlightParserTest" time="0.0"/>
  <testcase name="testParser(String)[3683]" classname="ex.PublicTests$FlightParserTest" time="0.0"/>
  <testcase name="testParser(String)[3684]" classname="ex.PublicTests$FlightParserTest" time="0.0"/>
  <testcase name="testParser(String)[3685]" classname="ex.PublicTests$FlightParserTest" time="0.0"/>
  <testcase name="testParser(String)[3686]" classname="ex.PublicTests$FlightParserTest" time="0.0"/>
  <testcase name="testParser(String)[3687]" classname="ex.PublicTests$FlightParserTest" time="0.001"/>
  <testcase name="testParser(String)[3688]" classname="ex.PublicTests$FlightParserTest" time="0.0"/>
  <testcase name="testParser(String)[3689]" classname="ex.PublicTests$FlightParserTest" time="0.0"/>
  <testcase name="testParser(String)[3690]" classname="ex.PublicTests$FlightParserTest" time="0.0"/>
  <testcase name="testParser(String)[3691]" classname="ex.PublicTests$FlightParserTest" time="0.0"/>
  <testcase name="testParser(String)[3692]" classname="ex.PublicTests$FlightParserTest" time="0.001"/>
  <testcase name="testParser(String)[3693]" classname="ex.PublicTests$FlightParserTest" time="0.0"/>
  <testcase name="testParser(String)[3694]" classname="ex.PublicTests$FlightParserTest" time="0.001"/>
  <testcase name="testParser(String)[3695]" classname="ex.PublicTests$FlightParserTest" time="0.0"/>
  <testcase name="testParser(String)[3696]" classname="ex.PublicTests$FlightParserTest" time="0.001"/>
  <testcase name="testParser(String)[3697]" classname="ex.PublicTests$FlightParserTest" time="0.0"/>
  <testcase name="testParser(String)[3698]" classname="ex.PublicTests$FlightParserTest" time="0.0"/>
  <testcase name="testParser(String)[3699]" classname="ex.PublicTests$FlightParserTest" time="0.001"/>
  <testcase name="testParser(String)[3700]" classname="ex.PublicTests$FlightParserTest" time="0.0"/>
  <testcase name="testParser(String)[3701]" classname="ex.PublicTests$FlightParserTest" time="0.005"/>
  <testcase name="testParser(String)[3702]" classname="ex.PublicTests$FlightParserTest" time="0.0"/>
  <testcase name="testParser(String)[3703]" classname="ex.PublicTests$FlightParserTest" time="0.0"/>
  <testcase name="testParser(String)[3704]" classname="ex.PublicTests$FlightParserTest" time="0.0"/>
  <testcase name="testParser(String)[3705]" classname="ex.PublicTests$FlightParserTest" time="0.0"/>
  <testcase name="testParser(String)[3706]" classname="ex.PublicTests$FlightParserTest" time="0.0"/>
  <testcase name="testParser(String)[3707]" classname="ex.PublicTests$FlightParserTest" time="0.0"/>
  <testcase name="testParser(String)[3708]" classname="ex.PublicTests$FlightParserTest" time="0.001"/>
  <testcase name="testParser(String)[3709]" classname="ex.PublicTests$FlightParserTest" time="0.001"/>
  <testcase name="testParser(String)[3710]" classname="ex.PublicTests$FlightParserTest" time="0.001"/>
  <testcase name="testParser(String)[3711]" classname="ex.PublicTests$FlightParserTest" time="0.001"/>
  <testcase name="testParser(String)[3712]" classname="ex.PublicTests$FlightParserTest" time="0.0"/>
  <testcase name="testParser(String)[3713]" classname="ex.PublicTests$FlightParserTest" time="0.0"/>
  <testcase name="testParser(String)[3714]" classname="ex.PublicTests$FlightParserTest" time="0.0"/>
  <testcase name="testParser(String)[3715]" classname="ex.PublicTests$FlightParserTest" time="0.0"/>
  <testcase name="testParser(String)[3716]" classname="ex.PublicTests$FlightParserTest" time="0.0"/>
  <testcase name="testParser(String)[3717]" classname="ex.PublicTests$FlightParserTest" time="0.0"/>
  <testcase name="testParser(String)[3718]" classname="ex.PublicTests$FlightParserTest" time="0.0"/>
  <testcase name="testParser(String)[3719]" classname="ex.PublicTests$FlightParserTest" time="0.0"/>
  <testcase name="testParser(String)[3720]" classname="ex.PublicTests$FlightParserTest" time="0.0"/>
  <testcase name="testParser(String)[3721]" classname="ex.PublicTests$FlightParserTest" time="0.001"/>
  <testcase name="testParser(String)[3722]" classname="ex.PublicTests$FlightParserTest" time="0.0"/>
  <testcase name="testParser(String)[3723]" classname="ex.PublicTests$FlightParserTest" time="0.001"/>
  <testcase name="testParser(String)[3724]" classname="ex.PublicTests$FlightParserTest" time="0.0"/>
  <testcase name="testParser(String)[3725]" classname="ex.PublicTests$FlightParserTest" time="0.001"/>
  <testcase name="testParser(String)[3726]" classname="ex.PublicTests$FlightParserTest" time="0.0"/>
  <testcase name="testParser(String)[3727]" classname="ex.PublicTests$FlightParserTest" time="0.001"/>
  <testcase name="testParser(String)[3728]" classname="ex.PublicTests$FlightParserTest" time="0.0"/>
  <testcase name="testParser(String)[3729]" classname="ex.PublicTests$FlightParserTest" time="0.0"/>
  <testcase name="testParser(String)[3730]" classname="ex.PublicTests$FlightParserTest" time="0.0"/>
  <testcase name="testParser(String)[3731]" classname="ex.PublicTests$FlightParserTest" time="0.0"/>
  <testcase name="testParser(String)[3732]" classname="ex.PublicTests$FlightParserTest" time="0.0"/>
  <testcase name="testParser(String)[3733]" classname="ex.PublicTests$FlightParserTest" time="0.0"/>
  <testcase name="testParser(String)[3734]" classname="ex.PublicTests$FlightParserTest" time="0.0"/>
  <testcase name="testParser(String)[3735]" classname="ex.PublicTests$FlightParserTest" time="0.0"/>
  <testcase name="testParser(String)[3736]" classname="ex.PublicTests$FlightParserTest" time="0.0"/>
  <testcase name="testParser(String)[3737]" classname="ex.PublicTests$FlightParserTest" time="0.0"/>
  <testcase name="testParser(String)[3738]" classname="ex.PublicTests$FlightParserTest" time="0.0"/>
  <testcase name="testParser(String)[3739]" classname="ex.PublicTests$FlightParserTest" time="0.0"/>
  <testcase name="testParser(String)[3740]" classname="ex.PublicTests$FlightParserTest" time="0.0"/>
  <testcase name="testParser(String)[3741]" classname="ex.PublicTests$FlightParserTest" time="0.0"/>
  <testcase name="testParser(String)[3742]" classname="ex.PublicTests$FlightParserTest" time="0.0"/>
  <testcase name="testParser(String)[3743]" classname="ex.PublicTests$FlightParserTest" time="0.0"/>
  <testcase name="testParser(String)[3744]" classname="ex.PublicTests$FlightParserTest" time="0.0"/>
  <testcase name="testParser(String)[3745]" classname="ex.PublicTests$FlightParserTest" time="0.0"/>
  <testcase name="testParser(String)[3746]" classname="ex.PublicTests$FlightParserTest" time="0.0"/>
  <testcase name="testParser(String)[3747]" classname="ex.PublicTests$FlightParserTest" time="0.0"/>
  <testcase name="testParser(String)[3748]" classname="ex.PublicTests$FlightParserTest" time="0.001"/>
  <testcase name="testParser(String)[3749]" classname="ex.PublicTests$FlightParserTest" time="0.0"/>
  <testcase name="testParser(String)[3750]" classname="ex.PublicTests$FlightParserTest" time="0.004"/>
  <testcase name="testParser(String)[3751]" classname="ex.PublicTests$FlightParserTest" time="0.001"/>
  <testcase name="testParser(String)[3752]" classname="ex.PublicTests$FlightParserTest" time="0.0"/>
  <testcase name="testParser(String)[3753]" classname="ex.PublicTests$FlightParserTest" time="0.0"/>
  <testcase name="testParser(String)[3754]" classname="ex.PublicTests$FlightParserTest" time="0.001"/>
  <testcase name="testParser(String)[3755]" classname="ex.PublicTests$FlightParserTest" time="0.0"/>
  <testcase name="testParser(String)[3756]" classname="ex.PublicTests$FlightParserTest" time="0.0"/>
  <testcase name="testParser(String)[3757]" classname="ex.PublicTests$FlightParserTest" time="0.0"/>
  <testcase name="testParser(String)[3758]" classname="ex.PublicTests$FlightParserTest" time="0.0"/>
  <testcase name="testParser(String)[3759]" classname="ex.PublicTests$FlightParserTest" time="0.0"/>
  <testcase name="testParser(String)[3760]" classname="ex.PublicTests$FlightParserTest" time="0.0"/>
  <testcase name="testParser(String)[3761]" classname="ex.PublicTests$FlightParserTest" time="0.0"/>
  <testcase name="testParser(String)[3762]" classname="ex.PublicTests$FlightParserTest" time="0.0"/>
  <testcase name="testParser(String)[3763]" classname="ex.PublicTests$FlightParserTest" time="0.0"/>
  <testcase name="testParser(String)[3764]" classname="ex.PublicTests$FlightParserTest" time="0.0"/>
  <testcase name="testParser(String)[3765]" classname="ex.PublicTests$FlightParserTest" time="0.001"/>
  <testcase name="testParser(String)[3766]" classname="ex.PublicTests$FlightParserTest" time="0.0"/>
  <testcase name="testParser(String)[3767]" classname="ex.PublicTests$FlightParserTest" time="0.0"/>
  <testcase name="testParser(String)[3768]" classname="ex.PublicTests$FlightParserTest" time="0.001"/>
  <testcase name="testParser(String)[3769]" classname="ex.PublicTests$FlightParserTest" time="0.0"/>
  <testcase name="testParser(String)[3770]" classname="ex.PublicTests$FlightParserTest" time="0.0"/>
  <testcase name="testParser(String)[3771]" classname="ex.PublicTests$FlightParserTest" time="0.0"/>
  <testcase name="testParser(String)[3772]" classname="ex.PublicTests$FlightParserTest" time="0.0"/>
  <testcase name="testParser(String)[3773]" classname="ex.PublicTests$FlightParserTest" time="0.001"/>
  <testcase name="testParser(String)[3774]" classname="ex.PublicTests$FlightParserTest" time="0.0"/>
  <testcase name="testParser(String)[3775]" classname="ex.PublicTests$FlightParserTest" time="0.0"/>
  <testcase name="testParser(String)[3776]" classname="ex.PublicTests$FlightParserTest" time="0.0"/>
  <testcase name="testParser(String)[3777]" classname="ex.PublicTests$FlightParserTest" time="0.0"/>
  <testcase name="testParser(String)[3778]" classname="ex.PublicTests$FlightParserTest" time="0.0"/>
  <testcase name="testParser(String)[3779]" classname="ex.PublicTests$FlightParserTest" time="0.001"/>
  <testcase name="testParser(String)[3780]" classname="ex.PublicTests$FlightParserTest" time="0.0"/>
  <testcase name="testParser(String)[3781]" classname="ex.PublicTests$FlightParserTest" time="0.0"/>
  <testcase name="testParser(String)[3782]" classname="ex.PublicTests$FlightParserTest" time="0.0"/>
  <testcase name="testParser(String)[3783]" classname="ex.PublicTests$FlightParserTest" time="0.0"/>
  <testcase name="testParser(String)[3784]" classname="ex.PublicTests$FlightParserTest" time="0.0"/>
  <testcase name="testParser(String)[3785]" classname="ex.PublicTests$FlightParserTest" time="0.0"/>
  <testcase name="testParser(String)[3786]" classname="ex.PublicTests$FlightParserTest" time="0.0"/>
  <testcase name="testParser(String)[3787]" classname="ex.PublicTests$FlightParserTest" time="0.0"/>
  <testcase name="testParser(String)[3788]" classname="ex.PublicTests$FlightParserTest" time="0.0"/>
  <testcase name="testParser(String)[3789]" classname="ex.PublicTests$FlightParserTest" time="0.0"/>
  <testcase name="testParser(String)[3790]" classname="ex.PublicTests$FlightParserTest" time="0.0"/>
  <testcase name="testParser(String)[3791]" classname="ex.PublicTests$FlightParserTest" time="0.0"/>
  <testcase name="testParser(String)[3792]" classname="ex.PublicTests$FlightParserTest" time="0.0"/>
  <testcase name="testParser(String)[3793]" classname="ex.PublicTests$FlightParserTest" time="0.0"/>
  <testcase name="testParser(String)[3794]" classname="ex.PublicTests$FlightParserTest" time="0.0"/>
  <testcase name="testParser(String)[3795]" classname="ex.PublicTests$FlightParserTest" time="0.0"/>
  <testcase name="testParser(String)[3796]" classname="ex.PublicTests$FlightParserTest" time="0.0"/>
  <testcase name="testParser(String)[3797]" classname="ex.PublicTests$FlightParserTest" time="0.0"/>
  <testcase name="testParser(String)[3798]" classname="ex.PublicTests$FlightParserTest" time="0.0"/>
  <testcase name="testParser(String)[3799]" classname="ex.PublicTests$FlightParserTest" time="0.001"/>
  <testcase name="testParser(String)[3800]" classname="ex.PublicTests$FlightParserTest" time="0.0"/>
  <testcase name="testParser(String)[3801]" classname="ex.PublicTests$FlightParserTest" time="0.0"/>
  <testcase name="testParser(String)[3802]" classname="ex.PublicTests$FlightParserTest" time="0.0"/>
  <testcase name="testParser(String)[3803]" classname="ex.PublicTests$FlightParserTest" time="0.0"/>
  <testcase name="testParser(String)[3804]" classname="ex.PublicTests$FlightParserTest" time="0.0"/>
  <testcase name="testParser(String)[3805]" classname="ex.PublicTests$FlightParserTest" time="0.0"/>
  <testcase name="testParser(String)[3806]" classname="ex.PublicTests$FlightParserTest" time="0.0"/>
  <testcase name="testParser(String)[3807]" classname="ex.PublicTests$FlightParserTest" time="0.001"/>
  <testcase name="testParser(String)[3808]" classname="ex.PublicTests$FlightParserTest" time="0.0"/>
  <testcase name="testParser(String)[3809]" classname="ex.PublicTests$FlightParserTest" time="0.0"/>
  <testcase name="testParser(String)[3810]" classname="ex.PublicTests$FlightParserTest" time="0.0"/>
  <testcase name="testParser(String)[3811]" classname="ex.PublicTests$FlightParserTest" time="0.0"/>
  <testcase name="testParser(String)[3812]" classname="ex.PublicTests$FlightParserTest" time="0.0"/>
  <testcase name="testParser(String)[3813]" classname="ex.PublicTests$FlightParserTest" time="0.0"/>
  <testcase name="testParser(String)[3814]" classname="ex.PublicTests$FlightParserTest" time="0.0"/>
  <testcase name="testParser(String)[3815]" classname="ex.PublicTests$FlightParserTest" time="0.001"/>
  <testcase name="testParser(String)[3816]" classname="ex.PublicTests$FlightParserTest" time="0.0"/>
  <testcase name="testParser(String)[3817]" classname="ex.PublicTests$FlightParserTest" time="0.0"/>
  <testcase name="testParser(String)[3818]" classname="ex.PublicTests$FlightParserTest" time="0.001"/>
  <testcase name="testParser(String)[3819]" classname="ex.PublicTests$FlightParserTest" time="0.0"/>
  <testcase name="testParser(String)[3820]" classname="ex.PublicTests$FlightParserTest" time="0.0"/>
  <testcase name="testParser(String)[3821]" classname="ex.PublicTests$FlightParserTest" time="0.0"/>
  <testcase name="testParser(String)[3822]" classname="ex.PublicTests$FlightParserTest" time="0.0"/>
  <testcase name="testParser(String)[3823]" classname="ex.PublicTests$FlightParserTest" time="0.0"/>
  <testcase name="testParser(String)[3824]" classname="ex.PublicTests$FlightParserTest" time="0.0"/>
  <testcase name="testParser(String)[3825]" classname="ex.PublicTests$FlightParserTest" time="0.0"/>
  <testcase name="testParser(String)[3826]" classname="ex.PublicTests$FlightParserTest" time="0.0"/>
  <testcase name="testParser(String)[3827]" classname="ex.PublicTests$FlightParserTest" time="0.004"/>
  <testcase name="testParser(String)[3828]" classname="ex.PublicTests$FlightParserTest" time="0.0"/>
  <testcase name="testParser(String)[3829]" classname="ex.PublicTests$FlightParserTest" time="0.0"/>
  <testcase name="testParser(String)[3830]" classname="ex.PublicTests$FlightParserTest" time="0.0"/>
  <testcase name="testParser(String)[3831]" classname="ex.PublicTests$FlightParserTest" time="0.0"/>
  <testcase name="testParser(String)[3832]" classname="ex.PublicTests$FlightParserTest" time="0.001"/>
  <testcase name="testParser(String)[3833]" classname="ex.PublicTests$FlightParserTest" time="0.0"/>
  <testcase name="testParser(String)[3834]" classname="ex.PublicTests$FlightParserTest" time="0.0"/>
  <testcase name="testParser(String)[3835]" classname="ex.PublicTests$FlightParserTest" time="0.002"/>
  <testcase name="testParser(String)[3836]" classname="ex.PublicTests$FlightParserTest" time="0.0"/>
  <testcase name="testParser(String)[3837]" classname="ex.PublicTests$FlightParserTest" time="0.0"/>
  <testcase name="testParser(String)[3838]" classname="ex.PublicTests$FlightParserTest" time="0.0"/>
  <testcase name="testParser(String)[3839]" classname="ex.PublicTests$FlightParserTest" time="0.0"/>
  <testcase name="testParser(String)[3840]" classname="ex.PublicTests$FlightParserTest" time="0.0"/>
  <testcase name="testParser(String)[3841]" classname="ex.PublicTests$FlightParserTest" time="0.0"/>
  <testcase name="testParser(String)[3842]" classname="ex.PublicTests$FlightParserTest" time="0.0"/>
  <testcase name="testParser(String)[3843]" classname="ex.PublicTests$FlightParserTest" time="0.0"/>
  <testcase name="testParser(String)[3844]" classname="ex.PublicTests$FlightParserTest" time="0.0"/>
  <testcase name="testParser(String)[3845]" classname="ex.PublicTests$FlightParserTest" time="0.0"/>
  <testcase name="testParser(String)[3846]" classname="ex.PublicTests$FlightParserTest" time="0.0"/>
  <testcase name="testParser(String)[3847]" classname="ex.PublicTests$FlightParserTest" time="0.0"/>
  <testcase name="testParser(String)[3848]" classname="ex.PublicTests$FlightParserTest" time="0.0"/>
  <testcase name="testParser(String)[3849]" classname="ex.PublicTests$FlightParserTest" time="0.0"/>
  <testcase name="testParser(String)[3850]" classname="ex.PublicTests$FlightParserTest" time="0.0"/>
  <testcase name="testParser(String)[3851]" classname="ex.PublicTests$FlightParserTest" time="0.0"/>
  <testcase name="testParser(String)[3852]" classname="ex.PublicTests$FlightParserTest" time="0.001"/>
  <testcase name="testParser(String)[3853]" classname="ex.PublicTests$FlightParserTest" time="0.0"/>
  <testcase name="testParser(String)[3854]" classname="ex.PublicTests$FlightParserTest" time="0.0"/>
  <testcase name="testParser(String)[3855]" classname="ex.PublicTests$FlightParserTest" time="0.0"/>
  <testcase name="testParser(String)[3856]" classname="ex.PublicTests$FlightParserTest" time="0.0"/>
  <testcase name="testParser(String)[3857]" classname="ex.PublicTests$FlightParserTest" time="0.0"/>
  <testcase name="testParser(String)[3858]" classname="ex.PublicTests$FlightParserTest" time="0.0"/>
  <testcase name="testParser(String)[3859]" classname="ex.PublicTests$FlightParserTest" time="0.0"/>
  <testcase name="testParser(String)[3860]" classname="ex.PublicTests$FlightParserTest" time="0.0"/>
  <testcase name="testParser(String)[3861]" classname="ex.PublicTests$FlightParserTest" time="0.0"/>
  <testcase name="testParser(String)[3862]" classname="ex.PublicTests$FlightParserTest" time="0.001"/>
  <testcase name="testParser(String)[3863]" classname="ex.PublicTests$FlightParserTest" time="0.0"/>
  <testcase name="testParser(String)[3864]" classname="ex.PublicTests$FlightParserTest" time="0.0"/>
  <testcase name="testParser(String)[3865]" classname="ex.PublicTests$FlightParserTest" time="0.0"/>
  <testcase name="testParser(String)[3866]" classname="ex.PublicTests$FlightParserTest" time="0.0"/>
  <testcase name="testParser(String)[3867]" classname="ex.PublicTests$FlightParserTest" time="0.0"/>
  <testcase name="testParser(String)[3868]" classname="ex.PublicTests$FlightParserTest" time="0.0"/>
  <testcase name="testParser(String)[3869]" classname="ex.PublicTests$FlightParserTest" time="0.0"/>
  <testcase name="testParser(String)[3870]" classname="ex.PublicTests$FlightParserTest" time="0.0"/>
  <testcase name="testParser(String)[3871]" classname="ex.PublicTests$FlightParserTest" time="0.0"/>
  <testcase name="testParser(String)[3872]" classname="ex.PublicTests$FlightParserTest" time="0.0"/>
  <testcase name="testParser(String)[3873]" classname="ex.PublicTests$FlightParserTest" time="0.0"/>
  <testcase name="testParser(String)[3874]" classname="ex.PublicTests$FlightParserTest" time="0.0"/>
  <testcase name="testParser(String)[3875]" classname="ex.PublicTests$FlightParserTest" time="0.0"/>
  <testcase name="testParser(String)[3876]" classname="ex.PublicTests$FlightParserTest" time="0.0"/>
  <testcase name="testParser(String)[3877]" classname="ex.PublicTests$FlightParserTest" time="0.003"/>
  <testcase name="testParser(String)[3878]" classname="ex.PublicTests$FlightParserTest" time="0.001"/>
  <testcase name="testParser(String)[3879]" classname="ex.PublicTests$FlightParserTest" time="0.0"/>
  <testcase name="testParser(String)[3880]" classname="ex.PublicTests$FlightParserTest" time="0.0"/>
  <testcase name="testParser(String)[3881]" classname="ex.PublicTests$FlightParserTest" time="0.001"/>
  <testcase name="testParser(String)[3882]" classname="ex.PublicTests$FlightParserTest" time="0.0"/>
  <testcase name="testParser(String)[3883]" classname="ex.PublicTests$FlightParserTest" time="0.0"/>
  <testcase name="testParser(String)[3884]" classname="ex.PublicTests$FlightParserTest" time="0.0"/>
  <testcase name="testParser(String)[3885]" classname="ex.PublicTests$FlightParserTest" time="0.0"/>
  <testcase name="testParser(String)[3886]" classname="ex.PublicTests$FlightParserTest" time="0.0"/>
  <testcase name="testParser(String)[3887]" classname="ex.PublicTests$FlightParserTest" time="0.0"/>
  <testcase name="testParser(String)[3888]" classname="ex.PublicTests$FlightParserTest" time="0.0"/>
  <testcase name="testParser(String)[3889]" classname="ex.PublicTests$FlightParserTest" time="0.001"/>
  <testcase name="testParser(String)[3890]" classname="ex.PublicTests$FlightParserTest" time="0.0"/>
  <testcase name="testParser(String)[3891]" classname="ex.PublicTests$FlightParserTest" time="0.0"/>
  <testcase name="testParser(String)[3892]" classname="ex.PublicTests$FlightParserTest" time="0.0"/>
  <testcase name="testParser(String)[3893]" classname="ex.PublicTests$FlightParserTest" time="0.0"/>
  <testcase name="testParser(String)[3894]" classname="ex.PublicTests$FlightParserTest" time="0.001"/>
  <testcase name="testParser(String)[3895]" classname="ex.PublicTests$FlightParserTest" time="0.0"/>
  <testcase name="testParser(String)[3896]" classname="ex.PublicTests$FlightParserTest" time="0.0"/>
  <testcase name="testParser(String)[3897]" classname="ex.PublicTests$FlightParserTest" time="0.001"/>
  <testcase name="testParser(String)[3898]" classname="ex.PublicTests$FlightParserTest" time="0.0"/>
  <testcase name="testParser(String)[3899]" classname="ex.PublicTests$FlightParserTest" time="0.001"/>
  <testcase name="testParser(String)[3900]" classname="ex.PublicTests$FlightParserTest" time="0.0"/>
  <testcase name="testParser(String)[3901]" classname="ex.PublicTests$FlightParserTest" time="0.001"/>
  <testcase name="testParser(String)[3902]" classname="ex.PublicTests$FlightParserTest" time="0.0"/>
  <testcase name="testParser(String)[3903]" classname="ex.PublicTests$FlightParserTest" time="0.0"/>
  <testcase name="testParser(String)[3904]" classname="ex.PublicTests$FlightParserTest" time="0.0"/>
  <testcase name="testParser(String)[3905]" classname="ex.PublicTests$FlightParserTest" time="0.0"/>
  <testcase name="testParser(String)[3906]" classname="ex.PublicTests$FlightParserTest" time="0.0"/>
  <testcase name="testParser(String)[3907]" classname="ex.PublicTests$FlightParserTest" time="0.0"/>
  <testcase name="testParser(String)[3908]" classname="ex.PublicTests$FlightParserTest" time="0.0"/>
  <testcase name="testParser(String)[3909]" classname="ex.PublicTests$FlightParserTest" time="0.0"/>
  <testcase name="testParser(String)[3910]" classname="ex.PublicTests$FlightParserTest" time="0.0"/>
  <testcase name="testParser(String)[3911]" classname="ex.PublicTests$FlightParserTest" time="0.0"/>
  <testcase name="testParser(String)[3912]" classname="ex.PublicTests$FlightParserTest" time="0.001"/>
  <testcase name="testParser(String)[3913]" classname="ex.PublicTests$FlightParserTest" time="0.0"/>
  <testcase name="testParser(String)[3914]" classname="ex.PublicTests$FlightParserTest" time="0.0"/>
  <testcase name="testParser(String)[3915]" classname="ex.PublicTests$FlightParserTest" time="0.0"/>
  <testcase name="testParser(String)[3916]" classname="ex.PublicTests$FlightParserTest" time="0.0"/>
  <testcase name="testParser(String)[3917]" classname="ex.PublicTests$FlightParserTest" time="0.0"/>
  <testcase name="testParser(String)[3918]" classname="ex.PublicTests$FlightParserTest" time="0.001"/>
  <testcase name="testParser(String)[3919]" classname="ex.PublicTests$FlightParserTest" time="0.0"/>
  <testcase name="testParser(String)[3920]" classname="ex.PublicTests$FlightParserTest" time="0.0"/>
  <testcase name="testParser(String)[3921]" classname="ex.PublicTests$FlightParserTest" time="0.0"/>
  <testcase name="testParser(String)[3922]" classname="ex.PublicTests$FlightParserTest" time="0.0"/>
  <testcase name="testParser(String)[3923]" classname="ex.PublicTests$FlightParserTest" time="0.001"/>
  <testcase name="testParser(String)[3924]" classname="ex.PublicTests$FlightParserTest" time="0.0"/>
  <testcase name="testParser(String)[3925]" classname="ex.PublicTests$FlightParserTest" time="0.001"/>
  <testcase name="testParser(String)[3926]" classname="ex.PublicTests$FlightParserTest" time="0.0"/>
  <testcase name="testParser(String)[3927]" classname="ex.PublicTests$FlightParserTest" time="0.0"/>
  <testcase name="testParser(String)[3928]" classname="ex.PublicTests$FlightParserTest" time="0.0"/>
  <testcase name="testParser(String)[3929]" classname="ex.PublicTests$FlightParserTest" time="0.0"/>
  <testcase name="testParser(String)[3930]" classname="ex.PublicTests$FlightParserTest" time="0.0"/>
  <testcase name="testParser(String)[3931]" classname="ex.PublicTests$FlightParserTest" time="0.0"/>
  <testcase name="testParser(String)[3932]" classname="ex.PublicTests$FlightParserTest" time="0.0"/>
  <testcase name="testParser(String)[3933]" classname="ex.PublicTests$FlightParserTest" time="0.0"/>
  <testcase name="testParser(String)[3934]" classname="ex.PublicTests$FlightParserTest" time="0.001"/>
  <testcase name="testParser(String)[3935]" classname="ex.PublicTests$FlightParserTest" time="0.0"/>
  <testcase name="testParser(String)[3936]" classname="ex.PublicTests$FlightParserTest" time="0.0"/>
  <testcase name="testParser(String)[3937]" classname="ex.PublicTests$FlightParserTest" time="0.001"/>
  <testcase name="testParser(String)[3938]" classname="ex.PublicTests$FlightParserTest" time="0.0"/>
  <testcase name="testParser(String)[3939]" classname="ex.PublicTests$FlightParserTest" time="0.0"/>
  <testcase name="testParser(String)[3940]" classname="ex.PublicTests$FlightParserTest" time="0.0"/>
  <testcase name="testParser(String)[3941]" classname="ex.PublicTests$FlightParserTest" time="0.001"/>
  <testcase name="testParser(String)[3942]" classname="ex.PublicTests$FlightParserTest" time="0.0"/>
  <testcase name="testParser(String)[3943]" classname="ex.PublicTests$FlightParserTest" time="0.0"/>
  <testcase name="testParser(String)[3944]" classname="ex.PublicTests$FlightParserTest" time="0.0"/>
  <testcase name="testParser(String)[3945]" classname="ex.PublicTests$FlightParserTest" time="0.0"/>
  <testcase name="testParser(String)[3946]" classname="ex.PublicTests$FlightParserTest" time="0.0"/>
  <testcase name="testParser(String)[3947]" classname="ex.PublicTests$FlightParserTest" time="0.0"/>
  <testcase name="testParser(String)[3948]" classname="ex.PublicTests$FlightParserTest" time="0.0"/>
  <testcase name="testParser(String)[3949]" classname="ex.PublicTests$FlightParserTest" time="0.001"/>
  <testcase name="testParser(String)[3950]" classname="ex.PublicTests$FlightParserTest" time="0.0"/>
  <testcase name="testParser(String)[3951]" classname="ex.PublicTests$FlightParserTest" time="0.006"/>
  <testcase name="testParser(String)[3952]" classname="ex.PublicTests$FlightParserTest" time="0.0"/>
  <testcase name="testParser(String)[3953]" classname="ex.PublicTests$FlightParserTest" time="0.0"/>
  <testcase name="testParser(String)[3954]" classname="ex.PublicTests$FlightParserTest" time="0.0"/>
  <testcase name="testParser(String)[3955]" classname="ex.PublicTests$FlightParserTest" time="0.0"/>
  <testcase name="testParser(String)[3956]" classname="ex.PublicTests$FlightParserTest" time="0.0"/>
  <testcase name="testParser(String)[3957]" classname="ex.PublicTests$FlightParserTest" time="0.0"/>
  <testcase name="testParser(String)[3958]" classname="ex.PublicTests$FlightParserTest" time="0.001"/>
  <testcase name="testParser(String)[3959]" classname="ex.PublicTests$FlightParserTest" time="0.0"/>
  <testcase name="testParser(String)[3960]" classname="ex.PublicTests$FlightParserTest" time="0.0"/>
  <testcase name="testParser(String)[3961]" classname="ex.PublicTests$FlightParserTest" time="0.0"/>
  <testcase name="testParser(String)[3962]" classname="ex.PublicTests$FlightParserTest" time="0.0"/>
  <testcase name="testParser(String)[3963]" classname="ex.PublicTests$FlightParserTest" time="0.0"/>
  <testcase name="testParser(String)[3964]" classname="ex.PublicTests$FlightParserTest" time="0.0"/>
  <testcase name="testParser(String)[3965]" classname="ex.PublicTests$FlightParserTest" time="0.0"/>
  <testcase name="testParser(String)[3966]" classname="ex.PublicTests$FlightParserTest" time="0.0"/>
  <testcase name="testParser(String)[3967]" classname="ex.PublicTests$FlightParserTest" time="0.0"/>
  <testcase name="testParser(String)[3968]" classname="ex.PublicTests$FlightParserTest" time="0.0"/>
  <testcase name="testParser(String)[3969]" classname="ex.PublicTests$FlightParserTest" time="0.0"/>
  <testcase name="testParser(String)[3970]" classname="ex.PublicTests$FlightParserTest" time="0.0"/>
  <testcase name="testParser(String)[3971]" classname="ex.PublicTests$FlightParserTest" time="0.0"/>
  <testcase name="testParser(String)[3972]" classname="ex.PublicTests$FlightParserTest" time="0.001"/>
  <testcase name="testParser(String)[3973]" classname="ex.PublicTests$FlightParserTest" time="0.0"/>
  <testcase name="testParser(String)[3974]" classname="ex.PublicTests$FlightParserTest" time="0.0"/>
  <testcase name="testParser(String)[3975]" classname="ex.PublicTests$FlightParserTest" time="0.0"/>
  <testcase name="testParser(String)[3976]" classname="ex.PublicTests$FlightParserTest" time="0.0"/>
  <testcase name="testParser(String)[3977]" classname="ex.PublicTests$FlightParserTest" time="0.0"/>
  <testcase name="testParser(String)[3978]" classname="ex.PublicTests$FlightParserTest" time="0.001"/>
  <testcase name="testParser(String)[3979]" classname="ex.PublicTests$FlightParserTest" time="0.0"/>
  <testcase name="testParser(String)[3980]" classname="ex.PublicTests$FlightParserTest" time="0.0"/>
  <testcase name="testParser(String)[3981]" classname="ex.PublicTests$FlightParserTest" time="0.0"/>
  <testcase name="testParser(String)[3982]" classname="ex.PublicTests$FlightParserTest" time="0.0"/>
  <testcase name="testParser(String)[3983]" classname="ex.PublicTests$FlightParserTest" time="0.0"/>
  <testcase name="testParser(String)[3984]" classname="ex.PublicTests$FlightParserTest" time="0.0"/>
  <testcase name="testParser(String)[3985]" classname="ex.PublicTests$FlightParserTest" time="0.0"/>
  <testcase name="testParser(String)[3986]" classname="ex.PublicTests$FlightParserTest" time="0.0"/>
  <testcase name="testParser(String)[3987]" classname="ex.PublicTests$FlightParserTest" time="0.0"/>
  <testcase name="testParser(String)[3988]" classname="ex.PublicTests$FlightParserTest" time="0.0"/>
  <testcase name="testParser(String)[3989]" classname="ex.PublicTests$FlightParserTest" time="0.0"/>
  <testcase name="testParser(String)[3990]" classname="ex.PublicTests$FlightParserTest" time="0.001"/>
  <testcase name="testParser(String)[3991]" classname="ex.PublicTests$FlightParserTest" time="0.0"/>
  <testcase name="testParser(String)[3992]" classname="ex.PublicTests$FlightParserTest" time="0.0"/>
  <testcase name="testParser(String)[3993]" classname="ex.PublicTests$FlightParserTest" time="0.0"/>
  <testcase name="testParser(String)[3994]" classname="ex.PublicTests$FlightParserTest" time="0.0"/>
  <testcase name="testParser(String)[3995]" classname="ex.PublicTests$FlightParserTest" time="0.0"/>
  <testcase name="testParser(String)[3996]" classname="ex.PublicTests$FlightParserTest" time="0.001"/>
  <testcase name="testParser(String)[3997]" classname="ex.PublicTests$FlightParserTest" time="0.0"/>
  <testcase name="testParser(String)[3998]" classname="ex.PublicTests$FlightParserTest" time="0.0"/>
  <testcase name="testParser(String)[3999]" classname="ex.PublicTests$FlightParserTest" time="0.0"/>
  <testcase name="testParser(String)[4000]" classname="ex.PublicTests$FlightParserTest" time="0.0"/>
  <testcase name="testParser(String)[4001]" classname="ex.PublicTests$FlightParserTest" time="0.0"/>
  <testcase name="testParser(String)[4002]" classname="ex.PublicTests$FlightParserTest" time="0.0"/>
  <testcase name="testParser(String)[4003]" classname="ex.PublicTests$FlightParserTest" time="0.0"/>
  <testcase name="testParser(String)[4004]" classname="ex.PublicTests$FlightParserTest" time="0.0"/>
  <testcase name="testParser(String)[4005]" classname="ex.PublicTests$FlightParserTest" time="0.001"/>
  <testcase name="testParser(String)[4006]" classname="ex.PublicTests$FlightParserTest" time="0.0"/>
  <testcase name="testParser(String)[4007]" classname="ex.PublicTests$FlightParserTest" time="0.0"/>
  <testcase name="testParser(String)[4008]" classname="ex.PublicTests$FlightParserTest" time="0.001"/>
  <testcase name="testParser(String)[4009]" classname="ex.PublicTests$FlightParserTest" time="0.0"/>
  <testcase name="testParser(String)[4010]" classname="ex.PublicTests$FlightParserTest" time="0.0"/>
  <testcase name="testParser(String)[4011]" classname="ex.PublicTests$FlightParserTest" time="0.001"/>
  <testcase name="testParser(String)[4012]" classname="ex.PublicTests$FlightParserTest" time="0.0"/>
  <testcase name="testParser(String)[4013]" classname="ex.PublicTests$FlightParserTest" time="0.0"/>
  <testcase name="testParser(String)[4014]" classname="ex.PublicTests$FlightParserTest" time="0.0"/>
  <testcase name="testParser(String)[4015]" classname="ex.PublicTests$FlightParserTest" time="0.0"/>
  <testcase name="testParser(String)[4016]" classname="ex.PublicTests$FlightParserTest" time="0.0"/>
  <testcase name="testParser(String)[4017]" classname="ex.PublicTests$FlightParserTest" time="0.0"/>
  <testcase name="testParser(String)[4018]" classname="ex.PublicTests$FlightParserTest" time="0.0"/>
  <testcase name="testParser(String)[4019]" classname="ex.PublicTests$FlightParserTest" time="0.0"/>
  <testcase name="testParser(String)[4020]" classname="ex.PublicTests$FlightParserTest" time="0.001"/>
  <testcase name="testParser(String)[4021]" classname="ex.PublicTests$FlightParserTest" time="0.0"/>
  <testcase name="testParser(String)[4022]" classname="ex.PublicTests$FlightParserTest" time="0.0"/>
  <testcase name="testParser(String)[4023]" classname="ex.PublicTests$FlightParserTest" time="0.0"/>
  <testcase name="testParser(String)[4024]" classname="ex.PublicTests$FlightParserTest" time="0.0"/>
  <testcase name="testParser(String)[4025]" classname="ex.PublicTests$FlightParserTest" time="0.0"/>
  <testcase name="testParser(String)[4026]" classname="ex.PublicTests$FlightParserTest" time="0.0"/>
  <testcase name="testParser(String)[4027]" classname="ex.PublicTests$FlightParserTest" time="0.0"/>
  <testcase name="testParser(String)[4028]" classname="ex.PublicTests$FlightParserTest" time="0.0"/>
  <testcase name="testParser(String)[4029]" classname="ex.PublicTests$FlightParserTest" time="0.001"/>
  <testcase name="testParser(String)[4030]" classname="ex.PublicTests$FlightParserTest" time="0.0"/>
  <testcase name="testParser(String)[4031]" classname="ex.PublicTests$FlightParserTest" time="0.0"/>
  <testcase name="testParser(String)[4032]" classname="ex.PublicTests$FlightParserTest" time="0.001"/>
  <testcase name="testParser(String)[4033]" classname="ex.PublicTests$FlightParserTest" time="0.0"/>
  <testcase name="testParser(String)[4034]" classname="ex.PublicTests$FlightParserTest" time="0.0"/>
  <testcase name="testParser(String)[4035]" classname="ex.PublicTests$FlightParserTest" time="0.0"/>
  <testcase name="testParser(String)[4036]" classname="ex.PublicTests$FlightParserTest" time="0.0"/>
  <testcase name="testParser(String)[4037]" classname="ex.PublicTests$FlightParserTest" time="0.0"/>
  <testcase name="testParser(String)[4038]" classname="ex.PublicTests$FlightParserTest" time="0.0"/>
  <testcase name="testParser(String)[4039]" classname="ex.PublicTests$FlightParserTest" time="0.0"/>
  <testcase name="testParser(String)[4040]" classname="ex.PublicTests$FlightParserTest" time="0.0"/>
  <testcase name="testParser(String)[4041]" classname="ex.PublicTests$FlightParserTest" time="0.0"/>
  <testcase name="testParser(String)[4042]" classname="ex.PublicTests$FlightParserTest" time="0.001"/>
  <testcase name="testParser(String)[4043]" classname="ex.PublicTests$FlightParserTest" time="0.0"/>
  <testcase name="testParser(String)[4044]" classname="ex.PublicTests$FlightParserTest" time="0.008"/>
  <testcase name="testParser(String)[4045]" classname="ex.PublicTests$FlightParserTest" time="0.0"/>
  <testcase name="testParser(String)[4046]" classname="ex.PublicTests$FlightParserTest" time="0.0"/>
  <testcase name="testParser(String)[4047]" classname="ex.PublicTests$FlightParserTest" time="0.001"/>
  <testcase name="testParser(String)[4048]" classname="ex.PublicTests$FlightParserTest" time="0.0"/>
  <testcase name="testParser(String)[4049]" classname="ex.PublicTests$FlightParserTest" time="0.0"/>
  <testcase name="testParser(String)[4050]" classname="ex.PublicTests$FlightParserTest" time="0.001"/>
  <testcase name="testParser(String)[4051]" classname="ex.PublicTests$FlightParserTest" time="0.0"/>
  <testcase name="testParser(String)[4052]" classname="ex.PublicTests$FlightParserTest" time="0.0"/>
  <testcase name="testParser(String)[4053]" classname="ex.PublicTests$FlightParserTest" time="0.0"/>
  <testcase name="testParser(String)[4054]" classname="ex.PublicTests$FlightParserTest" time="0.0"/>
  <testcase name="testParser(String)[4055]" classname="ex.PublicTests$FlightParserTest" time="0.0"/>
  <testcase name="testParser(String)[4056]" classname="ex.PublicTests$FlightParserTest" time="0.001"/>
  <testcase name="testParser(String)[4057]" classname="ex.PublicTests$FlightParserTest" time="0.0"/>
  <testcase name="testParser(String)[4058]" classname="ex.PublicTests$FlightParserTest" time="0.0"/>
  <testcase name="testParser(String)[4059]" classname="ex.PublicTests$FlightParserTest" time="0.001"/>
  <testcase name="testParser(String)[4060]" classname="ex.PublicTests$FlightParserTest" time="0.0"/>
  <testcase name="testParser(String)[4061]" classname="ex.PublicTests$FlightParserTest" time="0.0"/>
  <testcase name="testParser(String)[4062]" classname="ex.PublicTests$FlightParserTest" time="0.0"/>
  <testcase name="testParser(String)[4063]" classname="ex.PublicTests$FlightParserTest" time="0.0"/>
  <testcase name="testParser(String)[4064]" classname="ex.PublicTests$FlightParserTest" time="0.0"/>
  <testcase name="testParser(String)[4065]" classname="ex.PublicTests$FlightParserTest" time="0.0"/>
  <testcase name="testParser(String)[4066]" classname="ex.PublicTests$FlightParserTest" time="0.0"/>
  <testcase name="testParser(String)[4067]" classname="ex.PublicTests$FlightParserTest" time="0.0"/>
  <testcase name="testParser(String)[4068]" classname="ex.PublicTests$FlightParserTest" time="0.0"/>
  <testcase name="testParser(String)[4069]" classname="ex.PublicTests$FlightParserTest" time="0.0"/>
  <testcase name="testParser(String)[4070]" classname="ex.PublicTests$FlightParserTest" time="0.0"/>
  <testcase name="testParser(String)[4071]" classname="ex.PublicTests$FlightParserTest" time="0.0"/>
  <testcase name="testParser(String)[4072]" classname="ex.PublicTests$FlightParserTest" time="0.0"/>
  <testcase name="testParser(String)[4073]" classname="ex.PublicTests$FlightParserTest" time="0.001"/>
  <testcase name="testParser(String)[4074]" classname="ex.PublicTests$FlightParserTest" time="0.0"/>
  <testcase name="testParser(String)[4075]" classname="ex.PublicTests$FlightParserTest" time="0.001"/>
  <testcase name="testParser(String)[4076]" classname="ex.PublicTests$FlightParserTest" time="0.0"/>
  <testcase name="testParser(String)[4077]" classname="ex.PublicTests$FlightParserTest" time="0.001"/>
  <testcase name="testParser(String)[4078]" classname="ex.PublicTests$FlightParserTest" time="0.0"/>
  <testcase name="testParser(String)[4079]" classname="ex.PublicTests$FlightParserTest" time="0.0"/>
  <testcase name="testParser(String)[4080]" classname="ex.PublicTests$FlightParserTest" time="0.0"/>
  <testcase name="testParser(String)[4081]" classname="ex.PublicTests$FlightParserTest" time="0.0"/>
  <testcase name="testParser(String)[4082]" classname="ex.PublicTests$FlightParserTest" time="0.0"/>
  <testcase name="testParser(String)[4083]" classname="ex.PublicTests$FlightParserTest" time="0.001"/>
  <testcase name="testParser(String)[4084]" classname="ex.PublicTests$FlightParserTest" time="0.001"/>
  <testcase name="testParser(String)[4085]" classname="ex.PublicTests$FlightParserTest" time="0.0"/>
  <testcase name="testParser(String)[4086]" classname="ex.PublicTests$FlightParserTest" time="0.0"/>
  <testcase name="testParser(String)[4087]" classname="ex.PublicTests$FlightParserTest" time="0.0"/>
  <testcase name="testParser(String)[4088]" classname="ex.PublicTests$FlightParserTest" time="0.001"/>
  <testcase name="testParser(String)[4089]" classname="ex.PublicTests$FlightParserTest" time="0.0"/>
  <testcase name="testParser(String)[4090]" classname="ex.PublicTests$FlightParserTest" time="0.001"/>
  <testcase name="testParser(String)[4091]" classname="ex.PublicTests$FlightParserTest" time="0.0"/>
  <testcase name="testParser(String)[4092]" classname="ex.PublicTests$FlightParserTest" time="0.0"/>
  <testcase name="testParser(String)[4093]" classname="ex.PublicTests$FlightParserTest" time="0.001"/>
  <testcase name="testParser(String)[4094]" classname="ex.PublicTests$FlightParserTest" time="0.0"/>
  <testcase name="testParser(String)[4095]" classname="ex.PublicTests$FlightParserTest" time="0.0"/>
  <testcase name="testParser(String)[4096]" classname="ex.PublicTests$FlightParserTest" time="0.0"/>
  <testcase name="testParser(String)[4097]" classname="ex.PublicTests$FlightParserTest" time="0.0"/>
  <testcase name="testParser(String)[4098]" classname="ex.PublicTests$FlightParserTest" time="0.0"/>
  <testcase name="testParser(String)[4099]" classname="ex.PublicTests$FlightParserTest" time="0.0"/>
  <testcase name="testParser(String)[4100]" classname="ex.PublicTests$FlightParserTest" time="0.0"/>
  <testcase name="testParser(String)[4101]" classname="ex.PublicTests$FlightParserTest" time="0.0"/>
  <testcase name="testParser(String)[4102]" classname="ex.PublicTests$FlightParserTest" time="0.0"/>
  <testcase name="testParser(String)[4103]" classname="ex.PublicTests$FlightParserTest" time="0.004"/>
  <testcase name="testParser(String)[4104]" classname="ex.PublicTests$FlightParserTest" time="0.0"/>
  <testcase name="testParser(String)[4105]" classname="ex.PublicTests$FlightParserTest" time="0.001"/>
  <testcase name="testParser(String)[4106]" classname="ex.PublicTests$FlightParserTest" time="0.0"/>
  <testcase name="testParser(String)[4107]" classname="ex.PublicTests$FlightParserTest" time="0.0"/>
  <testcase name="testParser(String)[4108]" classname="ex.PublicTests$FlightParserTest" time="0.0"/>
  <testcase name="testParser(String)[4109]" classname="ex.PublicTests$FlightParserTest" time="0.0"/>
  <testcase name="testParser(String)[4110]" classname="ex.PublicTests$FlightParserTest" time="0.0"/>
  <testcase name="testParser(String)[4111]" classname="ex.PublicTests$FlightParserTest" time="0.0"/>
  <testcase name="testParser(String)[4112]" classname="ex.PublicTests$FlightParserTest" time="0.001"/>
  <testcase name="testParser(String)[4113]" classname="ex.PublicTests$FlightParserTest" time="0.0"/>
  <testcase name="testParser(String)[4114]" classname="ex.PublicTests$FlightParserTest" time="0.001"/>
  <testcase name="testParser(String)[4115]" classname="ex.PublicTests$FlightParserTest" time="0.0"/>
  <testcase name="testParser(String)[4116]" classname="ex.PublicTests$FlightParserTest" time="0.0"/>
  <testcase name="testParser(String)[4117]" classname="ex.PublicTests$FlightParserTest" time="0.0"/>
  <testcase name="testParser(String)[4118]" classname="ex.PublicTests$FlightParserTest" time="0.0"/>
  <testcase name="testParser(String)[4119]" classname="ex.PublicTests$FlightParserTest" time="0.0"/>
  <testcase name="testParser(String)[4120]" classname="ex.PublicTests$FlightParserTest" time="0.0"/>
  <testcase name="testParser(String)[4121]" classname="ex.PublicTests$FlightParserTest" time="0.0"/>
  <testcase name="testParser(String)[4122]" classname="ex.PublicTests$FlightParserTest" time="0.0"/>
  <testcase name="testParser(String)[4123]" classname="ex.PublicTests$FlightParserTest" time="0.001"/>
  <testcase name="testParser(String)[4124]" classname="ex.PublicTests$FlightParserTest" time="0.0"/>
  <testcase name="testParser(String)[4125]" classname="ex.PublicTests$FlightParserTest" time="0.0"/>
  <testcase name="testParser(String)[4126]" classname="ex.PublicTests$FlightParserTest" time="0.0"/>
  <testcase name="testParser(String)[4127]" classname="ex.PublicTests$FlightParserTest" time="0.0"/>
  <testcase name="testParser(String)[4128]" classname="ex.PublicTests$FlightParserTest" time="0.0"/>
  <testcase name="testParser(String)[4129]" classname="ex.PublicTests$FlightParserTest" time="0.0"/>
  <testcase name="testParser(String)[4130]" classname="ex.PublicTests$FlightParserTest" time="0.0"/>
  <testcase name="testParser(String)[4131]" classname="ex.PublicTests$FlightParserTest" time="0.0"/>
  <testcase name="testParser(String)[4132]" classname="ex.PublicTests$FlightParserTest" time="0.0"/>
  <testcase name="testParser(String)[4133]" classname="ex.PublicTests$FlightParserTest" time="0.0"/>
  <testcase name="testParser(String)[4134]" classname="ex.PublicTests$FlightParserTest" time="0.0"/>
  <testcase name="testParser(String)[4135]" classname="ex.PublicTests$FlightParserTest" time="0.0"/>
  <testcase name="testParser(String)[4136]" classname="ex.PublicTests$FlightParserTest" time="0.001"/>
  <testcase name="testParser(String)[4137]" classname="ex.PublicTests$FlightParserTest" time="0.0"/>
  <testcase name="testParser(String)[4138]" classname="ex.PublicTests$FlightParserTest" time="0.0"/>
  <testcase name="testParser(String)[4139]" classname="ex.PublicTests$FlightParserTest" time="0.0"/>
  <testcase name="testParser(String)[4140]" classname="ex.PublicTests$FlightParserTest" time="0.001"/>
  <testcase name="testParser(String)[4141]" classname="ex.PublicTests$FlightParserTest" time="0.0"/>
  <testcase name="testParser(String)[4142]" classname="ex.PublicTests$FlightParserTest" time="0.0"/>
  <testcase name="testParser(String)[4143]" classname="ex.PublicTests$FlightParserTest" time="0.0"/>
  <testcase name="testParser(String)[4144]" classname="ex.PublicTests$FlightParserTest" time="0.0"/>
  <testcase name="testParser(String)[4145]" classname="ex.PublicTests$FlightParserTest" time="0.0"/>
  <testcase name="testParser(String)[4146]" classname="ex.PublicTests$FlightParserTest" time="0.0"/>
  <testcase name="testParser(String)[4147]" classname="ex.PublicTests$FlightParserTest" time="0.0"/>
  <testcase name="testParser(String)[4148]" classname="ex.PublicTests$FlightParserTest" time="0.0"/>
  <testcase name="testParser(String)[4149]" classname="ex.PublicTests$FlightParserTest" time="0.0"/>
  <testcase name="testParser(String)[4150]" classname="ex.PublicTests$FlightParserTest" time="0.001"/>
  <testcase name="testParser(String)[4151]" classname="ex.PublicTests$FlightParserTest" time="0.0"/>
  <testcase name="testParser(String)[4152]" classname="ex.PublicTests$FlightParserTest" time="0.001"/>
  <testcase name="testParser(String)[4153]" classname="ex.PublicTests$FlightParserTest" time="0.0"/>
  <testcase name="testParser(String)[4154]" classname="ex.PublicTests$FlightParserTest" time="0.0"/>
  <testcase name="testParser(String)[4155]" classname="ex.PublicTests$FlightParserTest" time="0.0"/>
  <testcase name="testParser(String)[4156]" classname="ex.PublicTests$FlightParserTest" time="0.0"/>
  <testcase name="testParser(String)[4157]" classname="ex.PublicTests$FlightParserTest" time="0.001"/>
  <testcase name="testParser(String)[4158]" classname="ex.PublicTests$FlightParserTest" time="0.0"/>
  <testcase name="testParser(String)[4159]" classname="ex.PublicTests$FlightParserTest" time="0.0"/>
  <testcase name="testParser(String)[4160]" classname="ex.PublicTests$FlightParserTest" time="0.0"/>
  <testcase name="testParser(String)[4161]" classname="ex.PublicTests$FlightParserTest" time="0.0"/>
  <testcase name="testParser(String)[4162]" classname="ex.PublicTests$FlightParserTest" time="0.0"/>
  <testcase name="testParser(String)[4163]" classname="ex.PublicTests$FlightParserTest" time="0.0"/>
  <testcase name="testParser(String)[4164]" classname="ex.PublicTests$FlightParserTest" time="0.0"/>
  <testcase name="testParser(String)[4165]" classname="ex.PublicTests$FlightParserTest" time="0.0"/>
  <testcase name="testParser(String)[4166]" classname="ex.PublicTests$FlightParserTest" time="0.0"/>
  <testcase name="testParser(String)[4167]" classname="ex.PublicTests$FlightParserTest" time="0.0"/>
  <testcase name="testParser(String)[4168]" classname="ex.PublicTests$FlightParserTest" time="0.013"/>
  <testcase name="testParser(String)[4169]" classname="ex.PublicTests$FlightParserTest" time="0.0"/>
  <testcase name="testParser(String)[4170]" classname="ex.PublicTests$FlightParserTest" time="0.0"/>
  <testcase name="testParser(String)[4171]" classname="ex.PublicTests$FlightParserTest" time="0.0"/>
  <testcase name="testParser(String)[4172]" classname="ex.PublicTests$FlightParserTest" time="0.0"/>
  <testcase name="testParser(String)[4173]" classname="ex.PublicTests$FlightParserTest" time="0.0"/>
  <testcase name="testParser(String)[4174]" classname="ex.PublicTests$FlightParserTest" time="0.001"/>
  <testcase name="testParser(String)[4175]" classname="ex.PublicTests$FlightParserTest" time="0.0"/>
  <testcase name="testParser(String)[4176]" classname="ex.PublicTests$FlightParserTest" time="0.0"/>
  <testcase name="testParser(String)[4177]" classname="ex.PublicTests$FlightParserTest" time="0.001"/>
  <testcase name="testParser(String)[4178]" classname="ex.PublicTests$FlightParserTest" time="0.0"/>
  <testcase name="testParser(String)[4179]" classname="ex.PublicTests$FlightParserTest" time="0.0"/>
  <testcase name="testParser(String)[4180]" classname="ex.PublicTests$FlightParserTest" time="0.001"/>
  <testcase name="testParser(String)[4181]" classname="ex.PublicTests$FlightParserTest" time="0.0"/>
  <testcase name="testParser(String)[4182]" classname="ex.PublicTests$FlightParserTest" time="0.0"/>
  <testcase name="testParser(String)[4183]" classname="ex.PublicTests$FlightParserTest" time="0.001"/>
  <testcase name="testParser(String)[4184]" classname="ex.PublicTests$FlightParserTest" time="0.0"/>
  <testcase name="testParser(String)[4185]" classname="ex.PublicTests$FlightParserTest" time="0.0"/>
  <testcase name="testParser(String)[4186]" classname="ex.PublicTests$FlightParserTest" time="0.001"/>
  <testcase name="testParser(String)[4187]" classname="ex.PublicTests$FlightParserTest" time="0.0"/>
  <testcase name="testParser(String)[4188]" classname="ex.PublicTests$FlightParserTest" time="0.0"/>
  <testcase name="testParser(String)[4189]" classname="ex.PublicTests$FlightParserTest" time="0.001"/>
  <testcase name="testParser(String)[4190]" classname="ex.PublicTests$FlightParserTest" time="0.0"/>
  <testcase name="testParser(String)[4191]" classname="ex.PublicTests$FlightParserTest" time="0.0"/>
  <testcase name="testParser(String)[4192]" classname="ex.PublicTests$FlightParserTest" time="0.001"/>
  <testcase name="testParser(String)[4193]" classname="ex.PublicTests$FlightParserTest" time="0.0"/>
  <testcase name="testParser(String)[4194]" classname="ex.PublicTests$FlightParserTest" time="0.0"/>
  <testcase name="testParser(String)[4195]" classname="ex.PublicTests$FlightParserTest" time="0.0"/>
  <testcase name="testParser(String)[4196]" classname="ex.PublicTests$FlightParserTest" time="0.0"/>
  <testcase name="testParser(String)[4197]" classname="ex.PublicTests$FlightParserTest" time="0.0"/>
  <testcase name="testParser(String)[4198]" classname="ex.PublicTests$FlightParserTest" time="0.0"/>
  <testcase name="testParser(String)[4199]" classname="ex.PublicTests$FlightParserTest" time="0.0"/>
  <testcase name="testParser(String)[4200]" classname="ex.PublicTests$FlightParserTest" time="0.0"/>
  <testcase name="testParser(String)[4201]" classname="ex.PublicTests$FlightParserTest" time="0.0"/>
  <testcase name="testParser(String)[4202]" classname="ex.PublicTests$FlightParserTest" time="0.0"/>
  <testcase name="testParser(String)[4203]" classname="ex.PublicTests$FlightParserTest" time="0.0"/>
  <testcase name="testParser(String)[4204]" classname="ex.PublicTests$FlightParserTest" time="0.0"/>
  <testcase name="testParser(String)[4205]" classname="ex.PublicTests$FlightParserTest" time="0.0"/>
  <testcase name="testParser(String)[4206]" classname="ex.PublicTests$FlightParserTest" time="0.0"/>
  <testcase name="testParser(String)[4207]" classname="ex.PublicTests$FlightParserTest" time="0.001"/>
  <testcase name="testParser(String)[4208]" classname="ex.PublicTests$FlightParserTest" time="0.0"/>
  <testcase name="testParser(String)[4209]" classname="ex.PublicTests$FlightParserTest" time="0.0"/>
  <testcase name="testParser(String)[4210]" classname="ex.PublicTests$FlightParserTest" time="0.001"/>
  <testcase name="testParser(String)[4211]" classname="ex.PublicTests$FlightParserTest" time="0.0"/>
  <testcase name="testParser(String)[4212]" classname="ex.PublicTests$FlightParserTest" time="0.0"/>
  <testcase name="testParser(String)[4213]" classname="ex.PublicTests$FlightParserTest" time="0.001"/>
  <testcase name="testParser(String)[4214]" classname="ex.PublicTests$FlightParserTest" time="0.0"/>
  <testcase name="testParser(String)[4215]" classname="ex.PublicTests$FlightParserTest" time="0.0"/>
  <testcase name="testParser(String)[4216]" classname="ex.PublicTests$FlightParserTest" time="0.0"/>
  <testcase name="testParser(String)[4217]" classname="ex.PublicTests$FlightParserTest" time="0.0"/>
  <testcase name="testParser(String)[4218]" classname="ex.PublicTests$FlightParserTest" time="0.0"/>
  <testcase name="testParser(String)[4219]" classname="ex.PublicTests$FlightParserTest" time="0.0"/>
  <testcase name="testParser(String)[4220]" classname="ex.PublicTests$FlightParserTest" time="0.0"/>
  <testcase name="testParser(String)[4221]" classname="ex.PublicTests$FlightParserTest" time="0.0"/>
  <testcase name="testParser(String)[4222]" classname="ex.PublicTests$FlightParserTest" time="0.0"/>
  <testcase name="testParser(String)[4223]" classname="ex.PublicTests$FlightParserTest" time="0.0"/>
  <testcase name="testParser(String)[4224]" classname="ex.PublicTests$FlightParserTest" time="0.0"/>
  <testcase name="testParser(String)[4225]" classname="ex.PublicTests$FlightParserTest" time="0.0"/>
  <testcase name="testParser(String)[4226]" classname="ex.PublicTests$FlightParserTest" time="0.0"/>
  <testcase name="testParser(String)[4227]" classname="ex.PublicTests$FlightParserTest" time="0.0"/>
  <testcase name="testParser(String)[4228]" classname="ex.PublicTests$FlightParserTest" time="0.0"/>
  <testcase name="testParser(String)[4229]" classname="ex.PublicTests$FlightParserTest" time="0.0"/>
  <testcase name="testParser(String)[4230]" classname="ex.PublicTests$FlightParserTest" time="0.0"/>
  <testcase name="testParser(String)[4231]" classname="ex.PublicTests$FlightParserTest" time="0.001"/>
  <testcase name="testParser(String)[4232]" classname="ex.PublicTests$FlightParserTest" time="0.0"/>
  <testcase name="testParser(String)[4233]" classname="ex.PublicTests$FlightParserTest" time="0.0"/>
  <testcase name="testParser(String)[4234]" classname="ex.PublicTests$FlightParserTest" time="0.001"/>
  <testcase name="testParser(String)[4235]" classname="ex.PublicTests$FlightParserTest" time="0.0"/>
  <testcase name="testParser(String)[4236]" classname="ex.PublicTests$FlightParserTest" time="0.0"/>
  <testcase name="testParser(String)[4237]" classname="ex.PublicTests$FlightParserTest" time="0.001"/>
  <testcase name="testParser(String)[4238]" classname="ex.PublicTests$FlightParserTest" time="0.0"/>
  <testcase name="testParser(String)[4239]" classname="ex.PublicTests$FlightParserTest" time="0.0"/>
  <testcase name="testParser(String)[4240]" classname="ex.PublicTests$FlightParserTest" time="0.001"/>
  <testcase name="testParser(String)[4241]" classname="ex.PublicTests$FlightParserTest" time="0.0"/>
  <testcase name="testParser(String)[4242]" classname="ex.PublicTests$FlightParserTest" time="0.0"/>
  <testcase name="testParser(String)[4243]" classname="ex.PublicTests$FlightParserTest" time="0.0"/>
  <testcase name="testParser(String)[4244]" classname="ex.PublicTests$FlightParserTest" time="0.0"/>
  <testcase name="testParser(String)[4245]" classname="ex.PublicTests$FlightParserTest" time="0.0"/>
  <testcase name="testParser(String)[4246]" classname="ex.PublicTests$FlightParserTest" time="0.0"/>
  <testcase name="testParser(String)[4247]" classname="ex.PublicTests$FlightParserTest" time="0.0"/>
  <testcase name="testParser(String)[4248]" classname="ex.PublicTests$FlightParserTest" time="0.0"/>
  <testcase name="testParser(String)[4249]" classname="ex.PublicTests$FlightParserTest" time="0.0"/>
  <testcase name="testParser(String)[4250]" classname="ex.PublicTests$FlightParserTest" time="0.0"/>
  <testcase name="testParser(String)[4251]" classname="ex.PublicTests$FlightParserTest" time="0.0"/>
  <testcase name="testParser(String)[4252]" classname="ex.PublicTests$FlightParserTest" time="0.0"/>
  <testcase name="testParser(String)[4253]" classname="ex.PublicTests$FlightParserTest" time="0.0"/>
  <testcase name="testParser(String)[4254]" classname="ex.PublicTests$FlightParserTest" time="0.0"/>
  <testcase name="testParser(String)[4255]" classname="ex.PublicTests$FlightParserTest" time="0.0"/>
  <testcase name="testParser(String)[4256]" classname="ex.PublicTests$FlightParserTest" time="0.001"/>
  <testcase name="testParser(String)[4257]" classname="ex.PublicTests$FlightParserTest" time="0.0"/>
  <testcase name="testParser(String)[4258]" classname="ex.PublicTests$FlightParserTest" time="0.0"/>
  <testcase name="testParser(String)[4259]" classname="ex.PublicTests$FlightParserTest" time="0.001"/>
  <testcase name="testParser(String)[4260]" classname="ex.PublicTests$FlightParserTest" time="0.0"/>
  <testcase name="testParser(String)[4261]" classname="ex.PublicTests$FlightParserTest" time="0.0"/>
  <testcase name="testParser(String)[4262]" classname="ex.PublicTests$FlightParserTest" time="0.0"/>
  <testcase name="testParser(String)[4263]" classname="ex.PublicTests$FlightParserTest" time="0.0"/>
  <testcase name="testParser(String)[4264]" classname="ex.PublicTests$FlightParserTest" time="0.0"/>
  <testcase name="testParser(String)[4265]" classname="ex.PublicTests$FlightParserTest" time="0.001"/>
  <testcase name="testParser(String)[4266]" classname="ex.PublicTests$FlightParserTest" time="0.0"/>
  <testcase name="testParser(String)[4267]" classname="ex.PublicTests$FlightParserTest" time="0.0"/>
  <testcase name="testParser(String)[4268]" classname="ex.PublicTests$FlightParserTest" time="0.0"/>
  <testcase name="testParser(String)[4269]" classname="ex.PublicTests$FlightParserTest" time="0.0"/>
  <testcase name="testParser(String)[4270]" classname="ex.PublicTests$FlightParserTest" time="0.0"/>
  <testcase name="testParser(String)[4271]" classname="ex.PublicTests$FlightParserTest" time="0.0"/>
  <testcase name="testParser(String)[4272]" classname="ex.PublicTests$FlightParserTest" time="0.0"/>
  <testcase name="testParser(String)[4273]" classname="ex.PublicTests$FlightParserTest" time="0.0"/>
  <testcase name="testParser(String)[4274]" classname="ex.PublicTests$FlightParserTest" time="0.0"/>
  <testcase name="testParser(String)[4275]" classname="ex.PublicTests$FlightParserTest" time="0.0"/>
  <testcase name="testParser(String)[4276]" classname="ex.PublicTests$FlightParserTest" time="0.0"/>
  <testcase name="testParser(String)[4277]" classname="ex.PublicTests$FlightParserTest" time="0.0"/>
  <testcase name="testParser(String)[4278]" classname="ex.PublicTests$FlightParserTest" time="0.0"/>
  <testcase name="testParser(String)[4279]" classname="ex.PublicTests$FlightParserTest" time="0.0"/>
  <testcase name="testParser(String)[4280]" classname="ex.PublicTests$FlightParserTest" time="0.0"/>
  <testcase name="testParser(String)[4281]" classname="ex.PublicTests$FlightParserTest" time="0.0"/>
  <testcase name="testParser(String)[4282]" classname="ex.PublicTests$FlightParserTest" time="0.0"/>
  <testcase name="testParser(String)[4283]" classname="ex.PublicTests$FlightParserTest" time="0.0"/>
  <testcase name="testParser(String)[4284]" classname="ex.PublicTests$FlightParserTest" time="0.0"/>
  <testcase name="testParser(String)[4285]" classname="ex.PublicTests$FlightParserTest" time="0.0"/>
  <testcase name="testParser(String)[4286]" classname="ex.PublicTests$FlightParserTest" time="0.0"/>
  <testcase name="testParser(String)[4287]" classname="ex.PublicTests$FlightParserTest" time="0.0"/>
  <testcase name="testParser(String)[4288]" classname="ex.PublicTests$FlightParserTest" time="0.0"/>
  <testcase name="testParser(String)[4289]" classname="ex.PublicTests$FlightParserTest" time="0.0"/>
  <testcase name="testParser(String)[4290]" classname="ex.PublicTests$FlightParserTest" time="0.0"/>
  <testcase name="testParser(String)[4291]" classname="ex.PublicTests$FlightParserTest" time="0.0"/>
  <testcase name="testParser(String)[4292]" classname="ex.PublicTests$FlightParserTest" time="0.0"/>
  <testcase name="testParser(String)[4293]" classname="ex.PublicTests$FlightParserTest" time="0.0"/>
  <testcase name="testParser(String)[4294]" classname="ex.PublicTests$FlightParserTest" time="0.0"/>
  <testcase name="testParser(String)[4295]" classname="ex.PublicTests$FlightParserTest" time="0.0"/>
  <testcase name="testParser(String)[4296]" classname="ex.PublicTests$FlightParserTest" time="0.0"/>
  <testcase name="testParser(String)[4297]" classname="ex.PublicTests$FlightParserTest" time="0.0"/>
  <testcase name="testParser(String)[4298]" classname="ex.PublicTests$FlightParserTest" time="0.001"/>
  <testcase name="testParser(String)[4299]" classname="ex.PublicTests$FlightParserTest" time="0.0"/>
  <testcase name="testParser(String)[4300]" classname="ex.PublicTests$FlightParserTest" time="0.0"/>
  <testcase name="testParser(String)[4301]" classname="ex.PublicTests$FlightParserTest" time="0.0"/>
  <testcase name="testParser(String)[4302]" classname="ex.PublicTests$FlightParserTest" time="0.0"/>
  <testcase name="testParser(String)[4303]" classname="ex.PublicTests$FlightParserTest" time="0.0"/>
  <testcase name="testParser(String)[4304]" classname="ex.PublicTests$FlightParserTest" time="0.0"/>
  <testcase name="testParser(String)[4305]" classname="ex.PublicTests$FlightParserTest" time="0.0"/>
  <testcase name="testParser(String)[4306]" classname="ex.PublicTests$FlightParserTest" time="0.0"/>
  <testcase name="testParser(String)[4307]" classname="ex.PublicTests$FlightParserTest" time="0.0"/>
  <testcase name="testParser(String)[4308]" classname="ex.PublicTests$FlightParserTest" time="0.0"/>
  <testcase name="testParser(String)[4309]" classname="ex.PublicTests$FlightParserTest" time="0.0"/>
  <testcase name="testParser(String)[4310]" classname="ex.PublicTests$FlightParserTest" time="0.0"/>
  <testcase name="testParser(String)[4311]" classname="ex.PublicTests$FlightParserTest" time="0.0"/>
  <testcase name="testParser(String)[4312]" classname="ex.PublicTests$FlightParserTest" time="0.0"/>
  <testcase name="testParser(String)[4313]" classname="ex.PublicTests$FlightParserTest" time="0.0"/>
  <testcase name="testParser(String)[4314]" classname="ex.PublicTests$FlightParserTest" time="0.0"/>
  <testcase name="testParser(String)[4315]" classname="ex.PublicTests$FlightParserTest" time="0.0"/>
  <testcase name="testParser(String)[4316]" classname="ex.PublicTests$FlightParserTest" time="0.0"/>
  <testcase name="testParser(String)[4317]" classname="ex.PublicTests$FlightParserTest" time="0.0"/>
  <testcase name="testParser(String)[4318]" classname="ex.PublicTests$FlightParserTest" time="0.0"/>
  <testcase name="testParser(String)[4319]" classname="ex.PublicTests$FlightParserTest" time="0.0"/>
  <testcase name="testParser(String)[4320]" classname="ex.PublicTests$FlightParserTest" time="0.0"/>
  <testcase name="testParser(String)[4321]" classname="ex.PublicTests$FlightParserTest" time="0.0"/>
  <testcase name="testParser(String)[4322]" classname="ex.PublicTests$FlightParserTest" time="0.0"/>
  <testcase name="testParser(String)[4323]" classname="ex.PublicTests$FlightParserTest" time="0.0"/>
  <testcase name="testParser(String)[4324]" classname="ex.PublicTests$FlightParserTest" time="0.0"/>
  <testcase name="testParser(String)[4325]" classname="ex.PublicTests$FlightParserTest" time="0.0"/>
  <testcase name="testParser(String)[4326]" classname="ex.PublicTests$FlightParserTest" time="0.0"/>
  <testcase name="testParser(String)[4327]" classname="ex.PublicTests$FlightParserTest" time="0.0"/>
  <testcase name="testParser(String)[4328]" classname="ex.PublicTests$FlightParserTest" time="0.001"/>
  <testcase name="testParser(String)[4329]" classname="ex.PublicTests$FlightParserTest" time="0.0"/>
  <testcase name="testParser(String)[4330]" classname="ex.PublicTests$FlightParserTest" time="0.0"/>
  <testcase name="testParser(String)[4331]" classname="ex.PublicTests$FlightParserTest" time="0.001"/>
  <testcase name="testParser(String)[4332]" classname="ex.PublicTests$FlightParserTest" time="0.0"/>
  <testcase name="testParser(String)[4333]" classname="ex.PublicTests$FlightParserTest" time="0.0"/>
  <testcase name="testParser(String)[4334]" classname="ex.PublicTests$FlightParserTest" time="0.001"/>
  <testcase name="testParser(String)[4335]" classname="ex.PublicTests$FlightParserTest" time="0.0"/>
  <testcase name="testParser(String)[4336]" classname="ex.PublicTests$FlightParserTest" time="0.0"/>
  <testcase name="testParser(String)[4337]" classname="ex.PublicTests$FlightParserTest" time="0.001"/>
  <testcase name="testParser(String)[4338]" classname="ex.PublicTests$FlightParserTest" time="0.0"/>
  <testcase name="testParser(String)[4339]" classname="ex.PublicTests$FlightParserTest" time="0.0"/>
  <testcase name="testParser(String)[4340]" classname="ex.PublicTests$FlightParserTest" time="0.001"/>
  <testcase name="testParser(String)[4341]" classname="ex.PublicTests$FlightParserTest" time="0.0"/>
  <testcase name="testParser(String)[4342]" classname="ex.PublicTests$FlightParserTest" time="0.0"/>
  <testcase name="testParser(String)[4343]" classname="ex.PublicTests$FlightParserTest" time="0.0"/>
  <testcase name="testParser(String)[4344]" classname="ex.PublicTests$FlightParserTest" time="0.0"/>
  <testcase name="testParser(String)[4345]" classname="ex.PublicTests$FlightParserTest" time="0.002"/>
  <testcase name="testParser(String)[4346]" classname="ex.PublicTests$FlightParserTest" time="0.0"/>
  <testcase name="testParser(String)[4347]" classname="ex.PublicTests$FlightParserTest" time="0.001"/>
  <testcase name="testParser(String)[4348]" classname="ex.PublicTests$FlightParserTest" time="0.0"/>
  <testcase name="testParser(String)[4349]" classname="ex.PublicTests$FlightParserTest" time="0.0"/>
  <testcase name="testParser(String)[4350]" classname="ex.PublicTests$FlightParserTest" time="0.0"/>
  <testcase name="testParser(String)[4351]" classname="ex.PublicTests$FlightParserTest" time="0.0"/>
  <testcase name="testParser(String)[4352]" classname="ex.PublicTests$FlightParserTest" time="0.001"/>
  <testcase name="testParser(String)[4353]" classname="ex.PublicTests$FlightParserTest" time="0.0"/>
  <testcase name="testParser(String)[4354]" classname="ex.PublicTests$FlightParserTest" time="0.0"/>
  <testcase name="testParser(String)[4355]" classname="ex.PublicTests$FlightParserTest" time="0.0"/>
  <testcase name="testParser(String)[4356]" classname="ex.PublicTests$FlightParserTest" time="0.0"/>
  <testcase name="testParser(String)[4357]" classname="ex.PublicTests$FlightParserTest" time="0.0"/>
  <testcase name="testParser(String)[4358]" classname="ex.PublicTests$FlightParserTest" time="0.0"/>
  <testcase name="testParser(String)[4359]" classname="ex.PublicTests$FlightParserTest" time="0.001"/>
  <testcase name="testParser(String)[4360]" classname="ex.PublicTests$FlightParserTest" time="0.0"/>
  <testcase name="testParser(String)[4361]" classname="ex.PublicTests$FlightParserTest" time="0.0"/>
  <testcase name="testParser(String)[4362]" classname="ex.PublicTests$FlightParserTest" time="0.001"/>
  <testcase name="testParser(String)[4363]" classname="ex.PublicTests$FlightParserTest" time="0.0"/>
  <testcase name="testParser(String)[4364]" classname="ex.PublicTests$FlightParserTest" time="0.0"/>
  <testcase name="testParser(String)[4365]" classname="ex.PublicTests$FlightParserTest" time="0.001"/>
  <testcase name="testParser(String)[4366]" classname="ex.PublicTests$FlightParserTest" time="0.0"/>
  <testcase name="testParser(String)[4367]" classname="ex.PublicTests$FlightParserTest" time="0.0"/>
  <testcase name="testParser(String)[4368]" classname="ex.PublicTests$FlightParserTest" time="0.001"/>
  <testcase name="testParser(String)[4369]" classname="ex.PublicTests$FlightParserTest" time="0.0"/>
  <testcase name="testParser(String)[4370]" classname="ex.PublicTests$FlightParserTest" time="0.0"/>
  <testcase name="testParser(String)[4371]" classname="ex.PublicTests$FlightParserTest" time="0.001"/>
  <testcase name="testParser(String)[4372]" classname="ex.PublicTests$FlightParserTest" time="0.0"/>
  <testcase name="testParser(String)[4373]" classname="ex.PublicTests$FlightParserTest" time="0.0"/>
  <testcase name="testParser(String)[4374]" classname="ex.PublicTests$FlightParserTest" time="0.0"/>
  <testcase name="testParser(String)[4375]" classname="ex.PublicTests$FlightParserTest" time="0.0"/>
  <testcase name="testParser(String)[4376]" classname="ex.PublicTests$FlightParserTest" time="0.001"/>
  <testcase name="testParser(String)[4377]" classname="ex.PublicTests$FlightParserTest" time="0.0"/>
  <testcase name="testParser(String)[4378]" classname="ex.PublicTests$FlightParserTest" time="0.0"/>
  <testcase name="testParser(String)[4379]" classname="ex.PublicTests$FlightParserTest" time="0.001"/>
  <testcase name="testParser(String)[4380]" classname="ex.PublicTests$FlightParserTest" time="0.0"/>
  <testcase name="testParser(String)[4381]" classname="ex.PublicTests$FlightParserTest" time="0.0"/>
  <testcase name="testParser(String)[4382]" classname="ex.PublicTests$FlightParserTest" time="0.0"/>
  <testcase name="testParser(String)[4383]" classname="ex.PublicTests$FlightParserTest" time="0.0"/>
  <testcase name="testParser(String)[4384]" classname="ex.PublicTests$FlightParserTest" time="0.0"/>
  <testcase name="testParser(String)[4385]" classname="ex.PublicTests$FlightParserTest" time="0.0"/>
  <testcase name="testParser(String)[4386]" classname="ex.PublicTests$FlightParserTest" time="0.0"/>
  <testcase name="testParser(String)[4387]" classname="ex.PublicTests$FlightParserTest" time="0.0"/>
  <testcase name="testParser(String)[4388]" classname="ex.PublicTests$FlightParserTest" time="0.0"/>
  <testcase name="testParser(String)[4389]" classname="ex.PublicTests$FlightParserTest" time="0.0"/>
  <testcase name="testParser(String)[4390]" classname="ex.PublicTests$FlightParserTest" time="0.001"/>
  <testcase name="testParser(String)[4391]" classname="ex.PublicTests$FlightParserTest" time="0.0"/>
  <testcase name="testParser(String)[4392]" classname="ex.PublicTests$FlightParserTest" time="0.0"/>
  <testcase name="testParser(String)[4393]" classname="ex.PublicTests$FlightParserTest" time="0.0"/>
  <testcase name="testParser(String)[4394]" classname="ex.PublicTests$FlightParserTest" time="0.0"/>
  <testcase name="testParser(String)[4395]" classname="ex.PublicTests$FlightParserTest" time="0.0"/>
  <testcase name="testParser(String)[4396]" classname="ex.PublicTests$FlightParserTest" time="0.001"/>
  <testcase name="testParser(String)[4397]" classname="ex.PublicTests$FlightParserTest" time="0.0"/>
  <testcase name="testParser(String)[4398]" classname="ex.PublicTests$FlightParserTest" time="0.0"/>
  <testcase name="testParser(String)[4399]" classname="ex.PublicTests$FlightParserTest" time="0.0"/>
  <testcase name="testParser(String)[4400]" classname="ex.PublicTests$FlightParserTest" time="0.0"/>
  <testcase name="testParser(String)[4401]" classname="ex.PublicTests$FlightParserTest" time="0.001"/>
  <testcase name="testParser(String)[4402]" classname="ex.PublicTests$FlightParserTest" time="0.0"/>
  <testcase name="testParser(String)[4403]" classname="ex.PublicTests$FlightParserTest" time="0.0"/>
  <testcase name="testParser(String)[4404]" classname="ex.PublicTests$FlightParserTest" time="0.0"/>
  <testcase name="testParser(String)[4405]" classname="ex.PublicTests$FlightParserTest" time="0.0"/>
  <testcase name="testParser(String)[4406]" classname="ex.PublicTests$FlightParserTest" time="0.0"/>
  <testcase name="testParser(String)[4407]" classname="ex.PublicTests$FlightParserTest" time="0.0"/>
  <testcase name="testParser(String)[4408]" classname="ex.PublicTests$FlightParserTest" time="0.0"/>
  <testcase name="testParser(String)[4409]" classname="ex.PublicTests$FlightParserTest" time="0.0"/>
  <testcase name="testParser(String)[4410]" classname="ex.PublicTests$FlightParserTest" time="0.001"/>
  <testcase name="testParser(String)[4411]" classname="ex.PublicTests$FlightParserTest" time="0.001"/>
  <testcase name="testParser(String)[4412]" classname="ex.PublicTests$FlightParserTest" time="0.0"/>
  <testcase name="testParser(String)[4413]" classname="ex.PublicTests$FlightParserTest" time="0.0"/>
  <testcase name="testParser(String)[4414]" classname="ex.PublicTests$FlightParserTest" time="0.0"/>
  <testcase name="testParser(String)[4415]" classname="ex.PublicTests$FlightParserTest" time="0.0"/>
  <testcase name="testParser(String)[4416]" classname="ex.PublicTests$FlightParserTest" time="0.001"/>
  <testcase name="testParser(String)[4417]" classname="ex.PublicTests$FlightParserTest" time="0.01"/>
  <testcase name="testParser(String)[4418]" classname="ex.PublicTests$FlightParserTest" time="0.0"/>
  <testcase name="testParser(String)[4419]" classname="ex.PublicTests$FlightParserTest" time="0.0"/>
  <testcase name="testParser(String)[4420]" classname="ex.PublicTests$FlightParserTest" time="0.0"/>
  <testcase name="testParser(String)[4421]" classname="ex.PublicTests$FlightParserTest" time="0.001"/>
  <testcase name="testParser(String)[4422]" classname="ex.PublicTests$FlightParserTest" time="0.0"/>
  <testcase name="testParser(String)[4423]" classname="ex.PublicTests$FlightParserTest" time="0.0"/>
  <testcase name="testParser(String)[4424]" classname="ex.PublicTests$FlightParserTest" time="0.001"/>
  <testcase name="testParser(String)[4425]" classname="ex.PublicTests$FlightParserTest" time="0.0"/>
  <testcase name="testParser(String)[4426]" classname="ex.PublicTests$FlightParserTest" time="0.0"/>
  <testcase name="testParser(String)[4427]" classname="ex.PublicTests$FlightParserTest" time="0.0"/>
  <testcase name="testParser(String)[4428]" classname="ex.PublicTests$FlightParserTest" time="0.0"/>
  <testcase name="testParser(String)[4429]" classname="ex.PublicTests$FlightParserTest" time="0.0"/>
  <testcase name="testParser(String)[4430]" classname="ex.PublicTests$FlightParserTest" time="0.0"/>
  <testcase name="testParser(String)[4431]" classname="ex.PublicTests$FlightParserTest" time="0.0"/>
  <testcase name="testParser(String)[4432]" classname="ex.PublicTests$FlightParserTest" time="0.0"/>
  <testcase name="testParser(String)[4433]" classname="ex.PublicTests$FlightParserTest" time="0.0"/>
  <testcase name="testParser(String)[4434]" classname="ex.PublicTests$FlightParserTest" time="0.002"/>
  <testcase name="testParser(String)[4435]" classname="ex.PublicTests$FlightParserTest" time="0.001"/>
  <testcase name="testParser(String)[4436]" classname="ex.PublicTests$FlightParserTest" time="0.0"/>
  <testcase name="testParser(String)[4437]" classname="ex.PublicTests$FlightParserTest" time="0.001"/>
  <testcase name="testParser(String)[4438]" classname="ex.PublicTests$FlightParserTest" time="0.0"/>
  <testcase name="testParser(String)[4439]" classname="ex.PublicTests$FlightParserTest" time="0.001"/>
  <testcase name="testParser(String)[4440]" classname="ex.PublicTests$FlightParserTest" time="0.0"/>
  <testcase name="testParser(String)[4441]" classname="ex.PublicTests$FlightParserTest" time="0.0"/>
  <testcase name="testParser(String)[4442]" classname="ex.PublicTests$FlightParserTest" time="0.0"/>
  <testcase name="testParser(String)[4443]" classname="ex.PublicTests$FlightParserTest" time="0.0"/>
  <testcase name="testParser(String)[4444]" classname="ex.PublicTests$FlightParserTest" time="0.001"/>
  <testcase name="testParser(String)[4445]" classname="ex.PublicTests$FlightParserTest" time="0.0"/>
  <testcase name="testParser(String)[4446]" classname="ex.PublicTests$FlightParserTest" time="0.0"/>
  <testcase name="testParser(String)[4447]" classname="ex.PublicTests$FlightParserTest" time="0.0"/>
  <testcase name="testParser(String)[4448]" classname="ex.PublicTests$FlightParserTest" time="0.0"/>
  <testcase name="testParser(String)[4449]" classname="ex.PublicTests$FlightParserTest" time="0.001"/>
  <testcase name="testParser(String)[4450]" classname="ex.PublicTests$FlightParserTest" time="0.0"/>
  <testcase name="testParser(String)[4451]" classname="ex.PublicTests$FlightParserTest" time="0.0"/>
  <testcase name="testParser(String)[4452]" classname="ex.PublicTests$FlightParserTest" time="0.0"/>
  <testcase name="testParser(String)[4453]" classname="ex.PublicTests$FlightParserTest" time="0.0"/>
  <testcase name="testParser(String)[4454]" classname="ex.PublicTests$FlightParserTest" time="0.0"/>
  <testcase name="testParser(String)[4455]" classname="ex.PublicTests$FlightParserTest" time="0.0"/>
  <testcase name="testParser(String)[4456]" classname="ex.PublicTests$FlightParserTest" time="0.0"/>
  <testcase name="testParser(String)[4457]" classname="ex.PublicTests$FlightParserTest" time="0.001"/>
  <testcase name="testParser(String)[4458]" classname="ex.PublicTests$FlightParserTest" time="0.001"/>
  <testcase name="testParser(String)[4459]" classname="ex.PublicTests$FlightParserTest" time="0.0"/>
  <testcase name="testParser(String)[4460]" classname="ex.PublicTests$FlightParserTest" time="0.0"/>
  <testcase name="testParser(String)[4461]" classname="ex.PublicTests$FlightParserTest" time="0.0"/>
  <testcase name="testParser(String)[4462]" classname="ex.PublicTests$FlightParserTest" time="0.0"/>
  <testcase name="testParser(String)[4463]" classname="ex.PublicTests$FlightParserTest" time="0.0"/>
  <testcase name="testParser(String)[4464]" classname="ex.PublicTests$FlightParserTest" time="0.0"/>
  <testcase name="testParser(String)[4465]" classname="ex.PublicTests$FlightParserTest" time="0.0"/>
  <testcase name="testParser(String)[4466]" classname="ex.PublicTests$FlightParserTest" time="0.0"/>
  <testcase name="testParser(String)[4467]" classname="ex.PublicTests$FlightParserTest" time="0.0"/>
  <testcase name="testParser(String)[4468]" classname="ex.PublicTests$FlightParserTest" time="0.0"/>
  <testcase name="testParser(String)[4469]" classname="ex.PublicTests$FlightParserTest" time="0.001"/>
  <testcase name="testParser(String)[4470]" classname="ex.PublicTests$FlightParserTest" time="0.0"/>
  <testcase name="testParser(String)[4471]" classname="ex.PublicTests$FlightParserTest" time="0.001"/>
  <testcase name="testParser(String)[4472]" classname="ex.PublicTests$FlightParserTest" time="0.0"/>
  <testcase name="testParser(String)[4473]" classname="ex.PublicTests$FlightParserTest" time="0.003"/>
  <testcase name="testParser(String)[4474]" classname="ex.PublicTests$FlightParserTest" time="0.0"/>
  <testcase name="testParser(String)[4475]" classname="ex.PublicTests$FlightParserTest" time="0.0"/>
  <testcase name="testParser(String)[4476]" classname="ex.PublicTests$FlightParserTest" time="0.001"/>
  <testcase name="testParser(String)[4477]" classname="ex.PublicTests$FlightParserTest" time="0.0"/>
  <testcase name="testParser(String)[4478]" classname="ex.PublicTests$FlightParserTest" time="0.0"/>
  <testcase name="testParser(String)[4479]" classname="ex.PublicTests$FlightParserTest" time="0.0"/>
  <testcase name="testParser(String)[4480]" classname="ex.PublicTests$FlightParserTest" time="0.0"/>
  <testcase name="testParser(String)[4481]" classname="ex.PublicTests$FlightParserTest" time="0.001"/>
  <testcase name="testParser(String)[4482]" classname="ex.PublicTests$FlightParserTest" time="0.0"/>
  <testcase name="testParser(String)[4483]" classname="ex.PublicTests$FlightParserTest" time="0.0"/>
  <testcase name="testParser(String)[4484]" classname="ex.PublicTests$FlightParserTest" time="0.001"/>
  <testcase name="testParser(String)[4485]" classname="ex.PublicTests$FlightParserTest" time="0.002"/>
  <testcase name="testParser(String)[4486]" classname="ex.PublicTests$FlightParserTest" time="0.001"/>
  <testcase name="testParser(String)[4487]" classname="ex.PublicTests$FlightParserTest" time="0.0"/>
  <testcase name="testParser(String)[4488]" classname="ex.PublicTests$FlightParserTest" time="0.0"/>
  <testcase name="testParser(String)[4489]" classname="ex.PublicTests$FlightParserTest" time="0.001"/>
  <testcase name="testParser(String)[4490]" classname="ex.PublicTests$FlightParserTest" time="0.0"/>
  <testcase name="testParser(String)[4491]" classname="ex.PublicTests$FlightParserTest" time="0.0"/>
  <testcase name="testParser(String)[4492]" classname="ex.PublicTests$FlightParserTest" time="0.001"/>
  <testcase name="testParser(String)[4493]" classname="ex.PublicTests$FlightParserTest" time="0.0"/>
  <testcase name="testParser(String)[4494]" classname="ex.PublicTests$FlightParserTest" time="0.0"/>
  <testcase name="testParser(String)[4495]" classname="ex.PublicTests$FlightParserTest" time="0.0"/>
  <testcase name="testParser(String)[4496]" classname="ex.PublicTests$FlightParserTest" time="0.0"/>
  <testcase name="testParser(String)[4497]" classname="ex.PublicTests$FlightParserTest" time="0.0"/>
  <testcase name="testParser(String)[4498]" classname="ex.PublicTests$FlightParserTest" time="0.001"/>
  <testcase name="testParser(String)[4499]" classname="ex.PublicTests$FlightParserTest" time="0.001"/>
  <testcase name="testParser(String)[4500]" classname="ex.PublicTests$FlightParserTest" time="0.0"/>
  <testcase name="testParser(String)[4501]" classname="ex.PublicTests$FlightParserTest" time="0.0"/>
  <testcase name="testParser(String)[4502]" classname="ex.PublicTests$FlightParserTest" time="0.001"/>
  <testcase name="testParser(String)[4503]" classname="ex.PublicTests$FlightParserTest" time="0.0"/>
  <testcase name="testParser(String)[4504]" classname="ex.PublicTests$FlightParserTest" time="0.0"/>
  <testcase name="testParser(String)[4505]" classname="ex.PublicTests$FlightParserTest" time="0.001"/>
  <testcase name="testParser(String)[4506]" classname="ex.PublicTests$FlightParserTest" time="0.0"/>
  <testcase name="testParser(String)[4507]" classname="ex.PublicTests$FlightParserTest" time="0.0"/>
  <testcase name="testParser(String)[4508]" classname="ex.PublicTests$FlightParserTest" time="0.003"/>
  <testcase name="testParser(String)[4509]" classname="ex.PublicTests$FlightParserTest" time="0.0"/>
  <testcase name="testParser(String)[4510]" classname="ex.PublicTests$FlightParserTest" time="0.0"/>
  <testcase name="testParser(String)[4511]" classname="ex.PublicTests$FlightParserTest" time="0.0"/>
  <testcase name="testParser(String)[4512]" classname="ex.PublicTests$FlightParserTest" time="0.0"/>
  <testcase name="testParser(String)[4513]" classname="ex.PublicTests$FlightParserTest" time="0.0"/>
  <testcase name="testParser(String)[4514]" classname="ex.PublicTests$FlightParserTest" time="0.0"/>
  <testcase name="testParser(String)[4515]" classname="ex.PublicTests$FlightParserTest" time="0.0"/>
  <testcase name="testParser(String)[4516]" classname="ex.PublicTests$FlightParserTest" time="0.001"/>
  <testcase name="testParser(String)[4517]" classname="ex.PublicTests$FlightParserTest" time="0.0"/>
  <testcase name="testParser(String)[4518]" classname="ex.PublicTests$FlightParserTest" time="0.0"/>
  <testcase name="testParser(String)[4519]" classname="ex.PublicTests$FlightParserTest" time="0.0"/>
  <testcase name="testParser(String)[4520]" classname="ex.PublicTests$FlightParserTest" time="0.0"/>
  <testcase name="testParser(String)[4521]" classname="ex.PublicTests$FlightParserTest" time="0.001"/>
  <testcase name="testParser(String)[4522]" classname="ex.PublicTests$FlightParserTest" time="0.0"/>
  <testcase name="testParser(String)[4523]" classname="ex.PublicTests$FlightParserTest" time="0.005"/>
  <testcase name="testParser(String)[4524]" classname="ex.PublicTests$FlightParserTest" time="0.001"/>
  <testcase name="testParser(String)[4525]" classname="ex.PublicTests$FlightParserTest" time="0.0"/>
  <testcase name="testParser(String)[4526]" classname="ex.PublicTests$FlightParserTest" time="0.0"/>
  <testcase name="testParser(String)[4527]" classname="ex.PublicTests$FlightParserTest" time="0.001"/>
  <testcase name="testParser(String)[4528]" classname="ex.PublicTests$FlightParserTest" time="0.0"/>
  <testcase name="testParser(String)[4529]" classname="ex.PublicTests$FlightParserTest" time="0.0"/>
  <testcase name="testParser(String)[4530]" classname="ex.PublicTests$FlightParserTest" time="0.001"/>
  <testcase name="testParser(String)[4531]" classname="ex.PublicTests$FlightParserTest" time="0.0"/>
  <testcase name="testParser(String)[4532]" classname="ex.PublicTests$FlightParserTest" time="0.001"/>
  <testcase name="testParser(String)[4533]" classname="ex.PublicTests$FlightParserTest" time="0.0"/>
  <testcase name="testParser(String)[4534]" classname="ex.PublicTests$FlightParserTest" time="0.0"/>
  <testcase name="testParser(String)[4535]" classname="ex.PublicTests$FlightParserTest" time="0.0"/>
  <testcase name="testParser(String)[4536]" classname="ex.PublicTests$FlightParserTest" time="0.0"/>
  <testcase name="testParser(String)[4537]" classname="ex.PublicTests$FlightParserTest" time="0.001"/>
  <testcase name="testParser(String)[4538]" classname="ex.PublicTests$FlightParserTest" time="0.001"/>
  <testcase name="testParser(String)[4539]" classname="ex.PublicTests$FlightParserTest" time="0.001"/>
  <testcase name="testParser(String)[4540]" classname="ex.PublicTests$FlightParserTest" time="0.0"/>
  <testcase name="testParser(String)[4541]" classname="ex.PublicTests$FlightParserTest" time="0.001"/>
  <testcase name="testParser(String)[4542]" classname="ex.PublicTests$FlightParserTest" time="0.0"/>
  <testcase name="testParser(String)[4543]" classname="ex.PublicTests$FlightParserTest" time="0.003"/>
  <testcase name="testParser(String)[4544]" classname="ex.PublicTests$FlightParserTest" time="0.0"/>
  <testcase name="testParser(String)[4545]" classname="ex.PublicTests$FlightParserTest" time="0.001"/>
  <testcase name="testParser(String)[4546]" classname="ex.PublicTests$FlightParserTest" time="0.0"/>
  <testcase name="testParser(String)[4547]" classname="ex.PublicTests$FlightParserTest" time="0.0"/>
  <testcase name="testParser(String)[4548]" classname="ex.PublicTests$FlightParserTest" time="0.0"/>
  <testcase name="testParser(String)[4549]" classname="ex.PublicTests$FlightParserTest" time="0.0"/>
  <testcase name="testParser(String)[4550]" classname="ex.PublicTests$FlightParserTest" time="0.001"/>
  <testcase name="testParser(String)[4551]" classname="ex.PublicTests$FlightParserTest" time="0.0"/>
  <testcase name="testParser(String)[4552]" classname="ex.PublicTests$FlightParserTest" time="0.0"/>
  <testcase name="testParser(String)[4553]" classname="ex.PublicTests$FlightParserTest" time="0.001"/>
  <testcase name="testParser(String)[4554]" classname="ex.PublicTests$FlightParserTest" time="0.0"/>
  <testcase name="testParser(String)[4555]" classname="ex.PublicTests$FlightParserTest" time="0.0"/>
  <testcase name="testParser(String)[4556]" classname="ex.PublicTests$FlightParserTest" time="0.0"/>
  <testcase name="testParser(String)[4557]" classname="ex.PublicTests$FlightParserTest" time="0.001"/>
  <testcase name="testParser(String)[4558]" classname="ex.PublicTests$FlightParserTest" time="0.0"/>
  <testcase name="testParser(String)[4559]" classname="ex.PublicTests$FlightParserTest" time="0.001"/>
  <testcase name="testParser(String)[4560]" classname="ex.PublicTests$FlightParserTest" time="0.0"/>
  <testcase name="testParser(String)[4561]" classname="ex.PublicTests$FlightParserTest" time="0.0"/>
  <testcase name="testParser(String)[4562]" classname="ex.PublicTests$FlightParserTest" time="0.001"/>
  <testcase name="testParser(String)[4563]" classname="ex.PublicTests$FlightParserTest" time="0.0"/>
  <testcase name="testParser(String)[4564]" classname="ex.PublicTests$FlightParserTest" time="0.0"/>
  <testcase name="testParser(String)[4565]" classname="ex.PublicTests$FlightParserTest" time="0.0"/>
  <testcase name="testParser(String)[4566]" classname="ex.PublicTests$FlightParserTest" time="0.001"/>
  <testcase name="testParser(String)[4567]" classname="ex.PublicTests$FlightParserTest" time="0.0"/>
  <testcase name="testParser(String)[4568]" classname="ex.PublicTests$FlightParserTest" time="0.0"/>
  <testcase name="testParser(String)[4569]" classname="ex.PublicTests$FlightParserTest" time="0.0"/>
  <testcase name="testParser(String)[4570]" classname="ex.PublicTests$FlightParserTest" time="0.001"/>
  <testcase name="testParser(String)[4571]" classname="ex.PublicTests$FlightParserTest" time="0.0"/>
  <testcase name="testParser(String)[4572]" classname="ex.PublicTests$FlightParserTest" time="0.0"/>
  <testcase name="testParser(String)[4573]" classname="ex.PublicTests$FlightParserTest" time="0.001"/>
  <testcase name="testParser(String)[4574]" classname="ex.PublicTests$FlightParserTest" time="0.001"/>
  <testcase name="testParser(String)[4575]" classname="ex.PublicTests$FlightParserTest" time="0.001"/>
  <testcase name="testParser(String)[4576]" classname="ex.PublicTests$FlightParserTest" time="0.001"/>
  <testcase name="testParser(String)[4577]" classname="ex.PublicTests$FlightParserTest" time="0.0"/>
  <testcase name="testParser(String)[4578]" classname="ex.PublicTests$FlightParserTest" time="0.0"/>
  <testcase name="testParser(String)[4579]" classname="ex.PublicTests$FlightParserTest" time="0.0"/>
  <testcase name="testParser(String)[4580]" classname="ex.PublicTests$FlightParserTest" time="0.0"/>
  <testcase name="testParser(String)[4581]" classname="ex.PublicTests$FlightParserTest" time="0.0"/>
  <testcase name="testParser(String)[4582]" classname="ex.PublicTests$FlightParserTest" time="0.001"/>
  <testcase name="testParser(String)[4583]" classname="ex.PublicTests$FlightParserTest" time="0.0"/>
  <testcase name="testParser(String)[4584]" classname="ex.PublicTests$FlightParserTest" time="0.0"/>
  <testcase name="testParser(String)[4585]" classname="ex.PublicTests$FlightParserTest" time="0.0"/>
  <testcase name="testParser(String)[4586]" classname="ex.PublicTests$FlightParserTest" time="0.001"/>
  <testcase name="testParser(String)[4587]" classname="ex.PublicTests$FlightParserTest" time="0.0"/>
  <testcase name="testParser(String)[4588]" classname="ex.PublicTests$FlightParserTest" time="0.0"/>
  <testcase name="testParser(String)[4589]" classname="ex.PublicTests$FlightParserTest" time="0.0"/>
  <testcase name="testParser(String)[4590]" classname="ex.PublicTests$FlightParserTest" time="0.001"/>
  <testcase name="testParser(String)[4591]" classname="ex.PublicTests$FlightParserTest" time="0.0"/>
  <testcase name="testParser(String)[4592]" classname="ex.PublicTests$FlightParserTest" time="0.0"/>
  <testcase name="testParser(String)[4593]" classname="ex.PublicTests$FlightParserTest" time="0.001"/>
  <testcase name="testParser(String)[4594]" classname="ex.PublicTests$FlightParserTest" time="0.0"/>
  <testcase name="testParser(String)[4595]" classname="ex.PublicTests$FlightParserTest" time="0.0"/>
  <testcase name="testParser(String)[4596]" classname="ex.PublicTests$FlightParserTest" time="0.0"/>
  <testcase name="testParser(String)[4597]" classname="ex.PublicTests$FlightParserTest" time="0.001"/>
  <testcase name="testParser(String)[4598]" classname="ex.PublicTests$FlightParserTest" time="0.0"/>
  <testcase name="testParser(String)[4599]" classname="ex.PublicTests$FlightParserTest" time="0.0"/>
  <testcase name="testParser(String)[4600]" classname="ex.PublicTests$FlightParserTest" time="0.0"/>
  <testcase name="testParser(String)[4601]" classname="ex.PublicTests$FlightParserTest" time="0.001"/>
  <testcase name="testParser(String)[4602]" classname="ex.PublicTests$FlightParserTest" time="0.0"/>
  <testcase name="testParser(String)[4603]" classname="ex.PublicTests$FlightParserTest" time="0.0"/>
  <testcase name="testParser(String)[4604]" classname="ex.PublicTests$FlightParserTest" time="0.0"/>
  <testcase name="testParser(String)[4605]" classname="ex.PublicTests$FlightParserTest" time="0.001"/>
  <testcase name="testParser(String)[4606]" classname="ex.PublicTests$FlightParserTest" time="0.001"/>
  <testcase name="testParser(String)[4607]" classname="ex.PublicTests$FlightParserTest" time="0.001"/>
  <testcase name="testParser(String)[4608]" classname="ex.PublicTests$FlightParserTest" time="0.0"/>
  <testcase name="testParser(String)[4609]" classname="ex.PublicTests$FlightParserTest" time="0.0"/>
  <testcase name="testParser(String)[4610]" classname="ex.PublicTests$FlightParserTest" time="0.0"/>
  <testcase name="testParser(String)[4611]" classname="ex.PublicTests$FlightParserTest" time="0.0"/>
  <testcase name="testParser(String)[4612]" classname="ex.PublicTests$FlightParserTest" time="0.001"/>
  <testcase name="testParser(String)[4613]" classname="ex.PublicTests$FlightParserTest" time="0.001"/>
  <testcase name="testParser(String)[4614]" classname="ex.PublicTests$FlightParserTest" time="0.001"/>
  <testcase name="testParser(String)[4615]" classname="ex.PublicTests$FlightParserTest" time="0.001"/>
  <testcase name="testParser(String)[4616]" classname="ex.PublicTests$FlightParserTest" time="0.001"/>
  <testcase name="testParser(String)[4617]" classname="ex.PublicTests$FlightParserTest" time="0.001"/>
  <testcase name="testParser(String)[4618]" classname="ex.PublicTests$FlightParserTest" time="0.001"/>
  <testcase name="testParser(String)[4619]" classname="ex.PublicTests$FlightParserTest" time="0.0"/>
  <testcase name="testParser(String)[4620]" classname="ex.PublicTests$FlightParserTest" time="0.0"/>
  <testcase name="testParser(String)[4621]" classname="ex.PublicTests$FlightParserTest" time="0.001"/>
  <testcase name="testParser(String)[4622]" classname="ex.PublicTests$FlightParserTest" time="0.001"/>
  <testcase name="testParser(String)[4623]" classname="ex.PublicTests$FlightParserTest" time="0.0"/>
  <testcase name="testParser(String)[4624]" classname="ex.PublicTests$FlightParserTest" time="0.0"/>
  <testcase name="testParser(String)[4625]" classname="ex.PublicTests$FlightParserTest" time="0.001"/>
  <testcase name="testParser(String)[4626]" classname="ex.PublicTests$FlightParserTest" time="0.0"/>
  <testcase name="testParser(String)[4627]" classname="ex.PublicTests$FlightParserTest" time="0.0"/>
  <testcase name="testParser(String)[4628]" classname="ex.PublicTests$FlightParserTest" time="0.0"/>
  <testcase name="testParser(String)[4629]" classname="ex.PublicTests$FlightParserTest" time="0.0"/>
  <testcase name="testParser(String)[4630]" classname="ex.PublicTests$FlightParserTest" time="0.001"/>
  <testcase name="testParser(String)[4631]" classname="ex.PublicTests$FlightParserTest" time="0.0"/>
  <testcase name="testParser(String)[4632]" classname="ex.PublicTests$FlightParserTest" time="0.001"/>
  <testcase name="testParser(String)[4633]" classname="ex.PublicTests$FlightParserTest" time="0.001"/>
  <testcase name="testParser(String)[4634]" classname="ex.PublicTests$FlightParserTest" time="0.0"/>
  <testcase name="testParser(String)[4635]" classname="ex.PublicTests$FlightParserTest" time="0.0"/>
  <testcase name="testParser(String)[4636]" classname="ex.PublicTests$FlightParserTest" time="0.0"/>
  <testcase name="testParser(String)[4637]" classname="ex.PublicTests$FlightParserTest" time="0.001"/>
  <testcase name="testParser(String)[4638]" classname="ex.PublicTests$FlightParserTest" time="0.0"/>
  <testcase name="testParser(String)[4639]" classname="ex.PublicTests$FlightParserTest" time="0.0"/>
  <testcase name="testParser(String)[4640]" classname="ex.PublicTests$FlightParserTest" time="0.0"/>
  <testcase name="testParser(String)[4641]" classname="ex.PublicTests$FlightParserTest" time="0.001"/>
  <testcase name="testParser(String)[4642]" classname="ex.PublicTests$FlightParserTest" time="0.0"/>
  <testcase name="testParser(String)[4643]" classname="ex.PublicTests$FlightParserTest" time="0.0"/>
  <testcase name="testParser(String)[4644]" classname="ex.PublicTests$FlightParserTest" time="0.0"/>
  <testcase name="testParser(String)[4645]" classname="ex.PublicTests$FlightParserTest" time="0.001"/>
  <testcase name="testParser(String)[4646]" classname="ex.PublicTests$FlightParserTest" time="0.0"/>
  <testcase name="testParser(String)[4647]" classname="ex.PublicTests$FlightParserTest" time="0.001"/>
  <testcase name="testParser(String)[4648]" classname="ex.PublicTests$FlightParserTest" time="0.001"/>
  <testcase name="testParser(String)[4649]" classname="ex.PublicTests$FlightParserTest" time="0.001"/>
  <testcase name="testParser(String)[4650]" classname="ex.PublicTests$FlightParserTest" time="0.001"/>
  <testcase name="testParser(String)[4651]" classname="ex.PublicTests$FlightParserTest" time="0.0"/>
  <testcase name="testParser(String)[4652]" classname="ex.PublicTests$FlightParserTest" time="0.0"/>
  <testcase name="testParser(String)[4653]" classname="ex.PublicTests$FlightParserTest" time="0.001"/>
  <testcase name="testParser(String)[4654]" classname="ex.PublicTests$FlightParserTest" time="0.0"/>
  <testcase name="testParser(String)[4655]" classname="ex.PublicTests$FlightParserTest" time="0.0"/>
  <testcase name="testParser(String)[4656]" classname="ex.PublicTests$FlightParserTest" time="0.001"/>
  <testcase name="testParser(String)[4657]" classname="ex.PublicTests$FlightParserTest" time="0.0"/>
  <testcase name="testParser(String)[4658]" classname="ex.PublicTests$FlightParserTest" time="0.001"/>
  <testcase name="testParser(String)[4659]" classname="ex.PublicTests$FlightParserTest" time="0.001"/>
  <testcase name="testParser(String)[4660]" classname="ex.PublicTests$FlightParserTest" time="0.001"/>
  <testcase name="testParser(String)[4661]" classname="ex.PublicTests$FlightParserTest" time="0.0"/>
  <testcase name="testParser(String)[4662]" classname="ex.PublicTests$FlightParserTest" time="0.0"/>
  <testcase name="testParser(String)[4663]" classname="ex.PublicTests$FlightParserTest" time="0.0"/>
  <testcase name="testParser(String)[4664]" classname="ex.PublicTests$FlightParserTest" time="0.0"/>
  <testcase name="testParser(String)[4665]" classname="ex.PublicTests$FlightParserTest" time="0.0"/>
  <testcase name="testParser(String)[4666]" classname="ex.PublicTests$FlightParserTest" time="0.001"/>
  <testcase name="testParser(String)[4667]" classname="ex.PublicTests$FlightParserTest" time="0.001"/>
  <testcase name="testParser(String)[4668]" classname="ex.PublicTests$FlightParserTest" time="0.0"/>
  <testcase name="testParser(String)[4669]" classname="ex.PublicTests$FlightParserTest" time="0.0"/>
  <testcase name="testParser(String)[4670]" classname="ex.PublicTests$FlightParserTest" time="0.0"/>
  <testcase name="testParser(String)[4671]" classname="ex.PublicTests$FlightParserTest" time="0.001"/>
  <testcase name="testParser(String)[4672]" classname="ex.PublicTests$FlightParserTest" time="0.0"/>
  <testcase name="testParser(String)[4673]" classname="ex.PublicTests$FlightParserTest" time="0.001"/>
  <testcase name="testParser(String)[4674]" classname="ex.PublicTests$FlightParserTest" time="0.001"/>
  <testcase name="testParser(String)[4675]" classname="ex.PublicTests$FlightParserTest" time="0.001"/>
  <testcase name="testParser(String)[4676]" classname="ex.PublicTests$FlightParserTest" time="0.0"/>
  <testcase name="testParser(String)[4677]" classname="ex.PublicTests$FlightParserTest" time="0.0"/>
  <testcase name="testParser(String)[4678]" classname="ex.PublicTests$FlightParserTest" time="0.0"/>
  <testcase name="testParser(String)[4679]" classname="ex.PublicTests$FlightParserTest" time="0.001"/>
  <testcase name="testParser(String)[4680]" classname="ex.PublicTests$FlightParserTest" time="0.0"/>
  <testcase name="testParser(String)[4681]" classname="ex.PublicTests$FlightParserTest" time="0.001"/>
  <testcase name="testParser(String)[4682]" classname="ex.PublicTests$FlightParserTest" time="0.0"/>
  <testcase name="testParser(String)[4683]" classname="ex.PublicTests$FlightParserTest" time="0.001"/>
  <testcase name="testParser(String)[4684]" classname="ex.PublicTests$FlightParserTest" time="0.0"/>
  <testcase name="testParser(String)[4685]" classname="ex.PublicTests$FlightParserTest" time="0.0"/>
  <testcase name="testParser(String)[4686]" classname="ex.PublicTests$FlightParserTest" time="0.0"/>
  <testcase name="testParser(String)[4687]" classname="ex.PublicTests$FlightParserTest" time="0.0"/>
  <testcase name="testParser(String)[4688]" classname="ex.PublicTests$FlightParserTest" time="0.0"/>
  <testcase name="testParser(String)[4689]" classname="ex.PublicTests$FlightParserTest" time="0.0"/>
  <testcase name="testParser(String)[4690]" classname="ex.PublicTests$FlightParserTest" time="0.001"/>
  <testcase name="testParser(String)[4691]" classname="ex.PublicTests$FlightParserTest" time="0.0"/>
  <testcase name="testParser(String)[4692]" classname="ex.PublicTests$FlightParserTest" time="0.0"/>
  <testcase name="testParser(String)[4693]" classname="ex.PublicTests$FlightParserTest" time="0.0"/>
  <testcase name="testParser(String)[4694]" classname="ex.PublicTests$FlightParserTest" time="0.0"/>
  <testcase name="testParser(String)[4695]" classname="ex.PublicTests$FlightParserTest" time="0.0"/>
  <testcase name="testParser(String)[4696]" classname="ex.PublicTests$FlightParserTest" time="0.001"/>
  <testcase name="testParser(String)[4697]" classname="ex.PublicTests$FlightParserTest" time="0.0"/>
  <testcase name="testParser(String)[4698]" classname="ex.PublicTests$FlightParserTest" time="0.0"/>
  <testcase name="testParser(String)[4699]" classname="ex.PublicTests$FlightParserTest" time="0.0"/>
  <testcase name="testParser(String)[4700]" classname="ex.PublicTests$FlightParserTest" time="0.001"/>
  <testcase name="testParser(String)[4701]" classname="ex.PublicTests$FlightParserTest" time="0.0"/>
  <testcase name="testParser(String)[4702]" classname="ex.PublicTests$FlightParserTest" time="0.0"/>
  <testcase name="testParser(String)[4703]" classname="ex.PublicTests$FlightParserTest" time="0.0"/>
  <testcase name="testParser(String)[4704]" classname="ex.PublicTests$FlightParserTest" time="0.001"/>
  <testcase name="testParser(String)[4705]" classname="ex.PublicTests$FlightParserTest" time="0.0"/>
  <testcase name="testParser(String)[4706]" classname="ex.PublicTests$FlightParserTest" time="0.0"/>
  <testcase name="testParser(String)[4707]" classname="ex.PublicTests$FlightParserTest" time="0.0"/>
  <testcase name="testParser(String)[4708]" classname="ex.PublicTests$FlightParserTest" time="0.0"/>
  <testcase name="testParser(String)[4709]" classname="ex.PublicTests$FlightParserTest" time="0.001"/>
  <testcase name="testParser(String)[4710]" classname="ex.PublicTests$FlightParserTest" time="0.001"/>
  <testcase name="testParser(String)[4711]" classname="ex.PublicTests$FlightParserTest" time="0.001"/>
  <testcase name="testParser(String)[4712]" classname="ex.PublicTests$FlightParserTest" time="0.001"/>
  <testcase name="testParser(String)[4713]" classname="ex.PublicTests$FlightParserTest" time="0.001"/>
  <testcase name="testParser(String)[4714]" classname="ex.PublicTests$FlightParserTest" time="0.001"/>
  <testcase name="testParser(String)[4715]" classname="ex.PublicTests$FlightParserTest" time="0.001"/>
  <testcase name="testParser(String)[4716]" classname="ex.PublicTests$FlightParserTest" time="0.0"/>
  <testcase name="testParser(String)[4717]" classname="ex.PublicTests$FlightParserTest" time="0.001"/>
  <testcase name="testParser(String)[4718]" classname="ex.PublicTests$FlightParserTest" time="0.001"/>
  <testcase name="testParser(String)[4719]" classname="ex.PublicTests$FlightParserTest" time="0.001"/>
  <testcase name="testParser(String)[4720]" classname="ex.PublicTests$FlightParserTest" time="0.0"/>
  <testcase name="testParser(String)[4721]" classname="ex.PublicTests$FlightParserTest" time="0.001"/>
  <testcase name="testParser(String)[4722]" classname="ex.PublicTests$FlightParserTest" time="0.001"/>
  <testcase name="testParser(String)[4723]" classname="ex.PublicTests$FlightParserTest" time="0.0"/>
  <testcase name="testParser(String)[4724]" classname="ex.PublicTests$FlightParserTest" time="0.0"/>
  <testcase name="testParser(String)[4725]" classname="ex.PublicTests$FlightParserTest" time="0.001"/>
  <testcase name="testParser(String)[4726]" classname="ex.PublicTests$FlightParserTest" time="0.002"/>
  <testcase name="testParser(String)[4727]" classname="ex.PublicTests$FlightParserTest" time="0.001"/>
  <testcase name="testParser(String)[4728]" classname="ex.PublicTests$FlightParserTest" time="0.001"/>
  <testcase name="testParser(String)[4729]" classname="ex.PublicTests$FlightParserTest" time="0.001"/>
  <testcase name="testParser(String)[4730]" classname="ex.PublicTests$FlightParserTest" time="0.0"/>
  <testcase name="testParser(String)[4731]" classname="ex.PublicTests$FlightParserTest" time="0.0"/>
  <testcase name="testParser(String)[4732]" classname="ex.PublicTests$FlightParserTest" time="0.0"/>
  <testcase name="testParser(String)[4733]" classname="ex.PublicTests$FlightParserTest" time="0.0"/>
  <testcase name="testParser(String)[4734]" classname="ex.PublicTests$FlightParserTest" time="0.001"/>
  <testcase name="testParser(String)[4735]" classname="ex.PublicTests$FlightParserTest" time="0.001"/>
  <testcase name="testParser(String)[4736]" classname="ex.PublicTests$FlightParserTest" time="0.0"/>
  <testcase name="testParser(String)[4737]" classname="ex.PublicTests$FlightParserTest" time="0.0"/>
  <testcase name="testParser(String)[4738]" classname="ex.PublicTests$FlightParserTest" time="0.0"/>
  <testcase name="testParser(String)[4739]" classname="ex.PublicTests$FlightParserTest" time="0.0"/>
  <testcase name="testParser(String)[4740]" classname="ex.PublicTests$FlightParserTest" time="0.0"/>
  <testcase name="testParser(String)[4741]" classname="ex.PublicTests$FlightParserTest" time="0.0"/>
  <testcase name="testParser(String)[4742]" classname="ex.PublicTests$FlightParserTest" time="0.001"/>
  <testcase name="testParser(String)[4743]" classname="ex.PublicTests$FlightParserTest" time="0.0"/>
  <testcase name="testParser(String)[4744]" classname="ex.PublicTests$FlightParserTest" time="0.001"/>
  <testcase name="testParser(String)[4745]" classname="ex.PublicTests$FlightParserTest" time="0.0"/>
  <testcase name="testParser(String)[4746]" classname="ex.PublicTests$FlightParserTest" time="0.0"/>
  <testcase name="testParser(String)[4747]" classname="ex.PublicTests$FlightParserTest" time="0.001"/>
  <testcase name="testParser(String)[4748]" classname="ex.PublicTests$FlightParserTest" time="0.0"/>
  <testcase name="testParser(String)[4749]" classname="ex.PublicTests$FlightParserTest" time="0.0"/>
  <testcase name="testParser(String)[4750]" classname="ex.PublicTests$FlightParserTest" time="0.0"/>
  <testcase name="testParser(String)[4751]" classname="ex.PublicTests$FlightParserTest" time="0.001"/>
  <testcase name="testParser(String)[4752]" classname="ex.PublicTests$FlightParserTest" time="0.0"/>
  <testcase name="testParser(String)[4753]" classname="ex.PublicTests$FlightParserTest" time="0.0"/>
  <testcase name="testParser(String)[4754]" classname="ex.PublicTests$FlightParserTest" time="0.001"/>
  <testcase name="testParser(String)[4755]" classname="ex.PublicTests$FlightParserTest" time="0.0"/>
  <testcase name="testParser(String)[4756]" classname="ex.PublicTests$FlightParserTest" time="0.0"/>
  <testcase name="testParser(String)[4757]" classname="ex.PublicTests$FlightParserTest" time="0.0"/>
  <testcase name="testParser(String)[4758]" classname="ex.PublicTests$FlightParserTest" time="0.0"/>
  <testcase name="testParser(String)[4759]" classname="ex.PublicTests$FlightParserTest" time="0.001"/>
  <testcase name="testParser(String)[4760]" classname="ex.PublicTests$FlightParserTest" time="0.0"/>
  <testcase name="testParser(String)[4761]" classname="ex.PublicTests$FlightParserTest" time="0.001"/>
  <testcase name="testParser(String)[4762]" classname="ex.PublicTests$FlightParserTest" time="0.0"/>
  <testcase name="testParser(String)[4763]" classname="ex.PublicTests$FlightParserTest" time="0.0"/>
  <testcase name="testParser(String)[4764]" classname="ex.PublicTests$FlightParserTest" time="0.001"/>
  <testcase name="testParser(String)[4765]" classname="ex.PublicTests$FlightParserTest" time="0.0"/>
  <testcase name="testParser(String)[4766]" classname="ex.PublicTests$FlightParserTest" time="0.0"/>
  <testcase name="testParser(String)[4767]" classname="ex.PublicTests$FlightParserTest" time="0.0"/>
  <testcase name="testParser(String)[4768]" classname="ex.PublicTests$FlightParserTest" time="0.0"/>
  <testcase name="testParser(String)[4769]" classname="ex.PublicTests$FlightParserTest" time="0.002"/>
  <testcase name="testParser(String)[4770]" classname="ex.PublicTests$FlightParserTest" time="0.001"/>
  <testcase name="testParser(String)[4771]" classname="ex.PublicTests$FlightParserTest" time="0.0"/>
  <testcase name="testParser(String)[4772]" classname="ex.PublicTests$FlightParserTest" time="0.0"/>
  <testcase name="testParser(String)[4773]" classname="ex.PublicTests$FlightParserTest" time="0.0"/>
  <testcase name="testParser(String)[4774]" classname="ex.PublicTests$FlightParserTest" time="0.0"/>
  <testcase name="testParser(String)[4775]" classname="ex.PublicTests$FlightParserTest" time="0.0"/>
  <testcase name="testParser(String)[4776]" classname="ex.PublicTests$FlightParserTest" time="0.0"/>
  <testcase name="testParser(String)[4777]" classname="ex.PublicTests$FlightParserTest" time="0.0"/>
  <testcase name="testParser(String)[4778]" classname="ex.PublicTests$FlightParserTest" time="0.0"/>
  <testcase name="testParser(String)[4779]" classname="ex.PublicTests$FlightParserTest" time="0.001"/>
  <testcase name="testParser(String)[4780]" classname="ex.PublicTests$FlightParserTest" time="0.0"/>
  <testcase name="testParser(String)[4781]" classname="ex.PublicTests$FlightParserTest" time="0.0"/>
  <testcase name="testParser(String)[4782]" classname="ex.PublicTests$FlightParserTest" time="0.0"/>
  <testcase name="testParser(String)[4783]" classname="ex.PublicTests$FlightParserTest" time="0.0"/>
  <testcase name="testParser(String)[4784]" classname="ex.PublicTests$FlightParserTest" time="0.0"/>
  <testcase name="testParser(String)[4785]" classname="ex.PublicTests$FlightParserTest" time="0.0"/>
  <testcase name="testParser(String)[4786]" classname="ex.PublicTests$FlightParserTest" time="0.0"/>
  <testcase name="testParser(String)[4787]" classname="ex.PublicTests$FlightParserTest" time="0.0"/>
  <testcase name="testParser(String)[4788]" classname="ex.PublicTests$FlightParserTest" time="0.0"/>
  <testcase name="testParser(String)[4789]" classname="ex.PublicTests$FlightParserTest" time="0.001"/>
  <testcase name="testParser(String)[4790]" classname="ex.PublicTests$FlightParserTest" time="0.0"/>
  <testcase name="testParser(String)[4791]" classname="ex.PublicTests$FlightParserTest" time="0.001"/>
  <testcase name="testParser(String)[4792]" classname="ex.PublicTests$FlightParserTest" time="0.0"/>
  <testcase name="testParser(String)[4793]" classname="ex.PublicTests$FlightParserTest" time="0.0"/>
  <testcase name="testParser(String)[4794]" classname="ex.PublicTests$FlightParserTest" time="0.0"/>
  <testcase name="testParser(String)[4795]" classname="ex.PublicTests$FlightParserTest" time="0.005"/>
  <testcase name="testParser(String)[4796]" classname="ex.PublicTests$FlightParserTest" time="0.0"/>
  <testcase name="testParser(String)[4797]" classname="ex.PublicTests$FlightParserTest" time="0.0"/>
  <testcase name="testParser(String)[4798]" classname="ex.PublicTests$FlightParserTest" time="0.0"/>
  <testcase name="testParser(String)[4799]" classname="ex.PublicTests$FlightParserTest" time="0.001"/>
  <testcase name="testParser(String)[4800]" classname="ex.PublicTests$FlightParserTest" time="0.0"/>
  <testcase name="testParser(String)[4801]" classname="ex.PublicTests$FlightParserTest" time="0.001"/>
  <testcase name="testParser(String)[4802]" classname="ex.PublicTests$FlightParserTest" time="0.0"/>
  <testcase name="testParser(String)[4803]" classname="ex.PublicTests$FlightParserTest" time="0.0"/>
  <testcase name="testParser(String)[4804]" classname="ex.PublicTests$FlightParserTest" time="0.0"/>
  <testcase name="testParser(String)[4805]" classname="ex.PublicTests$FlightParserTest" time="0.0"/>
  <testcase name="testParser(String)[4806]" classname="ex.PublicTests$FlightParserTest" time="0.0"/>
  <testcase name="testParser(String)[4807]" classname="ex.PublicTests$FlightParserTest" time="0.0"/>
  <testcase name="testParser(String)[4808]" classname="ex.PublicTests$FlightParserTest" time="0.001"/>
  <testcase name="testParser(String)[4809]" classname="ex.PublicTests$FlightParserTest" time="0.002"/>
  <testcase name="testParser(String)[4810]" classname="ex.PublicTests$FlightParserTest" time="0.0"/>
  <testcase name="testParser(String)[4811]" classname="ex.PublicTests$FlightParserTest" time="0.001"/>
  <testcase name="testParser(String)[4812]" classname="ex.PublicTests$FlightParserTest" time="0.001"/>
  <testcase name="testParser(String)[4813]" classname="ex.PublicTests$FlightParserTest" time="0.0"/>
  <testcase name="testParser(String)[4814]" classname="ex.PublicTests$FlightParserTest" time="0.0"/>
  <testcase name="testParser(String)[4815]" classname="ex.PublicTests$FlightParserTest" time="0.0"/>
  <testcase name="testParser(String)[4816]" classname="ex.PublicTests$FlightParserTest" time="0.0"/>
  <testcase name="testParser(String)[4817]" classname="ex.PublicTests$FlightParserTest" time="0.0"/>
  <testcase name="testParser(String)[4818]" classname="ex.PublicTests$FlightParserTest" time="0.001"/>
  <testcase name="testParser(String)[4819]" classname="ex.PublicTests$FlightParserTest" time="0.0"/>
  <testcase name="testParser(String)[4820]" classname="ex.PublicTests$FlightParserTest" time="0.0"/>
  <testcase name="testParser(String)[4821]" classname="ex.PublicTests$FlightParserTest" time="0.001"/>
  <testcase name="testParser(String)[4822]" classname="ex.PublicTests$FlightParserTest" time="0.0"/>
  <testcase name="testParser(String)[4823]" classname="ex.PublicTests$FlightParserTest" time="0.001"/>
  <testcase name="testParser(String)[4824]" classname="ex.PublicTests$FlightParserTest" time="0.0"/>
  <testcase name="testParser(String)[4825]" classname="ex.PublicTests$FlightParserTest" time="0.0"/>
  <testcase name="testParser(String)[4826]" classname="ex.PublicTests$FlightParserTest" time="0.0"/>
  <testcase name="testParser(String)[4827]" classname="ex.PublicTests$FlightParserTest" time="0.0"/>
  <testcase name="testParser(String)[4828]" classname="ex.PublicTests$FlightParserTest" time="0.001"/>
  <testcase name="testParser(String)[4829]" classname="ex.PublicTests$FlightParserTest" time="0.0"/>
  <testcase name="testParser(String)[4830]" classname="ex.PublicTests$FlightParserTest" time="0.0"/>
  <testcase name="testParser(String)[4831]" classname="ex.PublicTests$FlightParserTest" time="0.0"/>
  <testcase name="testParser(String)[4832]" classname="ex.PublicTests$FlightParserTest" time="0.0"/>
  <testcase name="testParser(String)[4833]" classname="ex.PublicTests$FlightParserTest" time="0.001"/>
  <testcase name="testParser(String)[4834]" classname="ex.PublicTests$FlightParserTest" time="0.0"/>
  <testcase name="testParser(String)[4835]" classname="ex.PublicTests$FlightParserTest" time="0.0"/>
  <testcase name="testParser(String)[4836]" classname="ex.PublicTests$FlightParserTest" time="0.001"/>
  <testcase name="testParser(String)[4837]" classname="ex.PublicTests$FlightParserTest" time="0.0"/>
  <testcase name="testParser(String)[4838]" classname="ex.PublicTests$FlightParserTest" time="0.0"/>
  <testcase name="testParser(String)[4839]" classname="ex.PublicTests$FlightParserTest" time="0.001"/>
  <testcase name="testParser(String)[4840]" classname="ex.PublicTests$FlightParserTest" time="0.0"/>
  <testcase name="testParser(String)[4841]" classname="ex.PublicTests$FlightParserTest" time="0.0"/>
  <testcase name="testParser(String)[4842]" classname="ex.PublicTests$FlightParserTest" time="0.0"/>
  <testcase name="testParser(String)[4843]" classname="ex.PublicTests$FlightParserTest" time="0.0"/>
  <testcase name="testParser(String)[4844]" classname="ex.PublicTests$FlightParserTest" time="0.0"/>
  <testcase name="testParser(String)[4845]" classname="ex.PublicTests$FlightParserTest" time="0.001"/>
  <testcase name="testParser(String)[4846]" classname="ex.PublicTests$FlightParserTest" time="0.0"/>
  <testcase name="testParser(String)[4847]" classname="ex.PublicTests$FlightParserTest" time="0.0"/>
  <testcase name="testParser(String)[4848]" classname="ex.PublicTests$FlightParserTest" time="0.0"/>
  <testcase name="testParser(String)[4849]" classname="ex.PublicTests$FlightParserTest" time="0.0"/>
  <testcase name="testParser(String)[4850]" classname="ex.PublicTests$FlightParserTest" time="0.0"/>
  <testcase name="testParser(String)[4851]" classname="ex.PublicTests$FlightParserTest" time="0.0"/>
  <testcase name="testParser(String)[4852]" classname="ex.PublicTests$FlightParserTest" time="0.001"/>
  <testcase name="testParser(String)[4853]" classname="ex.PublicTests$FlightParserTest" time="0.0"/>
  <testcase name="testParser(String)[4854]" classname="ex.PublicTests$FlightParserTest" time="0.001"/>
  <testcase name="testParser(String)[4855]" classname="ex.PublicTests$FlightParserTest" time="0.0"/>
  <testcase name="testParser(String)[4856]" classname="ex.PublicTests$FlightParserTest" time="0.001"/>
  <testcase name="testParser(String)[4857]" classname="ex.PublicTests$FlightParserTest" time="0.0"/>
  <testcase name="testParser(String)[4858]" classname="ex.PublicTests$FlightParserTest" time="0.0"/>
  <testcase name="testParser(String)[4859]" classname="ex.PublicTests$FlightParserTest" time="0.0"/>
  <testcase name="testParser(String)[4860]" classname="ex.PublicTests$FlightParserTest" time="0.0"/>
  <testcase name="testParser(String)[4861]" classname="ex.PublicTests$FlightParserTest" time="0.001"/>
  <testcase name="testParser(String)[4862]" classname="ex.PublicTests$FlightParserTest" time="0.0"/>
  <testcase name="testParser(String)[4863]" classname="ex.PublicTests$FlightParserTest" time="0.0"/>
  <testcase name="testParser(String)[4864]" classname="ex.PublicTests$FlightParserTest" time="0.0"/>
  <testcase name="testParser(String)[4865]" classname="ex.PublicTests$FlightParserTest" time="0.0"/>
  <testcase name="testParser(String)[4866]" classname="ex.PublicTests$FlightParserTest" time="0.001"/>
  <testcase name="testParser(String)[4867]" classname="ex.PublicTests$FlightParserTest" time="0.0"/>
  <testcase name="testParser(String)[4868]" classname="ex.PublicTests$FlightParserTest" time="0.0"/>
  <testcase name="testParser(String)[4869]" classname="ex.PublicTests$FlightParserTest" time="0.0"/>
  <testcase name="testParser(String)[4870]" classname="ex.PublicTests$FlightParserTest" time="0.0"/>
  <testcase name="testParser(String)[4871]" classname="ex.PublicTests$FlightParserTest" time="0.001"/>
  <testcase name="testParser(String)[4872]" classname="ex.PublicTests$FlightParserTest" time="0.0"/>
  <testcase name="testParser(String)[4873]" classname="ex.PublicTests$FlightParserTest" time="0.0"/>
  <testcase name="testParser(String)[4874]" classname="ex.PublicTests$FlightParserTest" time="0.001"/>
  <testcase name="testParser(String)[4875]" classname="ex.PublicTests$FlightParserTest" time="0.0"/>
  <testcase name="testParser(String)[4876]" classname="ex.PublicTests$FlightParserTest" time="0.0"/>
  <testcase name="testParser(String)[4877]" classname="ex.PublicTests$FlightParserTest" time="0.0"/>
  <testcase name="testParser(String)[4878]" classname="ex.PublicTests$FlightParserTest" time="0.0"/>
  <testcase name="testParser(String)[4879]" classname="ex.PublicTests$FlightParserTest" time="0.0"/>
  <testcase name="testParser(String)[4880]" classname="ex.PublicTests$FlightParserTest" time="0.0"/>
  <testcase name="testParser(String)[4881]" classname="ex.PublicTests$FlightParserTest" time="0.0"/>
  <testcase name="testParser(String)[4882]" classname="ex.PublicTests$FlightParserTest" time="0.001"/>
  <testcase name="testParser(String)[4883]" classname="ex.PublicTests$FlightParserTest" time="0.0"/>
  <testcase name="testParser(String)[4884]" classname="ex.PublicTests$FlightParserTest" time="0.0"/>
  <testcase name="testParser(String)[4885]" classname="ex.PublicTests$FlightParserTest" time="0.0"/>
  <testcase name="testParser(String)[4886]" classname="ex.PublicTests$FlightParserTest" time="0.0"/>
  <testcase name="testParser(String)[4887]" classname="ex.PublicTests$FlightParserTest" time="0.001"/>
  <testcase name="testParser(String)[4888]" classname="ex.PublicTests$FlightParserTest" time="0.0"/>
  <testcase name="testParser(String)[4889]" classname="ex.PublicTests$FlightParserTest" time="0.001"/>
  <testcase name="testParser(String)[4890]" classname="ex.PublicTests$FlightParserTest" time="0.0"/>
  <testcase name="testParser(String)[4891]" classname="ex.PublicTests$FlightParserTest" time="0.0"/>
  <testcase name="testParser(String)[4892]" classname="ex.PublicTests$FlightParserTest" time="0.001"/>
  <testcase name="testParser(String)[4893]" classname="ex.PublicTests$FlightParserTest" time="0.0"/>
  <testcase name="testParser(String)[4894]" classname="ex.PublicTests$FlightParserTest" time="0.002"/>
  <testcase name="testParser(String)[4895]" classname="ex.PublicTests$FlightParserTest" time="0.0"/>
  <testcase name="testParser(String)[4896]" classname="ex.PublicTests$FlightParserTest" time="0.001"/>
  <testcase name="testParser(String)[4897]" classname="ex.PublicTests$FlightParserTest" time="0.0"/>
  <testcase name="testParser(String)[4898]" classname="ex.PublicTests$FlightParserTest" time="0.001"/>
  <testcase name="testParser(String)[4899]" classname="ex.PublicTests$FlightParserTest" time="0.0"/>
  <testcase name="testParser(String)[4900]" classname="ex.PublicTests$FlightParserTest" time="0.001"/>
  <testcase name="testParser(String)[4901]" classname="ex.PublicTests$FlightParserTest" time="0.001"/>
  <testcase name="testParser(String)[4902]" classname="ex.PublicTests$FlightParserTest" time="0.0"/>
  <testcase name="testParser(String)[4903]" classname="ex.PublicTests$FlightParserTest" time="0.0"/>
  <testcase name="testParser(String)[4904]" classname="ex.PublicTests$FlightParserTest" time="0.002"/>
  <testcase name="testParser(String)[4905]" classname="ex.PublicTests$FlightParserTest" time="0.0"/>
  <testcase name="testParser(String)[4906]" classname="ex.PublicTests$FlightParserTest" time="0.001"/>
  <testcase name="testParser(String)[4907]" classname="ex.PublicTests$FlightParserTest" time="0.001"/>
  <testcase name="testParser(String)[4908]" classname="ex.PublicTests$FlightParserTest" time="0.0"/>
  <testcase name="testParser(String)[4909]" classname="ex.PublicTests$FlightParserTest" time="0.0"/>
  <testcase name="testParser(String)[4910]" classname="ex.PublicTests$FlightParserTest" time="0.001"/>
  <testcase name="testParser(String)[4911]" classname="ex.PublicTests$FlightParserTest" time="0.0"/>
  <testcase name="testParser(String)[4912]" classname="ex.PublicTests$FlightParserTest" time="0.0"/>
  <testcase name="testParser(String)[4913]" classname="ex.PublicTests$FlightParserTest" time="0.001"/>
  <testcase name="testParser(String)[4914]" classname="ex.PublicTests$FlightParserTest" time="0.001"/>
  <testcase name="testParser(String)[4915]" classname="ex.PublicTests$FlightParserTest" time="0.001"/>
  <testcase name="testParser(String)[4916]" classname="ex.PublicTests$FlightParserTest" time="0.0"/>
  <testcase name="testParser(String)[4917]" classname="ex.PublicTests$FlightParserTest" time="0.0"/>
  <testcase name="testParser(String)[4918]" classname="ex.PublicTests$FlightParserTest" time="0.0"/>
  <testcase name="testParser(String)[4919]" classname="ex.PublicTests$FlightParserTest" time="0.0"/>
  <testcase name="testParser(String)[4920]" classname="ex.PublicTests$FlightParserTest" time="0.001"/>
  <testcase name="testParser(String)[4921]" classname="ex.PublicTests$FlightParserTest" time="0.0"/>
  <testcase name="testParser(String)[4922]" classname="ex.PublicTests$FlightParserTest" time="0.001"/>
  <testcase name="testParser(String)[4923]" classname="ex.PublicTests$FlightParserTest" time="0.0"/>
  <testcase name="testParser(String)[4924]" classname="ex.PublicTests$FlightParserTest" time="0.001"/>
  <testcase name="testParser(String)[4925]" classname="ex.PublicTests$FlightParserTest" time="0.001"/>
  <testcase name="testParser(String)[4926]" classname="ex.PublicTests$FlightParserTest" time="0.0"/>
  <testcase name="testParser(String)[4927]" classname="ex.PublicTests$FlightParserTest" time="0.001"/>
  <testcase name="testParser(String)[4928]" classname="ex.PublicTests$FlightParserTest" time="0.0"/>
  <testcase name="testParser(String)[4929]" classname="ex.PublicTests$FlightParserTest" time="0.0"/>
  <testcase name="testParser(String)[4930]" classname="ex.PublicTests$FlightParserTest" time="0.0"/>
  <testcase name="testParser(String)[4931]" classname="ex.PublicTests$FlightParserTest" time="0.0"/>
  <testcase name="testParser(String)[4932]" classname="ex.PublicTests$FlightParserTest" time="0.001"/>
  <testcase name="testParser(String)[4933]" classname="ex.PublicTests$FlightParserTest" time="0.001"/>
  <testcase name="testParser(String)[4934]" classname="ex.PublicTests$FlightParserTest" time="0.0"/>
  <testcase name="testParser(String)[4935]" classname="ex.PublicTests$FlightParserTest" time="0.0"/>
  <testcase name="testParser(String)[4936]" classname="ex.PublicTests$FlightParserTest" time="0.0"/>
  <testcase name="testParser(String)[4937]" classname="ex.PublicTests$FlightParserTest" time="0.0"/>
  <testcase name="testParser(String)[4938]" classname="ex.PublicTests$FlightParserTest" time="0.0"/>
  <testcase name="testParser(String)[4939]" classname="ex.PublicTests$FlightParserTest" time="0.0"/>
  <testcase name="testParser(String)[4940]" classname="ex.PublicTests$FlightParserTest" time="0.001"/>
  <testcase name="testParser(String)[4941]" classname="ex.PublicTests$FlightParserTest" time="0.0"/>
  <testcase name="testParser(String)[4942]" classname="ex.PublicTests$FlightParserTest" time="0.0"/>
  <testcase name="testParser(String)[4943]" classname="ex.PublicTests$FlightParserTest" time="0.0"/>
  <testcase name="testParser(String)[4944]" classname="ex.PublicTests$FlightParserTest" time="0.0"/>
  <testcase name="testParser(String)[4945]" classname="ex.PublicTests$FlightParserTest" time="0.0"/>
  <testcase name="testParser(String)[4946]" classname="ex.PublicTests$FlightParserTest" time="0.0"/>
  <testcase name="testParser(String)[4947]" classname="ex.PublicTests$FlightParserTest" time="0.001"/>
  <testcase name="testParser(String)[4948]" classname="ex.PublicTests$FlightParserTest" time="0.0"/>
  <testcase name="testParser(String)[4949]" classname="ex.PublicTests$FlightParserTest" time="0.001"/>
  <testcase name="testParser(String)[4950]" classname="ex.PublicTests$FlightParserTest" time="0.0"/>
  <testcase name="testParser(String)[4951]" classname="ex.PublicTests$FlightParserTest" time="0.0"/>
  <testcase name="testParser(String)[4952]" classname="ex.PublicTests$FlightParserTest" time="0.0"/>
  <testcase name="testParser(String)[4953]" classname="ex.PublicTests$FlightParserTest" time="0.0"/>
  <testcase name="testParser(String)[4954]" classname="ex.PublicTests$FlightParserTest" time="0.001"/>
  <testcase name="testParser(String)[4955]" classname="ex.PublicTests$FlightParserTest" time="0.0"/>
  <testcase name="testParser(String)[4956]" classname="ex.PublicTests$FlightParserTest" time="0.0"/>
  <testcase name="testParser(String)[4957]" classname="ex.PublicTests$FlightParserTest" time="0.001"/>
  <testcase name="testParser(String)[4958]" classname="ex.PublicTests$FlightParserTest" time="0.0"/>
  <testcase name="testParser(String)[4959]" classname="ex.PublicTests$FlightParserTest" time="0.001"/>
  <testcase name="testParser(String)[4960]" classname="ex.PublicTests$FlightParserTest" time="0.001"/>
  <testcase name="testParser(String)[4961]" classname="ex.PublicTests$FlightParserTest" time="0.0"/>
  <testcase name="testParser(String)[4962]" classname="ex.PublicTests$FlightParserTest" time="0.0"/>
  <testcase name="testParser(String)[4963]" classname="ex.PublicTests$FlightParserTest" time="0.001"/>
  <testcase name="testParser(String)[4964]" classname="ex.PublicTests$FlightParserTest" time="0.0"/>
  <testcase name="testParser(String)[4965]" classname="ex.PublicTests$FlightParserTest" time="0.001"/>
  <testcase name="testParser(String)[4966]" classname="ex.PublicTests$FlightParserTest" time="0.0"/>
  <testcase name="testParser(String)[4967]" classname="ex.PublicTests$FlightParserTest" time="0.001"/>
  <testcase name="testParser(String)[4968]" classname="ex.PublicTests$FlightParserTest" time="0.0"/>
  <testcase name="testParser(String)[4969]" classname="ex.PublicTests$FlightParserTest" time="0.0"/>
  <testcase name="testParser(String)[4970]" classname="ex.PublicTests$FlightParserTest" time="0.0"/>
  <testcase name="testParser(String)[4971]" classname="ex.PublicTests$FlightParserTest" time="0.0"/>
  <testcase name="testParser(String)[4972]" classname="ex.PublicTests$FlightParserTest" time="0.0"/>
  <testcase name="testParser(String)[4973]" classname="ex.PublicTests$FlightParserTest" time="0.0"/>
  <testcase name="testParser(String)[4974]" classname="ex.PublicTests$FlightParserTest" time="0.0"/>
  <testcase name="testParser(String)[4975]" classname="ex.PublicTests$FlightParserTest" time="0.001"/>
  <testcase name="testParser(String)[4976]" classname="ex.PublicTests$FlightParserTest" time="0.001"/>
  <testcase name="testParser(String)[4977]" classname="ex.PublicTests$FlightParserTest" time="0.0"/>
  <testcase name="testParser(String)[4978]" classname="ex.PublicTests$FlightParserTest" time="0.0"/>
  <testcase name="testParser(String)[4979]" classname="ex.PublicTests$FlightParserTest" time="0.001"/>
  <testcase name="testParser(String)[4980]" classname="ex.PublicTests$FlightParserTest" time="0.001"/>
  <testcase name="testParser(String)[4981]" classname="ex.PublicTests$FlightParserTest" time="0.0"/>
  <testcase name="testParser(String)[4982]" classname="ex.PublicTests$FlightParserTest" time="0.0"/>
  <testcase name="testParser(String)[4983]" classname="ex.PublicTests$FlightParserTest" time="0.0"/>
  <testcase name="testParser(String)[4984]" classname="ex.PublicTests$FlightParserTest" time="0.0"/>
  <testcase name="testParser(String)[4985]" classname="ex.PublicTests$FlightParserTest" time="0.001"/>
  <testcase name="testParser(String)[4986]" classname="ex.PublicTests$FlightParserTest" time="0.0"/>
  <testcase name="testParser(String)[4987]" classname="ex.PublicTests$FlightParserTest" time="0.0"/>
  <testcase name="testParser(String)[4988]" classname="ex.PublicTests$FlightParserTest" time="0.0"/>
  <testcase name="testParser(String)[4989]" classname="ex.PublicTests$FlightParserTest" time="0.0"/>
  <testcase name="testParser(String)[4990]" classname="ex.PublicTests$FlightParserTest" time="0.001"/>
  <testcase name="testParser(String)[4991]" classname="ex.PublicTests$FlightParserTest" time="0.0"/>
  <testcase name="testParser(String)[4992]" classname="ex.PublicTests$FlightParserTest" time="0.0"/>
  <testcase name="testParser(String)[4993]" classname="ex.PublicTests$FlightParserTest" time="0.001"/>
  <testcase name="testParser(String)[4994]" classname="ex.PublicTests$FlightParserTest" time="0.0"/>
  <testcase name="testParser(String)[4995]" classname="ex.PublicTests$FlightParserTest" time="0.0"/>
  <testcase name="testParser(String)[4996]" classname="ex.PublicTests$FlightParserTest" time="0.0"/>
  <testcase name="testParser(String)[4997]" classname="ex.PublicTests$FlightParserTest" time="0.001"/>
  <testcase name="testParser(String)[4998]" classname="ex.PublicTests$FlightParserTest" time="0.0"/>
  <testcase name="testParser(String)[4999]" classname="ex.PublicTests$FlightParserTest" time="0.0"/>
  <testcase name="testParser(String)[5000]" classname="ex.PublicTests$FlightParserTest" time="0.0"/>
  <testcase name="testParser(String)[5001]" classname="ex.PublicTests$FlightParserTest" time="0.0"/>
  <testcase name="testParser(String)[5002]" classname="ex.PublicTests$FlightParserTest" time="0.001"/>
  <testcase name="testParser(String)[5003]" classname="ex.PublicTests$FlightParserTest" time="0.0"/>
  <testcase name="testParser(String)[5004]" classname="ex.PublicTests$FlightParserTest" time="0.0"/>
  <testcase name="testParser(String)[5005]" classname="ex.PublicTests$FlightParserTest" time="0.0"/>
  <testcase name="testParser(String)[5006]" classname="ex.PublicTests$FlightParserTest" time="0.0"/>
  <testcase name="testParser(String)[5007]" classname="ex.PublicTests$FlightParserTest" time="0.0"/>
  <testcase name="testParser(String)[5008]" classname="ex.PublicTests$FlightParserTest" time="0.001"/>
  <testcase name="testParser(String)[5009]" classname="ex.PublicTests$FlightParserTest" time="0.0"/>
  <testcase name="testParser(String)[5010]" classname="ex.PublicTests$FlightParserTest" time="0.001"/>
  <testcase name="testParser(String)[5011]" classname="ex.PublicTests$FlightParserTest" time="0.0"/>
  <testcase name="testParser(String)[5012]" classname="ex.PublicTests$FlightParserTest" time="0.0"/>
  <testcase name="testParser(String)[5013]" classname="ex.PublicTests$FlightParserTest" time="0.0"/>
  <testcase name="testParser(String)[5014]" classname="ex.PublicTests$FlightParserTest" time="0.0"/>
  <testcase name="testParser(String)[5015]" classname="ex.PublicTests$FlightParserTest" time="0.001"/>
  <testcase name="testParser(String)[5016]" classname="ex.PublicTests$FlightParserTest" time="0.0"/>
  <testcase name="testParser(String)[5017]" classname="ex.PublicTests$FlightParserTest" time="0.0"/>
  <testcase name="testParser(String)[5018]" classname="ex.PublicTests$FlightParserTest" time="0.0"/>
  <testcase name="testParser(String)[5019]" classname="ex.PublicTests$FlightParserTest" time="0.0"/>
  <testcase name="testParser(String)[5020]" classname="ex.PublicTests$FlightParserTest" time="0.0"/>
  <testcase name="testParser(String)[5021]" classname="ex.PublicTests$FlightParserTest" time="0.001"/>
  <testcase name="testParser(String)[5022]" classname="ex.PublicTests$FlightParserTest" time="0.0"/>
  <testcase name="testParser(String)[5023]" classname="ex.PublicTests$FlightParserTest" time="0.0"/>
  <testcase name="testParser(String)[5024]" classname="ex.PublicTests$FlightParserTest" time="0.001"/>
  <testcase name="testParser(String)[5025]" classname="ex.PublicTests$FlightParserTest" time="0.0"/>
  <testcase name="testParser(String)[5026]" classname="ex.PublicTests$FlightParserTest" time="0.001"/>
  <testcase name="testParser(String)[5027]" classname="ex.PublicTests$FlightParserTest" time="0.0"/>
  <testcase name="testParser(String)[5028]" classname="ex.PublicTests$FlightParserTest" time="0.0"/>
  <testcase name="testParser(String)[5029]" classname="ex.PublicTests$FlightParserTest" time="0.0"/>
  <testcase name="testParser(String)[5030]" classname="ex.PublicTests$FlightParserTest" time="0.0"/>
  <testcase name="testParser(String)[5031]" classname="ex.PublicTests$FlightParserTest" time="0.001"/>
  <testcase name="testParser(String)[5032]" classname="ex.PublicTests$FlightParserTest" time="0.001"/>
  <testcase name="testParser(String)[5033]" classname="ex.PublicTests$FlightParserTest" time="0.0"/>
  <testcase name="testParser(String)[5034]" classname="ex.PublicTests$FlightParserTest" time="0.0"/>
  <testcase name="testParser(String)[5035]" classname="ex.PublicTests$FlightParserTest" time="0.001"/>
  <testcase name="testParser(String)[5036]" classname="ex.PublicTests$FlightParserTest" time="0.0"/>
  <testcase name="testParser(String)[5037]" classname="ex.PublicTests$FlightParserTest" time="0.0"/>
  <testcase name="testParser(String)[5038]" classname="ex.PublicTests$FlightParserTest" time="0.0"/>
  <testcase name="testParser(String)[5039]" classname="ex.PublicTests$FlightParserTest" time="0.001"/>
  <testcase name="testParser(String)[5040]" classname="ex.PublicTests$FlightParserTest" time="0.0"/>
  <testcase name="testParser(String)[5041]" classname="ex.PublicTests$FlightParserTest" time="0.0"/>
  <testcase name="testParser(String)[5042]" classname="ex.PublicTests$FlightParserTest" time="0.0"/>
  <testcase name="testParser(String)[5043]" classname="ex.PublicTests$FlightParserTest" time="0.0"/>
  <testcase name="testParser(String)[5044]" classname="ex.PublicTests$FlightParserTest" time="0.0"/>
  <testcase name="testParser(String)[5045]" classname="ex.PublicTests$FlightParserTest" time="0.0"/>
  <testcase name="testParser(String)[5046]" classname="ex.PublicTests$FlightParserTest" time="0.0"/>
  <testcase name="testParser(String)[5047]" classname="ex.PublicTests$FlightParserTest" time="0.0"/>
  <testcase name="testParser(String)[5048]" classname="ex.PublicTests$FlightParserTest" time="0.0"/>
  <testcase name="testParser(String)[5049]" classname="ex.PublicTests$FlightParserTest" time="0.001"/>
  <testcase name="testParser(String)[5050]" classname="ex.PublicTests$FlightParserTest" time="0.0"/>
  <testcase name="testParser(String)[5051]" classname="ex.PublicTests$FlightParserTest" time="0.001"/>
  <testcase name="testParser(String)[5052]" classname="ex.PublicTests$FlightParserTest" time="0.0"/>
  <testcase name="testParser(String)[5053]" classname="ex.PublicTests$FlightParserTest" time="0.001"/>
  <testcase name="testParser(String)[5054]" classname="ex.PublicTests$FlightParserTest" time="0.0"/>
  <testcase name="testParser(String)[5055]" classname="ex.PublicTests$FlightParserTest" time="0.0"/>
  <testcase name="testParser(String)[5056]" classname="ex.PublicTests$FlightParserTest" time="0.0"/>
  <testcase name="testParser(String)[5057]" classname="ex.PublicTests$FlightParserTest" time="0.0"/>
  <testcase name="testParser(String)[5058]" classname="ex.PublicTests$FlightParserTest" time="0.0"/>
  <testcase name="testParser(String)[5059]" classname="ex.PublicTests$FlightParserTest" time="0.0"/>
  <testcase name="testParser(String)[5060]" classname="ex.PublicTests$FlightParserTest" time="0.0"/>
  <testcase name="testParser(String)[5061]" classname="ex.PublicTests$FlightParserTest" time="0.001"/>
  <testcase name="testParser(String)[5062]" classname="ex.PublicTests$FlightParserTest" time="0.0"/>
  <testcase name="testParser(String)[5063]" classname="ex.PublicTests$FlightParserTest" time="0.001"/>
  <testcase name="testParser(String)[5064]" classname="ex.PublicTests$FlightParserTest" time="0.0"/>
  <testcase name="testParser(String)[5065]" classname="ex.PublicTests$FlightParserTest" time="0.001"/>
  <testcase name="testParser(String)[5066]" classname="ex.PublicTests$FlightParserTest" time="0.0"/>
  <testcase name="testParser(String)[5067]" classname="ex.PublicTests$FlightParserTest" time="0.0"/>
  <testcase name="testParser(String)[5068]" classname="ex.PublicTests$FlightParserTest" time="0.0"/>
  <testcase name="testParser(String)[5069]" classname="ex.PublicTests$FlightParserTest" time="0.0"/>
  <testcase name="testParser(String)[5070]" classname="ex.PublicTests$FlightParserTest" time="0.0"/>
  <testcase name="testParser(String)[5071]" classname="ex.PublicTests$FlightParserTest" time="0.0"/>
  <testcase name="testParser(String)[5072]" classname="ex.PublicTests$FlightParserTest" time="0.0"/>
  <testcase name="testParser(String)[5073]" classname="ex.PublicTests$FlightParserTest" time="0.001"/>
  <testcase name="testParser(String)[5074]" classname="ex.PublicTests$FlightParserTest" time="0.0"/>
  <testcase name="testParser(String)[5075]" classname="ex.PublicTests$FlightParserTest" time="0.001"/>
  <testcase name="testParser(String)[5076]" classname="ex.PublicTests$FlightParserTest" time="0.0"/>
  <testcase name="testParser(String)[5077]" classname="ex.PublicTests$FlightParserTest" time="0.001"/>
  <testcase name="testParser(String)[5078]" classname="ex.PublicTests$FlightParserTest" time="0.0"/>
  <testcase name="testParser(String)[5079]" classname="ex.PublicTests$FlightParserTest" time="0.0"/>
  <testcase name="testParser(String)[5080]" classname="ex.PublicTests$FlightParserTest" time="0.001"/>
  <testcase name="testParser(String)[5081]" classname="ex.PublicTests$FlightParserTest" time="0.0"/>
  <testcase name="testParser(String)[5082]" classname="ex.PublicTests$FlightParserTest" time="0.001"/>
  <testcase name="testParser(String)[5083]" classname="ex.PublicTests$FlightParserTest" time="0.0"/>
  <testcase name="testParser(String)[5084]" classname="ex.PublicTests$FlightParserTest" time="0.001"/>
  <testcase name="testParser(String)[5085]" classname="ex.PublicTests$FlightParserTest" time="0.0"/>
  <testcase name="testParser(String)[5086]" classname="ex.PublicTests$FlightParserTest" time="0.001"/>
  <testcase name="testParser(String)[5087]" classname="ex.PublicTests$FlightParserTest" time="0.0"/>
  <testcase name="testParser(String)[5088]" classname="ex.PublicTests$FlightParserTest" time="0.0"/>
  <testcase name="testParser(String)[5089]" classname="ex.PublicTests$FlightParserTest" time="0.0"/>
  <testcase name="testParser(String)[5090]" classname="ex.PublicTests$FlightParserTest" time="0.0"/>
  <testcase name="testParser(String)[5091]" classname="ex.PublicTests$FlightParserTest" time="0.001"/>
  <testcase name="testParser(String)[5092]" classname="ex.PublicTests$FlightParserTest" time="0.0"/>
  <testcase name="testParser(String)[5093]" classname="ex.PublicTests$FlightParserTest" time="0.001"/>
  <testcase name="testParser(String)[5094]" classname="ex.PublicTests$FlightParserTest" time="0.0"/>
  <testcase name="testParser(String)[5095]" classname="ex.PublicTests$FlightParserTest" time="0.0"/>
  <testcase name="testParser(String)[5096]" classname="ex.PublicTests$FlightParserTest" time="0.0"/>
  <testcase name="testParser(String)[5097]" classname="ex.PublicTests$FlightParserTest" time="0.0"/>
  <testcase name="testParser(String)[5098]" classname="ex.PublicTests$FlightParserTest" time="0.001"/>
  <testcase name="testParser(String)[5099]" classname="ex.PublicTests$FlightParserTest" time="0.0"/>
  <testcase name="testParser(String)[5100]" classname="ex.PublicTests$FlightParserTest" time="0.001"/>
  <testcase name="testParser(String)[5101]" classname="ex.PublicTests$FlightParserTest" time="0.001"/>
  <testcase name="testParser(String)[5102]" classname="ex.PublicTests$FlightParserTest" time="0.0"/>
  <testcase name="testParser(String)[5103]" classname="ex.PublicTests$FlightParserTest" time="0.001"/>
  <testcase name="testParser(String)[5104]" classname="ex.PublicTests$FlightParserTest" time="0.0"/>
  <testcase name="testParser(String)[5105]" classname="ex.PublicTests$FlightParserTest" time="0.001"/>
  <testcase name="testParser(String)[5106]" classname="ex.PublicTests$FlightParserTest" time="0.0"/>
  <testcase name="testParser(String)[5107]" classname="ex.PublicTests$FlightParserTest" time="0.001"/>
  <testcase name="testParser(String)[5108]" classname="ex.PublicTests$FlightParserTest" time="0.0"/>
  <testcase name="testParser(String)[5109]" classname="ex.PublicTests$FlightParserTest" time="0.0"/>
  <testcase name="testParser(String)[5110]" classname="ex.PublicTests$FlightParserTest" time="0.0"/>
  <testcase name="testParser(String)[5111]" classname="ex.PublicTests$FlightParserTest" time="0.0"/>
  <testcase name="testParser(String)[5112]" classname="ex.PublicTests$FlightParserTest" time="0.001"/>
  <testcase name="testParser(String)[5113]" classname="ex.PublicTests$FlightParserTest" time="0.0"/>
  <testcase name="testParser(String)[5114]" classname="ex.PublicTests$FlightParserTest" time="0.0"/>
  <testcase name="testParser(String)[5115]" classname="ex.PublicTests$FlightParserTest" time="0.003"/>
  <testcase name="testParser(String)[5116]" classname="ex.PublicTests$FlightParserTest" time="0.0"/>
  <testcase name="testParser(String)[5117]" classname="ex.PublicTests$FlightParserTest" time="0.001"/>
  <testcase name="testParser(String)[5118]" classname="ex.PublicTests$FlightParserTest" time="0.0"/>
  <testcase name="testParser(String)[5119]" classname="ex.PublicTests$FlightParserTest" time="0.0"/>
  <testcase name="testParser(String)[5120]" classname="ex.PublicTests$FlightParserTest" time="0.001"/>
  <testcase name="testParser(String)[5121]" classname="ex.PublicTests$FlightParserTest" time="0.0"/>
  <testcase name="testParser(String)[5122]" classname="ex.PublicTests$FlightParserTest" time="0.0"/>
  <testcase name="testParser(String)[5123]" classname="ex.PublicTests$FlightParserTest" time="0.001"/>
  <testcase name="testParser(String)[5124]" classname="ex.PublicTests$FlightParserTest" time="0.0"/>
  <testcase name="testParser(String)[5125]" classname="ex.PublicTests$FlightParserTest" time="0.0"/>
  <testcase name="testParser(String)[5126]" classname="ex.PublicTests$FlightParserTest" time="0.0"/>
  <testcase name="testParser(String)[5127]" classname="ex.PublicTests$FlightParserTest" time="0.001"/>
  <testcase name="testParser(String)[5128]" classname="ex.PublicTests$FlightParserTest" time="0.0"/>
  <testcase name="testParser(String)[5129]" classname="ex.PublicTests$FlightParserTest" time="0.001"/>
  <testcase name="testParser(String)[5130]" classname="ex.PublicTests$FlightParserTest" time="0.001"/>
  <testcase name="testParser(String)[5131]" classname="ex.PublicTests$FlightParserTest" time="0.001"/>
  <testcase name="testParser(String)[5132]" classname="ex.PublicTests$FlightParserTest" time="0.0"/>
  <testcase name="testParser(String)[5133]" classname="ex.PublicTests$FlightParserTest" time="0.001"/>
  <testcase name="testParser(String)[5134]" classname="ex.PublicTests$FlightParserTest" time="0.0"/>
  <testcase name="testParser(String)[5135]" classname="ex.PublicTests$FlightParserTest" time="0.0"/>
  <testcase name="testParser(String)[5136]" classname="ex.PublicTests$FlightParserTest" time="0.0"/>
  <testcase name="testParser(String)[5137]" classname="ex.PublicTests$FlightParserTest" time="0.0"/>
  <testcase name="testParser(String)[5138]" classname="ex.PublicTests$FlightParserTest" time="0.0"/>
  <testcase name="testParser(String)[5139]" classname="ex.PublicTests$FlightParserTest" time="0.0"/>
  <testcase name="testParser(String)[5140]" classname="ex.PublicTests$FlightParserTest" time="0.001"/>
  <testcase name="testParser(String)[5141]" classname="ex.PublicTests$FlightParserTest" time="0.0"/>
  <testcase name="testParser(String)[5142]" classname="ex.PublicTests$FlightParserTest" time="0.001"/>
  <testcase name="testParser(String)[5143]" classname="ex.PublicTests$FlightParserTest" time="0.0"/>
  <testcase name="testParser(String)[5144]" classname="ex.PublicTests$FlightParserTest" time="0.0"/>
  <testcase name="testParser(String)[5145]" classname="ex.PublicTests$FlightParserTest" time="0.001"/>
  <testcase name="testParser(String)[5146]" classname="ex.PublicTests$FlightParserTest" time="0.0"/>
  <testcase name="testParser(String)[5147]" classname="ex.PublicTests$FlightParserTest" time="0.001"/>
  <testcase name="testParser(String)[5148]" classname="ex.PublicTests$FlightParserTest" time="0.0"/>
  <testcase name="testParser(String)[5149]" classname="ex.PublicTests$FlightParserTest" time="0.0"/>
  <testcase name="testParser(String)[5150]" classname="ex.PublicTests$FlightParserTest" time="0.001"/>
  <testcase name="testParser(String)[5151]" classname="ex.PublicTests$FlightParserTest" time="0.0"/>
  <testcase name="testParser(String)[5152]" classname="ex.PublicTests$FlightParserTest" time="0.0"/>
  <testcase name="testParser(String)[5153]" classname="ex.PublicTests$FlightParserTest" time="0.001"/>
  <testcase name="testParser(String)[5154]" classname="ex.PublicTests$FlightParserTest" time="0.0"/>
  <testcase name="testParser(String)[5155]" classname="ex.PublicTests$FlightParserTest" time="0.001"/>
  <testcase name="testParser(String)[5156]" classname="ex.PublicTests$FlightParserTest" time="0.0"/>
  <testcase name="testParser(String)[5157]" classname="ex.PublicTests$FlightParserTest" time="0.0"/>
  <testcase name="testParser(String)[5158]" classname="ex.PublicTests$FlightParserTest" time="0.0"/>
  <testcase name="testParser(String)[5159]" classname="ex.PublicTests$FlightParserTest" time="0.0"/>
  <testcase name="testParser(String)[5160]" classname="ex.PublicTests$FlightParserTest" time="0.0"/>
  <testcase name="testParser(String)[5161]" classname="ex.PublicTests$FlightParserTest" time="0.0"/>
  <testcase name="testParser(String)[5162]" classname="ex.PublicTests$FlightParserTest" time="0.0"/>
  <testcase name="testParser(String)[5163]" classname="ex.PublicTests$FlightParserTest" time="0.001"/>
  <testcase name="testParser(String)[5164]" classname="ex.PublicTests$FlightParserTest" time="0.0"/>
  <testcase name="testParser(String)[5165]" classname="ex.PublicTests$FlightParserTest" time="0.0"/>
  <testcase name="testParser(String)[5166]" classname="ex.PublicTests$FlightParserTest" time="0.001"/>
  <testcase name="testParser(String)[5167]" classname="ex.PublicTests$FlightParserTest" time="0.0"/>
  <testcase name="testParser(String)[5168]" classname="ex.PublicTests$FlightParserTest" time="0.0"/>
  <testcase name="testParser(String)[5169]" classname="ex.PublicTests$FlightParserTest" time="0.001"/>
  <testcase name="testParser(String)[5170]" classname="ex.PublicTests$FlightParserTest" time="0.0"/>
  <testcase name="testParser(String)[5171]" classname="ex.PublicTests$FlightParserTest" time="0.0"/>
  <testcase name="testParser(String)[5172]" classname="ex.PublicTests$FlightParserTest" time="0.0"/>
  <testcase name="testParser(String)[5173]" classname="ex.PublicTests$FlightParserTest" time="0.001"/>
  <testcase name="testParser(String)[5174]" classname="ex.PublicTests$FlightParserTest" time="0.0"/>
  <testcase name="testParser(String)[5175]" classname="ex.PublicTests$FlightParserTest" time="0.0"/>
  <testcase name="testParser(String)[5176]" classname="ex.PublicTests$FlightParserTest" time="0.0"/>
  <testcase name="testParser(String)[5177]" classname="ex.PublicTests$FlightParserTest" time="0.0"/>
  <testcase name="testParser(String)[5178]" classname="ex.PublicTests$FlightParserTest" time="0.0"/>
  <testcase name="testParser(String)[5179]" classname="ex.PublicTests$FlightParserTest" time="0.0"/>
  <testcase name="testParser(String)[5180]" classname="ex.PublicTests$FlightParserTest" time="0.0"/>
  <testcase name="testParser(String)[5181]" classname="ex.PublicTests$FlightParserTest" time="0.0"/>
  <testcase name="testParser(String)[5182]" classname="ex.PublicTests$FlightParserTest" time="0.0"/>
  <testcase name="testParser(String)[5183]" classname="ex.PublicTests$FlightParserTest" time="0.0"/>
  <testcase name="testParser(String)[5184]" classname="ex.PublicTests$FlightParserTest" time="0.0"/>
  <testcase name="testParser(String)[5185]" classname="ex.PublicTests$FlightParserTest" time="0.001"/>
  <testcase name="testParser(String)[5186]" classname="ex.PublicTests$FlightParserTest" time="0.0"/>
  <testcase name="testParser(String)[5187]" classname="ex.PublicTests$FlightParserTest" time="0.0"/>
  <testcase name="testParser(String)[5188]" classname="ex.PublicTests$FlightParserTest" time="0.0"/>
  <testcase name="testParser(String)[5189]" classname="ex.PublicTests$FlightParserTest" time="0.0"/>
  <testcase name="testParser(String)[5190]" classname="ex.PublicTests$FlightParserTest" time="0.0"/>
  <testcase name="testParser(String)[5191]" classname="ex.PublicTests$FlightParserTest" time="0.001"/>
  <testcase name="testParser(String)[5192]" classname="ex.PublicTests$FlightParserTest" time="0.0"/>
  <testcase name="testParser(String)[5193]" classname="ex.PublicTests$FlightParserTest" time="0.0"/>
  <testcase name="testParser(String)[5194]" classname="ex.PublicTests$FlightParserTest" time="0.001"/>
  <testcase name="testParser(String)[5195]" classname="ex.PublicTests$FlightParserTest" time="0.0"/>
  <testcase name="testParser(String)[5196]" classname="ex.PublicTests$FlightParserTest" time="0.0"/>
  <testcase name="testParser(String)[5197]" classname="ex.PublicTests$FlightParserTest" time="0.0"/>
  <testcase name="testParser(String)[5198]" classname="ex.PublicTests$FlightParserTest" time="0.0"/>
  <testcase name="testParser(String)[5199]" classname="ex.PublicTests$FlightParserTest" time="0.0"/>
  <testcase name="testParser(String)[5200]" classname="ex.PublicTests$FlightParserTest" time="0.002"/>
  <testcase name="testParser(String)[5201]" classname="ex.PublicTests$FlightParserTest" time="0.0"/>
  <testcase name="testParser(String)[5202]" classname="ex.PublicTests$FlightParserTest" time="0.0"/>
  <testcase name="testParser(String)[5203]" classname="ex.PublicTests$FlightParserTest" time="0.0"/>
  <testcase name="testParser(String)[5204]" classname="ex.PublicTests$FlightParserTest" time="0.001"/>
  <testcase name="testParser(String)[5205]" classname="ex.PublicTests$FlightParserTest" time="0.0"/>
  <testcase name="testParser(String)[5206]" classname="ex.PublicTests$FlightParserTest" time="0.0"/>
  <testcase name="testParser(String)[5207]" classname="ex.PublicTests$FlightParserTest" time="0.0"/>
  <testcase name="testParser(String)[5208]" classname="ex.PublicTests$FlightParserTest" time="0.0"/>
  <testcase name="testParser(String)[5209]" classname="ex.PublicTests$FlightParserTest" time="0.0"/>
  <testcase name="testParser(String)[5210]" classname="ex.PublicTests$FlightParserTest" time="0.0"/>
  <testcase name="testParser(String)[5211]" classname="ex.PublicTests$FlightParserTest" time="0.0"/>
  <testcase name="testParser(String)[5212]" classname="ex.PublicTests$FlightParserTest" time="0.001"/>
  <testcase name="testParser(String)[5213]" classname="ex.PublicTests$FlightParserTest" time="0.0"/>
  <testcase name="testParser(String)[5214]" classname="ex.PublicTests$FlightParserTest" time="0.0"/>
  <testcase name="testParser(String)[5215]" classname="ex.PublicTests$FlightParserTest" time="0.001"/>
  <testcase name="testParser(String)[5216]" classname="ex.PublicTests$FlightParserTest" time="0.0"/>
  <testcase name="testParser(String)[5217]" classname="ex.PublicTests$FlightParserTest" time="0.0"/>
  <testcase name="testParser(String)[5218]" classname="ex.PublicTests$FlightParserTest" time="0.0"/>
  <testcase name="testParser(String)[5219]" classname="ex.PublicTests$FlightParserTest" time="0.0"/>
  <testcase name="testParser(String)[5220]" classname="ex.PublicTests$FlightParserTest" time="0.0"/>
  <testcase name="testParser(String)[5221]" classname="ex.PublicTests$FlightParserTest" time="0.0"/>
  <testcase name="testParser(String)[5222]" classname="ex.PublicTests$FlightParserTest" time="0.0"/>
  <testcase name="testParser(String)[5223]" classname="ex.PublicTests$FlightParserTest" time="0.0"/>
  <testcase name="testParser(String)[5224]" classname="ex.PublicTests$FlightParserTest" time="0.0"/>
  <testcase name="testParser(String)[5225]" classname="ex.PublicTests$FlightParserTest" time="0.0"/>
  <testcase name="testParser(String)[5226]" classname="ex.PublicTests$FlightParserTest" time="0.001"/>
  <testcase name="testParser(String)[5227]" classname="ex.PublicTests$FlightParserTest" time="0.0"/>
  <testcase name="testParser(String)[5228]" classname="ex.PublicTests$FlightParserTest" time="0.0"/>
  <testcase name="testParser(String)[5229]" classname="ex.PublicTests$FlightParserTest" time="0.0"/>
  <testcase name="testParser(String)[5230]" classname="ex.PublicTests$FlightParserTest" time="0.0"/>
  <testcase name="testParser(String)[5231]" classname="ex.PublicTests$FlightParserTest" time="0.001"/>
  <testcase name="testParser(String)[5232]" classname="ex.PublicTests$FlightParserTest" time="0.0"/>
  <testcase name="testParser(String)[5233]" classname="ex.PublicTests$FlightParserTest" time="0.0"/>
  <testcase name="testParser(String)[5234]" classname="ex.PublicTests$FlightParserTest" time="0.0"/>
  <testcase name="testParser(String)[5235]" classname="ex.PublicTests$FlightParserTest" time="0.0"/>
  <testcase name="testParser(String)[5236]" classname="ex.PublicTests$FlightParserTest" time="0.0"/>
  <testcase name="testParser(String)[5237]" classname="ex.PublicTests$FlightParserTest" time="0.0"/>
  <testcase name="testParser(String)[5238]" classname="ex.PublicTests$FlightParserTest" time="0.001"/>
  <testcase name="testParser(String)[5239]" classname="ex.PublicTests$FlightParserTest" time="0.0"/>
  <testcase name="testParser(String)[5240]" classname="ex.PublicTests$FlightParserTest" time="0.001"/>
  <testcase name="testParser(String)[5241]" classname="ex.PublicTests$FlightParserTest" time="0.0"/>
  <testcase name="testParser(String)[5242]" classname="ex.PublicTests$FlightParserTest" time="0.0"/>
  <testcase name="testParser(String)[5243]" classname="ex.PublicTests$FlightParserTest" time="0.0"/>
  <testcase name="testParser(String)[5244]" classname="ex.PublicTests$FlightParserTest" time="0.0"/>
  <testcase name="testParser(String)[5245]" classname="ex.PublicTests$FlightParserTest" time="0.0"/>
  <testcase name="testParser(String)[5246]" classname="ex.PublicTests$FlightParserTest" time="0.0"/>
  <testcase name="testParser(String)[5247]" classname="ex.PublicTests$FlightParserTest" time="0.001"/>
  <testcase name="testParser(String)[5248]" classname="ex.PublicTests$FlightParserTest" time="0.0"/>
  <testcase name="testParser(String)[5249]" classname="ex.PublicTests$FlightParserTest" time="0.0"/>
  <testcase name="testParser(String)[5250]" classname="ex.PublicTests$FlightParserTest" time="0.0"/>
  <testcase name="testParser(String)[5251]" classname="ex.PublicTests$FlightParserTest" time="0.0"/>
  <testcase name="testParser(String)[5252]" classname="ex.PublicTests$FlightParserTest" time="0.0"/>
  <testcase name="testParser(String)[5253]" classname="ex.PublicTests$FlightParserTest" time="0.0"/>
  <testcase name="testParser(String)[5254]" classname="ex.PublicTests$FlightParserTest" time="0.0"/>
  <testcase name="testParser(String)[5255]" classname="ex.PublicTests$FlightParserTest" time="0.0"/>
  <testcase name="testParser(String)[5256]" classname="ex.PublicTests$FlightParserTest" time="0.0"/>
  <testcase name="testParser(String)[5257]" classname="ex.PublicTests$FlightParserTest" time="0.001"/>
  <testcase name="testParser(String)[5258]" classname="ex.PublicTests$FlightParserTest" time="0.0"/>
  <testcase name="testParser(String)[5259]" classname="ex.PublicTests$FlightParserTest" time="0.0"/>
  <testcase name="testParser(String)[5260]" classname="ex.PublicTests$FlightParserTest" time="0.0"/>
  <testcase name="testParser(String)[5261]" classname="ex.PublicTests$FlightParserTest" time="0.0"/>
  <testcase name="testParser(String)[5262]" classname="ex.PublicTests$FlightParserTest" time="0.0"/>
  <testcase name="testParser(String)[5263]" classname="ex.PublicTests$FlightParserTest" time="0.001"/>
  <testcase name="testParser(String)[5264]" classname="ex.PublicTests$FlightParserTest" time="0.0"/>
  <testcase name="testParser(String)[5265]" classname="ex.PublicTests$FlightParserTest" time="0.0"/>
  <testcase name="testParser(String)[5266]" classname="ex.PublicTests$FlightParserTest" time="0.0"/>
  <testcase name="testParser(String)[5267]" classname="ex.PublicTests$FlightParserTest" time="0.0"/>
  <testcase name="testParser(String)[5268]" classname="ex.PublicTests$FlightParserTest" time="0.0"/>
  <testcase name="testParser(String)[5269]" classname="ex.PublicTests$FlightParserTest" time="0.001"/>
  <testcase name="testParser(String)[5270]" classname="ex.PublicTests$FlightParserTest" time="0.0"/>
  <testcase name="testParser(String)[5271]" classname="ex.PublicTests$FlightParserTest" time="0.0"/>
  <testcase name="testParser(String)[5272]" classname="ex.PublicTests$FlightParserTest" time="0.0"/>
  <testcase name="testParser(String)[5273]" classname="ex.PublicTests$FlightParserTest" time="0.0"/>
  <testcase name="testParser(String)[5274]" classname="ex.PublicTests$FlightParserTest" time="0.0"/>
  <testcase name="testParser(String)[5275]" classname="ex.PublicTests$FlightParserTest" time="0.0"/>
  <testcase name="testParser(String)[5276]" classname="ex.PublicTests$FlightParserTest" time="0.001"/>
  <testcase name="testParser(String)[5277]" classname="ex.PublicTests$FlightParserTest" time="0.0"/>
  <testcase name="testParser(String)[5278]" classname="ex.PublicTests$FlightParserTest" time="0.0"/>
  <testcase name="testParser(String)[5279]" classname="ex.PublicTests$FlightParserTest" time="0.0"/>
  <testcase name="testParser(String)[5280]" classname="ex.PublicTests$FlightParserTest" time="0.0"/>
  <testcase name="testParser(String)[5281]" classname="ex.PublicTests$FlightParserTest" time="0.001"/>
  <testcase name="testParser(String)[5282]" classname="ex.PublicTests$FlightParserTest" time="0.0"/>
  <testcase name="testParser(String)[5283]" classname="ex.PublicTests$FlightParserTest" time="0.0"/>
  <testcase name="testParser(String)[5284]" classname="ex.PublicTests$FlightParserTest" time="0.0"/>
  <testcase name="testParser(String)[5285]" classname="ex.PublicTests$FlightParserTest" time="0.0"/>
  <testcase name="testParser(String)[5286]" classname="ex.PublicTests$FlightParserTest" time="0.001"/>
  <testcase name="testParser(String)[5287]" classname="ex.PublicTests$FlightParserTest" time="0.0"/>
  <testcase name="testParser(String)[5288]" classname="ex.PublicTests$FlightParserTest" time="0.0"/>
  <testcase name="testParser(String)[5289]" classname="ex.PublicTests$FlightParserTest" time="0.0"/>
  <testcase name="testParser(String)[5290]" classname="ex.PublicTests$FlightParserTest" time="0.0"/>
  <testcase name="testParser(String)[5291]" classname="ex.PublicTests$FlightParserTest" time="0.0"/>
  <testcase name="testParser(String)[5292]" classname="ex.PublicTests$FlightParserTest" time="0.0"/>
  <testcase name="testParser(String)[5293]" classname="ex.PublicTests$FlightParserTest" time="0.0"/>
  <testcase name="testParser(String)[5294]" classname="ex.PublicTests$FlightParserTest" time="0.0"/>
  <testcase name="testParser(String)[5295]" classname="ex.PublicTests$FlightParserTest" time="0.0"/>
  <testcase name="testParser(String)[5296]" classname="ex.PublicTests$FlightParserTest" time="0.0"/>
  <testcase name="testParser(String)[5297]" classname="ex.PublicTests$FlightParserTest" time="0.0"/>
  <testcase name="testParser(String)[5298]" classname="ex.PublicTests$FlightParserTest" time="0.001"/>
  <testcase name="testParser(String)[5299]" classname="ex.PublicTests$FlightParserTest" time="0.0"/>
  <testcase name="testParser(String)[5300]" classname="ex.PublicTests$FlightParserTest" time="0.0"/>
  <testcase name="testParser(String)[5301]" classname="ex.PublicTests$FlightParserTest" time="0.0"/>
  <testcase name="testParser(String)[5302]" classname="ex.PublicTests$FlightParserTest" time="0.0"/>
  <testcase name="testParser(String)[5303]" classname="ex.PublicTests$FlightParserTest" time="0.001"/>
  <testcase name="testParser(String)[5304]" classname="ex.PublicTests$FlightParserTest" time="0.0"/>
  <testcase name="testParser(String)[5305]" classname="ex.PublicTests$FlightParserTest" time="0.001"/>
  <testcase name="testParser(String)[5306]" classname="ex.PublicTests$FlightParserTest" time="0.0"/>
  <testcase name="testParser(String)[5307]" classname="ex.PublicTests$FlightParserTest" time="0.001"/>
  <testcase name="testParser(String)[5308]" classname="ex.PublicTests$FlightParserTest" time="0.001"/>
  <testcase name="testParser(String)[5309]" classname="ex.PublicTests$FlightParserTest" time="0.0"/>
  <testcase name="testParser(String)[5310]" classname="ex.PublicTests$FlightParserTest" time="0.0"/>
  <testcase name="testParser(String)[5311]" classname="ex.PublicTests$FlightParserTest" time="0.0"/>
  <testcase name="testParser(String)[5312]" classname="ex.PublicTests$FlightParserTest" time="0.0"/>
  <testcase name="testParser(String)[5313]" classname="ex.PublicTests$FlightParserTest" time="0.0"/>
  <testcase name="testParser(String)[5314]" classname="ex.PublicTests$FlightParserTest" time="0.0"/>
  <testcase name="testParser(String)[5315]" classname="ex.PublicTests$FlightParserTest" time="0.0"/>
  <testcase name="testParser(String)[5316]" classname="ex.PublicTests$FlightParserTest" time="0.001"/>
  <testcase name="testParser(String)[5317]" classname="ex.PublicTests$FlightParserTest" time="0.0"/>
  <testcase name="testParser(String)[5318]" classname="ex.PublicTests$FlightParserTest" time="0.001"/>
  <testcase name="testParser(String)[5319]" classname="ex.PublicTests$FlightParserTest" time="0.0"/>
  <testcase name="testParser(String)[5320]" classname="ex.PublicTests$FlightParserTest" time="0.0"/>
  <testcase name="testParser(String)[5321]" classname="ex.PublicTests$FlightParserTest" time="0.0"/>
  <testcase name="testParser(String)[5322]" classname="ex.PublicTests$FlightParserTest" time="0.0"/>
  <testcase name="testParser(String)[5323]" classname="ex.PublicTests$FlightParserTest" time="0.0"/>
  <testcase name="testParser(String)[5324]" classname="ex.PublicTests$FlightParserTest" time="0.0"/>
  <testcase name="testParser(String)[5325]" classname="ex.PublicTests$FlightParserTest" time="0.0"/>
  <testcase name="testParser(String)[5326]" classname="ex.PublicTests$FlightParserTest" time="0.0"/>
  <testcase name="testParser(String)[5327]" classname="ex.PublicTests$FlightParserTest" time="0.0"/>
  <testcase name="testParser(String)[5328]" classname="ex.PublicTests$FlightParserTest" time="0.0"/>
  <testcase name="testParser(String)[5329]" classname="ex.PublicTests$FlightParserTest" time="0.001"/>
  <testcase name="testParser(String)[5330]" classname="ex.PublicTests$FlightParserTest" time="0.0"/>
  <testcase name="testParser(String)[5331]" classname="ex.PublicTests$FlightParserTest" time="0.001"/>
  <testcase name="testParser(String)[5332]" classname="ex.PublicTests$FlightParserTest" time="0.0"/>
  <testcase name="testParser(String)[5333]" classname="ex.PublicTests$FlightParserTest" time="0.0"/>
  <testcase name="testParser(String)[5334]" classname="ex.PublicTests$FlightParserTest" time="0.0"/>
  <testcase name="testParser(String)[5335]" classname="ex.PublicTests$FlightParserTest" time="0.0"/>
  <testcase name="testParser(String)[5336]" classname="ex.PublicTests$FlightParserTest" time="0.0"/>
  <testcase name="testParser(String)[5337]" classname="ex.PublicTests$FlightParserTest" time="0.0"/>
  <testcase name="testParser(String)[5338]" classname="ex.PublicTests$FlightParserTest" time="0.001"/>
  <testcase name="testParser(String)[5339]" classname="ex.PublicTests$FlightParserTest" time="0.0"/>
  <testcase name="testParser(String)[5340]" classname="ex.PublicTests$FlightParserTest" time="0.0"/>
  <testcase name="testParser(String)[5341]" classname="ex.PublicTests$FlightParserTest" time="0.0"/>
  <testcase name="testParser(String)[5342]" classname="ex.PublicTests$FlightParserTest" time="0.0"/>
  <testcase name="testParser(String)[5343]" classname="ex.PublicTests$FlightParserTest" time="0.0"/>
  <testcase name="testParser(String)[5344]" classname="ex.PublicTests$FlightParserTest" time="0.0"/>
  <testcase name="testParser(String)[5345]" classname="ex.PublicTests$FlightParserTest" time="0.0"/>
  <testcase name="testParser(String)[5346]" classname="ex.PublicTests$FlightParserTest" time="0.0"/>
  <testcase name="testParser(String)[5347]" classname="ex.PublicTests$FlightParserTest" time="0.001"/>
  <testcase name="testParser(String)[5348]" classname="ex.PublicTests$FlightParserTest" time="0.0"/>
  <testcase name="testParser(String)[5349]" classname="ex.PublicTests$FlightParserTest" time="0.0"/>
  <testcase name="testParser(String)[5350]" classname="ex.PublicTests$FlightParserTest" time="0.0"/>
  <testcase name="testParser(String)[5351]" classname="ex.PublicTests$FlightParserTest" time="0.0"/>
  <testcase name="testParser(String)[5352]" classname="ex.PublicTests$FlightParserTest" time="0.0"/>
  <testcase name="testParser(String)[5353]" classname="ex.PublicTests$FlightParserTest" time="0.0"/>
  <testcase name="testParser(String)[5354]" classname="ex.PublicTests$FlightParserTest" time="0.001"/>
  <testcase name="testParser(String)[5355]" classname="ex.PublicTests$FlightParserTest" time="0.0"/>
  <testcase name="testParser(String)[5356]" classname="ex.PublicTests$FlightParserTest" time="0.001"/>
  <testcase name="testParser(String)[5357]" classname="ex.PublicTests$FlightParserTest" time="0.0"/>
  <testcase name="testParser(String)[5358]" classname="ex.PublicTests$FlightParserTest" time="0.001"/>
  <testcase name="testParser(String)[5359]" classname="ex.PublicTests$FlightParserTest" time="0.001"/>
  <testcase name="testParser(String)[5360]" classname="ex.PublicTests$FlightParserTest" time="0.0"/>
  <testcase name="testParser(String)[5361]" classname="ex.PublicTests$FlightParserTest" time="0.0"/>
  <testcase name="testParser(String)[5362]" classname="ex.PublicTests$FlightParserTest" time="0.0"/>
  <testcase name="testParser(String)[5363]" classname="ex.PublicTests$FlightParserTest" time="0.0"/>
  <testcase name="testParser(String)[5364]" classname="ex.PublicTests$FlightParserTest" time="0.0"/>
  <testcase name="testParser(String)[5365]" classname="ex.PublicTests$FlightParserTest" time="0.0"/>
  <testcase name="testParser(String)[5366]" classname="ex.PublicTests$FlightParserTest" time="0.001"/>
  <testcase name="testParser(String)[5367]" classname="ex.PublicTests$FlightParserTest" time="0.001"/>
  <testcase name="testParser(String)[5368]" classname="ex.PublicTests$FlightParserTest" time="0.001"/>
  <testcase name="testParser(String)[5369]" classname="ex.PublicTests$FlightParserTest" time="0.001"/>
  <testcase name="testParser(String)[5370]" classname="ex.PublicTests$FlightParserTest" time="0.0"/>
  <testcase name="testParser(String)[5371]" classname="ex.PublicTests$FlightParserTest" time="0.0"/>
  <testcase name="testParser(String)[5372]" classname="ex.PublicTests$FlightParserTest" time="0.0"/>
  <testcase name="testParser(String)[5373]" classname="ex.PublicTests$FlightParserTest" time="0.001"/>
  <testcase name="testParser(String)[5374]" classname="ex.PublicTests$FlightParserTest" time="0.0"/>
  <testcase name="testParser(String)[5375]" classname="ex.PublicTests$FlightParserTest" time="0.001"/>
  <testcase name="testParser(String)[5376]" classname="ex.PublicTests$FlightParserTest" time="0.0"/>
  <testcase name="testParser(String)[5377]" classname="ex.PublicTests$FlightParserTest" time="0.001"/>
  <testcase name="testParser(String)[5378]" classname="ex.PublicTests$FlightParserTest" time="0.0"/>
  <testcase name="testParser(String)[5379]" classname="ex.PublicTests$FlightParserTest" time="0.001"/>
  <testcase name="testParser(String)[5380]" classname="ex.PublicTests$FlightParserTest" time="0.0"/>
  <testcase name="testParser(String)[5381]" classname="ex.PublicTests$FlightParserTest" time="0.0"/>
  <testcase name="testParser(String)[5382]" classname="ex.PublicTests$FlightParserTest" time="0.0"/>
  <testcase name="testParser(String)[5383]" classname="ex.PublicTests$FlightParserTest" time="0.001"/>
  <testcase name="testParser(String)[5384]" classname="ex.PublicTests$FlightParserTest" time="0.0"/>
  <testcase name="testParser(String)[5385]" classname="ex.PublicTests$FlightParserTest" time="0.0"/>
  <testcase name="testParser(String)[5386]" classname="ex.PublicTests$FlightParserTest" time="0.0"/>
  <testcase name="testParser(String)[5387]" classname="ex.PublicTests$FlightParserTest" time="0.0"/>
  <testcase name="testParser(String)[5388]" classname="ex.PublicTests$FlightParserTest" time="0.0"/>
  <testcase name="testParser(String)[5389]" classname="ex.PublicTests$FlightParserTest" time="0.0"/>
  <testcase name="testParser(String)[5390]" classname="ex.PublicTests$FlightParserTest" time="0.0"/>
  <testcase name="testParser(String)[5391]" classname="ex.PublicTests$FlightParserTest" time="0.0"/>
  <testcase name="testParser(String)[5392]" classname="ex.PublicTests$FlightParserTest" time="0.0"/>
  <testcase name="testParser(String)[5393]" classname="ex.PublicTests$FlightParserTest" time="0.0"/>
  <testcase name="testParser(String)[5394]" classname="ex.PublicTests$FlightParserTest" time="0.001"/>
  <testcase name="testParser(String)[5395]" classname="ex.PublicTests$FlightParserTest" time="0.0"/>
  <testcase name="testParser(String)[5396]" classname="ex.PublicTests$FlightParserTest" time="0.0"/>
  <testcase name="testParser(String)[5397]" classname="ex.PublicTests$FlightParserTest" time="0.0"/>
  <testcase name="testParser(String)[5398]" classname="ex.PublicTests$FlightParserTest" time="0.0"/>
  <testcase name="testParser(String)[5399]" classname="ex.PublicTests$FlightParserTest" time="0.0"/>
  <testcase name="testParser(String)[5400]" classname="ex.PublicTests$FlightParserTest" time="0.0"/>
  <testcase name="testParser(String)[5401]" classname="ex.PublicTests$FlightParserTest" time="0.0"/>
  <testcase name="testParser(String)[5402]" classname="ex.PublicTests$FlightParserTest" time="0.0"/>
  <testcase name="testParser(String)[5403]" classname="ex.PublicTests$FlightParserTest" time="0.001"/>
  <testcase name="testParser(String)[5404]" classname="ex.PublicTests$FlightParserTest" time="0.0"/>
  <testcase name="testParser(String)[5405]" classname="ex.PublicTests$FlightParserTest" time="0.0"/>
  <testcase name="testParser(String)[5406]" classname="ex.PublicTests$FlightParserTest" time="0.001"/>
  <testcase name="testParser(String)[5407]" classname="ex.PublicTests$FlightParserTest" time="0.0"/>
  <testcase name="testParser(String)[5408]" classname="ex.PublicTests$FlightParserTest" time="0.0"/>
  <testcase name="testParser(String)[5409]" classname="ex.PublicTests$FlightParserTest" time="0.001"/>
  <testcase name="testParser(String)[5410]" classname="ex.PublicTests$FlightParserTest" time="0.0"/>
  <testcase name="testParser(String)[5411]" classname="ex.PublicTests$FlightParserTest" time="0.0"/>
  <testcase name="testParser(String)[5412]" classname="ex.PublicTests$FlightParserTest" time="0.0"/>
  <testcase name="testParser(String)[5413]" classname="ex.PublicTests$FlightParserTest" time="0.0"/>
  <testcase name="testParser(String)[5414]" classname="ex.PublicTests$FlightParserTest" time="0.0"/>
  <testcase name="testParser(String)[5415]" classname="ex.PublicTests$FlightParserTest" time="0.0"/>
  <testcase name="testParser(String)[5416]" classname="ex.PublicTests$FlightParserTest" time="0.0"/>
  <testcase name="testParser(String)[5417]" classname="ex.PublicTests$FlightParserTest" time="0.0"/>
  <testcase name="testParser(String)[5418]" classname="ex.PublicTests$FlightParserTest" time="0.001"/>
  <testcase name="testParser(String)[5419]" classname="ex.PublicTests$FlightParserTest" time="0.0"/>
  <testcase name="testParser(String)[5420]" classname="ex.PublicTests$FlightParserTest" time="0.001"/>
  <testcase name="testParser(String)[5421]" classname="ex.PublicTests$FlightParserTest" time="0.0"/>
  <testcase name="testParser(String)[5422]" classname="ex.PublicTests$FlightParserTest" time="0.0"/>
  <testcase name="testParser(String)[5423]" classname="ex.PublicTests$FlightParserTest" time="0.0"/>
  <testcase name="testParser(String)[5424]" classname="ex.PublicTests$FlightParserTest" time="0.0"/>
  <testcase name="testParser(String)[5425]" classname="ex.PublicTests$FlightParserTest" time="0.0"/>
  <testcase name="testParser(String)[5426]" classname="ex.PublicTests$FlightParserTest" time="0.0"/>
  <testcase name="testParser(String)[5427]" classname="ex.PublicTests$FlightParserTest" time="0.001"/>
  <testcase name="testParser(String)[5428]" classname="ex.PublicTests$FlightParserTest" time="0.0"/>
  <testcase name="testParser(String)[5429]" classname="ex.PublicTests$FlightParserTest" time="0.0"/>
  <testcase name="testParser(String)[5430]" classname="ex.PublicTests$FlightParserTest" time="0.0"/>
  <testcase name="testParser(String)[5431]" classname="ex.PublicTests$FlightParserTest" time="0.0"/>
  <testcase name="testParser(String)[5432]" classname="ex.PublicTests$FlightParserTest" time="0.001"/>
  <testcase name="testParser(String)[5433]" classname="ex.PublicTests$FlightParserTest" time="0.0"/>
  <testcase name="testParser(String)[5434]" classname="ex.PublicTests$FlightParserTest" time="0.001"/>
  <testcase name="testParser(String)[5435]" classname="ex.PublicTests$FlightParserTest" time="0.0"/>
  <testcase name="testParser(String)[5436]" classname="ex.PublicTests$FlightParserTest" time="0.001"/>
  <testcase name="testParser(String)[5437]" classname="ex.PublicTests$FlightParserTest" time="0.0"/>
  <testcase name="testParser(String)[5438]" classname="ex.PublicTests$FlightParserTest" time="0.0"/>
  <testcase name="testParser(String)[5439]" classname="ex.PublicTests$FlightParserTest" time="0.0"/>
  <testcase name="testParser(String)[5440]" classname="ex.PublicTests$FlightParserTest" time="0.0"/>
  <testcase name="testParser(String)[5441]" classname="ex.PublicTests$FlightParserTest" time="0.001"/>
  <testcase name="testParser(String)[5442]" classname="ex.PublicTests$FlightParserTest" time="0.0"/>
  <testcase name="testParser(String)[5443]" classname="ex.PublicTests$FlightParserTest" time="0.0"/>
  <testcase name="testParser(String)[5444]" classname="ex.PublicTests$FlightParserTest" time="0.0"/>
  <testcase name="testParser(String)[5445]" classname="ex.PublicTests$FlightParserTest" time="0.0"/>
  <testcase name="testParser(String)[5446]" classname="ex.PublicTests$FlightParserTest" time="0.001"/>
  <testcase name="testParser(String)[5447]" classname="ex.PublicTests$FlightParserTest" time="0.0"/>
  <testcase name="testParser(String)[5448]" classname="ex.PublicTests$FlightParserTest" time="0.0"/>
  <testcase name="testParser(String)[5449]" classname="ex.PublicTests$FlightParserTest" time="0.001"/>
  <testcase name="testParser(String)[5450]" classname="ex.PublicTests$FlightParserTest" time="0.0"/>
  <testcase name="testParser(String)[5451]" classname="ex.PublicTests$FlightParserTest" time="0.0"/>
  <testcase name="testParser(String)[5452]" classname="ex.PublicTests$FlightParserTest" time="0.0"/>
  <testcase name="testParser(String)[5453]" classname="ex.PublicTests$FlightParserTest" time="0.0"/>
  <testcase name="testParser(String)[5454]" classname="ex.PublicTests$FlightParserTest" time="0.001"/>
  <testcase name="testParser(String)[5455]" classname="ex.PublicTests$FlightParserTest" time="0.0"/>
  <testcase name="testParser(String)[5456]" classname="ex.PublicTests$FlightParserTest" time="0.0"/>
  <testcase name="testParser(String)[5457]" classname="ex.PublicTests$FlightParserTest" time="0.0"/>
  <testcase name="testParser(String)[5458]" classname="ex.PublicTests$FlightParserTest" time="0.0"/>
  <testcase name="testParser(String)[5459]" classname="ex.PublicTests$FlightParserTest" time="0.001"/>
  <testcase name="testParser(String)[5460]" classname="ex.PublicTests$FlightParserTest" time="0.0"/>
  <testcase name="testParser(String)[5461]" classname="ex.PublicTests$FlightParserTest" time="0.0"/>
  <testcase name="testParser(String)[5462]" classname="ex.PublicTests$FlightParserTest" time="0.0"/>
  <testcase name="testParser(String)[5463]" classname="ex.PublicTests$FlightParserTest" time="0.0"/>
  <testcase name="testParser(String)[5464]" classname="ex.PublicTests$FlightParserTest" time="0.0"/>
  <testcase name="testParser(String)[5465]" classname="ex.PublicTests$FlightParserTest" time="0.0"/>
  <testcase name="testParser(String)[5466]" classname="ex.PublicTests$FlightParserTest" time="0.0"/>
  <testcase name="testParser(String)[5467]" classname="ex.PublicTests$FlightParserTest" time="0.0"/>
  <testcase name="testParser(String)[5468]" classname="ex.PublicTests$FlightParserTest" time="0.001"/>
  <testcase name="testParser(String)[5469]" classname="ex.PublicTests$FlightParserTest" time="0.0"/>
  <testcase name="testParser(String)[5470]" classname="ex.PublicTests$FlightParserTest" time="0.0"/>
  <testcase name="testParser(String)[5471]" classname="ex.PublicTests$FlightParserTest" time="0.0"/>
  <testcase name="testParser(String)[5472]" classname="ex.PublicTests$FlightParserTest" time="0.0"/>
  <testcase name="testParser(String)[5473]" classname="ex.PublicTests$FlightParserTest" time="0.0"/>
  <testcase name="testParser(String)[5474]" classname="ex.PublicTests$FlightParserTest" time="0.0"/>
  <testcase name="testParser(String)[5475]" classname="ex.PublicTests$FlightParserTest" time="0.0"/>
  <testcase name="testParser(String)[5476]" classname="ex.PublicTests$FlightParserTest" time="0.0"/>
  <testcase name="testParser(String)[5477]" classname="ex.PublicTests$FlightParserTest" time="0.0"/>
  <testcase name="testParser(String)[5478]" classname="ex.PublicTests$FlightParserTest" time="0.0"/>
  <testcase name="testParser(String)[5479]" classname="ex.PublicTests$FlightParserTest" time="0.0"/>
  <testcase name="testParser(String)[5480]" classname="ex.PublicTests$FlightParserTest" time="0.0"/>
  <testcase name="testParser(String)[5481]" classname="ex.PublicTests$FlightParserTest" time="0.001"/>
  <testcase name="testParser(String)[5482]" classname="ex.PublicTests$FlightParserTest" time="0.0"/>
  <testcase name="testParser(String)[5483]" classname="ex.PublicTests$FlightParserTest" time="0.001"/>
  <testcase name="testParser(String)[5484]" classname="ex.PublicTests$FlightParserTest" time="0.0"/>
  <testcase name="testParser(String)[5485]" classname="ex.PublicTests$FlightParserTest" time="0.0"/>
  <testcase name="testParser(String)[5486]" classname="ex.PublicTests$FlightParserTest" time="0.001"/>
  <testcase name="testParser(String)[5487]" classname="ex.PublicTests$FlightParserTest" time="0.0"/>
  <testcase name="testParser(String)[5488]" classname="ex.PublicTests$FlightParserTest" time="0.001"/>
  <testcase name="testParser(String)[5489]" classname="ex.PublicTests$FlightParserTest" time="0.0"/>
  <testcase name="testParser(String)[5490]" classname="ex.PublicTests$FlightParserTest" time="0.001"/>
  <testcase name="testParser(String)[5491]" classname="ex.PublicTests$FlightParserTest" time="0.001"/>
  <testcase name="testParser(String)[5492]" classname="ex.PublicTests$FlightParserTest" time="0.0"/>
  <testcase name="testParser(String)[5493]" classname="ex.PublicTests$FlightParserTest" time="0.0"/>
  <testcase name="testParser(String)[5494]" classname="ex.PublicTests$FlightParserTest" time="0.0"/>
  <testcase name="testParser(String)[5495]" classname="ex.PublicTests$FlightParserTest" time="0.0"/>
  <testcase name="testParser(String)[5496]" classname="ex.PublicTests$FlightParserTest" time="0.0"/>
  <testcase name="testParser(String)[5497]" classname="ex.PublicTests$FlightParserTest" time="0.001"/>
  <testcase name="testParser(String)[5498]" classname="ex.PublicTests$FlightParserTest" time="0.0"/>
  <testcase name="testParser(String)[5499]" classname="ex.PublicTests$FlightParserTest" time="0.0"/>
  <testcase name="testParser(String)[5500]" classname="ex.PublicTests$FlightParserTest" time="0.0"/>
  <testcase name="testParser(String)[5501]" classname="ex.PublicTests$FlightParserTest" time="0.0"/>
  <testcase name="testParser(String)[5502]" classname="ex.PublicTests$FlightParserTest" time="0.0"/>
  <testcase name="testParser(String)[5503]" classname="ex.PublicTests$FlightParserTest" time="0.0"/>
  <testcase name="testParser(String)[5504]" classname="ex.PublicTests$FlightParserTest" time="0.0"/>
  <testcase name="testParser(String)[5505]" classname="ex.PublicTests$FlightParserTest" time="0.0"/>
  <testcase name="testParser(String)[5506]" classname="ex.PublicTests$FlightParserTest" time="0.0"/>
  <testcase name="testParser(String)[5507]" classname="ex.PublicTests$FlightParserTest" time="0.0"/>
  <testcase name="testParser(String)[5508]" classname="ex.PublicTests$FlightParserTest" time="0.0"/>
  <testcase name="testParser(String)[5509]" classname="ex.PublicTests$FlightParserTest" time="0.0"/>
  <testcase name="testParser(String)[5510]" classname="ex.PublicTests$FlightParserTest" time="0.001"/>
  <testcase name="testParser(String)[5511]" classname="ex.PublicTests$FlightParserTest" time="0.0"/>
  <testcase name="testParser(String)[5512]" classname="ex.PublicTests$FlightParserTest" time="0.0"/>
  <testcase name="testParser(String)[5513]" classname="ex.PublicTests$FlightParserTest" time="0.0"/>
  <testcase name="testParser(String)[5514]" classname="ex.PublicTests$FlightParserTest" time="0.0"/>
  <testcase name="testParser(String)[5515]" classname="ex.PublicTests$FlightParserTest" time="0.002"/>
  <testcase name="testParser(String)[5516]" classname="ex.PublicTests$FlightParserTest" time="0.0"/>
  <testcase name="testParser(String)[5517]" classname="ex.PublicTests$FlightParserTest" time="0.0"/>
  <testcase name="testParser(String)[5518]" classname="ex.PublicTests$FlightParserTest" time="0.0"/>
  <testcase name="testParser(String)[5519]" classname="ex.PublicTests$FlightParserTest" time="0.0"/>
  <testcase name="testParser(String)[5520]" classname="ex.PublicTests$FlightParserTest" time="0.002"/>
  <testcase name="testParser(String)[5521]" classname="ex.PublicTests$FlightParserTest" time="0.0"/>
  <testcase name="testParser(String)[5522]" classname="ex.PublicTests$FlightParserTest" time="0.0"/>
  <testcase name="testParser(String)[5523]" classname="ex.PublicTests$FlightParserTest" time="0.0"/>
  <testcase name="testParser(String)[5524]" classname="ex.PublicTests$FlightParserTest" time="0.0"/>
  <testcase name="testParser(String)[5525]" classname="ex.PublicTests$FlightParserTest" time="0.001"/>
  <testcase name="testParser(String)[5526]" classname="ex.PublicTests$FlightParserTest" time="0.0"/>
  <testcase name="testParser(String)[5527]" classname="ex.PublicTests$FlightParserTest" time="0.0"/>
  <testcase name="testParser(String)[5528]" classname="ex.PublicTests$FlightParserTest" time="0.0"/>
  <testcase name="testParser(String)[5529]" classname="ex.PublicTests$FlightParserTest" time="0.0"/>
  <testcase name="testParser(String)[5530]" classname="ex.PublicTests$FlightParserTest" time="0.0"/>
  <testcase name="testParser(String)[5531]" classname="ex.PublicTests$FlightParserTest" time="0.0"/>
  <testcase name="testParser(String)[5532]" classname="ex.PublicTests$FlightParserTest" time="0.0"/>
  <testcase name="testParser(String)[5533]" classname="ex.PublicTests$FlightParserTest" time="0.0"/>
  <testcase name="testParser(String)[5534]" classname="ex.PublicTests$FlightParserTest" time="0.0"/>
  <testcase name="testParser(String)[5535]" classname="ex.PublicTests$FlightParserTest" time="0.0"/>
  <testcase name="testParser(String)[5536]" classname="ex.PublicTests$FlightParserTest" time="0.001"/>
  <testcase name="testParser(String)[5537]" classname="ex.PublicTests$FlightParserTest" time="0.0"/>
  <testcase name="testParser(String)[5538]" classname="ex.PublicTests$FlightParserTest" time="0.0"/>
  <testcase name="testParser(String)[5539]" classname="ex.PublicTests$FlightParserTest" time="0.0"/>
  <testcase name="testParser(String)[5540]" classname="ex.PublicTests$FlightParserTest" time="0.0"/>
  <testcase name="testParser(String)[5541]" classname="ex.PublicTests$FlightParserTest" time="0.0"/>
  <testcase name="testParser(String)[5542]" classname="ex.PublicTests$FlightParserTest" time="0.0"/>
  <testcase name="testParser(String)[5543]" classname="ex.PublicTests$FlightParserTest" time="0.001"/>
  <testcase name="testParser(String)[5544]" classname="ex.PublicTests$FlightParserTest" time="0.0"/>
  <testcase name="testParser(String)[5545]" classname="ex.PublicTests$FlightParserTest" time="0.0"/>
  <testcase name="testParser(String)[5546]" classname="ex.PublicTests$FlightParserTest" time="0.0"/>
  <testcase name="testParser(String)[5547]" classname="ex.PublicTests$FlightParserTest" time="0.002"/>
  <testcase name="testParser(String)[5548]" classname="ex.PublicTests$FlightParserTest" time="0.0"/>
  <testcase name="testParser(String)[5549]" classname="ex.PublicTests$FlightParserTest" time="0.0"/>
  <testcase name="testParser(String)[5550]" classname="ex.PublicTests$FlightParserTest" time="0.0"/>
  <testcase name="testParser(String)[5551]" classname="ex.PublicTests$FlightParserTest" time="0.0"/>
  <testcase name="testParser(String)[5552]" classname="ex.PublicTests$FlightParserTest" time="0.0"/>
  <testcase name="testParser(String)[5553]" classname="ex.PublicTests$FlightParserTest" time="0.0"/>
  <testcase name="testParser(String)[5554]" classname="ex.PublicTests$FlightParserTest" time="0.001"/>
  <testcase name="testParser(String)[5555]" classname="ex.PublicTests$FlightParserTest" time="0.0"/>
  <testcase name="testParser(String)[5556]" classname="ex.PublicTests$FlightParserTest" time="0.0"/>
  <testcase name="testParser(String)[5557]" classname="ex.PublicTests$FlightParserTest" time="0.0"/>
  <testcase name="testParser(String)[5558]" classname="ex.PublicTests$FlightParserTest" time="0.001"/>
  <testcase name="testParser(String)[5559]" classname="ex.PublicTests$FlightParserTest" time="0.0"/>
  <testcase name="testParser(String)[5560]" classname="ex.PublicTests$FlightParserTest" time="0.0"/>
  <testcase name="testParser(String)[5561]" classname="ex.PublicTests$FlightParserTest" time="0.0"/>
  <testcase name="testParser(String)[5562]" classname="ex.PublicTests$FlightParserTest" time="0.0"/>
  <testcase name="testParser(String)[5563]" classname="ex.PublicTests$FlightParserTest" time="0.0"/>
  <testcase name="testParser(String)[5564]" classname="ex.PublicTests$FlightParserTest" time="0.001"/>
  <testcase name="testParser(String)[5565]" classname="ex.PublicTests$FlightParserTest" time="0.001"/>
  <testcase name="testParser(String)[5566]" classname="ex.PublicTests$FlightParserTest" time="0.0"/>
  <testcase name="testParser(String)[5567]" classname="ex.PublicTests$FlightParserTest" time="0.001"/>
  <testcase name="testParser(String)[5568]" classname="ex.PublicTests$FlightParserTest" time="0.0"/>
  <testcase name="testParser(String)[5569]" classname="ex.PublicTests$FlightParserTest" time="0.001"/>
  <testcase name="testParser(String)[5570]" classname="ex.PublicTests$FlightParserTest" time="0.0"/>
  <testcase name="testParser(String)[5571]" classname="ex.PublicTests$FlightParserTest" time="0.0"/>
  <testcase name="testParser(String)[5572]" classname="ex.PublicTests$FlightParserTest" time="0.0"/>
  <testcase name="testParser(String)[5573]" classname="ex.PublicTests$FlightParserTest" time="0.0"/>
  <testcase name="testParser(String)[5574]" classname="ex.PublicTests$FlightParserTest" time="0.001"/>
  <testcase name="testParser(String)[5575]" classname="ex.PublicTests$FlightParserTest" time="0.0"/>
  <testcase name="testParser(String)[5576]" classname="ex.PublicTests$FlightParserTest" time="0.0"/>
  <testcase name="testParser(String)[5577]" classname="ex.PublicTests$FlightParserTest" time="0.0"/>
  <testcase name="testParser(String)[5578]" classname="ex.PublicTests$FlightParserTest" time="0.0"/>
  <testcase name="testParser(String)[5579]" classname="ex.PublicTests$FlightParserTest" time="0.0"/>
  <testcase name="testParser(String)[5580]" classname="ex.PublicTests$FlightParserTest" time="0.001"/>
  <testcase name="testParser(String)[5581]" classname="ex.PublicTests$FlightParserTest" time="0.0"/>
  <testcase name="testParser(String)[5582]" classname="ex.PublicTests$FlightParserTest" time="0.001"/>
  <testcase name="testParser(String)[5583]" classname="ex.PublicTests$FlightParserTest" time="0.0"/>
  <testcase name="testParser(String)[5584]" classname="ex.PublicTests$FlightParserTest" time="0.0"/>
  <testcase name="testParser(String)[5585]" classname="ex.PublicTests$FlightParserTest" time="0.0"/>
  <testcase name="testParser(String)[5586]" classname="ex.PublicTests$FlightParserTest" time="0.0"/>
  <testcase name="testParser(String)[5587]" classname="ex.PublicTests$FlightParserTest" time="0.001"/>
  <testcase name="testParser(String)[5588]" classname="ex.PublicTests$FlightParserTest" time="0.0"/>
  <testcase name="testParser(String)[5589]" classname="ex.PublicTests$FlightParserTest" time="0.0"/>
  <testcase name="testParser(String)[5590]" classname="ex.PublicTests$FlightParserTest" time="0.0"/>
  <testcase name="testParser(String)[5591]" classname="ex.PublicTests$FlightParserTest" time="0.0"/>
  <testcase name="testParser(String)[5592]" classname="ex.PublicTests$FlightParserTest" time="0.0"/>
  <testcase name="testParser(String)[5593]" classname="ex.PublicTests$FlightParserTest" time="0.0"/>
  <testcase name="testParser(String)[5594]" classname="ex.PublicTests$FlightParserTest" time="0.0"/>
  <testcase name="testParser(String)[5595]" classname="ex.PublicTests$FlightParserTest" time="0.0"/>
  <testcase name="testParser(String)[5596]" classname="ex.PublicTests$FlightParserTest" time="0.0"/>
  <testcase name="testParser(String)[5597]" classname="ex.PublicTests$FlightParserTest" time="0.001"/>
  <testcase name="testParser(String)[5598]" classname="ex.PublicTests$FlightParserTest" time="0.0"/>
  <testcase name="testParser(String)[5599]" classname="ex.PublicTests$FlightParserTest" time="0.0"/>
  <testcase name="testParser(String)[5600]" classname="ex.PublicTests$FlightParserTest" time="0.0"/>
  <testcase name="testParser(String)[5601]" classname="ex.PublicTests$FlightParserTest" time="0.0"/>
  <testcase name="testParser(String)[5602]" classname="ex.PublicTests$FlightParserTest" time="0.0"/>
  <testcase name="testParser(String)[5603]" classname="ex.PublicTests$FlightParserTest" time="0.0"/>
  <testcase name="testParser(String)[5604]" classname="ex.PublicTests$FlightParserTest" time="0.0"/>
  <testcase name="testParser(String)[5605]" classname="ex.PublicTests$FlightParserTest" time="0.0"/>
  <testcase name="testParser(String)[5606]" classname="ex.PublicTests$FlightParserTest" time="0.0"/>
  <testcase name="testParser(String)[5607]" classname="ex.PublicTests$FlightParserTest" time="0.0"/>
  <testcase name="testParser(String)[5608]" classname="ex.PublicTests$FlightParserTest" time="0.001"/>
  <testcase name="testParser(String)[5609]" classname="ex.PublicTests$FlightParserTest" time="0.0"/>
  <testcase name="testParser(String)[5610]" classname="ex.PublicTests$FlightParserTest" time="0.0"/>
  <testcase name="testParser(String)[5611]" classname="ex.PublicTests$FlightParserTest" time="0.0"/>
  <testcase name="testParser(String)[5612]" classname="ex.PublicTests$FlightParserTest" time="0.0"/>
  <testcase name="testParser(String)[5613]" classname="ex.PublicTests$FlightParserTest" time="0.0"/>
  <testcase name="testParser(String)[5614]" classname="ex.PublicTests$FlightParserTest" time="0.0"/>
  <testcase name="testParser(String)[5615]" classname="ex.PublicTests$FlightParserTest" time="0.0"/>
  <testcase name="testParser(String)[5616]" classname="ex.PublicTests$FlightParserTest" time="0.0"/>
  <testcase name="testParser(String)[5617]" classname="ex.PublicTests$FlightParserTest" time="0.0"/>
  <testcase name="testParser(String)[5618]" classname="ex.PublicTests$FlightParserTest" time="0.0"/>
  <testcase name="testParser(String)[5619]" classname="ex.PublicTests$FlightParserTest" time="0.0"/>
  <testcase name="testParser(String)[5620]" classname="ex.PublicTests$FlightParserTest" time="0.0"/>
  <testcase name="testParser(String)[5621]" classname="ex.PublicTests$FlightParserTest" time="0.0"/>
  <testcase name="testParser(String)[5622]" classname="ex.PublicTests$FlightParserTest" time="0.0"/>
  <testcase name="testParser(String)[5623]" classname="ex.PublicTests$FlightParserTest" time="0.0"/>
  <testcase name="testParser(String)[5624]" classname="ex.PublicTests$FlightParserTest" time="0.0"/>
  <testcase name="testParser(String)[5625]" classname="ex.PublicTests$FlightParserTest" time="0.0"/>
  <testcase name="testParser(String)[5626]" classname="ex.PublicTests$FlightParserTest" time="0.001"/>
  <testcase name="testParser(String)[5627]" classname="ex.PublicTests$FlightParserTest" time="0.0"/>
  <testcase name="testParser(String)[5628]" classname="ex.PublicTests$FlightParserTest" time="0.001"/>
  <testcase name="testParser(String)[5629]" classname="ex.PublicTests$FlightParserTest" time="0.0"/>
  <testcase name="testParser(String)[5630]" classname="ex.PublicTests$FlightParserTest" time="0.001"/>
  <testcase name="testParser(String)[5631]" classname="ex.PublicTests$FlightParserTest" time="0.0"/>
  <testcase name="testParser(String)[5632]" classname="ex.PublicTests$FlightParserTest" time="0.001"/>
  <testcase name="testParser(String)[5633]" classname="ex.PublicTests$FlightParserTest" time="0.0"/>
  <testcase name="testParser(String)[5634]" classname="ex.PublicTests$FlightParserTest" time="0.001"/>
  <testcase name="testParser(String)[5635]" classname="ex.PublicTests$FlightParserTest" time="0.0"/>
  <testcase name="testParser(String)[5636]" classname="ex.PublicTests$FlightParserTest" time="0.0"/>
  <testcase name="testParser(String)[5637]" classname="ex.PublicTests$FlightParserTest" time="0.0"/>
  <testcase name="testParser(String)[5638]" classname="ex.PublicTests$FlightParserTest" time="0.0"/>
  <testcase name="testParser(String)[5639]" classname="ex.PublicTests$FlightParserTest" time="0.0"/>
  <testcase name="testParser(String)[5640]" classname="ex.PublicTests$FlightParserTest" time="0.0"/>
  <testcase name="testParser(String)[5641]" classname="ex.PublicTests$FlightParserTest" time="0.0"/>
  <testcase name="testParser(String)[5642]" classname="ex.PublicTests$FlightParserTest" time="0.0"/>
  <testcase name="testParser(String)[5643]" classname="ex.PublicTests$FlightParserTest" time="0.001"/>
  <testcase name="testParser(String)[5644]" classname="ex.PublicTests$FlightParserTest" time="0.0"/>
  <testcase name="testParser(String)[5645]" classname="ex.PublicTests$FlightParserTest" time="0.0"/>
  <testcase name="testParser(String)[5646]" classname="ex.PublicTests$FlightParserTest" time="0.0"/>
  <testcase name="testParser(String)[5647]" classname="ex.PublicTests$FlightParserTest" time="0.0"/>
  <testcase name="testParser(String)[5648]" classname="ex.PublicTests$FlightParserTest" time="0.0"/>
  <testcase name="testParser(String)[5649]" classname="ex.PublicTests$FlightParserTest" time="0.0"/>
  <testcase name="testParser(String)[5650]" classname="ex.PublicTests$FlightParserTest" time="0.0"/>
  <testcase name="testParser(String)[5651]" classname="ex.PublicTests$FlightParserTest" time="0.0"/>
  <testcase name="testParser(String)[5652]" classname="ex.PublicTests$FlightParserTest" time="0.0"/>
  <testcase name="testParser(String)[5653]" classname="ex.PublicTests$FlightParserTest" time="0.0"/>
  <testcase name="testParser(String)[5654]" classname="ex.PublicTests$FlightParserTest" time="0.0"/>
  <testcase name="testParser(String)[5655]" classname="ex.PublicTests$FlightParserTest" time="0.0"/>
  <testcase name="testParser(String)[5656]" classname="ex.PublicTests$FlightParserTest" time="0.001"/>
  <testcase name="testParser(String)[5657]" classname="ex.PublicTests$FlightParserTest" time="0.0"/>
  <testcase name="testParser(String)[5658]" classname="ex.PublicTests$FlightParserTest" time="0.0"/>
  <testcase name="testParser(String)[5659]" classname="ex.PublicTests$FlightParserTest" time="0.001"/>
  <testcase name="testParser(String)[5660]" classname="ex.PublicTests$FlightParserTest" time="0.0"/>
  <testcase name="testParser(String)[5661]" classname="ex.PublicTests$FlightParserTest" time="0.0"/>
  <testcase name="testParser(String)[5662]" classname="ex.PublicTests$FlightParserTest" time="0.0"/>
  <testcase name="testParser(String)[5663]" classname="ex.PublicTests$FlightParserTest" time="0.001"/>
  <testcase name="testParser(String)[5664]" classname="ex.PublicTests$FlightParserTest" time="0.0"/>
  <testcase name="testParser(String)[5665]" classname="ex.PublicTests$FlightParserTest" time="0.0"/>
  <testcase name="testParser(String)[5666]" classname="ex.PublicTests$FlightParserTest" time="0.0"/>
  <testcase name="testParser(String)[5667]" classname="ex.PublicTests$FlightParserTest" time="0.0"/>
  <testcase name="testParser(String)[5668]" classname="ex.PublicTests$FlightParserTest" time="0.0"/>
  <testcase name="testParser(String)[5669]" classname="ex.PublicTests$FlightParserTest" time="0.0"/>
  <testcase name="testParser(String)[5670]" classname="ex.PublicTests$FlightParserTest" time="0.001"/>
  <testcase name="testParser(String)[5671]" classname="ex.PublicTests$FlightParserTest" time="0.0"/>
  <testcase name="testParser(String)[5672]" classname="ex.PublicTests$FlightParserTest" time="0.0"/>
  <testcase name="testParser(String)[5673]" classname="ex.PublicTests$FlightParserTest" time="0.0"/>
  <testcase name="testParser(String)[5674]" classname="ex.PublicTests$FlightParserTest" time="0.0"/>
  <testcase name="testParser(String)[5675]" classname="ex.PublicTests$FlightParserTest" time="0.0"/>
  <testcase name="testParser(String)[5676]" classname="ex.PublicTests$FlightParserTest" time="0.0"/>
  <testcase name="testParser(String)[5677]" classname="ex.PublicTests$FlightParserTest" time="0.0"/>
  <testcase name="testParser(String)[5678]" classname="ex.PublicTests$FlightParserTest" time="0.001"/>
  <testcase name="testParser(String)[5679]" classname="ex.PublicTests$FlightParserTest" time="0.0"/>
  <testcase name="testParser(String)[5680]" classname="ex.PublicTests$FlightParserTest" time="0.0"/>
  <testcase name="testParser(String)[5681]" classname="ex.PublicTests$FlightParserTest" time="0.0"/>
  <testcase name="testParser(String)[5682]" classname="ex.PublicTests$FlightParserTest" time="0.001"/>
  <testcase name="testParser(String)[5683]" classname="ex.PublicTests$FlightParserTest" time="0.0"/>
  <testcase name="testParser(String)[5684]" classname="ex.PublicTests$FlightParserTest" time="0.0"/>
  <testcase name="testParser(String)[5685]" classname="ex.PublicTests$FlightParserTest" time="0.0"/>
  <testcase name="testParser(String)[5686]" classname="ex.PublicTests$FlightParserTest" time="0.0"/>
  <testcase name="testParser(String)[5687]" classname="ex.PublicTests$FlightParserTest" time="0.0"/>
  <testcase name="testParser(String)[5688]" classname="ex.PublicTests$FlightParserTest" time="0.0"/>
  <testcase name="testParser(String)[5689]" classname="ex.PublicTests$FlightParserTest" time="0.0"/>
  <testcase name="testParser(String)[5690]" classname="ex.PublicTests$FlightParserTest" time="0.0"/>
  <testcase name="testParser(String)[5691]" classname="ex.PublicTests$FlightParserTest" time="0.003"/>
  <testcase name="testParser(String)[5692]" classname="ex.PublicTests$FlightParserTest" time="0.001"/>
  <testcase name="testParser(String)[5693]" classname="ex.PublicTests$FlightParserTest" time="0.001"/>
  <testcase name="testParser(String)[5694]" classname="ex.PublicTests$FlightParserTest" time="0.0"/>
  <testcase name="testParser(String)[5695]" classname="ex.PublicTests$FlightParserTest" time="0.0"/>
  <testcase name="testParser(String)[5696]" classname="ex.PublicTests$FlightParserTest" time="0.0"/>
  <testcase name="testParser(String)[5697]" classname="ex.PublicTests$FlightParserTest" time="0.0"/>
  <testcase name="testParser(String)[5698]" classname="ex.PublicTests$FlightParserTest" time="0.0"/>
  <testcase name="testParser(String)[5699]" classname="ex.PublicTests$FlightParserTest" time="0.0"/>
  <testcase name="testParser(String)[5700]" classname="ex.PublicTests$FlightParserTest" time="0.0"/>
  <testcase name="testParser(String)[5701]" classname="ex.PublicTests$FlightParserTest" time="0.0"/>
  <testcase name="testParser(String)[5702]" classname="ex.PublicTests$FlightParserTest" time="0.001"/>
  <testcase name="testParser(String)[5703]" classname="ex.PublicTests$FlightParserTest" time="0.0"/>
  <testcase name="testParser(String)[5704]" classname="ex.PublicTests$FlightParserTest" time="0.001"/>
  <testcase name="testParser(String)[5705]" classname="ex.PublicTests$FlightParserTest" time="0.0"/>
  <testcase name="testParser(String)[5706]" classname="ex.PublicTests$FlightParserTest" time="0.001"/>
  <testcase name="testParser(String)[5707]" classname="ex.PublicTests$FlightParserTest" time="0.0"/>
  <testcase name="testParser(String)[5708]" classname="ex.PublicTests$FlightParserTest" time="0.0"/>
  <testcase name="testParser(String)[5709]" classname="ex.PublicTests$FlightParserTest" time="0.0"/>
  <testcase name="testParser(String)[5710]" classname="ex.PublicTests$FlightParserTest" time="0.001"/>
  <testcase name="testParser(String)[5711]" classname="ex.PublicTests$FlightParserTest" time="0.0"/>
  <testcase name="testParser(String)[5712]" classname="ex.PublicTests$FlightParserTest" time="0.0"/>
  <testcase name="testParser(String)[5713]" classname="ex.PublicTests$FlightParserTest" time="0.0"/>
  <testcase name="testParser(String)[5714]" classname="ex.PublicTests$FlightParserTest" time="0.0"/>
  <testcase name="testParser(String)[5715]" classname="ex.PublicTests$FlightParserTest" time="0.0"/>
  <testcase name="testParser(String)[5716]" classname="ex.PublicTests$FlightParserTest" time="0.001"/>
  <testcase name="testParser(String)[5717]" classname="ex.PublicTests$FlightParserTest" time="0.0"/>
  <testcase name="testParser(String)[5718]" classname="ex.PublicTests$FlightParserTest" time="0.0"/>
  <testcase name="testParser(String)[5719]" classname="ex.PublicTests$FlightParserTest" time="0.0"/>
  <testcase name="testParser(String)[5720]" classname="ex.PublicTests$FlightParserTest" time="0.0"/>
  <testcase name="testParser(String)[5721]" classname="ex.PublicTests$FlightParserTest" time="0.0"/>
  <testcase name="testParser(String)[5722]" classname="ex.PublicTests$FlightParserTest" time="0.0"/>
  <testcase name="testParser(String)[5723]" classname="ex.PublicTests$FlightParserTest" time="0.0"/>
  <testcase name="testParser(String)[5724]" classname="ex.PublicTests$FlightParserTest" time="0.0"/>
  <testcase name="testParser(String)[5725]" classname="ex.PublicTests$FlightParserTest" time="0.0"/>
  <testcase name="testParser(String)[5726]" classname="ex.PublicTests$FlightParserTest" time="0.001"/>
  <testcase name="testParser(String)[5727]" classname="ex.PublicTests$FlightParserTest" time="0.0"/>
  <testcase name="testParser(String)[5728]" classname="ex.PublicTests$FlightParserTest" time="0.001"/>
  <testcase name="testParser(String)[5729]" classname="ex.PublicTests$FlightParserTest" time="0.0"/>
  <testcase name="testParser(String)[5730]" classname="ex.PublicTests$FlightParserTest" time="0.001"/>
  <testcase name="testParser(String)[5731]" classname="ex.PublicTests$FlightParserTest" time="0.0"/>
  <testcase name="testParser(String)[5732]" classname="ex.PublicTests$FlightParserTest" time="0.0"/>
  <testcase name="testParser(String)[5733]" classname="ex.PublicTests$FlightParserTest" time="0.0"/>
  <testcase name="testParser(String)[5734]" classname="ex.PublicTests$FlightParserTest" time="0.001"/>
  <testcase name="testParser(String)[5735]" classname="ex.PublicTests$FlightParserTest" time="0.0"/>
  <testcase name="testParser(String)[5736]" classname="ex.PublicTests$FlightParserTest" time="0.001"/>
  <testcase name="testParser(String)[5737]" classname="ex.PublicTests$FlightParserTest" time="0.0"/>
  <testcase name="testParser(String)[5738]" classname="ex.PublicTests$FlightParserTest" time="0.0"/>
  <testcase name="testParser(String)[5739]" classname="ex.PublicTests$FlightParserTest" time="0.0"/>
  <testcase name="testParser(String)[5740]" classname="ex.PublicTests$FlightParserTest" time="0.0"/>
  <testcase name="testParser(String)[5741]" classname="ex.PublicTests$FlightParserTest" time="0.001"/>
  <testcase name="testParser(String)[5742]" classname="ex.PublicTests$FlightParserTest" time="0.0"/>
  <testcase name="testParser(String)[5743]" classname="ex.PublicTests$FlightParserTest" time="0.0"/>
  <testcase name="testParser(String)[5744]" classname="ex.PublicTests$FlightParserTest" time="0.0"/>
  <testcase name="testParser(String)[5745]" classname="ex.PublicTests$FlightParserTest" time="0.0"/>
  <testcase name="testParser(String)[5746]" classname="ex.PublicTests$FlightParserTest" time="0.0"/>
  <testcase name="testParser(String)[5747]" classname="ex.PublicTests$FlightParserTest" time="0.0"/>
  <testcase name="testParser(String)[5748]" classname="ex.PublicTests$FlightParserTest" time="0.001"/>
  <testcase name="testParser(String)[5749]" classname="ex.PublicTests$FlightParserTest" time="0.0"/>
  <testcase name="testParser(String)[5750]" classname="ex.PublicTests$FlightParserTest" time="0.0"/>
  <testcase name="testParser(String)[5751]" classname="ex.PublicTests$FlightParserTest" time="0.0"/>
  <testcase name="testParser(String)[5752]" classname="ex.PublicTests$FlightParserTest" time="0.001"/>
  <testcase name="testParser(String)[5753]" classname="ex.PublicTests$FlightParserTest" time="0.0"/>
  <testcase name="testParser(String)[5754]" classname="ex.PublicTests$FlightParserTest" time="0.0"/>
  <testcase name="testParser(String)[5755]" classname="ex.PublicTests$FlightParserTest" time="0.0"/>
  <testcase name="testParser(String)[5756]" classname="ex.PublicTests$FlightParserTest" time="0.0"/>
  <testcase name="testParser(String)[5757]" classname="ex.PublicTests$FlightParserTest" time="0.0"/>
  <testcase name="testParser(String)[5758]" classname="ex.PublicTests$FlightParserTest" time="0.0"/>
  <testcase name="testParser(String)[5759]" classname="ex.PublicTests$FlightParserTest" time="0.0"/>
  <testcase name="testParser(String)[5760]" classname="ex.PublicTests$FlightParserTest" time="0.0"/>
  <testcase name="testParser(String)[5761]" classname="ex.PublicTests$FlightParserTest" time="0.0"/>
  <testcase name="testParser(String)[5762]" classname="ex.PublicTests$FlightParserTest" time="0.0"/>
  <testcase name="testParser(String)[5763]" classname="ex.PublicTests$FlightParserTest" time="0.0"/>
  <testcase name="testParser(String)[5764]" classname="ex.PublicTests$FlightParserTest" time="0.001"/>
  <testcase name="testParser(String)[5765]" classname="ex.PublicTests$FlightParserTest" time="0.0"/>
  <testcase name="testParser(String)[5766]" classname="ex.PublicTests$FlightParserTest" time="0.0"/>
  <testcase name="testParser(String)[5767]" classname="ex.PublicTests$FlightParserTest" time="0.0"/>
  <testcase name="testParser(String)[5768]" classname="ex.PublicTests$FlightParserTest" time="0.001"/>
  <testcase name="testParser(String)[5769]" classname="ex.PublicTests$FlightParserTest" time="0.0"/>
  <testcase name="testParser(String)[5770]" classname="ex.PublicTests$FlightParserTest" time="0.0"/>
  <testcase name="testParser(String)[5771]" classname="ex.PublicTests$FlightParserTest" time="0.0"/>
  <testcase name="testParser(String)[5772]" classname="ex.PublicTests$FlightParserTest" time="0.0"/>
  <testcase name="testParser(String)[5773]" classname="ex.PublicTests$FlightParserTest" time="0.0"/>
  <testcase name="testParser(String)[5774]" classname="ex.PublicTests$FlightParserTest" time="0.001"/>
  <testcase name="testParser(String)[5775]" classname="ex.PublicTests$FlightParserTest" time="0.0"/>
  <testcase name="testParser(String)[5776]" classname="ex.PublicTests$FlightParserTest" time="0.0"/>
  <testcase name="testParser(String)[5777]" classname="ex.PublicTests$FlightParserTest" time="0.0"/>
  <testcase name="testParser(String)[5778]" classname="ex.PublicTests$FlightParserTest" time="0.0"/>
  <testcase name="testParser(String)[5779]" classname="ex.PublicTests$FlightParserTest" time="0.0"/>
  <testcase name="testParser(String)[5780]" classname="ex.PublicTests$FlightParserTest" time="0.0"/>
  <testcase name="testParser(String)[5781]" classname="ex.PublicTests$FlightParserTest" time="0.0"/>
  <testcase name="testParser(String)[5782]" classname="ex.PublicTests$FlightParserTest" time="0.0"/>
  <testcase name="testParser(String)[5783]" classname="ex.PublicTests$FlightParserTest" time="0.0"/>
  <testcase name="testParser(String)[5784]" classname="ex.PublicTests$FlightParserTest" time="0.001"/>
  <testcase name="testParser(String)[5785]" classname="ex.PublicTests$FlightParserTest" time="0.0"/>
  <testcase name="testParser(String)[5786]" classname="ex.PublicTests$FlightParserTest" time="0.0"/>
  <testcase name="testParser(String)[5787]" classname="ex.PublicTests$FlightParserTest" time="0.0"/>
  <testcase name="testParser(String)[5788]" classname="ex.PublicTests$FlightParserTest" time="0.0"/>
  <testcase name="testParser(String)[5789]" classname="ex.PublicTests$FlightParserTest" time="0.0"/>
  <testcase name="testParser(String)[5790]" classname="ex.PublicTests$FlightParserTest" time="0.0"/>
  <testcase name="testParser(String)[5791]" classname="ex.PublicTests$FlightParserTest" time="0.001"/>
  <testcase name="testParser(String)[5792]" classname="ex.PublicTests$FlightParserTest" time="0.0"/>
  <testcase name="testParser(String)[5793]" classname="ex.PublicTests$FlightParserTest" time="0.0"/>
  <testcase name="testParser(String)[5794]" classname="ex.PublicTests$FlightParserTest" time="0.0"/>
  <testcase name="testParser(String)[5795]" classname="ex.PublicTests$FlightParserTest" time="0.0"/>
  <testcase name="testParser(String)[5796]" classname="ex.PublicTests$FlightParserTest" time="0.0"/>
  <testcase name="testParser(String)[5797]" classname="ex.PublicTests$FlightParserTest" time="0.001"/>
  <testcase name="testParser(String)[5798]" classname="ex.PublicTests$FlightParserTest" time="0.0"/>
  <testcase name="testParser(String)[5799]" classname="ex.PublicTests$FlightParserTest" time="0.0"/>
  <testcase name="testParser(String)[5800]" classname="ex.PublicTests$FlightParserTest" time="0.0"/>
  <testcase name="testParser(String)[5801]" classname="ex.PublicTests$FlightParserTest" time="0.0"/>
  <testcase name="testParser(String)[5802]" classname="ex.PublicTests$FlightParserTest" time="0.0"/>
  <testcase name="testParser(String)[5803]" classname="ex.PublicTests$FlightParserTest" time="0.0"/>
  <testcase name="testParser(String)[5804]" classname="ex.PublicTests$FlightParserTest" time="0.001"/>
  <testcase name="testParser(String)[5805]" classname="ex.PublicTests$FlightParserTest" time="0.0"/>
  <testcase name="testParser(String)[5806]" classname="ex.PublicTests$FlightParserTest" time="0.001"/>
  <testcase name="testParser(String)[5807]" classname="ex.PublicTests$FlightParserTest" time="0.0"/>
  <testcase name="testParser(String)[5808]" classname="ex.PublicTests$FlightParserTest" time="0.001"/>
  <testcase name="testParser(String)[5809]" classname="ex.PublicTests$FlightParserTest" time="0.0"/>
  <testcase name="testParser(String)[5810]" classname="ex.PublicTests$FlightParserTest" time="0.001"/>
  <testcase name="testParser(String)[5811]" classname="ex.PublicTests$FlightParserTest" time="0.0"/>
  <testcase name="testParser(String)[5812]" classname="ex.PublicTests$FlightParserTest" time="0.001"/>
  <testcase name="testParser(String)[5813]" classname="ex.PublicTests$FlightParserTest" time="0.0"/>
  <testcase name="testParser(String)[5814]" classname="ex.PublicTests$FlightParserTest" time="0.0"/>
  <testcase name="testParser(String)[5815]" classname="ex.PublicTests$FlightParserTest" time="0.0"/>
  <testcase name="testParser(String)[5816]" classname="ex.PublicTests$FlightParserTest" time="0.0"/>
  <testcase name="testParser(String)[5817]" classname="ex.PublicTests$FlightParserTest" time="0.0"/>
  <testcase name="testParser(String)[5818]" classname="ex.PublicTests$FlightParserTest" time="0.0"/>
  <testcase name="testParser(String)[5819]" classname="ex.PublicTests$FlightParserTest" time="0.0"/>
  <testcase name="testParser(String)[5820]" classname="ex.PublicTests$FlightParserTest" time="0.001"/>
  <testcase name="testParser(String)[5821]" classname="ex.PublicTests$FlightParserTest" time="0.0"/>
  <testcase name="testParser(String)[5822]" classname="ex.PublicTests$FlightParserTest" time="0.001"/>
  <testcase name="testParser(String)[5823]" classname="ex.PublicTests$FlightParserTest" time="0.0"/>
  <testcase name="testParser(String)[5824]" classname="ex.PublicTests$FlightParserTest" time="0.001"/>
  <testcase name="testParser(String)[5825]" classname="ex.PublicTests$FlightParserTest" time="0.0"/>
  <testcase name="testParser(String)[5826]" classname="ex.PublicTests$FlightParserTest" time="0.0"/>
  <testcase name="testParser(String)[5827]" classname="ex.PublicTests$FlightParserTest" time="0.0"/>
  <testcase name="testParser(String)[5828]" classname="ex.PublicTests$FlightParserTest" time="0.0"/>
  <testcase name="testParser(String)[5829]" classname="ex.PublicTests$FlightParserTest" time="0.001"/>
  <testcase name="testParser(String)[5830]" classname="ex.PublicTests$FlightParserTest" time="0.0"/>
  <testcase name="testParser(String)[5831]" classname="ex.PublicTests$FlightParserTest" time="0.0"/>
  <testcase name="testParser(String)[5832]" classname="ex.PublicTests$FlightParserTest" time="0.0"/>
  <testcase name="testParser(String)[5833]" classname="ex.PublicTests$FlightParserTest" time="0.0"/>
  <testcase name="testParser(String)[5834]" classname="ex.PublicTests$FlightParserTest" time="0.0"/>
  <testcase name="testParser(String)[5835]" classname="ex.PublicTests$FlightParserTest" time="0.0"/>
  <testcase name="testParser(String)[5836]" classname="ex.PublicTests$FlightParserTest" time="0.001"/>
  <testcase name="testParser(String)[5837]" classname="ex.PublicTests$FlightParserTest" time="0.0"/>
  <testcase name="testParser(String)[5838]" classname="ex.PublicTests$FlightParserTest" time="0.0"/>
  <testcase name="testParser(String)[5839]" classname="ex.PublicTests$FlightParserTest" time="0.0"/>
  <testcase name="testParser(String)[5840]" classname="ex.PublicTests$FlightParserTest" time="0.0"/>
  <testcase name="testParser(String)[5841]" classname="ex.PublicTests$FlightParserTest" time="0.001"/>
  <testcase name="testParser(String)[5842]" classname="ex.PublicTests$FlightParserTest" time="0.0"/>
  <testcase name="testParser(String)[5843]" classname="ex.PublicTests$FlightParserTest" time="0.0"/>
  <testcase name="testParser(String)[5844]" classname="ex.PublicTests$FlightParserTest" time="0.0"/>
  <testcase name="testParser(String)[5845]" classname="ex.PublicTests$FlightParserTest" time="0.0"/>
  <testcase name="testParser(String)[5846]" classname="ex.PublicTests$FlightParserTest" time="0.0"/>
  <testcase name="testParser(String)[5847]" classname="ex.PublicTests$FlightParserTest" time="0.0"/>
  <testcase name="testParser(String)[5848]" classname="ex.PublicTests$FlightParserTest" time="0.0"/>
  <testcase name="testParser(String)[5849]" classname="ex.PublicTests$FlightParserTest" time="0.0"/>
  <testcase name="testParser(String)[5850]" classname="ex.PublicTests$FlightParserTest" time="0.001"/>
  <testcase name="testParser(String)[5851]" classname="ex.PublicTests$FlightParserTest" time="0.0"/>
  <testcase name="testParser(String)[5852]" classname="ex.PublicTests$FlightParserTest" time="0.0"/>
  <testcase name="testParser(String)[5853]" classname="ex.PublicTests$FlightParserTest" time="0.0"/>
  <testcase name="testParser(String)[5854]" classname="ex.PublicTests$FlightParserTest" time="0.0"/>
  <testcase name="testParser(String)[5855]" classname="ex.PublicTests$FlightParserTest" time="0.0"/>
  <testcase name="testParser(String)[5856]" classname="ex.PublicTests$FlightParserTest" time="0.0"/>
  <testcase name="testParser(String)[5857]" classname="ex.PublicTests$FlightParserTest" time="0.001"/>
  <testcase name="testParser(String)[5858]" classname="ex.PublicTests$FlightParserTest" time="0.0"/>
  <testcase name="testParser(String)[5859]" classname="ex.PublicTests$FlightParserTest" time="0.0"/>
  <testcase name="testParser(String)[5860]" classname="ex.PublicTests$FlightParserTest" time="0.0"/>
  <testcase name="testParser(String)[5861]" classname="ex.PublicTests$FlightParserTest" time="0.0"/>
  <testcase name="testParser(String)[5862]" classname="ex.PublicTests$FlightParserTest" time="0.0"/>
  <testcase name="testParser(String)[5863]" classname="ex.PublicTests$FlightParserTest" time="0.0"/>
  <testcase name="testParser(String)[5864]" classname="ex.PublicTests$FlightParserTest" time="0.0"/>
  <testcase name="testParser(String)[5865]" classname="ex.PublicTests$FlightParserTest" time="0.0"/>
  <testcase name="testParser(String)[5866]" classname="ex.PublicTests$FlightParserTest" time="0.0"/>
  <testcase name="testParser(String)[5867]" classname="ex.PublicTests$FlightParserTest" time="0.0"/>
  <testcase name="testParser(String)[5868]" classname="ex.PublicTests$FlightParserTest" time="0.0"/>
  <testcase name="testParser(String)[5869]" classname="ex.PublicTests$FlightParserTest" time="0.0"/>
  <testcase name="testParser(String)[5870]" classname="ex.PublicTests$FlightParserTest" time="0.001"/>
  <testcase name="testParser(String)[5871]" classname="ex.PublicTests$FlightParserTest" time="0.0"/>
  <testcase name="testParser(String)[5872]" classname="ex.PublicTests$FlightParserTest" time="0.0"/>
  <testcase name="testParser(String)[5873]" classname="ex.PublicTests$FlightParserTest" time="0.0"/>
  <testcase name="testParser(String)[5874]" classname="ex.PublicTests$FlightParserTest" time="0.001"/>
  <testcase name="testParser(String)[5875]" classname="ex.PublicTests$FlightParserTest" time="0.0"/>
  <testcase name="testParser(String)[5876]" classname="ex.PublicTests$FlightParserTest" time="0.001"/>
  <testcase name="testParser(String)[5877]" classname="ex.PublicTests$FlightParserTest" time="0.0"/>
  <testcase name="testParser(String)[5878]" classname="ex.PublicTests$FlightParserTest" time="0.0"/>
  <testcase name="testParser(String)[5879]" classname="ex.PublicTests$FlightParserTest" time="0.0"/>
  <testcase name="testParser(String)[5880]" classname="ex.PublicTests$FlightParserTest" time="0.0"/>
  <testcase name="testParser(String)[5881]" classname="ex.PublicTests$FlightParserTest" time="0.0"/>
  <testcase name="testParser(String)[5882]" classname="ex.PublicTests$FlightParserTest" time="0.0"/>
  <testcase name="testParser(String)[5883]" classname="ex.PublicTests$FlightParserTest" time="0.0"/>
  <testcase name="testParser(String)[5884]" classname="ex.PublicTests$FlightParserTest" time="0.0"/>
  <testcase name="testParser(String)[5885]" classname="ex.PublicTests$FlightParserTest" time="0.0"/>
  <testcase name="testParser(String)[5886]" classname="ex.PublicTests$FlightParserTest" time="0.0"/>
  <testcase name="testParser(String)[5887]" classname="ex.PublicTests$FlightParserTest" time="0.0"/>
  <testcase name="testParser(String)[5888]" classname="ex.PublicTests$FlightParserTest" time="0.0"/>
  <testcase name="testParser(String)[5889]" classname="ex.PublicTests$FlightParserTest" time="0.001"/>
  <testcase name="testParser(String)[5890]" classname="ex.PublicTests$FlightParserTest" time="0.0"/>
  <testcase name="testParser(String)[5891]" classname="ex.PublicTests$FlightParserTest" time="0.001"/>
  <testcase name="testParser(String)[5892]" classname="ex.PublicTests$FlightParserTest" time="0.0"/>
  <testcase name="testParser(String)[5893]" classname="ex.PublicTests$FlightParserTest" time="0.0"/>
  <testcase name="testParser(String)[5894]" classname="ex.PublicTests$FlightParserTest" time="0.0"/>
  <testcase name="testParser(String)[5895]" classname="ex.PublicTests$FlightParserTest" time="0.0"/>
  <testcase name="testParser(String)[5896]" classname="ex.PublicTests$FlightParserTest" time="0.001"/>
  <testcase name="testParser(String)[5897]" classname="ex.PublicTests$FlightParserTest" time="0.0"/>
  <testcase name="testParser(String)[5898]" classname="ex.PublicTests$FlightParserTest" time="0.001"/>
  <testcase name="testParser(String)[5899]" classname="ex.PublicTests$FlightParserTest" time="0.0"/>
  <testcase name="testParser(String)[5900]" classname="ex.PublicTests$FlightParserTest" time="0.001"/>
  <testcase name="testParser(String)[5901]" classname="ex.PublicTests$FlightParserTest" time="0.0"/>
  <testcase name="testParser(String)[5902]" classname="ex.PublicTests$FlightParserTest" time="0.001"/>
  <testcase name="testParser(String)[5903]" classname="ex.PublicTests$FlightParserTest" time="0.0"/>
  <testcase name="testParser(String)[5904]" classname="ex.PublicTests$FlightParserTest" time="0.001"/>
  <testcase name="testParser(String)[5905]" classname="ex.PublicTests$FlightParserTest" time="0.0"/>
  <testcase name="testParser(String)[5906]" classname="ex.PublicTests$FlightParserTest" time="0.0"/>
  <testcase name="testParser(String)[5907]" classname="ex.PublicTests$FlightParserTest" time="0.0"/>
  <testcase name="testParser(String)[5908]" classname="ex.PublicTests$FlightParserTest" time="0.001"/>
  <testcase name="testParser(String)[5909]" classname="ex.PublicTests$FlightParserTest" time="0.0"/>
  <testcase name="testParser(String)[5910]" classname="ex.PublicTests$FlightParserTest" time="0.0"/>
  <testcase name="testParser(String)[5911]" classname="ex.PublicTests$FlightParserTest" time="0.0"/>
  <testcase name="testParser(String)[5912]" classname="ex.PublicTests$FlightParserTest" time="0.0"/>
  <testcase name="testParser(String)[5913]" classname="ex.PublicTests$FlightParserTest" time="0.0"/>
  <testcase name="testParser(String)[5914]" classname="ex.PublicTests$FlightParserTest" time="0.0"/>
  <testcase name="testParser(String)[5915]" classname="ex.PublicTests$FlightParserTest" time="0.0"/>
  <testcase name="testParser(String)[5916]" classname="ex.PublicTests$FlightParserTest" time="0.0"/>
  <testcase name="testParser(String)[5917]" classname="ex.PublicTests$FlightParserTest" time="0.0"/>
  <testcase name="testParser(String)[5918]" classname="ex.PublicTests$FlightParserTest" time="0.0"/>
  <testcase name="testParser(String)[5919]" classname="ex.PublicTests$FlightParserTest" time="0.0"/>
  <testcase name="testParser(String)[5920]" classname="ex.PublicTests$FlightParserTest" time="0.0"/>
  <testcase name="testParser(String)[5921]" classname="ex.PublicTests$FlightParserTest" time="0.001"/>
  <testcase name="testParser(String)[5922]" classname="ex.PublicTests$FlightParserTest" time="0.0"/>
  <testcase name="testParser(String)[5923]" classname="ex.PublicTests$FlightParserTest" time="0.0"/>
  <testcase name="testParser(String)[5924]" classname="ex.PublicTests$FlightParserTest" time="0.0"/>
  <testcase name="testParser(String)[5925]" classname="ex.PublicTests$FlightParserTest" time="0.001"/>
  <testcase name="testParser(String)[5926]" classname="ex.PublicTests$FlightParserTest" time="0.0"/>
  <testcase name="testParser(String)[5927]" classname="ex.PublicTests$FlightParserTest" time="0.001"/>
  <testcase name="testParser(String)[5928]" classname="ex.PublicTests$FlightParserTest" time="0.0"/>
  <testcase name="testParser(String)[5929]" classname="ex.PublicTests$FlightParserTest" time="0.0"/>
  <testcase name="testParser(String)[5930]" classname="ex.PublicTests$FlightParserTest" time="0.0"/>
  <testcase name="testParser(String)[5931]" classname="ex.PublicTests$FlightParserTest" time="0.0"/>
  <testcase name="testParser(String)[5932]" classname="ex.PublicTests$FlightParserTest" time="0.001"/>
  <testcase name="testParser(String)[5933]" classname="ex.PublicTests$FlightParserTest" time="0.0"/>
  <testcase name="testParser(String)[5934]" classname="ex.PublicTests$FlightParserTest" time="0.001"/>
  <testcase name="testParser(String)[5935]" classname="ex.PublicTests$FlightParserTest" time="0.0"/>
  <testcase name="testParser(String)[5936]" classname="ex.PublicTests$FlightParserTest" time="0.0"/>
  <testcase name="testParser(String)[5937]" classname="ex.PublicTests$FlightParserTest" time="0.0"/>
  <testcase name="testParser(String)[5938]" classname="ex.PublicTests$FlightParserTest" time="0.0"/>
  <testcase name="testParser(String)[5939]" classname="ex.PublicTests$FlightParserTest" time="0.0"/>
  <testcase name="testParser(String)[5940]" classname="ex.PublicTests$FlightParserTest" time="0.0"/>
  <testcase name="testParser(String)[5941]" classname="ex.PublicTests$FlightParserTest" time="0.001"/>
  <testcase name="testParser(String)[5942]" classname="ex.PublicTests$FlightParserTest" time="0.0"/>
  <testcase name="testParser(String)[5943]" classname="ex.PublicTests$FlightParserTest" time="0.0"/>
  <testcase name="testParser(String)[5944]" classname="ex.PublicTests$FlightParserTest" time="0.0"/>
  <testcase name="testParser(String)[5945]" classname="ex.PublicTests$FlightParserTest" time="0.0"/>
  <testcase name="testParser(String)[5946]" classname="ex.PublicTests$FlightParserTest" time="0.0"/>
  <testcase name="testParser(String)[5947]" classname="ex.PublicTests$FlightParserTest" time="0.0"/>
  <testcase name="testParser(String)[5948]" classname="ex.PublicTests$FlightParserTest" time="0.0"/>
  <testcase name="testParser(String)[5949]" classname="ex.PublicTests$FlightParserTest" time="0.0"/>
  <testcase name="testParser(String)[5950]" classname="ex.PublicTests$FlightParserTest" time="0.001"/>
  <testcase name="testParser(String)[5951]" classname="ex.PublicTests$FlightParserTest" time="0.0"/>
  <testcase name="testParser(String)[5952]" classname="ex.PublicTests$FlightParserTest" time="0.0"/>
  <testcase name="testParser(String)[5953]" classname="ex.PublicTests$FlightParserTest" time="0.0"/>
  <testcase name="testParser(String)[5954]" classname="ex.PublicTests$FlightParserTest" time="0.001"/>
  <testcase name="testParser(String)[5955]" classname="ex.PublicTests$FlightParserTest" time="0.0"/>
  <testcase name="testParser(String)[5956]" classname="ex.PublicTests$FlightParserTest" time="0.0"/>
  <testcase name="testParser(String)[5957]" classname="ex.PublicTests$FlightParserTest" time="0.0"/>
  <testcase name="testParser(String)[5958]" classname="ex.PublicTests$FlightParserTest" time="0.0"/>
  <testcase name="testParser(String)[5959]" classname="ex.PublicTests$FlightParserTest" time="0.001"/>
  <testcase name="testParser(String)[5960]" classname="ex.PublicTests$FlightParserTest" time="0.0"/>
  <testcase name="testParser(String)[5961]" classname="ex.PublicTests$FlightParserTest" time="0.001"/>
  <testcase name="testParser(String)[5962]" classname="ex.PublicTests$FlightParserTest" time="0.0"/>
  <testcase name="testParser(String)[5963]" classname="ex.PublicTests$FlightParserTest" time="0.0"/>
  <testcase name="testParser(String)[5964]" classname="ex.PublicTests$FlightParserTest" time="0.0"/>
  <testcase name="testParser(String)[5965]" classname="ex.PublicTests$FlightParserTest" time="0.0"/>
  <testcase name="testParser(String)[5966]" classname="ex.PublicTests$FlightParserTest" time="0.0"/>
  <testcase name="testParser(String)[5967]" classname="ex.PublicTests$FlightParserTest" time="0.0"/>
  <testcase name="testParser(String)[5968]" classname="ex.PublicTests$FlightParserTest" time="0.001"/>
  <testcase name="testParser(String)[5969]" classname="ex.PublicTests$FlightParserTest" time="0.0"/>
  <testcase name="testParser(String)[5970]" classname="ex.PublicTests$FlightParserTest" time="0.001"/>
  <testcase name="testParser(String)[5971]" classname="ex.PublicTests$FlightParserTest" time="0.0"/>
  <testcase name="testParser(String)[5972]" classname="ex.PublicTests$FlightParserTest" time="0.001"/>
  <testcase name="testParser(String)[5973]" classname="ex.PublicTests$FlightParserTest" time="0.0"/>
  <testcase name="testParser(String)[5974]" classname="ex.PublicTests$FlightParserTest" time="0.0"/>
  <testcase name="testParser(String)[5975]" classname="ex.PublicTests$FlightParserTest" time="0.0"/>
  <testcase name="testParser(String)[5976]" classname="ex.PublicTests$FlightParserTest" time="0.0"/>
  <testcase name="testParser(String)[5977]" classname="ex.PublicTests$FlightParserTest" time="0.0"/>
  <testcase name="testParser(String)[5978]" classname="ex.PublicTests$FlightParserTest" time="0.0"/>
  <testcase name="testParser(String)[5979]" classname="ex.PublicTests$FlightParserTest" time="0.0"/>
  <testcase name="testParser(String)[5980]" classname="ex.PublicTests$FlightParserTest" time="0.0"/>
  <testcase name="testParser(String)[5981]" classname="ex.PublicTests$FlightParserTest" time="0.0"/>
  <testcase name="testParser(String)[5982]" classname="ex.PublicTests$FlightParserTest" time="0.0"/>
  <testcase name="testParser(String)[5983]" classname="ex.PublicTests$FlightParserTest" time="0.001"/>
  <testcase name="testParser(String)[5984]" classname="ex.PublicTests$FlightParserTest" time="0.0"/>
  <testcase name="testParser(String)[5985]" classname="ex.PublicTests$FlightParserTest" time="0.001"/>
  <testcase name="testParser(String)[5986]" classname="ex.PublicTests$FlightParserTest" time="0.0"/>
  <testcase name="testParser(String)[5987]" classname="ex.PublicTests$FlightParserTest" time="0.0"/>
  <testcase name="testParser(String)[5988]" classname="ex.PublicTests$FlightParserTest" time="0.0"/>
  <testcase name="testParser(String)[5989]" classname="ex.PublicTests$FlightParserTest" time="0.001"/>
  <testcase name="testParser(String)[5990]" classname="ex.PublicTests$FlightParserTest" time="0.0"/>
  <testcase name="testParser(String)[5991]" classname="ex.PublicTests$FlightParserTest" time="0.0"/>
  <testcase name="testParser(String)[5992]" classname="ex.PublicTests$FlightParserTest" time="0.001"/>
  <testcase name="testParser(String)[5993]" classname="ex.PublicTests$FlightParserTest" time="0.0"/>
  <testcase name="testParser(String)[5994]" classname="ex.PublicTests$FlightParserTest" time="0.001"/>
  <testcase name="testParser(String)[5995]" classname="ex.PublicTests$FlightParserTest" time="0.0"/>
  <testcase name="testParser(String)[5996]" classname="ex.PublicTests$FlightParserTest" time="0.001"/>
  <testcase name="testParser(String)[5997]" classname="ex.PublicTests$FlightParserTest" time="0.0"/>
  <testcase name="testParser(String)[5998]" classname="ex.PublicTests$FlightParserTest" time="0.001"/>
  <testcase name="testParser(String)[5999]" classname="ex.PublicTests$FlightParserTest" time="0.0"/>
  <testcase name="testParser(String)[6000]" classname="ex.PublicTests$FlightParserTest" time="0.0"/>
  <testcase name="testParser(String)[6001]" classname="ex.PublicTests$FlightParserTest" time="0.0"/>
  <testcase name="testParser(String)[6002]" classname="ex.PublicTests$FlightParserTest" time="0.0"/>
  <testcase name="testParser(String)[6003]" classname="ex.PublicTests$FlightParserTest" time="0.0"/>
  <testcase name="testParser(String)[6004]" classname="ex.PublicTests$FlightParserTest" time="0.0"/>
  <testcase name="testParser(String)[6005]" classname="ex.PublicTests$FlightParserTest" time="0.0"/>
  <testcase name="testParser(String)[6006]" classname="ex.PublicTests$FlightParserTest" time="0.0"/>
  <testcase name="testParser(String)[6007]" classname="ex.PublicTests$FlightParserTest" time="0.0"/>
  <testcase name="testParser(String)[6008]" classname="ex.PublicTests$FlightParserTest" time="0.0"/>
  <testcase name="testParser(String)[6009]" classname="ex.PublicTests$FlightParserTest" time="0.0"/>
  <testcase name="testParser(String)[6010]" classname="ex.PublicTests$FlightParserTest" time="0.0"/>
  <testcase name="testParser(String)[6011]" classname="ex.PublicTests$FlightParserTest" time="0.0"/>
  <testcase name="testParser(String)[6012]" classname="ex.PublicTests$FlightParserTest" time="0.0"/>
  <testcase name="testParser(String)[6013]" classname="ex.PublicTests$FlightParserTest" time="0.0"/>
  <testcase name="testParser(String)[6014]" classname="ex.PublicTests$FlightParserTest" time="0.0"/>
  <testcase name="testParser(String)[6015]" classname="ex.PublicTests$FlightParserTest" time="0.0"/>
  <testcase name="testParser(String)[6016]" classname="ex.PublicTests$FlightParserTest" time="0.0"/>
  <testcase name="testParser(String)[6017]" classname="ex.PublicTests$FlightParserTest" time="0.0"/>
  <testcase name="testParser(String)[6018]" classname="ex.PublicTests$FlightParserTest" time="0.0"/>
  <testcase name="testParser(String)[6019]" classname="ex.PublicTests$FlightParserTest" time="0.0"/>
  <testcase name="testParser(String)[6020]" classname="ex.PublicTests$FlightParserTest" time="0.0"/>
  <testcase name="testParser(String)[6021]" classname="ex.PublicTests$FlightParserTest" time="0.001"/>
  <testcase name="testParser(String)[6022]" classname="ex.PublicTests$FlightParserTest" time="0.0"/>
  <testcase name="testParser(String)[6023]" classname="ex.PublicTests$FlightParserTest" time="0.001"/>
  <testcase name="testParser(String)[6024]" classname="ex.PublicTests$FlightParserTest" time="0.0"/>
  <testcase name="testParser(String)[6025]" classname="ex.PublicTests$FlightParserTest" time="0.0"/>
  <testcase name="testParser(String)[6026]" classname="ex.PublicTests$FlightParserTest" time="0.0"/>
  <testcase name="testParser(String)[6027]" classname="ex.PublicTests$FlightParserTest" time="0.0"/>
  <testcase name="testParser(String)[6028]" classname="ex.PublicTests$FlightParserTest" time="0.0"/>
  <testcase name="testParser(String)[6029]" classname="ex.PublicTests$FlightParserTest" time="0.0"/>
  <testcase name="testParser(String)[6030]" classname="ex.PublicTests$FlightParserTest" time="0.0"/>
  <testcase name="testParser(String)[6031]" classname="ex.PublicTests$FlightParserTest" time="0.0"/>
  <testcase name="testParser(String)[6032]" classname="ex.PublicTests$FlightParserTest" time="0.0"/>
  <testcase name="testParser(String)[6033]" classname="ex.PublicTests$FlightParserTest" time="0.0"/>
  <testcase name="testParser(String)[6034]" classname="ex.PublicTests$FlightParserTest" time="0.001"/>
  <testcase name="testParser(String)[6035]" classname="ex.PublicTests$FlightParserTest" time="0.0"/>
  <testcase name="testParser(String)[6036]" classname="ex.PublicTests$FlightParserTest" time="0.001"/>
  <testcase name="testParser(String)[6037]" classname="ex.PublicTests$FlightParserTest" time="0.0"/>
  <testcase name="testParser(String)[6038]" classname="ex.PublicTests$FlightParserTest" time="0.001"/>
  <testcase name="testParser(String)[6039]" classname="ex.PublicTests$FlightParserTest" time="0.0"/>
  <testcase name="testParser(String)[6040]" classname="ex.PublicTests$FlightParserTest" time="0.001"/>
  <testcase name="testParser(String)[6041]" classname="ex.PublicTests$FlightParserTest" time="0.0"/>
  <testcase name="testParser(String)[6042]" classname="ex.PublicTests$FlightParserTest" time="0.001"/>
  <testcase name="testParser(String)[6043]" classname="ex.PublicTests$FlightParserTest" time="0.0"/>
  <testcase name="testParser(String)[6044]" classname="ex.PublicTests$FlightParserTest" time="0.001"/>
  <testcase name="testParser(String)[6045]" classname="ex.PublicTests$FlightParserTest" time="0.0"/>
  <testcase name="testParser(String)[6046]" classname="ex.PublicTests$FlightParserTest" time="0.0"/>
  <testcase name="testParser(String)[6047]" classname="ex.PublicTests$FlightParserTest" time="0.001"/>
  <testcase name="testParser(String)[6048]" classname="ex.PublicTests$FlightParserTest" time="0.0"/>
  <testcase name="testParser(String)[6049]" classname="ex.PublicTests$FlightParserTest" time="0.001"/>
  <testcase name="testParser(String)[6050]" classname="ex.PublicTests$FlightParserTest" time="0.0"/>
  <testcase name="testParser(String)[6051]" classname="ex.PublicTests$FlightParserTest" time="0.001"/>
  <testcase name="testParser(String)[6052]" classname="ex.PublicTests$FlightParserTest" time="0.0"/>
  <testcase name="testParser(String)[6053]" classname="ex.PublicTests$FlightParserTest" time="0.0"/>
  <testcase name="testParser(String)[6054]" classname="ex.PublicTests$FlightParserTest" time="0.0"/>
  <testcase name="testParser(String)[6055]" classname="ex.PublicTests$FlightParserTest" time="0.0"/>
  <testcase name="testParser(String)[6056]" classname="ex.PublicTests$FlightParserTest" time="0.0"/>
  <testcase name="testParser(String)[6057]" classname="ex.PublicTests$FlightParserTest" time="0.0"/>
  <testcase name="testParser(String)[6058]" classname="ex.PublicTests$FlightParserTest" time="0.0"/>
  <testcase name="testParser(String)[6059]" classname="ex.PublicTests$FlightParserTest" time="0.0"/>
  <testcase name="testParser(String)[6060]" classname="ex.PublicTests$FlightParserTest" time="0.0"/>
  <testcase name="testParser(String)[6061]" classname="ex.PublicTests$FlightParserTest" time="0.0"/>
  <testcase name="testParser(String)[6062]" classname="ex.PublicTests$FlightParserTest" time="0.0"/>
  <testcase name="testParser(String)[6063]" classname="ex.PublicTests$FlightParserTest" time="0.001"/>
  <testcase name="testParser(String)[6064]" classname="ex.PublicTests$FlightParserTest" time="0.0"/>
  <testcase name="testParser(String)[6065]" classname="ex.PublicTests$FlightParserTest" time="0.0"/>
  <testcase name="testParser(String)[6066]" classname="ex.PublicTests$FlightParserTest" time="0.0"/>
  <testcase name="testParser(String)[6067]" classname="ex.PublicTests$FlightParserTest" time="0.0"/>
  <testcase name="testParser(String)[6068]" classname="ex.PublicTests$FlightParserTest" time="0.0"/>
  <testcase name="testParser(String)[6069]" classname="ex.PublicTests$FlightParserTest" time="0.0"/>
  <testcase name="testParser(String)[6070]" classname="ex.PublicTests$FlightParserTest" time="0.0"/>
  <testcase name="testParser(String)[6071]" classname="ex.PublicTests$FlightParserTest" time="0.0"/>
  <testcase name="testParser(String)[6072]" classname="ex.PublicTests$FlightParserTest" time="0.001"/>
  <testcase name="testParser(String)[6073]" classname="ex.PublicTests$FlightParserTest" time="0.0"/>
  <testcase name="testParser(String)[6074]" classname="ex.PublicTests$FlightParserTest" time="0.001"/>
  <testcase name="testParser(String)[6075]" classname="ex.PublicTests$FlightParserTest" time="0.0"/>
  <testcase name="testParser(String)[6076]" classname="ex.PublicTests$FlightParserTest" time="0.0"/>
  <testcase name="testParser(String)[6077]" classname="ex.PublicTests$FlightParserTest" time="0.0"/>
  <testcase name="testParser(String)[6078]" classname="ex.PublicTests$FlightParserTest" time="0.0"/>
  <testcase name="testParser(String)[6079]" classname="ex.PublicTests$FlightParserTest" time="0.0"/>
  <testcase name="testParser(String)[6080]" classname="ex.PublicTests$FlightParserTest" time="0.0"/>
  <testcase name="testParser(String)[6081]" classname="ex.PublicTests$FlightParserTest" time="0.0"/>
  <testcase name="testParser(String)[6082]" classname="ex.PublicTests$FlightParserTest" time="0.0"/>
  <testcase name="testParser(String)[6083]" classname="ex.PublicTests$FlightParserTest" time="0.0"/>
  <testcase name="testParser(String)[6084]" classname="ex.PublicTests$FlightParserTest" time="0.001"/>
  <testcase name="testParser(String)[6085]" classname="ex.PublicTests$FlightParserTest" time="0.0"/>
  <testcase name="testParser(String)[6086]" classname="ex.PublicTests$FlightParserTest" time="0.001"/>
  <testcase name="testParser(String)[6087]" classname="ex.PublicTests$FlightParserTest" time="0.0"/>
  <testcase name="testParser(String)[6088]" classname="ex.PublicTests$FlightParserTest" time="0.0"/>
  <testcase name="testParser(String)[6089]" classname="ex.PublicTests$FlightParserTest" time="0.0"/>
  <testcase name="testParser(String)[6090]" classname="ex.PublicTests$FlightParserTest" time="0.0"/>
  <testcase name="testParser(String)[6091]" classname="ex.PublicTests$FlightParserTest" time="0.0"/>
  <testcase name="testParser(String)[6092]" classname="ex.PublicTests$FlightParserTest" time="0.001"/>
  <testcase name="testParser(String)[6093]" classname="ex.PublicTests$FlightParserTest" time="0.0"/>
  <testcase name="testParser(String)[6094]" classname="ex.PublicTests$FlightParserTest" time="0.001"/>
  <testcase name="testParser(String)[6095]" classname="ex.PublicTests$FlightParserTest" time="0.0"/>
  <testcase name="testParser(String)[6096]" classname="ex.PublicTests$FlightParserTest" time="0.001"/>
  <testcase name="testParser(String)[6097]" classname="ex.PublicTests$FlightParserTest" time="0.0"/>
  <testcase name="testParser(String)[6098]" classname="ex.PublicTests$FlightParserTest" time="0.001"/>
  <testcase name="testParser(String)[6099]" classname="ex.PublicTests$FlightParserTest" time="0.0"/>
  <testcase name="testParser(String)[6100]" classname="ex.PublicTests$FlightParserTest" time="0.001"/>
  <testcase name="testParser(String)[6101]" classname="ex.PublicTests$FlightParserTest" time="0.0"/>
  <testcase name="testParser(String)[6102]" classname="ex.PublicTests$FlightParserTest" time="0.0"/>
  <testcase name="testParser(String)[6103]" classname="ex.PublicTests$FlightParserTest" time="0.001"/>
  <testcase name="testParser(String)[6104]" classname="ex.PublicTests$FlightParserTest" time="0.0"/>
  <testcase name="testParser(String)[6105]" classname="ex.PublicTests$FlightParserTest" time="0.0"/>
  <testcase name="testParser(String)[6106]" classname="ex.PublicTests$FlightParserTest" time="0.0"/>
  <testcase name="testParser(String)[6107]" classname="ex.PublicTests$FlightParserTest" time="0.001"/>
  <testcase name="testParser(String)[6108]" classname="ex.PublicTests$FlightParserTest" time="0.0"/>
  <testcase name="testParser(String)[6109]" classname="ex.PublicTests$FlightParserTest" time="0.001"/>
  <testcase name="testParser(String)[6110]" classname="ex.PublicTests$FlightParserTest" time="0.0"/>
  <testcase name="testParser(String)[6111]" classname="ex.PublicTests$FlightParserTest" time="0.001"/>
  <testcase name="testParser(String)[6112]" classname="ex.PublicTests$FlightParserTest" time="0.0"/>
  <testcase name="testParser(String)[6113]" classname="ex.PublicTests$FlightParserTest" time="0.0"/>
  <testcase name="testParser(String)[6114]" classname="ex.PublicTests$FlightParserTest" time="0.0"/>
  <testcase name="testParser(String)[6115]" classname="ex.PublicTests$FlightParserTest" time="0.001"/>
  <testcase name="testParser(String)[6116]" classname="ex.PublicTests$FlightParserTest" time="0.0"/>
  <testcase name="testParser(String)[6117]" classname="ex.PublicTests$FlightParserTest" time="0.0"/>
  <testcase name="testParser(String)[6118]" classname="ex.PublicTests$FlightParserTest" time="0.0"/>
  <testcase name="testParser(String)[6119]" classname="ex.PublicTests$FlightParserTest" time="0.0"/>
  <testcase name="testParser(String)[6120]" classname="ex.PublicTests$FlightParserTest" time="0.001"/>
  <testcase name="testParser(String)[6121]" classname="ex.PublicTests$FlightParserTest" time="0.0"/>
  <testcase name="testParser(String)[6122]" classname="ex.PublicTests$FlightParserTest" time="0.0"/>
  <testcase name="testParser(String)[6123]" classname="ex.PublicTests$FlightParserTest" time="0.0"/>
  <testcase name="testParser(String)[6124]" classname="ex.PublicTests$FlightParserTest" time="0.001"/>
  <testcase name="testParser(String)[6125]" classname="ex.PublicTests$FlightParserTest" time="0.0"/>
  <testcase name="testParser(String)[6126]" classname="ex.PublicTests$FlightParserTest" time="0.001"/>
  <testcase name="testParser(String)[6127]" classname="ex.PublicTests$FlightParserTest" time="0.0"/>
  <testcase name="testParser(String)[6128]" classname="ex.PublicTests$FlightParserTest" time="0.0"/>
  <testcase name="testParser(String)[6129]" classname="ex.PublicTests$FlightParserTest" time="0.0"/>
  <testcase name="testParser(String)[6130]" classname="ex.PublicTests$FlightParserTest" time="0.0"/>
  <testcase name="testParser(String)[6131]" classname="ex.PublicTests$FlightParserTest" time="0.001"/>
  <testcase name="testParser(String)[6132]" classname="ex.PublicTests$FlightParserTest" time="0.0"/>
  <testcase name="testParser(String)[6133]" classname="ex.PublicTests$FlightParserTest" time="0.0"/>
  <testcase name="testParser(String)[6134]" classname="ex.PublicTests$FlightParserTest" time="0.0"/>
  <testcase name="testParser(String)[6135]" classname="ex.PublicTests$FlightParserTest" time="0.0"/>
  <testcase name="testParser(String)[6136]" classname="ex.PublicTests$FlightParserTest" time="0.001"/>
  <testcase name="testParser(String)[6137]" classname="ex.PublicTests$FlightParserTest" time="0.0"/>
  <testcase name="testParser(String)[6138]" classname="ex.PublicTests$FlightParserTest" time="0.0"/>
  <testcase name="testParser(String)[6139]" classname="ex.PublicTests$FlightParserTest" time="0.0"/>
  <testcase name="testParser(String)[6140]" classname="ex.PublicTests$FlightParserTest" time="0.0"/>
  <testcase name="testParser(String)[6141]" classname="ex.PublicTests$FlightParserTest" time="0.0"/>
  <testcase name="testParser(String)[6142]" classname="ex.PublicTests$FlightParserTest" time="0.0"/>
  <testcase name="testParser(String)[6143]" classname="ex.PublicTests$FlightParserTest" time="0.0"/>
  <testcase name="testParser(String)[6144]" classname="ex.PublicTests$FlightParserTest" time="0.0"/>
  <testcase name="testParser(String)[6145]" classname="ex.PublicTests$FlightParserTest" time="0.0"/>
  <testcase name="testParser(String)[6146]" classname="ex.PublicTests$FlightParserTest" time="0.0"/>
  <testcase name="testParser(String)[6147]" classname="ex.PublicTests$FlightParserTest" time="0.0"/>
  <testcase name="testParser(String)[6148]" classname="ex.PublicTests$FlightParserTest" time="0.0"/>
  <testcase name="testParser(String)[6149]" classname="ex.PublicTests$FlightParserTest" time="0.0"/>
  <testcase name="testParser(String)[6150]" classname="ex.PublicTests$FlightParserTest" time="0.001"/>
  <testcase name="testParser(String)[6151]" classname="ex.PublicTests$FlightParserTest" time="0.0"/>
  <testcase name="testParser(String)[6152]" classname="ex.PublicTests$FlightParserTest" time="0.0"/>
  <testcase name="testParser(String)[6153]" classname="ex.PublicTests$FlightParserTest" time="0.0"/>
  <testcase name="testParser(String)[6154]" classname="ex.PublicTests$FlightParserTest" time="0.001"/>
  <testcase name="testParser(String)[6155]" classname="ex.PublicTests$FlightParserTest" time="0.001"/>
  <testcase name="testParser(String)[6156]" classname="ex.PublicTests$FlightParserTest" time="0.0"/>
  <testcase name="testParser(String)[6157]" classname="ex.PublicTests$FlightParserTest" time="0.001"/>
  <testcase name="testParser(String)[6158]" classname="ex.PublicTests$FlightParserTest" time="0.0"/>
  <testcase name="testParser(String)[6159]" classname="ex.PublicTests$FlightParserTest" time="0.001"/>
  <testcase name="testParser(String)[6160]" classname="ex.PublicTests$FlightParserTest" time="0.0"/>
  <testcase name="testParser(String)[6161]" classname="ex.PublicTests$FlightParserTest" time="0.0"/>
  <testcase name="testParser(String)[6162]" classname="ex.PublicTests$FlightParserTest" time="0.0"/>
  <testcase name="testParser(String)[6163]" classname="ex.PublicTests$FlightParserTest" time="0.0"/>
  <testcase name="testParser(String)[6164]" classname="ex.PublicTests$FlightParserTest" time="0.0"/>
  <testcase name="testParser(String)[6165]" classname="ex.PublicTests$FlightParserTest" time="0.0"/>
  <testcase name="testParser(String)[6166]" classname="ex.PublicTests$FlightParserTest" time="0.0"/>
  <testcase name="testParser(String)[6167]" classname="ex.PublicTests$FlightParserTest" time="0.0"/>
  <testcase name="testParser(String)[6168]" classname="ex.PublicTests$FlightParserTest" time="0.001"/>
  <testcase name="testParser(String)[6169]" classname="ex.PublicTests$FlightParserTest" time="0.0"/>
  <testcase name="testParser(String)[6170]" classname="ex.PublicTests$FlightParserTest" time="0.001"/>
  <testcase name="testParser(String)[6171]" classname="ex.PublicTests$FlightParserTest" time="0.001"/>
  <testcase name="testParser(String)[6172]" classname="ex.PublicTests$FlightParserTest" time="0.001"/>
  <testcase name="testParser(String)[6173]" classname="ex.PublicTests$FlightParserTest" time="0.0"/>
  <testcase name="testParser(String)[6174]" classname="ex.PublicTests$FlightParserTest" time="0.001"/>
  <testcase name="testParser(String)[6175]" classname="ex.PublicTests$FlightParserTest" time="0.001"/>
  <testcase name="testParser(String)[6176]" classname="ex.PublicTests$FlightParserTest" time="0.0"/>
  <testcase name="testParser(String)[6177]" classname="ex.PublicTests$FlightParserTest" time="0.0"/>
  <testcase name="testParser(String)[6178]" classname="ex.PublicTests$FlightParserTest" time="0.001"/>
  <testcase name="testParser(String)[6179]" classname="ex.PublicTests$FlightParserTest" time="0.0"/>
  <testcase name="testParser(String)[6180]" classname="ex.PublicTests$FlightParserTest" time="0.001"/>
  <testcase name="testParser(String)[6181]" classname="ex.PublicTests$FlightParserTest" time="0.0"/>
  <testcase name="testParser(String)[6182]" classname="ex.PublicTests$FlightParserTest" time="0.0"/>
  <testcase name="testParser(String)[6183]" classname="ex.PublicTests$FlightParserTest" time="0.001"/>
  <testcase name="testParser(String)[6184]" classname="ex.PublicTests$FlightParserTest" time="0.0"/>
  <testcase name="testParser(String)[6185]" classname="ex.PublicTests$FlightParserTest" time="0.0"/>
  <testcase name="testParser(String)[6186]" classname="ex.PublicTests$FlightParserTest" time="0.0"/>
  <testcase name="testParser(String)[6187]" classname="ex.PublicTests$FlightParserTest" time="0.0"/>
  <testcase name="testParser(String)[6188]" classname="ex.PublicTests$FlightParserTest" time="0.0"/>
  <testcase name="testParser(String)[6189]" classname="ex.PublicTests$FlightParserTest" time="0.001"/>
  <testcase name="testParser(String)[6190]" classname="ex.PublicTests$FlightParserTest" time="0.0"/>
  <testcase name="testParser(String)[6191]" classname="ex.PublicTests$FlightParserTest" time="0.0"/>
  <testcase name="testParser(String)[6192]" classname="ex.PublicTests$FlightParserTest" time="0.0"/>
  <testcase name="testParser(String)[6193]" classname="ex.PublicTests$FlightParserTest" time="0.0"/>
  <testcase name="testParser(String)[6194]" classname="ex.PublicTests$FlightParserTest" time="0.0"/>
  <testcase name="testParser(String)[6195]" classname="ex.PublicTests$FlightParserTest" time="0.0"/>
  <testcase name="testParser(String)[6196]" classname="ex.PublicTests$FlightParserTest" time="0.001"/>
  <testcase name="testParser(String)[6197]" classname="ex.PublicTests$FlightParserTest" time="0.0"/>
  <testcase name="testParser(String)[6198]" classname="ex.PublicTests$FlightParserTest" time="0.0"/>
  <testcase name="testParser(String)[6199]" classname="ex.PublicTests$FlightParserTest" time="0.0"/>
  <testcase name="testParser(String)[6200]" classname="ex.PublicTests$FlightParserTest" time="0.0"/>
  <testcase name="testParser(String)[6201]" classname="ex.PublicTests$FlightParserTest" time="0.001"/>
  <testcase name="testParser(String)[6202]" classname="ex.PublicTests$FlightParserTest" time="0.0"/>
  <testcase name="testParser(String)[6203]" classname="ex.PublicTests$FlightParserTest" time="0.001"/>
  <testcase name="testParser(String)[6204]" classname="ex.PublicTests$FlightParserTest" time="0.0"/>
  <testcase name="testParser(String)[6205]" classname="ex.PublicTests$FlightParserTest" time="0.001"/>
  <testcase name="testParser(String)[6206]" classname="ex.PublicTests$FlightParserTest" time="0.0"/>
  <testcase name="testParser(String)[6207]" classname="ex.PublicTests$FlightParserTest" time="0.001"/>
  <testcase name="testParser(String)[6208]" classname="ex.PublicTests$FlightParserTest" time="0.0"/>
  <testcase name="testParser(String)[6209]" classname="ex.PublicTests$FlightParserTest" time="0.0"/>
  <testcase name="testParser(String)[6210]" classname="ex.PublicTests$FlightParserTest" time="0.0"/>
  <testcase name="testParser(String)[6211]" classname="ex.PublicTests$FlightParserTest" time="0.001"/>
  <testcase name="testParser(String)[6212]" classname="ex.PublicTests$FlightParserTest" time="0.0"/>
  <testcase name="testParser(String)[6213]" classname="ex.PublicTests$FlightParserTest" time="0.001"/>
  <testcase name="testParser(String)[6214]" classname="ex.PublicTests$FlightParserTest" time="0.0"/>
  <testcase name="testParser(String)[6215]" classname="ex.PublicTests$FlightParserTest" time="0.001"/>
  <testcase name="testParser(String)[6216]" classname="ex.PublicTests$FlightParserTest" time="0.0"/>
  <testcase name="testParser(String)[6217]" classname="ex.PublicTests$FlightParserTest" time="0.001"/>
  <testcase name="testParser(String)[6218]" classname="ex.PublicTests$FlightParserTest" time="0.0"/>
  <testcase name="testParser(String)[6219]" classname="ex.PublicTests$FlightParserTest" time="0.0"/>
  <testcase name="testParser(String)[6220]" classname="ex.PublicTests$FlightParserTest" time="0.001"/>
  <testcase name="testParser(String)[6221]" classname="ex.PublicTests$FlightParserTest" time="0.0"/>
  <testcase name="testParser(String)[6222]" classname="ex.PublicTests$FlightParserTest" time="0.001"/>
  <testcase name="testParser(String)[6223]" classname="ex.PublicTests$FlightParserTest" time="0.0"/>
  <testcase name="testParser(String)[6224]" classname="ex.PublicTests$FlightParserTest" time="0.0"/>
  <testcase name="testParser(String)[6225]" classname="ex.PublicTests$FlightParserTest" time="0.001"/>
  <testcase name="testParser(String)[6226]" classname="ex.PublicTests$FlightParserTest" time="0.0"/>
  <testcase name="testParser(String)[6227]" classname="ex.PublicTests$FlightParserTest" time="0.001"/>
  <testcase name="testParser(String)[6228]" classname="ex.PublicTests$FlightParserTest" time="0.0"/>
  <testcase name="testParser(String)[6229]" classname="ex.PublicTests$FlightParserTest" time="0.0"/>
  <testcase name="testParser(String)[6230]" classname="ex.PublicTests$FlightParserTest" time="0.0"/>
  <testcase name="testParser(String)[6231]" classname="ex.PublicTests$FlightParserTest" time="0.0"/>
  <testcase name="testParser(String)[6232]" classname="ex.PublicTests$FlightParserTest" time="0.0"/>
  <testcase name="testParser(String)[6233]" classname="ex.PublicTests$FlightParserTest" time="0.0"/>
  <testcase name="testParser(String)[6234]" classname="ex.PublicTests$FlightParserTest" time="0.0"/>
  <testcase name="testParser(String)[6235]" classname="ex.PublicTests$FlightParserTest" time="0.0"/>
  <testcase name="testParser(String)[6236]" classname="ex.PublicTests$FlightParserTest" time="0.001"/>
  <testcase name="testParser(String)[6237]" classname="ex.PublicTests$FlightParserTest" time="0.001"/>
  <testcase name="testParser(String)[6238]" classname="ex.PublicTests$FlightParserTest" time="0.0"/>
  <testcase name="testParser(String)[6239]" classname="ex.PublicTests$FlightParserTest" time="0.001"/>
  <testcase name="testParser(String)[6240]" classname="ex.PublicTests$FlightParserTest" time="0.0"/>
  <testcase name="testParser(String)[6241]" classname="ex.PublicTests$FlightParserTest" time="0.0"/>
  <testcase name="testParser(String)[6242]" classname="ex.PublicTests$FlightParserTest" time="0.0"/>
  <testcase name="testParser(String)[6243]" classname="ex.PublicTests$FlightParserTest" time="0.0"/>
  <testcase name="testParser(String)[6244]" classname="ex.PublicTests$FlightParserTest" time="0.0"/>
  <testcase name="testParser(String)[6245]" classname="ex.PublicTests$FlightParserTest" time="0.001"/>
  <testcase name="testParser(String)[6246]" classname="ex.PublicTests$FlightParserTest" time="0.001"/>
  <testcase name="testParser(String)[6247]" classname="ex.PublicTests$FlightParserTest" time="0.0"/>
  <testcase name="testParser(String)[6248]" classname="ex.PublicTests$FlightParserTest" time="0.001"/>
  <testcase name="testParser(String)[6249]" classname="ex.PublicTests$FlightParserTest" time="0.001"/>
  <testcase name="testParser(String)[6250]" classname="ex.PublicTests$FlightParserTest" time="0.0"/>
  <testcase name="testParser(String)[6251]" classname="ex.PublicTests$FlightParserTest" time="0.001"/>
  <testcase name="testParser(String)[6252]" classname="ex.PublicTests$FlightParserTest" time="0.0"/>
  <testcase name="testParser(String)[6253]" classname="ex.PublicTests$FlightParserTest" time="0.0"/>
  <testcase name="testParser(String)[6254]" classname="ex.PublicTests$FlightParserTest" time="0.0"/>
  <testcase name="testParser(String)[6255]" classname="ex.PublicTests$FlightParserTest" time="0.0"/>
  <testcase name="testParser(String)[6256]" classname="ex.PublicTests$FlightParserTest" time="0.0"/>
  <testcase name="testParser(String)[6257]" classname="ex.PublicTests$FlightParserTest" time="0.001"/>
  <testcase name="testParser(String)[6258]" classname="ex.PublicTests$FlightParserTest" time="0.0"/>
  <testcase name="testParser(String)[6259]" classname="ex.PublicTests$FlightParserTest" time="0.0"/>
  <testcase name="testParser(String)[6260]" classname="ex.PublicTests$FlightParserTest" time="0.0"/>
  <testcase name="testParser(String)[6261]" classname="ex.PublicTests$FlightParserTest" time="0.0"/>
  <testcase name="testParser(String)[6262]" classname="ex.PublicTests$FlightParserTest" time="0.0"/>
  <testcase name="testParser(String)[6263]" classname="ex.PublicTests$FlightParserTest" time="0.0"/>
  <testcase name="testParser(String)[6264]" classname="ex.PublicTests$FlightParserTest" time="0.001"/>
  <testcase name="testParser(String)[6265]" classname="ex.PublicTests$FlightParserTest" time="0.0"/>
  <testcase name="testParser(String)[6266]" classname="ex.PublicTests$FlightParserTest" time="0.001"/>
  <testcase name="testParser(String)[6267]" classname="ex.PublicTests$FlightParserTest" time="0.0"/>
  <testcase name="testParser(String)[6268]" classname="ex.PublicTests$FlightParserTest" time="0.0"/>
  <testcase name="testParser(String)[6269]" classname="ex.PublicTests$FlightParserTest" time="0.0"/>
  <testcase name="testParser(String)[6270]" classname="ex.PublicTests$FlightParserTest" time="0.0"/>
  <testcase name="testParser(String)[6271]" classname="ex.PublicTests$FlightParserTest" time="0.0"/>
  <testcase name="testParser(String)[6272]" classname="ex.PublicTests$FlightParserTest" time="0.001"/>
  <testcase name="testParser(String)[6273]" classname="ex.PublicTests$FlightParserTest" time="0.0"/>
  <testcase name="testParser(String)[6274]" classname="ex.PublicTests$FlightParserTest" time="0.001"/>
  <testcase name="testParser(String)[6275]" classname="ex.PublicTests$FlightParserTest" time="0.0"/>
  <testcase name="testParser(String)[6276]" classname="ex.PublicTests$FlightParserTest" time="0.0"/>
  <testcase name="testParser(String)[6277]" classname="ex.PublicTests$FlightParserTest" time="0.0"/>
  <testcase name="testParser(String)[6278]" classname="ex.PublicTests$FlightParserTest" time="0.0"/>
  <testcase name="testParser(String)[6279]" classname="ex.PublicTests$FlightParserTest" time="0.0"/>
  <testcase name="testParser(String)[6280]" classname="ex.PublicTests$FlightParserTest" time="0.0"/>
  <testcase name="testParser(String)[6281]" classname="ex.PublicTests$FlightParserTest" time="0.0"/>
  <testcase name="testParser(String)[6282]" classname="ex.PublicTests$FlightParserTest" time="0.0"/>
  <testcase name="testParser(String)[6283]" classname="ex.PublicTests$FlightParserTest" time="0.0"/>
  <testcase name="testParser(String)[6284]" classname="ex.PublicTests$FlightParserTest" time="0.0"/>
  <testcase name="testParser(String)[6285]" classname="ex.PublicTests$FlightParserTest" time="0.001"/>
  <testcase name="testParser(String)[6286]" classname="ex.PublicTests$FlightParserTest" time="0.0"/>
  <testcase name="testParser(String)[6287]" classname="ex.PublicTests$FlightParserTest" time="0.0"/>
  <testcase name="testParser(String)[6288]" classname="ex.PublicTests$FlightParserTest" time="0.001"/>
  <testcase name="testParser(String)[6289]" classname="ex.PublicTests$FlightParserTest" time="0.0"/>
  <testcase name="testParser(String)[6290]" classname="ex.PublicTests$FlightParserTest" time="0.0"/>
  <testcase name="testParser(String)[6291]" classname="ex.PublicTests$FlightParserTest" time="0.001"/>
  <testcase name="testParser(String)[6292]" classname="ex.PublicTests$FlightParserTest" time="0.0"/>
  <testcase name="testParser(String)[6293]" classname="ex.PublicTests$FlightParserTest" time="0.001"/>
  <testcase name="testParser(String)[6294]" classname="ex.PublicTests$FlightParserTest" time="0.0"/>
  <testcase name="testParser(String)[6295]" classname="ex.PublicTests$FlightParserTest" time="0.001"/>
  <testcase name="testParser(String)[6296]" classname="ex.PublicTests$FlightParserTest" time="0.0"/>
  <testcase name="testParser(String)[6297]" classname="ex.PublicTests$FlightParserTest" time="0.001"/>
  <testcase name="testParser(String)[6298]" classname="ex.PublicTests$FlightParserTest" time="0.0"/>
  <testcase name="testParser(String)[6299]" classname="ex.PublicTests$FlightParserTest" time="0.001"/>
  <testcase name="testParser(String)[6300]" classname="ex.PublicTests$FlightParserTest" time="0.0"/>
  <testcase name="testParser(String)[6301]" classname="ex.PublicTests$FlightParserTest" time="0.0"/>
  <testcase name="testParser(String)[6302]" classname="ex.PublicTests$FlightParserTest" time="0.0"/>
  <testcase name="testParser(String)[6303]" classname="ex.PublicTests$FlightParserTest" time="0.0"/>
  <testcase name="testParser(String)[6304]" classname="ex.PublicTests$FlightParserTest" time="0.001"/>
  <testcase name="testParser(String)[6305]" classname="ex.PublicTests$FlightParserTest" time="0.0"/>
  <testcase name="testParser(String)[6306]" classname="ex.PublicTests$FlightParserTest" time="0.0"/>
  <testcase name="testParser(String)[6307]" classname="ex.PublicTests$FlightParserTest" time="0.0"/>
  <testcase name="testParser(String)[6308]" classname="ex.PublicTests$FlightParserTest" time="0.0"/>
  <testcase name="testParser(String)[6309]" classname="ex.PublicTests$FlightParserTest" time="0.0"/>
  <testcase name="testParser(String)[6310]" classname="ex.PublicTests$FlightParserTest" time="0.0"/>
  <testcase name="testParser(String)[6311]" classname="ex.PublicTests$FlightParserTest" time="0.0"/>
  <testcase name="testParser(String)[6312]" classname="ex.PublicTests$FlightParserTest" time="0.0"/>
  <testcase name="testParser(String)[6313]" classname="ex.PublicTests$FlightParserTest" time="0.0"/>
  <testcase name="testParser(String)[6314]" classname="ex.PublicTests$FlightParserTest" time="0.0"/>
  <testcase name="testParser(String)[6315]" classname="ex.PublicTests$FlightParserTest" time="0.0"/>
  <testcase name="testParser(String)[6316]" classname="ex.PublicTests$FlightParserTest" time="0.0"/>
  <testcase name="testParser(String)[6317]" classname="ex.PublicTests$FlightParserTest" time="0.001"/>
  <testcase name="testParser(String)[6318]" classname="ex.PublicTests$FlightParserTest" time="0.0"/>
  <testcase name="testParser(String)[6319]" classname="ex.PublicTests$FlightParserTest" time="0.0"/>
  <testcase name="testParser(String)[6320]" classname="ex.PublicTests$FlightParserTest" time="0.0"/>
  <testcase name="testParser(String)[6321]" classname="ex.PublicTests$FlightParserTest" time="0.0"/>
  <testcase name="testParser(String)[6322]" classname="ex.PublicTests$FlightParserTest" time="0.0"/>
  <testcase name="testParser(String)[6323]" classname="ex.PublicTests$FlightParserTest" time="0.0"/>
  <testcase name="testParser(String)[6324]" classname="ex.PublicTests$FlightParserTest" time="0.0"/>
  <testcase name="testParser(String)[6325]" classname="ex.PublicTests$FlightParserTest" time="0.0"/>
  <testcase name="testParser(String)[6326]" classname="ex.PublicTests$FlightParserTest" time="0.001"/>
  <testcase name="testParser(String)[6327]" classname="ex.PublicTests$FlightParserTest" time="0.0"/>
  <testcase name="testParser(String)[6328]" classname="ex.PublicTests$FlightParserTest" time="0.0"/>
  <testcase name="testParser(String)[6329]" classname="ex.PublicTests$FlightParserTest" time="0.001"/>
  <testcase name="testParser(String)[6330]" classname="ex.PublicTests$FlightParserTest" time="0.0"/>
  <testcase name="testParser(String)[6331]" classname="ex.PublicTests$FlightParserTest" time="0.0"/>
  <testcase name="testParser(String)[6332]" classname="ex.PublicTests$FlightParserTest" time="0.001"/>
  <testcase name="testParser(String)[6333]" classname="ex.PublicTests$FlightParserTest" time="0.0"/>
  <testcase name="testParser(String)[6334]" classname="ex.PublicTests$FlightParserTest" time="0.0"/>
  <testcase name="testParser(String)[6335]" classname="ex.PublicTests$FlightParserTest" time="0.0"/>
  <testcase name="testParser(String)[6336]" classname="ex.PublicTests$FlightParserTest" time="0.0"/>
  <testcase name="testParser(String)[6337]" classname="ex.PublicTests$FlightParserTest" time="0.001"/>
  <testcase name="testParser(String)[6338]" classname="ex.PublicTests$FlightParserTest" time="0.0"/>
  <testcase name="testParser(String)[6339]" classname="ex.PublicTests$FlightParserTest" time="0.0"/>
  <testcase name="testParser(String)[6340]" classname="ex.PublicTests$FlightParserTest" time="0.0"/>
  <testcase name="testParser(String)[6341]" classname="ex.PublicTests$FlightParserTest" time="0.0"/>
  <testcase name="testParser(String)[6342]" classname="ex.PublicTests$FlightParserTest" time="0.0"/>
  <testcase name="testParser(String)[6343]" classname="ex.PublicTests$FlightParserTest" time="0.0"/>
  <testcase name="testParser(String)[6344]" classname="ex.PublicTests$FlightParserTest" time="0.0"/>
  <testcase name="testParser(String)[6345]" classname="ex.PublicTests$FlightParserTest" time="0.0"/>
  <testcase name="testParser(String)[6346]" classname="ex.PublicTests$FlightParserTest" time="0.0"/>
  <testcase name="testParser(String)[6347]" classname="ex.PublicTests$FlightParserTest" time="0.0"/>
  <testcase name="testParser(String)[6348]" classname="ex.PublicTests$FlightParserTest" time="0.0"/>
  <testcase name="testParser(String)[6349]" classname="ex.PublicTests$FlightParserTest" time="0.0"/>
  <testcase name="testParser(String)[6350]" classname="ex.PublicTests$FlightParserTest" time="0.0"/>
  <testcase name="testParser(String)[6351]" classname="ex.PublicTests$FlightParserTest" time="0.001"/>
  <testcase name="testParser(String)[6352]" classname="ex.PublicTests$FlightParserTest" time="0.0"/>
  <testcase name="testParser(String)[6353]" classname="ex.PublicTests$FlightParserTest" time="0.001"/>
  <testcase name="testParser(String)[6354]" classname="ex.PublicTests$FlightParserTest" time="0.0"/>
  <testcase name="testParser(String)[6355]" classname="ex.PublicTests$FlightParserTest" time="0.001"/>
  <testcase name="testParser(String)[6356]" classname="ex.PublicTests$FlightParserTest" time="0.0"/>
  <testcase name="testParser(String)[6357]" classname="ex.PublicTests$FlightParserTest" time="0.0"/>
  <testcase name="testParser(String)[6358]" classname="ex.PublicTests$FlightParserTest" time="0.0"/>
  <testcase name="testParser(String)[6359]" classname="ex.PublicTests$FlightParserTest" time="0.0"/>
  <testcase name="testParser(String)[6360]" classname="ex.PublicTests$FlightParserTest" time="0.0"/>
  <testcase name="testParser(String)[6361]" classname="ex.PublicTests$FlightParserTest" time="0.001"/>
  <testcase name="testParser(String)[6362]" classname="ex.PublicTests$FlightParserTest" time="0.001"/>
  <testcase name="testParser(String)[6363]" classname="ex.PublicTests$FlightParserTest" time="0.0"/>
  <testcase name="testParser(String)[6364]" classname="ex.PublicTests$FlightParserTest" time="0.001"/>
  <testcase name="testParser(String)[6365]" classname="ex.PublicTests$FlightParserTest" time="0.001"/>
  <testcase name="testParser(String)[6366]" classname="ex.PublicTests$FlightParserTest" time="0.0"/>
  <testcase name="testParser(String)[6367]" classname="ex.PublicTests$FlightParserTest" time="0.0"/>
  <testcase name="testParser(String)[6368]" classname="ex.PublicTests$FlightParserTest" time="0.0"/>
  <testcase name="testParser(String)[6369]" classname="ex.PublicTests$FlightParserTest" time="0.001"/>
  <testcase name="testParser(String)[6370]" classname="ex.PublicTests$FlightParserTest" time="0.001"/>
  <testcase name="testParser(String)[6371]" classname="ex.PublicTests$FlightParserTest" time="0.001"/>
  <testcase name="testParser(String)[6372]" classname="ex.PublicTests$FlightParserTest" time="0.0"/>
  <testcase name="testParser(String)[6373]" classname="ex.PublicTests$FlightParserTest" time="0.0"/>
  <testcase name="testParser(String)[6374]" classname="ex.PublicTests$FlightParserTest" time="0.0"/>
  <testcase name="testParser(String)[6375]" classname="ex.PublicTests$FlightParserTest" time="0.001"/>
  <testcase name="testParser(String)[6376]" classname="ex.PublicTests$FlightParserTest" time="0.0"/>
  <testcase name="testParser(String)[6377]" classname="ex.PublicTests$FlightParserTest" time="0.0"/>
  <testcase name="testParser(String)[6378]" classname="ex.PublicTests$FlightParserTest" time="0.001"/>
  <testcase name="testParser(String)[6379]" classname="ex.PublicTests$FlightParserTest" time="0.0"/>
  <testcase name="testParser(String)[6380]" classname="ex.PublicTests$FlightParserTest" time="0.0"/>
  <testcase name="testParser(String)[6381]" classname="ex.PublicTests$FlightParserTest" time="0.0"/>
  <testcase name="testParser(String)[6382]" classname="ex.PublicTests$FlightParserTest" time="0.001"/>
  <testcase name="testParser(String)[6383]" classname="ex.PublicTests$FlightParserTest" time="0.0"/>
  <testcase name="testParser(String)[6384]" classname="ex.PublicTests$FlightParserTest" time="0.0"/>
  <testcase name="testParser(String)[6385]" classname="ex.PublicTests$FlightParserTest" time="0.0"/>
  <testcase name="testParser(String)[6386]" classname="ex.PublicTests$FlightParserTest" time="0.001"/>
  <testcase name="testParser(String)[6387]" classname="ex.PublicTests$FlightParserTest" time="0.0"/>
  <testcase name="testParser(String)[6388]" classname="ex.PublicTests$FlightParserTest" time="0.0"/>
  <testcase name="testParser(String)[6389]" classname="ex.PublicTests$FlightParserTest" time="0.0"/>
  <testcase name="testParser(String)[6390]" classname="ex.PublicTests$FlightParserTest" time="0.0"/>
  <testcase name="testParser(String)[6391]" classname="ex.PublicTests$FlightParserTest" time="0.0"/>
  <testcase name="testParser(String)[6392]" classname="ex.PublicTests$FlightParserTest" time="0.001"/>
  <testcase name="testParser(String)[6393]" classname="ex.PublicTests$FlightParserTest" time="0.001"/>
  <testcase name="testParser(String)[6394]" classname="ex.PublicTests$FlightParserTest" time="0.0"/>
  <testcase name="testParser(String)[6395]" classname="ex.PublicTests$FlightParserTest" time="0.0"/>
  <testcase name="testParser(String)[6396]" classname="ex.PublicTests$FlightParserTest" time="0.0"/>
  <testcase name="testParser(String)[6397]" classname="ex.PublicTests$FlightParserTest" time="0.0"/>
  <testcase name="testParser(String)[6398]" classname="ex.PublicTests$FlightParserTest" time="0.001"/>
  <testcase name="testParser(String)[6399]" classname="ex.PublicTests$FlightParserTest" time="0.001"/>
  <testcase name="testParser(String)[6400]" classname="ex.PublicTests$FlightParserTest" time="0.0"/>
  <testcase name="testParser(String)[6401]" classname="ex.PublicTests$FlightParserTest" time="0.0"/>
  <testcase name="testParser(String)[6402]" classname="ex.PublicTests$FlightParserTest" time="0.001"/>
  <testcase name="testParser(String)[6403]" classname="ex.PublicTests$FlightParserTest" time="0.0"/>
  <testcase name="testParser(String)[6404]" classname="ex.PublicTests$FlightParserTest" time="0.001"/>
  <testcase name="testParser(String)[6405]" classname="ex.PublicTests$FlightParserTest" time="0.0"/>
  <testcase name="testParser(String)[6406]" classname="ex.PublicTests$FlightParserTest" time="0.001"/>
  <testcase name="testParser(String)[6407]" classname="ex.PublicTests$FlightParserTest" time="0.001"/>
  <testcase name="testParser(String)[6408]" classname="ex.PublicTests$FlightParserTest" time="0.0"/>
  <testcase name="testParser(String)[6409]" classname="ex.PublicTests$FlightParserTest" time="0.0"/>
  <testcase name="testParser(String)[6410]" classname="ex.PublicTests$FlightParserTest" time="0.001"/>
  <testcase name="testParser(String)[6411]" classname="ex.PublicTests$FlightParserTest" time="0.001"/>
  <testcase name="testParser(String)[6412]" classname="ex.PublicTests$FlightParserTest" time="0.0"/>
  <testcase name="testParser(String)[6413]" classname="ex.PublicTests$FlightParserTest" time="0.0"/>
  <testcase name="testParser(String)[6414]" classname="ex.PublicTests$FlightParserTest" time="0.001"/>
  <testcase name="testParser(String)[6415]" classname="ex.PublicTests$FlightParserTest" time="0.0"/>
  <testcase name="testParser(String)[6416]" classname="ex.PublicTests$FlightParserTest" time="0.0"/>
  <testcase name="testParser(String)[6417]" classname="ex.PublicTests$FlightParserTest" time="0.001"/>
  <testcase name="testParser(String)[6418]" classname="ex.PublicTests$FlightParserTest" time="0.0"/>
  <testcase name="testParser(String)[6419]" classname="ex.PublicTests$FlightParserTest" time="0.0"/>
  <testcase name="testParser(String)[6420]" classname="ex.PublicTests$FlightParserTest" time="0.0"/>
  <testcase name="testParser(String)[6421]" classname="ex.PublicTests$FlightParserTest" time="0.0"/>
  <testcase name="testParser(String)[6422]" classname="ex.PublicTests$FlightParserTest" time="0.0"/>
  <testcase name="testParser(String)[6423]" classname="ex.PublicTests$FlightParserTest" time="0.0"/>
  <testcase name="testParser(String)[6424]" classname="ex.PublicTests$FlightParserTest" time="0.001"/>
  <testcase name="testParser(String)[6425]" classname="ex.PublicTests$FlightParserTest" time="0.0"/>
  <testcase name="testParser(String)[6426]" classname="ex.PublicTests$FlightParserTest" time="0.0"/>
  <testcase name="testParser(String)[6427]" classname="ex.PublicTests$FlightParserTest" time="0.001"/>
  <testcase name="testParser(String)[6428]" classname="ex.PublicTests$FlightParserTest" time="0.001"/>
  <testcase name="testParser(String)[6429]" classname="ex.PublicTests$FlightParserTest" time="0.002"/>
  <testcase name="testParser(String)[6430]" classname="ex.PublicTests$FlightParserTest" time="0.001"/>
  <testcase name="testParser(String)[6431]" classname="ex.PublicTests$FlightParserTest" time="0.0"/>
  <testcase name="testParser(String)[6432]" classname="ex.PublicTests$FlightParserTest" time="0.0"/>
  <testcase name="testParser(String)[6433]" classname="ex.PublicTests$FlightParserTest" time="0.0"/>
  <testcase name="testParser(String)[6434]" classname="ex.PublicTests$FlightParserTest" time="0.001"/>
  <testcase name="testParser(String)[6435]" classname="ex.PublicTests$FlightParserTest" time="0.001"/>
  <testcase name="testParser(String)[6436]" classname="ex.PublicTests$FlightParserTest" time="0.0"/>
  <testcase name="testParser(String)[6437]" classname="ex.PublicTests$FlightParserTest" time="0.0"/>
  <testcase name="testParser(String)[6438]" classname="ex.PublicTests$FlightParserTest" time="0.001"/>
  <testcase name="testParser(String)[6439]" classname="ex.PublicTests$FlightParserTest" time="0.001"/>
  <testcase name="testParser(String)[6440]" classname="ex.PublicTests$FlightParserTest" time="0.001"/>
  <testcase name="testParser(String)[6441]" classname="ex.PublicTests$FlightParserTest" time="0.0"/>
  <testcase name="testParser(String)[6442]" classname="ex.PublicTests$FlightParserTest" time="0.0"/>
  <testcase name="testParser(String)[6443]" classname="ex.PublicTests$FlightParserTest" time="0.001"/>
  <testcase name="testParser(String)[6444]" classname="ex.PublicTests$FlightParserTest" time="0.001"/>
  <testcase name="testParser(String)[6445]" classname="ex.PublicTests$FlightParserTest" time="0.0"/>
  <testcase name="testParser(String)[6446]" classname="ex.PublicTests$FlightParserTest" time="0.0"/>
  <testcase name="testParser(String)[6447]" classname="ex.PublicTests$FlightParserTest" time="0.0"/>
  <testcase name="testParser(String)[6448]" classname="ex.PublicTests$FlightParserTest" time="0.0"/>
  <testcase name="testParser(String)[6449]" classname="ex.PublicTests$FlightParserTest" time="0.001"/>
  <testcase name="testParser(String)[6450]" classname="ex.PublicTests$FlightParserTest" time="0.0"/>
  <testcase name="testParser(String)[6451]" classname="ex.PublicTests$FlightParserTest" time="0.0"/>
  <testcase name="testParser(String)[6452]" classname="ex.PublicTests$FlightParserTest" time="0.001"/>
  <testcase name="testParser(String)[6453]" classname="ex.PublicTests$FlightParserTest" time="0.0"/>
  <testcase name="testParser(String)[6454]" classname="ex.PublicTests$FlightParserTest" time="0.0"/>
  <testcase name="testParser(String)[6455]" classname="ex.PublicTests$FlightParserTest" time="0.001"/>
  <testcase name="testParser(String)[6456]" classname="ex.PublicTests$FlightParserTest" time="0.001"/>
  <testcase name="testParser(String)[6457]" classname="ex.PublicTests$FlightParserTest" time="0.0"/>
  <testcase name="testParser(String)[6458]" classname="ex.PublicTests$FlightParserTest" time="0.0"/>
  <testcase name="testParser(String)[6459]" classname="ex.PublicTests$FlightParserTest" time="0.001"/>
  <testcase name="testParser(String)[6460]" classname="ex.PublicTests$FlightParserTest" time="0.001"/>
  <testcase name="testParser(String)[6461]" classname="ex.PublicTests$FlightParserTest" time="0.0"/>
  <testcase name="testParser(String)[6462]" classname="ex.PublicTests$FlightParserTest" time="0.0"/>
  <testcase name="testParser(String)[6463]" classname="ex.PublicTests$FlightParserTest" time="0.001"/>
  <testcase name="testParser(String)[6464]" classname="ex.PublicTests$FlightParserTest" time="0.0"/>
  <testcase name="testParser(String)[6465]" classname="ex.PublicTests$FlightParserTest" time="0.0"/>
  <testcase name="testParser(String)[6466]" classname="ex.PublicTests$FlightParserTest" time="0.002"/>
  <testcase name="testParser(String)[6467]" classname="ex.PublicTests$FlightParserTest" time="0.001"/>
  <testcase name="testParser(String)[6468]" classname="ex.PublicTests$FlightParserTest" time="0.0"/>
  <testcase name="testParser(String)[6469]" classname="ex.PublicTests$FlightParserTest" time="0.001"/>
  <testcase name="testParser(String)[6470]" classname="ex.PublicTests$FlightParserTest" time="0.0"/>
  <testcase name="testParser(String)[6471]" classname="ex.PublicTests$FlightParserTest" time="0.0"/>
  <testcase name="testParser(String)[6472]" classname="ex.PublicTests$FlightParserTest" time="0.0"/>
  <testcase name="testParser(String)[6473]" classname="ex.PublicTests$FlightParserTest" time="0.001"/>
  <testcase name="testParser(String)[6474]" classname="ex.PublicTests$FlightParserTest" time="0.001"/>
  <testcase name="testParser(String)[6475]" classname="ex.PublicTests$FlightParserTest" time="0.001"/>
  <testcase name="testParser(String)[6476]" classname="ex.PublicTests$FlightParserTest" time="0.0"/>
  <testcase name="testParser(String)[6477]" classname="ex.PublicTests$FlightParserTest" time="0.001"/>
  <testcase name="testParser(String)[6478]" classname="ex.PublicTests$FlightParserTest" time="0.001"/>
  <testcase name="testParser(String)[6479]" classname="ex.PublicTests$FlightParserTest" time="0.001"/>
  <testcase name="testParser(String)[6480]" classname="ex.PublicTests$FlightParserTest" time="0.0"/>
  <testcase name="testParser(String)[6481]" classname="ex.PublicTests$FlightParserTest" time="0.0"/>
  <testcase name="testParser(String)[6482]" classname="ex.PublicTests$FlightParserTest" time="0.001"/>
  <testcase name="testParser(String)[6483]" classname="ex.PublicTests$FlightParserTest" time="0.0"/>
  <testcase name="testParser(String)[6484]" classname="ex.PublicTests$FlightParserTest" time="0.0"/>
  <testcase name="testParser(String)[6485]" classname="ex.PublicTests$FlightParserTest" time="0.001"/>
  <testcase name="testParser(String)[6486]" classname="ex.PublicTests$FlightParserTest" time="0.0"/>
  <testcase name="testParser(String)[6487]" classname="ex.PublicTests$FlightParserTest" time="0.0"/>
  <testcase name="testParser(String)[6488]" classname="ex.PublicTests$FlightParserTest" time="0.001"/>
  <testcase name="testParser(String)[6489]" classname="ex.PublicTests$FlightParserTest" time="0.001"/>
  <testcase name="testParser(String)[6490]" classname="ex.PublicTests$FlightParserTest" time="0.0"/>
  <testcase name="testParser(String)[6491]" classname="ex.PublicTests$FlightParserTest" time="0.0"/>
  <testcase name="testParser(String)[6492]" classname="ex.PublicTests$FlightParserTest" time="0.0"/>
  <testcase name="testParser(String)[6493]" classname="ex.PublicTests$FlightParserTest" time="0.001"/>
  <testcase name="testParser(String)[6494]" classname="ex.PublicTests$FlightParserTest" time="0.0"/>
  <testcase name="testParser(String)[6495]" classname="ex.PublicTests$FlightParserTest" time="0.0"/>
  <testcase name="testParser(String)[6496]" classname="ex.PublicTests$FlightParserTest" time="0.001"/>
  <testcase name="testParser(String)[6497]" classname="ex.PublicTests$FlightParserTest" time="0.0"/>
  <testcase name="testParser(String)[6498]" classname="ex.PublicTests$FlightParserTest" time="0.0"/>
  <testcase name="testParser(String)[6499]" classname="ex.PublicTests$FlightParserTest" time="0.001"/>
  <testcase name="testParser(String)[6500]" classname="ex.PublicTests$FlightParserTest" time="0.0"/>
  <testcase name="testParser(String)[6501]" classname="ex.PublicTests$FlightParserTest" time="0.0"/>
  <testcase name="testParser(String)[6502]" classname="ex.PublicTests$FlightParserTest" time="0.001"/>
  <testcase name="testParser(String)[6503]" classname="ex.PublicTests$FlightParserTest" time="0.0"/>
  <testcase name="testParser(String)[6504]" classname="ex.PublicTests$FlightParserTest" time="0.0"/>
  <testcase name="testParser(String)[6505]" classname="ex.PublicTests$FlightParserTest" time="0.001"/>
  <testcase name="testParser(String)[6506]" classname="ex.PublicTests$FlightParserTest" time="0.0"/>
  <testcase name="testParser(String)[6507]" classname="ex.PublicTests$FlightParserTest" time="0.0"/>
  <testcase name="testParser(String)[6508]" classname="ex.PublicTests$FlightParserTest" time="0.001"/>
  <testcase name="testParser(String)[6509]" classname="ex.PublicTests$FlightParserTest" time="0.0"/>
  <testcase name="testParser(String)[6510]" classname="ex.PublicTests$FlightParserTest" time="0.0"/>
  <testcase name="testParser(String)[6511]" classname="ex.PublicTests$FlightParserTest" time="0.0"/>
  <testcase name="testParser(String)[6512]" classname="ex.PublicTests$FlightParserTest" time="0.0"/>
  <testcase name="testParser(String)[6513]" classname="ex.PublicTests$FlightParserTest" time="0.0"/>
  <testcase name="testParser(String)[6514]" classname="ex.PublicTests$FlightParserTest" time="0.001"/>
  <testcase name="testParser(String)[6515]" classname="ex.PublicTests$FlightParserTest" time="0.001"/>
  <testcase name="testParser(String)[6516]" classname="ex.PublicTests$FlightParserTest" time="0.001"/>
  <testcase name="testParser(String)[6517]" classname="ex.PublicTests$FlightParserTest" time="0.0"/>
  <testcase name="testParser(String)[6518]" classname="ex.PublicTests$FlightParserTest" time="0.0"/>
  <testcase name="testParser(String)[6519]" classname="ex.PublicTests$FlightParserTest" time="0.001"/>
  <testcase name="testParser(String)[6520]" classname="ex.PublicTests$FlightParserTest" time="0.001"/>
  <testcase name="testParser(String)[6521]" classname="ex.PublicTests$FlightParserTest" time="0.0"/>
  <testcase name="testParser(String)[6522]" classname="ex.PublicTests$FlightParserTest" time="0.0"/>
  <testcase name="testParser(String)[6523]" classname="ex.PublicTests$FlightParserTest" time="0.0"/>
  <testcase name="testParser(String)[6524]" classname="ex.PublicTests$FlightParserTest" time="0.0"/>
  <testcase name="testParser(String)[6525]" classname="ex.PublicTests$FlightParserTest" time="0.001"/>
  <testcase name="testParser(String)[6526]" classname="ex.PublicTests$FlightParserTest" time="0.001"/>
  <testcase name="testParser(String)[6527]" classname="ex.PublicTests$FlightParserTest" time="0.0"/>
  <testcase name="testParser(String)[6528]" classname="ex.PublicTests$FlightParserTest" time="0.0"/>
  <testcase name="testParser(String)[6529]" classname="ex.PublicTests$FlightParserTest" time="0.001"/>
  <testcase name="testParser(String)[6530]" classname="ex.PublicTests$FlightParserTest" time="0.0"/>
  <testcase name="testParser(String)[6531]" classname="ex.PublicTests$FlightParserTest" time="0.0"/>
  <testcase name="testParser(String)[6532]" classname="ex.PublicTests$FlightParserTest" time="0.0"/>
  <testcase name="testParser(String)[6533]" classname="ex.PublicTests$FlightParserTest" time="0.0"/>
  <testcase name="testParser(String)[6534]" classname="ex.PublicTests$FlightParserTest" time="0.0"/>
  <testcase name="testParser(String)[6535]" classname="ex.PublicTests$FlightParserTest" time="0.001"/>
  <testcase name="testParser(String)[6536]" classname="ex.PublicTests$FlightParserTest" time="0.0"/>
  <testcase name="testParser(String)[6537]" classname="ex.PublicTests$FlightParserTest" time="0.0"/>
  <testcase name="testParser(String)[6538]" classname="ex.PublicTests$FlightParserTest" time="0.001"/>
  <testcase name="testParser(String)[6539]" classname="ex.PublicTests$FlightParserTest" time="0.001"/>
  <testcase name="testParser(String)[6540]" classname="ex.PublicTests$FlightParserTest" time="0.001"/>
  <system-out><![CDATA[]]></system-out>
  <system-err><![CDATA[]]></system-err>
</testsuite>
