<?xml version="1.0" encoding="UTF-8"?>
<testsuite name="ex.PublicTests$MostCommonDests" tests="2" skipped="0" failures="0" errors="0" timestamp="2019-12-11T11:21:27" hostname="minh-X550LD" time="0.021">
  <properties/>
  <testcase name="checkNumberOfColumns()" classname="ex.PublicTests$MostCommonDests" time="0.018"/>
  <testcase name="checkColumns()" classname="ex.PublicTests$MostCommonDests" time="0.002"/>
  <system-out><![CDATA[]]></system-out>
  <system-err><![CDATA[]]></system-err>
</testsuite>
