<?xml version="1.0" encoding="UTF-8"?>
<testsuite name="ex.PublicTests$AircraftCountOnDate" tests="2" skipped="0" failures="0" errors="0" timestamp="2019-12-13T16:26:23" hostname="minh-X550LD" time="0.002">
  <properties/>
  <testcase name="numberOfElementsShouldBeInRange()" classname="ex.PublicTests$AircraftCountOnDate" time="0.001"/>
  <testcase name="entryShouldExist()" classname="ex.PublicTests$AircraftCountOnDate" time="0.001"/>
  <system-out><![CDATA[]]></system-out>
  <system-err><![CDATA[]]></system-err>
</testsuite>
