<?xml version="1.0" encoding="UTF-8"?>
<testsuite name="ex.PublicTests$GatesToBerlin" tests="2" skipped="0" failures="0" errors="0" timestamp="2019-12-13T16:26:19" hostname="minh-X550LD" time="0.014">
  <properties/>
  <testcase name="checkNumberOfColumns()" classname="ex.PublicTests$GatesToBerlin" time="0.009"/>
  <testcase name="checkColumns()" classname="ex.PublicTests$GatesToBerlin" time="0.003"/>
  <system-out><![CDATA[]]></system-out>
  <system-err><![CDATA[]]></system-err>
</testsuite>
